[2022-07-06 16:48:47,589] {processor.py:153} INFO - Started process (PID=12112) to work on /Users/joyang0419/opt/anaconda3/envs/AirFlowBasicExample/lib/python3.8/site-packages/airflow/example_dags/plugins/workday.py
[2022-07-06 16:48:47,589] {processor.py:641} INFO - Processing file /Users/joyang0419/opt/anaconda3/envs/AirFlowBasicExample/lib/python3.8/site-packages/airflow/example_dags/plugins/workday.py for tasks to queue
[2022-07-06 16:48:47,590] {logging_mixin.py:115} INFO - [2022-07-06 16:48:47,590] {dagbag.py:507} INFO - Filling up the DagBag from /Users/joyang0419/opt/anaconda3/envs/AirFlowBasicExample/lib/python3.8/site-packages/airflow/example_dags/plugins/workday.py
[2022-07-06 16:48:47,592] {processor.py:653} WARNING - No viable dags retrieved from /Users/joyang0419/opt/anaconda3/envs/AirFlowBasicExample/lib/python3.8/site-packages/airflow/example_dags/plugins/workday.py
[2022-07-06 16:48:47,675] {processor.py:161} INFO - Processing /Users/joyang0419/opt/anaconda3/envs/AirFlowBasicExample/lib/python3.8/site-packages/airflow/example_dags/plugins/workday.py took 0.086 seconds
[2022-07-06 16:50:01,259] {processor.py:153} INFO - Started process (PID=12420) to work on /Users/joyang0419/opt/anaconda3/envs/AirFlowBasicExample/lib/python3.8/site-packages/airflow/example_dags/plugins/workday.py
[2022-07-06 16:50:01,259] {processor.py:641} INFO - Processing file /Users/joyang0419/opt/anaconda3/envs/AirFlowBasicExample/lib/python3.8/site-packages/airflow/example_dags/plugins/workday.py for tasks to queue
[2022-07-06 16:50:01,259] {logging_mixin.py:115} INFO - [2022-07-06 16:50:01,259] {dagbag.py:507} INFO - Filling up the DagBag from /Users/joyang0419/opt/anaconda3/envs/AirFlowBasicExample/lib/python3.8/site-packages/airflow/example_dags/plugins/workday.py
[2022-07-06 16:50:01,260] {processor.py:653} WARNING - No viable dags retrieved from /Users/joyang0419/opt/anaconda3/envs/AirFlowBasicExample/lib/python3.8/site-packages/airflow/example_dags/plugins/workday.py
[2022-07-06 16:50:01,341] {processor.py:161} INFO - Processing /Users/joyang0419/opt/anaconda3/envs/AirFlowBasicExample/lib/python3.8/site-packages/airflow/example_dags/plugins/workday.py took 0.082 seconds
[2022-07-06 16:50:18,402] {processor.py:153} INFO - Started process (PID=12495) to work on /Users/joyang0419/opt/anaconda3/envs/AirFlowBasicExample/lib/python3.8/site-packages/airflow/example_dags/plugins/workday.py
[2022-07-06 16:50:18,402] {processor.py:641} INFO - Processing file /Users/joyang0419/opt/anaconda3/envs/AirFlowBasicExample/lib/python3.8/site-packages/airflow/example_dags/plugins/workday.py for tasks to queue
[2022-07-06 16:50:18,402] {logging_mixin.py:115} INFO - [2022-07-06 16:50:18,402] {dagbag.py:507} INFO - Filling up the DagBag from /Users/joyang0419/opt/anaconda3/envs/AirFlowBasicExample/lib/python3.8/site-packages/airflow/example_dags/plugins/workday.py
[2022-07-06 16:50:18,403] {processor.py:653} WARNING - No viable dags retrieved from /Users/joyang0419/opt/anaconda3/envs/AirFlowBasicExample/lib/python3.8/site-packages/airflow/example_dags/plugins/workday.py
[2022-07-06 16:50:18,459] {processor.py:161} INFO - Processing /Users/joyang0419/opt/anaconda3/envs/AirFlowBasicExample/lib/python3.8/site-packages/airflow/example_dags/plugins/workday.py took 0.058 seconds
[2022-07-06 16:50:28,300] {processor.py:153} INFO - Started process (PID=12559) to work on /Users/joyang0419/opt/anaconda3/envs/AirFlowBasicExample/lib/python3.8/site-packages/airflow/example_dags/plugins/workday.py
[2022-07-06 16:50:28,300] {processor.py:641} INFO - Processing file /Users/joyang0419/opt/anaconda3/envs/AirFlowBasicExample/lib/python3.8/site-packages/airflow/example_dags/plugins/workday.py for tasks to queue
[2022-07-06 16:50:28,300] {logging_mixin.py:115} INFO - [2022-07-06 16:50:28,300] {dagbag.py:507} INFO - Filling up the DagBag from /Users/joyang0419/opt/anaconda3/envs/AirFlowBasicExample/lib/python3.8/site-packages/airflow/example_dags/plugins/workday.py
[2022-07-06 16:50:28,301] {processor.py:653} WARNING - No viable dags retrieved from /Users/joyang0419/opt/anaconda3/envs/AirFlowBasicExample/lib/python3.8/site-packages/airflow/example_dags/plugins/workday.py
[2022-07-06 16:50:28,373] {processor.py:161} INFO - Processing /Users/joyang0419/opt/anaconda3/envs/AirFlowBasicExample/lib/python3.8/site-packages/airflow/example_dags/plugins/workday.py took 0.074 seconds
[2022-07-06 16:50:38,819] {processor.py:153} INFO - Started process (PID=12625) to work on /Users/joyang0419/opt/anaconda3/envs/AirFlowBasicExample/lib/python3.8/site-packages/airflow/example_dags/plugins/workday.py
[2022-07-06 16:50:38,819] {processor.py:641} INFO - Processing file /Users/joyang0419/opt/anaconda3/envs/AirFlowBasicExample/lib/python3.8/site-packages/airflow/example_dags/plugins/workday.py for tasks to queue
[2022-07-06 16:50:38,819] {logging_mixin.py:115} INFO - [2022-07-06 16:50:38,819] {dagbag.py:507} INFO - Filling up the DagBag from /Users/joyang0419/opt/anaconda3/envs/AirFlowBasicExample/lib/python3.8/site-packages/airflow/example_dags/plugins/workday.py
[2022-07-06 16:50:38,820] {processor.py:653} WARNING - No viable dags retrieved from /Users/joyang0419/opt/anaconda3/envs/AirFlowBasicExample/lib/python3.8/site-packages/airflow/example_dags/plugins/workday.py
[2022-07-06 16:50:38,872] {processor.py:161} INFO - Processing /Users/joyang0419/opt/anaconda3/envs/AirFlowBasicExample/lib/python3.8/site-packages/airflow/example_dags/plugins/workday.py took 0.053 seconds
[2022-07-06 16:52:20,974] {processor.py:153} INFO - Started process (PID=12752) to work on /Users/joyang0419/opt/anaconda3/envs/AirFlowBasicExample/lib/python3.8/site-packages/airflow/example_dags/plugins/workday.py
[2022-07-06 16:52:20,974] {processor.py:641} INFO - Processing file /Users/joyang0419/opt/anaconda3/envs/AirFlowBasicExample/lib/python3.8/site-packages/airflow/example_dags/plugins/workday.py for tasks to queue
[2022-07-06 16:52:20,974] {logging_mixin.py:115} INFO - [2022-07-06 16:52:20,974] {dagbag.py:507} INFO - Filling up the DagBag from /Users/joyang0419/opt/anaconda3/envs/AirFlowBasicExample/lib/python3.8/site-packages/airflow/example_dags/plugins/workday.py
[2022-07-06 16:52:20,975] {processor.py:653} WARNING - No viable dags retrieved from /Users/joyang0419/opt/anaconda3/envs/AirFlowBasicExample/lib/python3.8/site-packages/airflow/example_dags/plugins/workday.py
[2022-07-06 16:52:21,069] {processor.py:161} INFO - Processing /Users/joyang0419/opt/anaconda3/envs/AirFlowBasicExample/lib/python3.8/site-packages/airflow/example_dags/plugins/workday.py took 0.095 seconds
[2022-07-06 16:52:33,720] {processor.py:153} INFO - Started process (PID=12827) to work on /Users/joyang0419/opt/anaconda3/envs/AirFlowBasicExample/lib/python3.8/site-packages/airflow/example_dags/plugins/workday.py
[2022-07-06 16:52:33,720] {processor.py:641} INFO - Processing file /Users/joyang0419/opt/anaconda3/envs/AirFlowBasicExample/lib/python3.8/site-packages/airflow/example_dags/plugins/workday.py for tasks to queue
[2022-07-06 16:52:33,720] {logging_mixin.py:115} INFO - [2022-07-06 16:52:33,720] {dagbag.py:507} INFO - Filling up the DagBag from /Users/joyang0419/opt/anaconda3/envs/AirFlowBasicExample/lib/python3.8/site-packages/airflow/example_dags/plugins/workday.py
[2022-07-06 16:52:33,721] {processor.py:653} WARNING - No viable dags retrieved from /Users/joyang0419/opt/anaconda3/envs/AirFlowBasicExample/lib/python3.8/site-packages/airflow/example_dags/plugins/workday.py
[2022-07-06 16:52:33,775] {processor.py:161} INFO - Processing /Users/joyang0419/opt/anaconda3/envs/AirFlowBasicExample/lib/python3.8/site-packages/airflow/example_dags/plugins/workday.py took 0.056 seconds
[2022-07-06 16:52:44,063] {processor.py:153} INFO - Started process (PID=12893) to work on /Users/joyang0419/opt/anaconda3/envs/AirFlowBasicExample/lib/python3.8/site-packages/airflow/example_dags/plugins/workday.py
[2022-07-06 16:52:44,063] {processor.py:641} INFO - Processing file /Users/joyang0419/opt/anaconda3/envs/AirFlowBasicExample/lib/python3.8/site-packages/airflow/example_dags/plugins/workday.py for tasks to queue
[2022-07-06 16:52:44,063] {logging_mixin.py:115} INFO - [2022-07-06 16:52:44,063] {dagbag.py:507} INFO - Filling up the DagBag from /Users/joyang0419/opt/anaconda3/envs/AirFlowBasicExample/lib/python3.8/site-packages/airflow/example_dags/plugins/workday.py
[2022-07-06 16:52:44,064] {processor.py:653} WARNING - No viable dags retrieved from /Users/joyang0419/opt/anaconda3/envs/AirFlowBasicExample/lib/python3.8/site-packages/airflow/example_dags/plugins/workday.py
[2022-07-06 16:52:44,120] {processor.py:161} INFO - Processing /Users/joyang0419/opt/anaconda3/envs/AirFlowBasicExample/lib/python3.8/site-packages/airflow/example_dags/plugins/workday.py took 0.058 seconds
[2022-07-06 16:52:55,392] {processor.py:153} INFO - Started process (PID=12965) to work on /Users/joyang0419/opt/anaconda3/envs/AirFlowBasicExample/lib/python3.8/site-packages/airflow/example_dags/plugins/workday.py
[2022-07-06 16:52:55,392] {processor.py:641} INFO - Processing file /Users/joyang0419/opt/anaconda3/envs/AirFlowBasicExample/lib/python3.8/site-packages/airflow/example_dags/plugins/workday.py for tasks to queue
[2022-07-06 16:52:55,392] {logging_mixin.py:115} INFO - [2022-07-06 16:52:55,392] {dagbag.py:507} INFO - Filling up the DagBag from /Users/joyang0419/opt/anaconda3/envs/AirFlowBasicExample/lib/python3.8/site-packages/airflow/example_dags/plugins/workday.py
[2022-07-06 16:52:55,393] {processor.py:653} WARNING - No viable dags retrieved from /Users/joyang0419/opt/anaconda3/envs/AirFlowBasicExample/lib/python3.8/site-packages/airflow/example_dags/plugins/workday.py
[2022-07-06 16:52:55,457] {processor.py:161} INFO - Processing /Users/joyang0419/opt/anaconda3/envs/AirFlowBasicExample/lib/python3.8/site-packages/airflow/example_dags/plugins/workday.py took 0.066 seconds
[2022-07-06 16:53:07,398] {processor.py:153} INFO - Started process (PID=13032) to work on /Users/joyang0419/opt/anaconda3/envs/AirFlowBasicExample/lib/python3.8/site-packages/airflow/example_dags/plugins/workday.py
[2022-07-06 16:53:07,398] {processor.py:641} INFO - Processing file /Users/joyang0419/opt/anaconda3/envs/AirFlowBasicExample/lib/python3.8/site-packages/airflow/example_dags/plugins/workday.py for tasks to queue
[2022-07-06 16:53:07,398] {logging_mixin.py:115} INFO - [2022-07-06 16:53:07,398] {dagbag.py:507} INFO - Filling up the DagBag from /Users/joyang0419/opt/anaconda3/envs/AirFlowBasicExample/lib/python3.8/site-packages/airflow/example_dags/plugins/workday.py
[2022-07-06 16:53:07,400] {processor.py:653} WARNING - No viable dags retrieved from /Users/joyang0419/opt/anaconda3/envs/AirFlowBasicExample/lib/python3.8/site-packages/airflow/example_dags/plugins/workday.py
[2022-07-06 16:53:07,453] {processor.py:161} INFO - Processing /Users/joyang0419/opt/anaconda3/envs/AirFlowBasicExample/lib/python3.8/site-packages/airflow/example_dags/plugins/workday.py took 0.056 seconds
[2022-07-06 16:53:18,816] {processor.py:153} INFO - Started process (PID=13098) to work on /Users/joyang0419/opt/anaconda3/envs/AirFlowBasicExample/lib/python3.8/site-packages/airflow/example_dags/plugins/workday.py
[2022-07-06 16:53:18,816] {processor.py:641} INFO - Processing file /Users/joyang0419/opt/anaconda3/envs/AirFlowBasicExample/lib/python3.8/site-packages/airflow/example_dags/plugins/workday.py for tasks to queue
[2022-07-06 16:53:18,816] {logging_mixin.py:115} INFO - [2022-07-06 16:53:18,816] {dagbag.py:507} INFO - Filling up the DagBag from /Users/joyang0419/opt/anaconda3/envs/AirFlowBasicExample/lib/python3.8/site-packages/airflow/example_dags/plugins/workday.py
[2022-07-06 16:53:18,817] {processor.py:653} WARNING - No viable dags retrieved from /Users/joyang0419/opt/anaconda3/envs/AirFlowBasicExample/lib/python3.8/site-packages/airflow/example_dags/plugins/workday.py
[2022-07-06 16:53:18,872] {processor.py:161} INFO - Processing /Users/joyang0419/opt/anaconda3/envs/AirFlowBasicExample/lib/python3.8/site-packages/airflow/example_dags/plugins/workday.py took 0.057 seconds
[2022-07-06 16:53:29,414] {processor.py:153} INFO - Started process (PID=13165) to work on /Users/joyang0419/opt/anaconda3/envs/AirFlowBasicExample/lib/python3.8/site-packages/airflow/example_dags/plugins/workday.py
[2022-07-06 16:53:29,414] {processor.py:641} INFO - Processing file /Users/joyang0419/opt/anaconda3/envs/AirFlowBasicExample/lib/python3.8/site-packages/airflow/example_dags/plugins/workday.py for tasks to queue
[2022-07-06 16:53:29,414] {logging_mixin.py:115} INFO - [2022-07-06 16:53:29,414] {dagbag.py:507} INFO - Filling up the DagBag from /Users/joyang0419/opt/anaconda3/envs/AirFlowBasicExample/lib/python3.8/site-packages/airflow/example_dags/plugins/workday.py
[2022-07-06 16:53:29,415] {processor.py:653} WARNING - No viable dags retrieved from /Users/joyang0419/opt/anaconda3/envs/AirFlowBasicExample/lib/python3.8/site-packages/airflow/example_dags/plugins/workday.py
[2022-07-06 16:53:29,472] {processor.py:161} INFO - Processing /Users/joyang0419/opt/anaconda3/envs/AirFlowBasicExample/lib/python3.8/site-packages/airflow/example_dags/plugins/workday.py took 0.058 seconds
[2022-07-06 16:53:41,595] {processor.py:153} INFO - Started process (PID=13231) to work on /Users/joyang0419/opt/anaconda3/envs/AirFlowBasicExample/lib/python3.8/site-packages/airflow/example_dags/plugins/workday.py
[2022-07-06 16:53:41,596] {processor.py:641} INFO - Processing file /Users/joyang0419/opt/anaconda3/envs/AirFlowBasicExample/lib/python3.8/site-packages/airflow/example_dags/plugins/workday.py for tasks to queue
[2022-07-06 16:53:41,597] {logging_mixin.py:115} INFO - [2022-07-06 16:53:41,597] {dagbag.py:507} INFO - Filling up the DagBag from /Users/joyang0419/opt/anaconda3/envs/AirFlowBasicExample/lib/python3.8/site-packages/airflow/example_dags/plugins/workday.py
[2022-07-06 16:53:41,598] {processor.py:653} WARNING - No viable dags retrieved from /Users/joyang0419/opt/anaconda3/envs/AirFlowBasicExample/lib/python3.8/site-packages/airflow/example_dags/plugins/workday.py
[2022-07-06 16:53:41,652] {processor.py:161} INFO - Processing /Users/joyang0419/opt/anaconda3/envs/AirFlowBasicExample/lib/python3.8/site-packages/airflow/example_dags/plugins/workday.py took 0.057 seconds
[2022-07-06 16:53:51,849] {processor.py:153} INFO - Started process (PID=13304) to work on /Users/joyang0419/opt/anaconda3/envs/AirFlowBasicExample/lib/python3.8/site-packages/airflow/example_dags/plugins/workday.py
[2022-07-06 16:53:51,850] {processor.py:641} INFO - Processing file /Users/joyang0419/opt/anaconda3/envs/AirFlowBasicExample/lib/python3.8/site-packages/airflow/example_dags/plugins/workday.py for tasks to queue
[2022-07-06 16:53:51,850] {logging_mixin.py:115} INFO - [2022-07-06 16:53:51,850] {dagbag.py:507} INFO - Filling up the DagBag from /Users/joyang0419/opt/anaconda3/envs/AirFlowBasicExample/lib/python3.8/site-packages/airflow/example_dags/plugins/workday.py
[2022-07-06 16:53:51,851] {processor.py:653} WARNING - No viable dags retrieved from /Users/joyang0419/opt/anaconda3/envs/AirFlowBasicExample/lib/python3.8/site-packages/airflow/example_dags/plugins/workday.py
[2022-07-06 16:53:51,907] {processor.py:161} INFO - Processing /Users/joyang0419/opt/anaconda3/envs/AirFlowBasicExample/lib/python3.8/site-packages/airflow/example_dags/plugins/workday.py took 0.058 seconds
[2022-07-06 16:54:02,621] {processor.py:153} INFO - Started process (PID=13381) to work on /Users/joyang0419/opt/anaconda3/envs/AirFlowBasicExample/lib/python3.8/site-packages/airflow/example_dags/plugins/workday.py
[2022-07-06 16:54:02,621] {processor.py:641} INFO - Processing file /Users/joyang0419/opt/anaconda3/envs/AirFlowBasicExample/lib/python3.8/site-packages/airflow/example_dags/plugins/workday.py for tasks to queue
[2022-07-06 16:54:02,622] {logging_mixin.py:115} INFO - [2022-07-06 16:54:02,622] {dagbag.py:507} INFO - Filling up the DagBag from /Users/joyang0419/opt/anaconda3/envs/AirFlowBasicExample/lib/python3.8/site-packages/airflow/example_dags/plugins/workday.py
[2022-07-06 16:54:02,623] {processor.py:653} WARNING - No viable dags retrieved from /Users/joyang0419/opt/anaconda3/envs/AirFlowBasicExample/lib/python3.8/site-packages/airflow/example_dags/plugins/workday.py
[2022-07-06 16:54:02,680] {processor.py:161} INFO - Processing /Users/joyang0419/opt/anaconda3/envs/AirFlowBasicExample/lib/python3.8/site-packages/airflow/example_dags/plugins/workday.py took 0.060 seconds
