[2022-07-06 16:50:09,245] {processor.py:153} INFO - Started process (PID=12462) to work on /Users/joyang0419/opt/anaconda3/envs/AirFlowBasicExample/lib/python3.8/site-packages/airflow/example_dags/example_nested_branch_dag.py
[2022-07-06 16:50:09,245] {processor.py:641} INFO - Processing file /Users/joyang0419/opt/anaconda3/envs/AirFlowBasicExample/lib/python3.8/site-packages/airflow/example_dags/example_nested_branch_dag.py for tasks to queue
[2022-07-06 16:50:09,245] {logging_mixin.py:115} INFO - [2022-07-06 16:50:09,245] {dagbag.py:507} INFO - Filling up the DagBag from /Users/joyang0419/opt/anaconda3/envs/AirFlowBasicExample/lib/python3.8/site-packages/airflow/example_dags/example_nested_branch_dag.py
[2022-07-06 16:50:09,260] {processor.py:651} INFO - DAG(s) dict_keys(['example_nested_branch_dag']) retrieved from /Users/joyang0419/opt/anaconda3/envs/AirFlowBasicExample/lib/python3.8/site-packages/airflow/example_dags/example_nested_branch_dag.py
[2022-07-06 16:50:09,818] {logging_mixin.py:115} INFO - [2022-07-06 16:50:09,818] {manager.py:508} INFO - Created Permission View: can read on DAG:example_nested_branch_dag
[2022-07-06 16:50:09,831] {logging_mixin.py:115} INFO - [2022-07-06 16:50:09,831] {manager.py:508} INFO - Created Permission View: can edit on DAG:example_nested_branch_dag
[2022-07-06 16:50:09,842] {logging_mixin.py:115} INFO - [2022-07-06 16:50:09,842] {manager.py:508} INFO - Created Permission View: can delete on DAG:example_nested_branch_dag
[2022-07-06 16:50:09,842] {logging_mixin.py:115} INFO - [2022-07-06 16:50:09,842] {dag.py:2379} INFO - Sync 1 DAGs
[2022-07-06 16:50:09,849] {logging_mixin.py:115} INFO - [2022-07-06 16:50:09,849] {dag.py:2398} INFO - Creating ORM DAG for example_nested_branch_dag
[2022-07-06 16:50:09,856] {logging_mixin.py:115} INFO - [2022-07-06 16:50:09,856] {dag.py:2927} INFO - Setting next_dagrun for example_nested_branch_dag to 2022-07-05T00:00:00+00:00, run_after=2022-07-06T00:00:00+00:00
[2022-07-06 16:50:09,873] {processor.py:161} INFO - Processing /Users/joyang0419/opt/anaconda3/envs/AirFlowBasicExample/lib/python3.8/site-packages/airflow/example_dags/example_nested_branch_dag.py took 0.628 seconds
[2022-07-06 16:50:23,881] {processor.py:153} INFO - Started process (PID=12531) to work on /Users/joyang0419/opt/anaconda3/envs/AirFlowBasicExample/lib/python3.8/site-packages/airflow/example_dags/example_nested_branch_dag.py
[2022-07-06 16:50:23,881] {processor.py:641} INFO - Processing file /Users/joyang0419/opt/anaconda3/envs/AirFlowBasicExample/lib/python3.8/site-packages/airflow/example_dags/example_nested_branch_dag.py for tasks to queue
[2022-07-06 16:50:23,882] {logging_mixin.py:115} INFO - [2022-07-06 16:50:23,882] {dagbag.py:507} INFO - Filling up the DagBag from /Users/joyang0419/opt/anaconda3/envs/AirFlowBasicExample/lib/python3.8/site-packages/airflow/example_dags/example_nested_branch_dag.py
[2022-07-06 16:50:23,898] {processor.py:651} INFO - DAG(s) dict_keys(['example_nested_branch_dag']) retrieved from /Users/joyang0419/opt/anaconda3/envs/AirFlowBasicExample/lib/python3.8/site-packages/airflow/example_dags/example_nested_branch_dag.py
[2022-07-06 16:50:23,932] {logging_mixin.py:115} INFO - [2022-07-06 16:50:23,932] {dag.py:2379} INFO - Sync 1 DAGs
[2022-07-06 16:50:23,963] {logging_mixin.py:115} INFO - [2022-07-06 16:50:23,963] {dag.py:2927} INFO - Setting next_dagrun for example_nested_branch_dag to 2022-07-05T00:00:00+00:00, run_after=2022-07-06T00:00:00+00:00
[2022-07-06 16:50:23,979] {processor.py:161} INFO - Processing /Users/joyang0419/opt/anaconda3/envs/AirFlowBasicExample/lib/python3.8/site-packages/airflow/example_dags/example_nested_branch_dag.py took 0.099 seconds
[2022-07-06 16:50:33,916] {processor.py:153} INFO - Started process (PID=12595) to work on /Users/joyang0419/opt/anaconda3/envs/AirFlowBasicExample/lib/python3.8/site-packages/airflow/example_dags/example_nested_branch_dag.py
[2022-07-06 16:50:33,916] {processor.py:641} INFO - Processing file /Users/joyang0419/opt/anaconda3/envs/AirFlowBasicExample/lib/python3.8/site-packages/airflow/example_dags/example_nested_branch_dag.py for tasks to queue
[2022-07-06 16:50:33,916] {logging_mixin.py:115} INFO - [2022-07-06 16:50:33,916] {dagbag.py:507} INFO - Filling up the DagBag from /Users/joyang0419/opt/anaconda3/envs/AirFlowBasicExample/lib/python3.8/site-packages/airflow/example_dags/example_nested_branch_dag.py
[2022-07-06 16:50:33,930] {processor.py:651} INFO - DAG(s) dict_keys(['example_nested_branch_dag']) retrieved from /Users/joyang0419/opt/anaconda3/envs/AirFlowBasicExample/lib/python3.8/site-packages/airflow/example_dags/example_nested_branch_dag.py
[2022-07-06 16:50:33,972] {logging_mixin.py:115} INFO - [2022-07-06 16:50:33,972] {dag.py:2379} INFO - Sync 1 DAGs
[2022-07-06 16:50:34,004] {logging_mixin.py:115} INFO - [2022-07-06 16:50:34,004] {dag.py:2927} INFO - Setting next_dagrun for example_nested_branch_dag to 2022-07-05T00:00:00+00:00, run_after=2022-07-06T00:00:00+00:00
[2022-07-06 16:50:34,026] {processor.py:161} INFO - Processing /Users/joyang0419/opt/anaconda3/envs/AirFlowBasicExample/lib/python3.8/site-packages/airflow/example_dags/example_nested_branch_dag.py took 0.110 seconds
[2022-07-06 16:50:46,398] {processor.py:153} INFO - Started process (PID=12667) to work on /Users/joyang0419/opt/anaconda3/envs/AirFlowBasicExample/lib/python3.8/site-packages/airflow/example_dags/example_nested_branch_dag.py
[2022-07-06 16:50:46,398] {processor.py:641} INFO - Processing file /Users/joyang0419/opt/anaconda3/envs/AirFlowBasicExample/lib/python3.8/site-packages/airflow/example_dags/example_nested_branch_dag.py for tasks to queue
[2022-07-06 16:50:46,398] {logging_mixin.py:115} INFO - [2022-07-06 16:50:46,398] {dagbag.py:507} INFO - Filling up the DagBag from /Users/joyang0419/opt/anaconda3/envs/AirFlowBasicExample/lib/python3.8/site-packages/airflow/example_dags/example_nested_branch_dag.py
[2022-07-06 16:50:46,423] {processor.py:651} INFO - DAG(s) dict_keys(['example_nested_branch_dag']) retrieved from /Users/joyang0419/opt/anaconda3/envs/AirFlowBasicExample/lib/python3.8/site-packages/airflow/example_dags/example_nested_branch_dag.py
[2022-07-06 16:50:46,496] {logging_mixin.py:115} INFO - [2022-07-06 16:50:46,496] {dag.py:2379} INFO - Sync 1 DAGs
[2022-07-06 16:50:46,514] {logging_mixin.py:115} INFO - [2022-07-06 16:50:46,514] {dag.py:2927} INFO - Setting next_dagrun for example_nested_branch_dag to 2022-07-05T00:00:00+00:00, run_after=2022-07-06T00:00:00+00:00
[2022-07-06 16:50:46,554] {processor.py:161} INFO - Processing /Users/joyang0419/opt/anaconda3/envs/AirFlowBasicExample/lib/python3.8/site-packages/airflow/example_dags/example_nested_branch_dag.py took 0.157 seconds
[2022-07-06 16:52:28,459] {processor.py:153} INFO - Started process (PID=12795) to work on /Users/joyang0419/opt/anaconda3/envs/AirFlowBasicExample/lib/python3.8/site-packages/airflow/example_dags/example_nested_branch_dag.py
[2022-07-06 16:52:28,460] {processor.py:641} INFO - Processing file /Users/joyang0419/opt/anaconda3/envs/AirFlowBasicExample/lib/python3.8/site-packages/airflow/example_dags/example_nested_branch_dag.py for tasks to queue
[2022-07-06 16:52:28,460] {logging_mixin.py:115} INFO - [2022-07-06 16:52:28,460] {dagbag.py:507} INFO - Filling up the DagBag from /Users/joyang0419/opt/anaconda3/envs/AirFlowBasicExample/lib/python3.8/site-packages/airflow/example_dags/example_nested_branch_dag.py
[2022-07-06 16:52:28,474] {processor.py:651} INFO - DAG(s) dict_keys(['example_nested_branch_dag']) retrieved from /Users/joyang0419/opt/anaconda3/envs/AirFlowBasicExample/lib/python3.8/site-packages/airflow/example_dags/example_nested_branch_dag.py
[2022-07-06 16:52:28,528] {logging_mixin.py:115} INFO - [2022-07-06 16:52:28,528] {dag.py:2379} INFO - Sync 1 DAGs
[2022-07-06 16:52:28,541] {logging_mixin.py:115} INFO - [2022-07-06 16:52:28,540] {dag.py:2927} INFO - Setting next_dagrun for example_nested_branch_dag to 2022-07-05T00:00:00+00:00, run_after=2022-07-06T00:00:00+00:00
[2022-07-06 16:52:28,556] {processor.py:161} INFO - Processing /Users/joyang0419/opt/anaconda3/envs/AirFlowBasicExample/lib/python3.8/site-packages/airflow/example_dags/example_nested_branch_dag.py took 0.097 seconds
[2022-07-06 16:52:39,139] {processor.py:153} INFO - Started process (PID=12863) to work on /Users/joyang0419/opt/anaconda3/envs/AirFlowBasicExample/lib/python3.8/site-packages/airflow/example_dags/example_nested_branch_dag.py
[2022-07-06 16:52:39,140] {processor.py:641} INFO - Processing file /Users/joyang0419/opt/anaconda3/envs/AirFlowBasicExample/lib/python3.8/site-packages/airflow/example_dags/example_nested_branch_dag.py for tasks to queue
[2022-07-06 16:52:39,140] {logging_mixin.py:115} INFO - [2022-07-06 16:52:39,140] {dagbag.py:507} INFO - Filling up the DagBag from /Users/joyang0419/opt/anaconda3/envs/AirFlowBasicExample/lib/python3.8/site-packages/airflow/example_dags/example_nested_branch_dag.py
[2022-07-06 16:52:39,154] {processor.py:651} INFO - DAG(s) dict_keys(['example_nested_branch_dag']) retrieved from /Users/joyang0419/opt/anaconda3/envs/AirFlowBasicExample/lib/python3.8/site-packages/airflow/example_dags/example_nested_branch_dag.py
[2022-07-06 16:52:39,210] {logging_mixin.py:115} INFO - [2022-07-06 16:52:39,210] {dag.py:2379} INFO - Sync 1 DAGs
[2022-07-06 16:52:39,223] {logging_mixin.py:115} INFO - [2022-07-06 16:52:39,223] {dag.py:2927} INFO - Setting next_dagrun for example_nested_branch_dag to 2022-07-05T00:00:00+00:00, run_after=2022-07-06T00:00:00+00:00
[2022-07-06 16:52:39,241] {processor.py:161} INFO - Processing /Users/joyang0419/opt/anaconda3/envs/AirFlowBasicExample/lib/python3.8/site-packages/airflow/example_dags/example_nested_branch_dag.py took 0.102 seconds
[2022-07-06 16:52:49,950] {processor.py:153} INFO - Started process (PID=12930) to work on /Users/joyang0419/opt/anaconda3/envs/AirFlowBasicExample/lib/python3.8/site-packages/airflow/example_dags/example_nested_branch_dag.py
[2022-07-06 16:52:49,950] {processor.py:641} INFO - Processing file /Users/joyang0419/opt/anaconda3/envs/AirFlowBasicExample/lib/python3.8/site-packages/airflow/example_dags/example_nested_branch_dag.py for tasks to queue
[2022-07-06 16:52:49,950] {logging_mixin.py:115} INFO - [2022-07-06 16:52:49,950] {dagbag.py:507} INFO - Filling up the DagBag from /Users/joyang0419/opt/anaconda3/envs/AirFlowBasicExample/lib/python3.8/site-packages/airflow/example_dags/example_nested_branch_dag.py
[2022-07-06 16:52:49,964] {processor.py:651} INFO - DAG(s) dict_keys(['example_nested_branch_dag']) retrieved from /Users/joyang0419/opt/anaconda3/envs/AirFlowBasicExample/lib/python3.8/site-packages/airflow/example_dags/example_nested_branch_dag.py
[2022-07-06 16:52:50,025] {logging_mixin.py:115} INFO - [2022-07-06 16:52:50,025] {dag.py:2379} INFO - Sync 1 DAGs
[2022-07-06 16:52:50,040] {logging_mixin.py:115} INFO - [2022-07-06 16:52:50,040] {dag.py:2927} INFO - Setting next_dagrun for example_nested_branch_dag to 2022-07-05T00:00:00+00:00, run_after=2022-07-06T00:00:00+00:00
[2022-07-06 16:52:50,062] {processor.py:161} INFO - Processing /Users/joyang0419/opt/anaconda3/envs/AirFlowBasicExample/lib/python3.8/site-packages/airflow/example_dags/example_nested_branch_dag.py took 0.113 seconds
[2022-07-06 16:53:02,692] {processor.py:153} INFO - Started process (PID=13002) to work on /Users/joyang0419/opt/anaconda3/envs/AirFlowBasicExample/lib/python3.8/site-packages/airflow/example_dags/example_nested_branch_dag.py
[2022-07-06 16:53:02,692] {processor.py:641} INFO - Processing file /Users/joyang0419/opt/anaconda3/envs/AirFlowBasicExample/lib/python3.8/site-packages/airflow/example_dags/example_nested_branch_dag.py for tasks to queue
[2022-07-06 16:53:02,692] {logging_mixin.py:115} INFO - [2022-07-06 16:53:02,692] {dagbag.py:507} INFO - Filling up the DagBag from /Users/joyang0419/opt/anaconda3/envs/AirFlowBasicExample/lib/python3.8/site-packages/airflow/example_dags/example_nested_branch_dag.py
[2022-07-06 16:53:02,707] {processor.py:651} INFO - DAG(s) dict_keys(['example_nested_branch_dag']) retrieved from /Users/joyang0419/opt/anaconda3/envs/AirFlowBasicExample/lib/python3.8/site-packages/airflow/example_dags/example_nested_branch_dag.py
[2022-07-06 16:53:02,772] {logging_mixin.py:115} INFO - [2022-07-06 16:53:02,772] {dag.py:2379} INFO - Sync 1 DAGs
[2022-07-06 16:53:02,787] {logging_mixin.py:115} INFO - [2022-07-06 16:53:02,787] {dag.py:2927} INFO - Setting next_dagrun for example_nested_branch_dag to 2022-07-05T00:00:00+00:00, run_after=2022-07-06T00:00:00+00:00
[2022-07-06 16:53:02,805] {processor.py:161} INFO - Processing /Users/joyang0419/opt/anaconda3/envs/AirFlowBasicExample/lib/python3.8/site-packages/airflow/example_dags/example_nested_branch_dag.py took 0.113 seconds
[2022-07-06 16:53:13,589] {processor.py:153} INFO - Started process (PID=13067) to work on /Users/joyang0419/opt/anaconda3/envs/AirFlowBasicExample/lib/python3.8/site-packages/airflow/example_dags/example_nested_branch_dag.py
[2022-07-06 16:53:13,589] {processor.py:641} INFO - Processing file /Users/joyang0419/opt/anaconda3/envs/AirFlowBasicExample/lib/python3.8/site-packages/airflow/example_dags/example_nested_branch_dag.py for tasks to queue
[2022-07-06 16:53:13,589] {logging_mixin.py:115} INFO - [2022-07-06 16:53:13,589] {dagbag.py:507} INFO - Filling up the DagBag from /Users/joyang0419/opt/anaconda3/envs/AirFlowBasicExample/lib/python3.8/site-packages/airflow/example_dags/example_nested_branch_dag.py
[2022-07-06 16:53:13,607] {processor.py:651} INFO - DAG(s) dict_keys(['example_nested_branch_dag']) retrieved from /Users/joyang0419/opt/anaconda3/envs/AirFlowBasicExample/lib/python3.8/site-packages/airflow/example_dags/example_nested_branch_dag.py
[2022-07-06 16:53:13,673] {logging_mixin.py:115} INFO - [2022-07-06 16:53:13,673] {dag.py:2379} INFO - Sync 1 DAGs
[2022-07-06 16:53:13,687] {logging_mixin.py:115} INFO - [2022-07-06 16:53:13,687] {dag.py:2927} INFO - Setting next_dagrun for example_nested_branch_dag to 2022-07-05T00:00:00+00:00, run_after=2022-07-06T00:00:00+00:00
[2022-07-06 16:53:13,707] {processor.py:161} INFO - Processing /Users/joyang0419/opt/anaconda3/envs/AirFlowBasicExample/lib/python3.8/site-packages/airflow/example_dags/example_nested_branch_dag.py took 0.118 seconds
[2022-07-06 16:53:24,440] {processor.py:153} INFO - Started process (PID=13135) to work on /Users/joyang0419/opt/anaconda3/envs/AirFlowBasicExample/lib/python3.8/site-packages/airflow/example_dags/example_nested_branch_dag.py
[2022-07-06 16:53:24,440] {processor.py:641} INFO - Processing file /Users/joyang0419/opt/anaconda3/envs/AirFlowBasicExample/lib/python3.8/site-packages/airflow/example_dags/example_nested_branch_dag.py for tasks to queue
[2022-07-06 16:53:24,440] {logging_mixin.py:115} INFO - [2022-07-06 16:53:24,440] {dagbag.py:507} INFO - Filling up the DagBag from /Users/joyang0419/opt/anaconda3/envs/AirFlowBasicExample/lib/python3.8/site-packages/airflow/example_dags/example_nested_branch_dag.py
[2022-07-06 16:53:24,455] {processor.py:651} INFO - DAG(s) dict_keys(['example_nested_branch_dag']) retrieved from /Users/joyang0419/opt/anaconda3/envs/AirFlowBasicExample/lib/python3.8/site-packages/airflow/example_dags/example_nested_branch_dag.py
[2022-07-06 16:53:24,517] {logging_mixin.py:115} INFO - [2022-07-06 16:53:24,517] {dag.py:2379} INFO - Sync 1 DAGs
[2022-07-06 16:53:24,533] {logging_mixin.py:115} INFO - [2022-07-06 16:53:24,533] {dag.py:2927} INFO - Setting next_dagrun for example_nested_branch_dag to 2022-07-05T00:00:00+00:00, run_after=2022-07-06T00:00:00+00:00
[2022-07-06 16:53:24,553] {processor.py:161} INFO - Processing /Users/joyang0419/opt/anaconda3/envs/AirFlowBasicExample/lib/python3.8/site-packages/airflow/example_dags/example_nested_branch_dag.py took 0.114 seconds
[2022-07-06 16:53:35,903] {processor.py:153} INFO - Started process (PID=13201) to work on /Users/joyang0419/opt/anaconda3/envs/AirFlowBasicExample/lib/python3.8/site-packages/airflow/example_dags/example_nested_branch_dag.py
[2022-07-06 16:53:35,903] {processor.py:641} INFO - Processing file /Users/joyang0419/opt/anaconda3/envs/AirFlowBasicExample/lib/python3.8/site-packages/airflow/example_dags/example_nested_branch_dag.py for tasks to queue
[2022-07-06 16:53:35,903] {logging_mixin.py:115} INFO - [2022-07-06 16:53:35,903] {dagbag.py:507} INFO - Filling up the DagBag from /Users/joyang0419/opt/anaconda3/envs/AirFlowBasicExample/lib/python3.8/site-packages/airflow/example_dags/example_nested_branch_dag.py
[2022-07-06 16:53:35,920] {processor.py:651} INFO - DAG(s) dict_keys(['example_nested_branch_dag']) retrieved from /Users/joyang0419/opt/anaconda3/envs/AirFlowBasicExample/lib/python3.8/site-packages/airflow/example_dags/example_nested_branch_dag.py
[2022-07-06 16:53:35,986] {logging_mixin.py:115} INFO - [2022-07-06 16:53:35,986] {dag.py:2379} INFO - Sync 1 DAGs
[2022-07-06 16:53:36,005] {logging_mixin.py:115} INFO - [2022-07-06 16:53:36,005] {dag.py:2927} INFO - Setting next_dagrun for example_nested_branch_dag to 2022-07-05T00:00:00+00:00, run_after=2022-07-06T00:00:00+00:00
[2022-07-06 16:53:36,025] {processor.py:161} INFO - Processing /Users/joyang0419/opt/anaconda3/envs/AirFlowBasicExample/lib/python3.8/site-packages/airflow/example_dags/example_nested_branch_dag.py took 0.122 seconds
[2022-07-06 16:53:47,088] {processor.py:153} INFO - Started process (PID=13271) to work on /Users/joyang0419/opt/anaconda3/envs/AirFlowBasicExample/lib/python3.8/site-packages/airflow/example_dags/example_nested_branch_dag.py
[2022-07-06 16:53:47,088] {processor.py:641} INFO - Processing file /Users/joyang0419/opt/anaconda3/envs/AirFlowBasicExample/lib/python3.8/site-packages/airflow/example_dags/example_nested_branch_dag.py for tasks to queue
[2022-07-06 16:53:47,089] {logging_mixin.py:115} INFO - [2022-07-06 16:53:47,089] {dagbag.py:507} INFO - Filling up the DagBag from /Users/joyang0419/opt/anaconda3/envs/AirFlowBasicExample/lib/python3.8/site-packages/airflow/example_dags/example_nested_branch_dag.py
[2022-07-06 16:53:47,104] {processor.py:651} INFO - DAG(s) dict_keys(['example_nested_branch_dag']) retrieved from /Users/joyang0419/opt/anaconda3/envs/AirFlowBasicExample/lib/python3.8/site-packages/airflow/example_dags/example_nested_branch_dag.py
[2022-07-06 16:53:47,161] {logging_mixin.py:115} INFO - [2022-07-06 16:53:47,161] {dag.py:2379} INFO - Sync 1 DAGs
[2022-07-06 16:53:47,176] {logging_mixin.py:115} INFO - [2022-07-06 16:53:47,176] {dag.py:2927} INFO - Setting next_dagrun for example_nested_branch_dag to 2022-07-05T00:00:00+00:00, run_after=2022-07-06T00:00:00+00:00
[2022-07-06 16:53:47,198] {processor.py:161} INFO - Processing /Users/joyang0419/opt/anaconda3/envs/AirFlowBasicExample/lib/python3.8/site-packages/airflow/example_dags/example_nested_branch_dag.py took 0.111 seconds
[2022-07-06 16:53:57,826] {processor.py:153} INFO - Started process (PID=13342) to work on /Users/joyang0419/opt/anaconda3/envs/AirFlowBasicExample/lib/python3.8/site-packages/airflow/example_dags/example_nested_branch_dag.py
[2022-07-06 16:53:57,827] {processor.py:641} INFO - Processing file /Users/joyang0419/opt/anaconda3/envs/AirFlowBasicExample/lib/python3.8/site-packages/airflow/example_dags/example_nested_branch_dag.py for tasks to queue
[2022-07-06 16:53:57,827] {logging_mixin.py:115} INFO - [2022-07-06 16:53:57,827] {dagbag.py:507} INFO - Filling up the DagBag from /Users/joyang0419/opt/anaconda3/envs/AirFlowBasicExample/lib/python3.8/site-packages/airflow/example_dags/example_nested_branch_dag.py
[2022-07-06 16:53:57,841] {processor.py:651} INFO - DAG(s) dict_keys(['example_nested_branch_dag']) retrieved from /Users/joyang0419/opt/anaconda3/envs/AirFlowBasicExample/lib/python3.8/site-packages/airflow/example_dags/example_nested_branch_dag.py
[2022-07-06 16:53:57,914] {logging_mixin.py:115} INFO - [2022-07-06 16:53:57,914] {dag.py:2379} INFO - Sync 1 DAGs
[2022-07-06 16:53:57,928] {logging_mixin.py:115} INFO - [2022-07-06 16:53:57,928] {dag.py:2927} INFO - Setting next_dagrun for example_nested_branch_dag to 2022-07-05T00:00:00+00:00, run_after=2022-07-06T00:00:00+00:00
[2022-07-06 16:53:57,947] {processor.py:161} INFO - Processing /Users/joyang0419/opt/anaconda3/envs/AirFlowBasicExample/lib/python3.8/site-packages/airflow/example_dags/example_nested_branch_dag.py took 0.122 seconds
[2022-07-06 16:54:10,151] {processor.py:153} INFO - Started process (PID=13423) to work on /Users/joyang0419/opt/anaconda3/envs/AirFlowBasicExample/lib/python3.8/site-packages/airflow/example_dags/example_nested_branch_dag.py
[2022-07-06 16:54:10,151] {processor.py:641} INFO - Processing file /Users/joyang0419/opt/anaconda3/envs/AirFlowBasicExample/lib/python3.8/site-packages/airflow/example_dags/example_nested_branch_dag.py for tasks to queue
[2022-07-06 16:54:10,151] {logging_mixin.py:115} INFO - [2022-07-06 16:54:10,151] {dagbag.py:507} INFO - Filling up the DagBag from /Users/joyang0419/opt/anaconda3/envs/AirFlowBasicExample/lib/python3.8/site-packages/airflow/example_dags/example_nested_branch_dag.py
[2022-07-06 16:54:10,170] {processor.py:651} INFO - DAG(s) dict_keys(['example_nested_branch_dag']) retrieved from /Users/joyang0419/opt/anaconda3/envs/AirFlowBasicExample/lib/python3.8/site-packages/airflow/example_dags/example_nested_branch_dag.py
[2022-07-06 16:54:10,233] {logging_mixin.py:115} INFO - [2022-07-06 16:54:10,232] {dag.py:2379} INFO - Sync 1 DAGs
[2022-07-06 16:54:10,248] {logging_mixin.py:115} INFO - [2022-07-06 16:54:10,248] {dag.py:2927} INFO - Setting next_dagrun for example_nested_branch_dag to 2022-07-05T00:00:00+00:00, run_after=2022-07-06T00:00:00+00:00
[2022-07-06 16:54:10,276] {processor.py:161} INFO - Processing /Users/joyang0419/opt/anaconda3/envs/AirFlowBasicExample/lib/python3.8/site-packages/airflow/example_dags/example_nested_branch_dag.py took 0.126 seconds
