[2022-07-06 16:50:13,236] {processor.py:153} INFO - Started process (PID=12477) to work on /Users/joyang0419/opt/anaconda3/envs/AirFlowBasicExample/lib/python3.8/site-packages/airflow/example_dags/example_complex.py
[2022-07-06 16:50:13,236] {processor.py:641} INFO - Processing file /Users/joyang0419/opt/anaconda3/envs/AirFlowBasicExample/lib/python3.8/site-packages/airflow/example_dags/example_complex.py for tasks to queue
[2022-07-06 16:50:13,236] {logging_mixin.py:115} INFO - [2022-07-06 16:50:13,236] {dagbag.py:507} INFO - Filling up the DagBag from /Users/joyang0419/opt/anaconda3/envs/AirFlowBasicExample/lib/python3.8/site-packages/airflow/example_dags/example_complex.py
[2022-07-06 16:50:13,246] {processor.py:651} INFO - DAG(s) dict_keys(['example_complex']) retrieved from /Users/joyang0419/opt/anaconda3/envs/AirFlowBasicExample/lib/python3.8/site-packages/airflow/example_dags/example_complex.py
[2022-07-06 16:50:13,814] {logging_mixin.py:115} INFO - [2022-07-06 16:50:13,814] {manager.py:508} INFO - Created Permission View: can edit on DAG:example_complex
[2022-07-06 16:50:13,828] {logging_mixin.py:115} INFO - [2022-07-06 16:50:13,828] {manager.py:508} INFO - Created Permission View: can delete on DAG:example_complex
[2022-07-06 16:50:13,839] {logging_mixin.py:115} INFO - [2022-07-06 16:50:13,839] {manager.py:508} INFO - Created Permission View: can read on DAG:example_complex
[2022-07-06 16:50:13,839] {logging_mixin.py:115} INFO - [2022-07-06 16:50:13,839] {dag.py:2379} INFO - Sync 1 DAGs
[2022-07-06 16:50:13,845] {logging_mixin.py:115} INFO - [2022-07-06 16:50:13,845] {dag.py:2398} INFO - Creating ORM DAG for example_complex
[2022-07-06 16:50:13,852] {logging_mixin.py:115} INFO - [2022-07-06 16:50:13,852] {dag.py:2927} INFO - Setting next_dagrun for example_complex to None, run_after=None
[2022-07-06 16:50:13,875] {processor.py:161} INFO - Processing /Users/joyang0419/opt/anaconda3/envs/AirFlowBasicExample/lib/python3.8/site-packages/airflow/example_dags/example_complex.py took 0.640 seconds
[2022-07-06 16:50:26,108] {processor.py:153} INFO - Started process (PID=12545) to work on /Users/joyang0419/opt/anaconda3/envs/AirFlowBasicExample/lib/python3.8/site-packages/airflow/example_dags/example_complex.py
[2022-07-06 16:50:26,109] {processor.py:641} INFO - Processing file /Users/joyang0419/opt/anaconda3/envs/AirFlowBasicExample/lib/python3.8/site-packages/airflow/example_dags/example_complex.py for tasks to queue
[2022-07-06 16:50:26,109] {logging_mixin.py:115} INFO - [2022-07-06 16:50:26,109] {dagbag.py:507} INFO - Filling up the DagBag from /Users/joyang0419/opt/anaconda3/envs/AirFlowBasicExample/lib/python3.8/site-packages/airflow/example_dags/example_complex.py
[2022-07-06 16:50:26,118] {processor.py:651} INFO - DAG(s) dict_keys(['example_complex']) retrieved from /Users/joyang0419/opt/anaconda3/envs/AirFlowBasicExample/lib/python3.8/site-packages/airflow/example_dags/example_complex.py
[2022-07-06 16:50:26,159] {logging_mixin.py:115} INFO - [2022-07-06 16:50:26,159] {dag.py:2379} INFO - Sync 1 DAGs
[2022-07-06 16:50:26,193] {logging_mixin.py:115} INFO - [2022-07-06 16:50:26,193] {dag.py:2927} INFO - Setting next_dagrun for example_complex to None, run_after=None
[2022-07-06 16:50:26,222] {processor.py:161} INFO - Processing /Users/joyang0419/opt/anaconda3/envs/AirFlowBasicExample/lib/python3.8/site-packages/airflow/example_dags/example_complex.py took 0.114 seconds
[2022-07-06 16:50:35,914] {processor.py:153} INFO - Started process (PID=12608) to work on /Users/joyang0419/opt/anaconda3/envs/AirFlowBasicExample/lib/python3.8/site-packages/airflow/example_dags/example_complex.py
[2022-07-06 16:50:35,914] {processor.py:641} INFO - Processing file /Users/joyang0419/opt/anaconda3/envs/AirFlowBasicExample/lib/python3.8/site-packages/airflow/example_dags/example_complex.py for tasks to queue
[2022-07-06 16:50:35,915] {logging_mixin.py:115} INFO - [2022-07-06 16:50:35,915] {dagbag.py:507} INFO - Filling up the DagBag from /Users/joyang0419/opt/anaconda3/envs/AirFlowBasicExample/lib/python3.8/site-packages/airflow/example_dags/example_complex.py
[2022-07-06 16:50:35,924] {processor.py:651} INFO - DAG(s) dict_keys(['example_complex']) retrieved from /Users/joyang0419/opt/anaconda3/envs/AirFlowBasicExample/lib/python3.8/site-packages/airflow/example_dags/example_complex.py
[2022-07-06 16:50:35,968] {logging_mixin.py:115} INFO - [2022-07-06 16:50:35,968] {dag.py:2379} INFO - Sync 1 DAGs
[2022-07-06 16:50:35,997] {logging_mixin.py:115} INFO - [2022-07-06 16:50:35,997] {dag.py:2927} INFO - Setting next_dagrun for example_complex to None, run_after=None
[2022-07-06 16:50:36,014] {processor.py:161} INFO - Processing /Users/joyang0419/opt/anaconda3/envs/AirFlowBasicExample/lib/python3.8/site-packages/airflow/example_dags/example_complex.py took 0.100 seconds
[2022-07-06 16:50:48,688] {processor.py:153} INFO - Started process (PID=12682) to work on /Users/joyang0419/opt/anaconda3/envs/AirFlowBasicExample/lib/python3.8/site-packages/airflow/example_dags/example_complex.py
[2022-07-06 16:50:48,688] {processor.py:641} INFO - Processing file /Users/joyang0419/opt/anaconda3/envs/AirFlowBasicExample/lib/python3.8/site-packages/airflow/example_dags/example_complex.py for tasks to queue
[2022-07-06 16:50:48,688] {logging_mixin.py:115} INFO - [2022-07-06 16:50:48,688] {dagbag.py:507} INFO - Filling up the DagBag from /Users/joyang0419/opt/anaconda3/envs/AirFlowBasicExample/lib/python3.8/site-packages/airflow/example_dags/example_complex.py
[2022-07-06 16:50:48,699] {processor.py:651} INFO - DAG(s) dict_keys(['example_complex']) retrieved from /Users/joyang0419/opt/anaconda3/envs/AirFlowBasicExample/lib/python3.8/site-packages/airflow/example_dags/example_complex.py
[2022-07-06 16:50:48,765] {logging_mixin.py:115} INFO - [2022-07-06 16:50:48,764] {dag.py:2379} INFO - Sync 1 DAGs
[2022-07-06 16:50:48,780] {logging_mixin.py:115} INFO - [2022-07-06 16:50:48,780] {dag.py:2927} INFO - Setting next_dagrun for example_complex to None, run_after=None
[2022-07-06 16:50:48,802] {processor.py:161} INFO - Processing /Users/joyang0419/opt/anaconda3/envs/AirFlowBasicExample/lib/python3.8/site-packages/airflow/example_dags/example_complex.py took 0.115 seconds
[2022-07-06 16:52:30,637] {processor.py:153} INFO - Started process (PID=12809) to work on /Users/joyang0419/opt/anaconda3/envs/AirFlowBasicExample/lib/python3.8/site-packages/airflow/example_dags/example_complex.py
[2022-07-06 16:52:30,638] {processor.py:641} INFO - Processing file /Users/joyang0419/opt/anaconda3/envs/AirFlowBasicExample/lib/python3.8/site-packages/airflow/example_dags/example_complex.py for tasks to queue
[2022-07-06 16:52:30,638] {logging_mixin.py:115} INFO - [2022-07-06 16:52:30,638] {dagbag.py:507} INFO - Filling up the DagBag from /Users/joyang0419/opt/anaconda3/envs/AirFlowBasicExample/lib/python3.8/site-packages/airflow/example_dags/example_complex.py
[2022-07-06 16:52:30,648] {processor.py:651} INFO - DAG(s) dict_keys(['example_complex']) retrieved from /Users/joyang0419/opt/anaconda3/envs/AirFlowBasicExample/lib/python3.8/site-packages/airflow/example_dags/example_complex.py
[2022-07-06 16:52:30,717] {logging_mixin.py:115} INFO - [2022-07-06 16:52:30,716] {dag.py:2379} INFO - Sync 1 DAGs
[2022-07-06 16:52:30,731] {logging_mixin.py:115} INFO - [2022-07-06 16:52:30,731] {dag.py:2927} INFO - Setting next_dagrun for example_complex to None, run_after=None
[2022-07-06 16:52:30,750] {processor.py:161} INFO - Processing /Users/joyang0419/opt/anaconda3/envs/AirFlowBasicExample/lib/python3.8/site-packages/airflow/example_dags/example_complex.py took 0.113 seconds
[2022-07-06 16:52:41,536] {processor.py:153} INFO - Started process (PID=12877) to work on /Users/joyang0419/opt/anaconda3/envs/AirFlowBasicExample/lib/python3.8/site-packages/airflow/example_dags/example_complex.py
[2022-07-06 16:52:41,536] {processor.py:641} INFO - Processing file /Users/joyang0419/opt/anaconda3/envs/AirFlowBasicExample/lib/python3.8/site-packages/airflow/example_dags/example_complex.py for tasks to queue
[2022-07-06 16:52:41,536] {logging_mixin.py:115} INFO - [2022-07-06 16:52:41,536] {dagbag.py:507} INFO - Filling up the DagBag from /Users/joyang0419/opt/anaconda3/envs/AirFlowBasicExample/lib/python3.8/site-packages/airflow/example_dags/example_complex.py
[2022-07-06 16:52:41,547] {processor.py:651} INFO - DAG(s) dict_keys(['example_complex']) retrieved from /Users/joyang0419/opt/anaconda3/envs/AirFlowBasicExample/lib/python3.8/site-packages/airflow/example_dags/example_complex.py
[2022-07-06 16:52:41,615] {logging_mixin.py:115} INFO - [2022-07-06 16:52:41,615] {dag.py:2379} INFO - Sync 1 DAGs
[2022-07-06 16:52:41,632] {logging_mixin.py:115} INFO - [2022-07-06 16:52:41,632] {dag.py:2927} INFO - Setting next_dagrun for example_complex to None, run_after=None
[2022-07-06 16:52:41,661] {processor.py:161} INFO - Processing /Users/joyang0419/opt/anaconda3/envs/AirFlowBasicExample/lib/python3.8/site-packages/airflow/example_dags/example_complex.py took 0.126 seconds
[2022-07-06 16:52:52,480] {processor.py:153} INFO - Started process (PID=12945) to work on /Users/joyang0419/opt/anaconda3/envs/AirFlowBasicExample/lib/python3.8/site-packages/airflow/example_dags/example_complex.py
[2022-07-06 16:52:52,480] {processor.py:641} INFO - Processing file /Users/joyang0419/opt/anaconda3/envs/AirFlowBasicExample/lib/python3.8/site-packages/airflow/example_dags/example_complex.py for tasks to queue
[2022-07-06 16:52:52,481] {logging_mixin.py:115} INFO - [2022-07-06 16:52:52,481] {dagbag.py:507} INFO - Filling up the DagBag from /Users/joyang0419/opt/anaconda3/envs/AirFlowBasicExample/lib/python3.8/site-packages/airflow/example_dags/example_complex.py
[2022-07-06 16:52:52,492] {processor.py:651} INFO - DAG(s) dict_keys(['example_complex']) retrieved from /Users/joyang0419/opt/anaconda3/envs/AirFlowBasicExample/lib/python3.8/site-packages/airflow/example_dags/example_complex.py
[2022-07-06 16:52:52,568] {logging_mixin.py:115} INFO - [2022-07-06 16:52:52,568] {dag.py:2379} INFO - Sync 1 DAGs
[2022-07-06 16:52:52,586] {logging_mixin.py:115} INFO - [2022-07-06 16:52:52,586] {dag.py:2927} INFO - Setting next_dagrun for example_complex to None, run_after=None
[2022-07-06 16:52:52,615] {processor.py:161} INFO - Processing /Users/joyang0419/opt/anaconda3/envs/AirFlowBasicExample/lib/python3.8/site-packages/airflow/example_dags/example_complex.py took 0.136 seconds
[2022-07-06 16:53:04,716] {processor.py:153} INFO - Started process (PID=13016) to work on /Users/joyang0419/opt/anaconda3/envs/AirFlowBasicExample/lib/python3.8/site-packages/airflow/example_dags/example_complex.py
[2022-07-06 16:53:04,717] {processor.py:641} INFO - Processing file /Users/joyang0419/opt/anaconda3/envs/AirFlowBasicExample/lib/python3.8/site-packages/airflow/example_dags/example_complex.py for tasks to queue
[2022-07-06 16:53:04,717] {logging_mixin.py:115} INFO - [2022-07-06 16:53:04,717] {dagbag.py:507} INFO - Filling up the DagBag from /Users/joyang0419/opt/anaconda3/envs/AirFlowBasicExample/lib/python3.8/site-packages/airflow/example_dags/example_complex.py
[2022-07-06 16:53:04,727] {processor.py:651} INFO - DAG(s) dict_keys(['example_complex']) retrieved from /Users/joyang0419/opt/anaconda3/envs/AirFlowBasicExample/lib/python3.8/site-packages/airflow/example_dags/example_complex.py
[2022-07-06 16:53:04,793] {logging_mixin.py:115} INFO - [2022-07-06 16:53:04,793] {dag.py:2379} INFO - Sync 1 DAGs
[2022-07-06 16:53:04,805] {logging_mixin.py:115} INFO - [2022-07-06 16:53:04,805] {dag.py:2927} INFO - Setting next_dagrun for example_complex to None, run_after=None
[2022-07-06 16:53:04,821] {processor.py:161} INFO - Processing /Users/joyang0419/opt/anaconda3/envs/AirFlowBasicExample/lib/python3.8/site-packages/airflow/example_dags/example_complex.py took 0.105 seconds
[2022-07-06 16:53:16,279] {processor.py:153} INFO - Started process (PID=13082) to work on /Users/joyang0419/opt/anaconda3/envs/AirFlowBasicExample/lib/python3.8/site-packages/airflow/example_dags/example_complex.py
[2022-07-06 16:53:16,280] {processor.py:641} INFO - Processing file /Users/joyang0419/opt/anaconda3/envs/AirFlowBasicExample/lib/python3.8/site-packages/airflow/example_dags/example_complex.py for tasks to queue
[2022-07-06 16:53:16,280] {logging_mixin.py:115} INFO - [2022-07-06 16:53:16,280] {dagbag.py:507} INFO - Filling up the DagBag from /Users/joyang0419/opt/anaconda3/envs/AirFlowBasicExample/lib/python3.8/site-packages/airflow/example_dags/example_complex.py
[2022-07-06 16:53:16,290] {processor.py:651} INFO - DAG(s) dict_keys(['example_complex']) retrieved from /Users/joyang0419/opt/anaconda3/envs/AirFlowBasicExample/lib/python3.8/site-packages/airflow/example_dags/example_complex.py
[2022-07-06 16:53:16,359] {logging_mixin.py:115} INFO - [2022-07-06 16:53:16,359] {dag.py:2379} INFO - Sync 1 DAGs
[2022-07-06 16:53:16,372] {logging_mixin.py:115} INFO - [2022-07-06 16:53:16,372] {dag.py:2927} INFO - Setting next_dagrun for example_complex to None, run_after=None
[2022-07-06 16:53:16,394] {processor.py:161} INFO - Processing /Users/joyang0419/opt/anaconda3/envs/AirFlowBasicExample/lib/python3.8/site-packages/airflow/example_dags/example_complex.py took 0.115 seconds
[2022-07-06 16:53:26,884] {processor.py:153} INFO - Started process (PID=13149) to work on /Users/joyang0419/opt/anaconda3/envs/AirFlowBasicExample/lib/python3.8/site-packages/airflow/example_dags/example_complex.py
[2022-07-06 16:53:26,884] {processor.py:641} INFO - Processing file /Users/joyang0419/opt/anaconda3/envs/AirFlowBasicExample/lib/python3.8/site-packages/airflow/example_dags/example_complex.py for tasks to queue
[2022-07-06 16:53:26,884] {logging_mixin.py:115} INFO - [2022-07-06 16:53:26,884] {dagbag.py:507} INFO - Filling up the DagBag from /Users/joyang0419/opt/anaconda3/envs/AirFlowBasicExample/lib/python3.8/site-packages/airflow/example_dags/example_complex.py
[2022-07-06 16:53:26,894] {processor.py:651} INFO - DAG(s) dict_keys(['example_complex']) retrieved from /Users/joyang0419/opt/anaconda3/envs/AirFlowBasicExample/lib/python3.8/site-packages/airflow/example_dags/example_complex.py
[2022-07-06 16:53:26,965] {logging_mixin.py:115} INFO - [2022-07-06 16:53:26,965] {dag.py:2379} INFO - Sync 1 DAGs
[2022-07-06 16:53:26,982] {logging_mixin.py:115} INFO - [2022-07-06 16:53:26,982] {dag.py:2927} INFO - Setting next_dagrun for example_complex to None, run_after=None
[2022-07-06 16:53:27,010] {processor.py:161} INFO - Processing /Users/joyang0419/opt/anaconda3/envs/AirFlowBasicExample/lib/python3.8/site-packages/airflow/example_dags/example_complex.py took 0.127 seconds
[2022-07-06 16:53:38,381] {processor.py:153} INFO - Started process (PID=13215) to work on /Users/joyang0419/opt/anaconda3/envs/AirFlowBasicExample/lib/python3.8/site-packages/airflow/example_dags/example_complex.py
[2022-07-06 16:53:38,383] {processor.py:641} INFO - Processing file /Users/joyang0419/opt/anaconda3/envs/AirFlowBasicExample/lib/python3.8/site-packages/airflow/example_dags/example_complex.py for tasks to queue
[2022-07-06 16:53:38,383] {logging_mixin.py:115} INFO - [2022-07-06 16:53:38,383] {dagbag.py:507} INFO - Filling up the DagBag from /Users/joyang0419/opt/anaconda3/envs/AirFlowBasicExample/lib/python3.8/site-packages/airflow/example_dags/example_complex.py
[2022-07-06 16:53:38,393] {processor.py:651} INFO - DAG(s) dict_keys(['example_complex']) retrieved from /Users/joyang0419/opt/anaconda3/envs/AirFlowBasicExample/lib/python3.8/site-packages/airflow/example_dags/example_complex.py
[2022-07-06 16:53:38,466] {logging_mixin.py:115} INFO - [2022-07-06 16:53:38,466] {dag.py:2379} INFO - Sync 1 DAGs
[2022-07-06 16:53:38,480] {logging_mixin.py:115} INFO - [2022-07-06 16:53:38,480] {dag.py:2927} INFO - Setting next_dagrun for example_complex to None, run_after=None
[2022-07-06 16:53:38,501] {processor.py:161} INFO - Processing /Users/joyang0419/opt/anaconda3/envs/AirFlowBasicExample/lib/python3.8/site-packages/airflow/example_dags/example_complex.py took 0.120 seconds
[2022-07-06 16:53:49,372] {processor.py:153} INFO - Started process (PID=13287) to work on /Users/joyang0419/opt/anaconda3/envs/AirFlowBasicExample/lib/python3.8/site-packages/airflow/example_dags/example_complex.py
[2022-07-06 16:53:49,373] {processor.py:641} INFO - Processing file /Users/joyang0419/opt/anaconda3/envs/AirFlowBasicExample/lib/python3.8/site-packages/airflow/example_dags/example_complex.py for tasks to queue
[2022-07-06 16:53:49,373] {logging_mixin.py:115} INFO - [2022-07-06 16:53:49,373] {dagbag.py:507} INFO - Filling up the DagBag from /Users/joyang0419/opt/anaconda3/envs/AirFlowBasicExample/lib/python3.8/site-packages/airflow/example_dags/example_complex.py
[2022-07-06 16:53:49,383] {processor.py:651} INFO - DAG(s) dict_keys(['example_complex']) retrieved from /Users/joyang0419/opt/anaconda3/envs/AirFlowBasicExample/lib/python3.8/site-packages/airflow/example_dags/example_complex.py
[2022-07-06 16:53:49,449] {logging_mixin.py:115} INFO - [2022-07-06 16:53:49,449] {dag.py:2379} INFO - Sync 1 DAGs
[2022-07-06 16:53:49,463] {logging_mixin.py:115} INFO - [2022-07-06 16:53:49,463] {dag.py:2927} INFO - Setting next_dagrun for example_complex to None, run_after=None
[2022-07-06 16:53:49,486] {processor.py:161} INFO - Processing /Users/joyang0419/opt/anaconda3/envs/AirFlowBasicExample/lib/python3.8/site-packages/airflow/example_dags/example_complex.py took 0.115 seconds
[2022-07-06 16:53:59,723] {processor.py:153} INFO - Started process (PID=13355) to work on /Users/joyang0419/opt/anaconda3/envs/AirFlowBasicExample/lib/python3.8/site-packages/airflow/example_dags/example_complex.py
[2022-07-06 16:53:59,723] {processor.py:641} INFO - Processing file /Users/joyang0419/opt/anaconda3/envs/AirFlowBasicExample/lib/python3.8/site-packages/airflow/example_dags/example_complex.py for tasks to queue
[2022-07-06 16:53:59,724] {logging_mixin.py:115} INFO - [2022-07-06 16:53:59,724] {dagbag.py:507} INFO - Filling up the DagBag from /Users/joyang0419/opt/anaconda3/envs/AirFlowBasicExample/lib/python3.8/site-packages/airflow/example_dags/example_complex.py
[2022-07-06 16:53:59,733] {processor.py:651} INFO - DAG(s) dict_keys(['example_complex']) retrieved from /Users/joyang0419/opt/anaconda3/envs/AirFlowBasicExample/lib/python3.8/site-packages/airflow/example_dags/example_complex.py
[2022-07-06 16:53:59,801] {logging_mixin.py:115} INFO - [2022-07-06 16:53:59,801] {dag.py:2379} INFO - Sync 1 DAGs
[2022-07-06 16:53:59,813] {logging_mixin.py:115} INFO - [2022-07-06 16:53:59,813] {dag.py:2927} INFO - Setting next_dagrun for example_complex to None, run_after=None
[2022-07-06 16:53:59,828] {processor.py:161} INFO - Processing /Users/joyang0419/opt/anaconda3/envs/AirFlowBasicExample/lib/python3.8/site-packages/airflow/example_dags/example_complex.py took 0.106 seconds
[2022-07-06 16:54:12,352] {processor.py:153} INFO - Started process (PID=13437) to work on /Users/joyang0419/opt/anaconda3/envs/AirFlowBasicExample/lib/python3.8/site-packages/airflow/example_dags/example_complex.py
[2022-07-06 16:54:12,352] {processor.py:641} INFO - Processing file /Users/joyang0419/opt/anaconda3/envs/AirFlowBasicExample/lib/python3.8/site-packages/airflow/example_dags/example_complex.py for tasks to queue
[2022-07-06 16:54:12,352] {logging_mixin.py:115} INFO - [2022-07-06 16:54:12,352] {dagbag.py:507} INFO - Filling up the DagBag from /Users/joyang0419/opt/anaconda3/envs/AirFlowBasicExample/lib/python3.8/site-packages/airflow/example_dags/example_complex.py
[2022-07-06 16:54:12,363] {processor.py:651} INFO - DAG(s) dict_keys(['example_complex']) retrieved from /Users/joyang0419/opt/anaconda3/envs/AirFlowBasicExample/lib/python3.8/site-packages/airflow/example_dags/example_complex.py
[2022-07-06 16:54:12,423] {logging_mixin.py:115} INFO - [2022-07-06 16:54:12,423] {dag.py:2379} INFO - Sync 1 DAGs
[2022-07-06 16:54:12,435] {logging_mixin.py:115} INFO - [2022-07-06 16:54:12,435] {dag.py:2927} INFO - Setting next_dagrun for example_complex to None, run_after=None
[2022-07-06 16:54:12,449] {processor.py:161} INFO - Processing /Users/joyang0419/opt/anaconda3/envs/AirFlowBasicExample/lib/python3.8/site-packages/airflow/example_dags/example_complex.py took 0.098 seconds
