[2022-07-06 16:50:13,533] {processor.py:153} INFO - Started process (PID=12479) to work on /Users/joyang0419/opt/anaconda3/envs/AirFlowBasicExample/lib/python3.8/site-packages/airflow/example_dags/example_branch_python_dop_operator_3.py
[2022-07-06 16:50:13,533] {processor.py:641} INFO - Processing file /Users/joyang0419/opt/anaconda3/envs/AirFlowBasicExample/lib/python3.8/site-packages/airflow/example_dags/example_branch_python_dop_operator_3.py for tasks to queue
[2022-07-06 16:50:13,534] {logging_mixin.py:115} INFO - [2022-07-06 16:50:13,534] {dagbag.py:507} INFO - Filling up the DagBag from /Users/joyang0419/opt/anaconda3/envs/AirFlowBasicExample/lib/python3.8/site-packages/airflow/example_dags/example_branch_python_dop_operator_3.py
[2022-07-06 16:50:13,550] {processor.py:651} INFO - DAG(s) dict_keys(['example_branch_dop_operator_v3']) retrieved from /Users/joyang0419/opt/anaconda3/envs/AirFlowBasicExample/lib/python3.8/site-packages/airflow/example_dags/example_branch_python_dop_operator_3.py
[2022-07-06 16:50:14,100] {logging_mixin.py:115} INFO - [2022-07-06 16:50:14,100] {manager.py:508} INFO - Created Permission View: can delete on DAG:example_branch_dop_operator_v3
[2022-07-06 16:50:14,112] {logging_mixin.py:115} INFO - [2022-07-06 16:50:14,112] {manager.py:508} INFO - Created Permission View: can edit on DAG:example_branch_dop_operator_v3
[2022-07-06 16:50:14,123] {logging_mixin.py:115} INFO - [2022-07-06 16:50:14,123] {manager.py:508} INFO - Created Permission View: can read on DAG:example_branch_dop_operator_v3
[2022-07-06 16:50:14,124] {logging_mixin.py:115} INFO - [2022-07-06 16:50:14,123] {dag.py:2379} INFO - Sync 1 DAGs
[2022-07-06 16:50:14,130] {logging_mixin.py:115} INFO - [2022-07-06 16:50:14,130] {dag.py:2398} INFO - Creating ORM DAG for example_branch_dop_operator_v3
[2022-07-06 16:50:14,140] {logging_mixin.py:115} INFO - [2022-07-06 16:50:14,140] {dag.py:2927} INFO - Setting next_dagrun for example_branch_dop_operator_v3 to 2022-07-06T08:49:00+00:00, run_after=2022-07-06T08:50:00+00:00
[2022-07-06 16:50:14,161] {processor.py:161} INFO - Processing /Users/joyang0419/opt/anaconda3/envs/AirFlowBasicExample/lib/python3.8/site-packages/airflow/example_dags/example_branch_python_dop_operator_3.py took 0.629 seconds
[2022-07-06 16:50:26,436] {processor.py:153} INFO - Started process (PID=12547) to work on /Users/joyang0419/opt/anaconda3/envs/AirFlowBasicExample/lib/python3.8/site-packages/airflow/example_dags/example_branch_python_dop_operator_3.py
[2022-07-06 16:50:26,436] {processor.py:641} INFO - Processing file /Users/joyang0419/opt/anaconda3/envs/AirFlowBasicExample/lib/python3.8/site-packages/airflow/example_dags/example_branch_python_dop_operator_3.py for tasks to queue
[2022-07-06 16:50:26,436] {logging_mixin.py:115} INFO - [2022-07-06 16:50:26,436] {dagbag.py:507} INFO - Filling up the DagBag from /Users/joyang0419/opt/anaconda3/envs/AirFlowBasicExample/lib/python3.8/site-packages/airflow/example_dags/example_branch_python_dop_operator_3.py
[2022-07-06 16:50:26,451] {processor.py:651} INFO - DAG(s) dict_keys(['example_branch_dop_operator_v3']) retrieved from /Users/joyang0419/opt/anaconda3/envs/AirFlowBasicExample/lib/python3.8/site-packages/airflow/example_dags/example_branch_python_dop_operator_3.py
[2022-07-06 16:50:26,485] {logging_mixin.py:115} INFO - [2022-07-06 16:50:26,485] {dag.py:2379} INFO - Sync 1 DAGs
[2022-07-06 16:50:26,519] {logging_mixin.py:115} INFO - [2022-07-06 16:50:26,519] {dag.py:2927} INFO - Setting next_dagrun for example_branch_dop_operator_v3 to 2022-07-06T08:49:00+00:00, run_after=2022-07-06T08:50:00+00:00
[2022-07-06 16:50:26,543] {processor.py:161} INFO - Processing /Users/joyang0419/opt/anaconda3/envs/AirFlowBasicExample/lib/python3.8/site-packages/airflow/example_dags/example_branch_python_dop_operator_3.py took 0.107 seconds
[2022-07-06 16:50:36,534] {processor.py:153} INFO - Started process (PID=12611) to work on /Users/joyang0419/opt/anaconda3/envs/AirFlowBasicExample/lib/python3.8/site-packages/airflow/example_dags/example_branch_python_dop_operator_3.py
[2022-07-06 16:50:36,534] {processor.py:641} INFO - Processing file /Users/joyang0419/opt/anaconda3/envs/AirFlowBasicExample/lib/python3.8/site-packages/airflow/example_dags/example_branch_python_dop_operator_3.py for tasks to queue
[2022-07-06 16:50:36,534] {logging_mixin.py:115} INFO - [2022-07-06 16:50:36,534] {dagbag.py:507} INFO - Filling up the DagBag from /Users/joyang0419/opt/anaconda3/envs/AirFlowBasicExample/lib/python3.8/site-packages/airflow/example_dags/example_branch_python_dop_operator_3.py
[2022-07-06 16:50:36,549] {processor.py:651} INFO - DAG(s) dict_keys(['example_branch_dop_operator_v3']) retrieved from /Users/joyang0419/opt/anaconda3/envs/AirFlowBasicExample/lib/python3.8/site-packages/airflow/example_dags/example_branch_python_dop_operator_3.py
[2022-07-06 16:50:36,590] {logging_mixin.py:115} INFO - [2022-07-06 16:50:36,590] {dag.py:2379} INFO - Sync 1 DAGs
[2022-07-06 16:50:36,623] {logging_mixin.py:115} INFO - [2022-07-06 16:50:36,623] {dag.py:2927} INFO - Setting next_dagrun for example_branch_dop_operator_v3 to 2022-07-06T08:49:00+00:00, run_after=2022-07-06T08:50:00+00:00
[2022-07-06 16:50:36,639] {processor.py:161} INFO - Processing /Users/joyang0419/opt/anaconda3/envs/AirFlowBasicExample/lib/python3.8/site-packages/airflow/example_dags/example_branch_python_dop_operator_3.py took 0.105 seconds
[2022-07-06 16:50:49,315] {processor.py:153} INFO - Started process (PID=12684) to work on /Users/joyang0419/opt/anaconda3/envs/AirFlowBasicExample/lib/python3.8/site-packages/airflow/example_dags/example_branch_python_dop_operator_3.py
[2022-07-06 16:50:49,315] {processor.py:641} INFO - Processing file /Users/joyang0419/opt/anaconda3/envs/AirFlowBasicExample/lib/python3.8/site-packages/airflow/example_dags/example_branch_python_dop_operator_3.py for tasks to queue
[2022-07-06 16:50:49,315] {logging_mixin.py:115} INFO - [2022-07-06 16:50:49,315] {dagbag.py:507} INFO - Filling up the DagBag from /Users/joyang0419/opt/anaconda3/envs/AirFlowBasicExample/lib/python3.8/site-packages/airflow/example_dags/example_branch_python_dop_operator_3.py
[2022-07-06 16:50:49,330] {processor.py:651} INFO - DAG(s) dict_keys(['example_branch_dop_operator_v3']) retrieved from /Users/joyang0419/opt/anaconda3/envs/AirFlowBasicExample/lib/python3.8/site-packages/airflow/example_dags/example_branch_python_dop_operator_3.py
[2022-07-06 16:50:49,477] {logging_mixin.py:115} INFO - [2022-07-06 16:50:49,477] {dag.py:2379} INFO - Sync 1 DAGs
[2022-07-06 16:50:49,519] {logging_mixin.py:115} INFO - [2022-07-06 16:50:49,519] {dag.py:2927} INFO - Setting next_dagrun for example_branch_dop_operator_v3 to 2022-07-06T08:49:00+00:00, run_after=2022-07-06T08:50:00+00:00
[2022-07-06 16:50:49,559] {processor.py:161} INFO - Processing /Users/joyang0419/opt/anaconda3/envs/AirFlowBasicExample/lib/python3.8/site-packages/airflow/example_dags/example_branch_python_dop_operator_3.py took 0.245 seconds
[2022-07-06 16:52:31,262] {processor.py:153} INFO - Started process (PID=12811) to work on /Users/joyang0419/opt/anaconda3/envs/AirFlowBasicExample/lib/python3.8/site-packages/airflow/example_dags/example_branch_python_dop_operator_3.py
[2022-07-06 16:52:31,263] {processor.py:641} INFO - Processing file /Users/joyang0419/opt/anaconda3/envs/AirFlowBasicExample/lib/python3.8/site-packages/airflow/example_dags/example_branch_python_dop_operator_3.py for tasks to queue
[2022-07-06 16:52:31,263] {logging_mixin.py:115} INFO - [2022-07-06 16:52:31,263] {dagbag.py:507} INFO - Filling up the DagBag from /Users/joyang0419/opt/anaconda3/envs/AirFlowBasicExample/lib/python3.8/site-packages/airflow/example_dags/example_branch_python_dop_operator_3.py
[2022-07-06 16:52:31,279] {processor.py:651} INFO - DAG(s) dict_keys(['example_branch_dop_operator_v3']) retrieved from /Users/joyang0419/opt/anaconda3/envs/AirFlowBasicExample/lib/python3.8/site-packages/airflow/example_dags/example_branch_python_dop_operator_3.py
[2022-07-06 16:52:31,348] {logging_mixin.py:115} INFO - [2022-07-06 16:52:31,347] {dag.py:2379} INFO - Sync 1 DAGs
[2022-07-06 16:52:31,363] {logging_mixin.py:115} INFO - [2022-07-06 16:52:31,363] {dag.py:2927} INFO - Setting next_dagrun for example_branch_dop_operator_v3 to 2022-07-06T08:51:00+00:00, run_after=2022-07-06T08:52:00+00:00
[2022-07-06 16:52:31,382] {processor.py:161} INFO - Processing /Users/joyang0419/opt/anaconda3/envs/AirFlowBasicExample/lib/python3.8/site-packages/airflow/example_dags/example_branch_python_dop_operator_3.py took 0.121 seconds
[2022-07-06 16:52:41,696] {processor.py:153} INFO - Started process (PID=12879) to work on /Users/joyang0419/opt/anaconda3/envs/AirFlowBasicExample/lib/python3.8/site-packages/airflow/example_dags/example_branch_python_dop_operator_3.py
[2022-07-06 16:52:41,696] {processor.py:641} INFO - Processing file /Users/joyang0419/opt/anaconda3/envs/AirFlowBasicExample/lib/python3.8/site-packages/airflow/example_dags/example_branch_python_dop_operator_3.py for tasks to queue
[2022-07-06 16:52:41,697] {logging_mixin.py:115} INFO - [2022-07-06 16:52:41,697] {dagbag.py:507} INFO - Filling up the DagBag from /Users/joyang0419/opt/anaconda3/envs/AirFlowBasicExample/lib/python3.8/site-packages/airflow/example_dags/example_branch_python_dop_operator_3.py
[2022-07-06 16:52:41,713] {processor.py:651} INFO - DAG(s) dict_keys(['example_branch_dop_operator_v3']) retrieved from /Users/joyang0419/opt/anaconda3/envs/AirFlowBasicExample/lib/python3.8/site-packages/airflow/example_dags/example_branch_python_dop_operator_3.py
[2022-07-06 16:52:41,768] {logging_mixin.py:115} INFO - [2022-07-06 16:52:41,768] {dag.py:2379} INFO - Sync 1 DAGs
[2022-07-06 16:52:41,782] {logging_mixin.py:115} INFO - [2022-07-06 16:52:41,782] {dag.py:2927} INFO - Setting next_dagrun for example_branch_dop_operator_v3 to 2022-07-06T08:51:00+00:00, run_after=2022-07-06T08:52:00+00:00
[2022-07-06 16:52:41,798] {processor.py:161} INFO - Processing /Users/joyang0419/opt/anaconda3/envs/AirFlowBasicExample/lib/python3.8/site-packages/airflow/example_dags/example_branch_python_dop_operator_3.py took 0.103 seconds
[2022-07-06 16:52:52,879] {processor.py:153} INFO - Started process (PID=12949) to work on /Users/joyang0419/opt/anaconda3/envs/AirFlowBasicExample/lib/python3.8/site-packages/airflow/example_dags/example_branch_python_dop_operator_3.py
[2022-07-06 16:52:52,880] {processor.py:641} INFO - Processing file /Users/joyang0419/opt/anaconda3/envs/AirFlowBasicExample/lib/python3.8/site-packages/airflow/example_dags/example_branch_python_dop_operator_3.py for tasks to queue
[2022-07-06 16:52:52,880] {logging_mixin.py:115} INFO - [2022-07-06 16:52:52,880] {dagbag.py:507} INFO - Filling up the DagBag from /Users/joyang0419/opt/anaconda3/envs/AirFlowBasicExample/lib/python3.8/site-packages/airflow/example_dags/example_branch_python_dop_operator_3.py
[2022-07-06 16:52:52,896] {processor.py:651} INFO - DAG(s) dict_keys(['example_branch_dop_operator_v3']) retrieved from /Users/joyang0419/opt/anaconda3/envs/AirFlowBasicExample/lib/python3.8/site-packages/airflow/example_dags/example_branch_python_dop_operator_3.py
[2022-07-06 16:52:52,968] {logging_mixin.py:115} INFO - [2022-07-06 16:52:52,967] {dag.py:2379} INFO - Sync 1 DAGs
[2022-07-06 16:52:52,987] {logging_mixin.py:115} INFO - [2022-07-06 16:52:52,987] {dag.py:2927} INFO - Setting next_dagrun for example_branch_dop_operator_v3 to 2022-07-06T08:51:00+00:00, run_after=2022-07-06T08:52:00+00:00
[2022-07-06 16:52:53,022] {processor.py:161} INFO - Processing /Users/joyang0419/opt/anaconda3/envs/AirFlowBasicExample/lib/python3.8/site-packages/airflow/example_dags/example_branch_python_dop_operator_3.py took 0.143 seconds
[2022-07-06 16:53:05,365] {processor.py:153} INFO - Started process (PID=13018) to work on /Users/joyang0419/opt/anaconda3/envs/AirFlowBasicExample/lib/python3.8/site-packages/airflow/example_dags/example_branch_python_dop_operator_3.py
[2022-07-06 16:53:05,365] {processor.py:641} INFO - Processing file /Users/joyang0419/opt/anaconda3/envs/AirFlowBasicExample/lib/python3.8/site-packages/airflow/example_dags/example_branch_python_dop_operator_3.py for tasks to queue
[2022-07-06 16:53:05,365] {logging_mixin.py:115} INFO - [2022-07-06 16:53:05,365] {dagbag.py:507} INFO - Filling up the DagBag from /Users/joyang0419/opt/anaconda3/envs/AirFlowBasicExample/lib/python3.8/site-packages/airflow/example_dags/example_branch_python_dop_operator_3.py
[2022-07-06 16:53:05,381] {processor.py:651} INFO - DAG(s) dict_keys(['example_branch_dop_operator_v3']) retrieved from /Users/joyang0419/opt/anaconda3/envs/AirFlowBasicExample/lib/python3.8/site-packages/airflow/example_dags/example_branch_python_dop_operator_3.py
[2022-07-06 16:53:05,445] {logging_mixin.py:115} INFO - [2022-07-06 16:53:05,445] {dag.py:2379} INFO - Sync 1 DAGs
[2022-07-06 16:53:05,465] {logging_mixin.py:115} INFO - [2022-07-06 16:53:05,465] {dag.py:2927} INFO - Setting next_dagrun for example_branch_dop_operator_v3 to 2022-07-06T08:52:00+00:00, run_after=2022-07-06T08:53:00+00:00
[2022-07-06 16:53:05,495] {processor.py:161} INFO - Processing /Users/joyang0419/opt/anaconda3/envs/AirFlowBasicExample/lib/python3.8/site-packages/airflow/example_dags/example_branch_python_dop_operator_3.py took 0.131 seconds
[2022-07-06 16:53:16,445] {processor.py:153} INFO - Started process (PID=13084) to work on /Users/joyang0419/opt/anaconda3/envs/AirFlowBasicExample/lib/python3.8/site-packages/airflow/example_dags/example_branch_python_dop_operator_3.py
[2022-07-06 16:53:16,445] {processor.py:641} INFO - Processing file /Users/joyang0419/opt/anaconda3/envs/AirFlowBasicExample/lib/python3.8/site-packages/airflow/example_dags/example_branch_python_dop_operator_3.py for tasks to queue
[2022-07-06 16:53:16,446] {logging_mixin.py:115} INFO - [2022-07-06 16:53:16,446] {dagbag.py:507} INFO - Filling up the DagBag from /Users/joyang0419/opt/anaconda3/envs/AirFlowBasicExample/lib/python3.8/site-packages/airflow/example_dags/example_branch_python_dop_operator_3.py
[2022-07-06 16:53:16,462] {processor.py:651} INFO - DAG(s) dict_keys(['example_branch_dop_operator_v3']) retrieved from /Users/joyang0419/opt/anaconda3/envs/AirFlowBasicExample/lib/python3.8/site-packages/airflow/example_dags/example_branch_python_dop_operator_3.py
[2022-07-06 16:53:16,515] {logging_mixin.py:115} INFO - [2022-07-06 16:53:16,514] {dag.py:2379} INFO - Sync 1 DAGs
[2022-07-06 16:53:16,529] {logging_mixin.py:115} INFO - [2022-07-06 16:53:16,529] {dag.py:2927} INFO - Setting next_dagrun for example_branch_dop_operator_v3 to 2022-07-06T08:52:00+00:00, run_after=2022-07-06T08:53:00+00:00
[2022-07-06 16:53:16,549] {processor.py:161} INFO - Processing /Users/joyang0419/opt/anaconda3/envs/AirFlowBasicExample/lib/python3.8/site-packages/airflow/example_dags/example_branch_python_dop_operator_3.py took 0.104 seconds
[2022-07-06 16:53:26,965] {processor.py:153} INFO - Started process (PID=13151) to work on /Users/joyang0419/opt/anaconda3/envs/AirFlowBasicExample/lib/python3.8/site-packages/airflow/example_dags/example_branch_python_dop_operator_3.py
[2022-07-06 16:53:26,965] {processor.py:641} INFO - Processing file /Users/joyang0419/opt/anaconda3/envs/AirFlowBasicExample/lib/python3.8/site-packages/airflow/example_dags/example_branch_python_dop_operator_3.py for tasks to queue
[2022-07-06 16:53:26,965] {logging_mixin.py:115} INFO - [2022-07-06 16:53:26,965] {dagbag.py:507} INFO - Filling up the DagBag from /Users/joyang0419/opt/anaconda3/envs/AirFlowBasicExample/lib/python3.8/site-packages/airflow/example_dags/example_branch_python_dop_operator_3.py
[2022-07-06 16:53:26,980] {processor.py:651} INFO - DAG(s) dict_keys(['example_branch_dop_operator_v3']) retrieved from /Users/joyang0419/opt/anaconda3/envs/AirFlowBasicExample/lib/python3.8/site-packages/airflow/example_dags/example_branch_python_dop_operator_3.py
[2022-07-06 16:53:27,044] {logging_mixin.py:115} INFO - [2022-07-06 16:53:27,043] {dag.py:2379} INFO - Sync 1 DAGs
[2022-07-06 16:53:27,061] {logging_mixin.py:115} INFO - [2022-07-06 16:53:27,061] {dag.py:2927} INFO - Setting next_dagrun for example_branch_dop_operator_v3 to 2022-07-06T08:52:00+00:00, run_after=2022-07-06T08:53:00+00:00
[2022-07-06 16:53:27,081] {processor.py:161} INFO - Processing /Users/joyang0419/opt/anaconda3/envs/AirFlowBasicExample/lib/python3.8/site-packages/airflow/example_dags/example_branch_python_dop_operator_3.py took 0.117 seconds
[2022-07-06 16:53:39,042] {processor.py:153} INFO - Started process (PID=13217) to work on /Users/joyang0419/opt/anaconda3/envs/AirFlowBasicExample/lib/python3.8/site-packages/airflow/example_dags/example_branch_python_dop_operator_3.py
[2022-07-06 16:53:39,043] {processor.py:641} INFO - Processing file /Users/joyang0419/opt/anaconda3/envs/AirFlowBasicExample/lib/python3.8/site-packages/airflow/example_dags/example_branch_python_dop_operator_3.py for tasks to queue
[2022-07-06 16:53:39,043] {logging_mixin.py:115} INFO - [2022-07-06 16:53:39,043] {dagbag.py:507} INFO - Filling up the DagBag from /Users/joyang0419/opt/anaconda3/envs/AirFlowBasicExample/lib/python3.8/site-packages/airflow/example_dags/example_branch_python_dop_operator_3.py
[2022-07-06 16:53:39,058] {processor.py:651} INFO - DAG(s) dict_keys(['example_branch_dop_operator_v3']) retrieved from /Users/joyang0419/opt/anaconda3/envs/AirFlowBasicExample/lib/python3.8/site-packages/airflow/example_dags/example_branch_python_dop_operator_3.py
[2022-07-06 16:53:39,123] {logging_mixin.py:115} INFO - [2022-07-06 16:53:39,123] {dag.py:2379} INFO - Sync 1 DAGs
[2022-07-06 16:53:39,138] {logging_mixin.py:115} INFO - [2022-07-06 16:53:39,138] {dag.py:2927} INFO - Setting next_dagrun for example_branch_dop_operator_v3 to 2022-07-06T08:52:00+00:00, run_after=2022-07-06T08:53:00+00:00
[2022-07-06 16:53:39,157] {processor.py:161} INFO - Processing /Users/joyang0419/opt/anaconda3/envs/AirFlowBasicExample/lib/python3.8/site-packages/airflow/example_dags/example_branch_python_dop_operator_3.py took 0.116 seconds
[2022-07-06 16:53:49,646] {processor.py:153} INFO - Started process (PID=13290) to work on /Users/joyang0419/opt/anaconda3/envs/AirFlowBasicExample/lib/python3.8/site-packages/airflow/example_dags/example_branch_python_dop_operator_3.py
[2022-07-06 16:53:49,647] {processor.py:641} INFO - Processing file /Users/joyang0419/opt/anaconda3/envs/AirFlowBasicExample/lib/python3.8/site-packages/airflow/example_dags/example_branch_python_dop_operator_3.py for tasks to queue
[2022-07-06 16:53:49,647] {logging_mixin.py:115} INFO - [2022-07-06 16:53:49,647] {dagbag.py:507} INFO - Filling up the DagBag from /Users/joyang0419/opt/anaconda3/envs/AirFlowBasicExample/lib/python3.8/site-packages/airflow/example_dags/example_branch_python_dop_operator_3.py
[2022-07-06 16:53:49,662] {processor.py:651} INFO - DAG(s) dict_keys(['example_branch_dop_operator_v3']) retrieved from /Users/joyang0419/opt/anaconda3/envs/AirFlowBasicExample/lib/python3.8/site-packages/airflow/example_dags/example_branch_python_dop_operator_3.py
[2022-07-06 16:53:49,719] {logging_mixin.py:115} INFO - [2022-07-06 16:53:49,719] {dag.py:2379} INFO - Sync 1 DAGs
[2022-07-06 16:53:49,733] {logging_mixin.py:115} INFO - [2022-07-06 16:53:49,733] {dag.py:2927} INFO - Setting next_dagrun for example_branch_dop_operator_v3 to 2022-07-06T08:52:00+00:00, run_after=2022-07-06T08:53:00+00:00
[2022-07-06 16:53:49,750] {processor.py:161} INFO - Processing /Users/joyang0419/opt/anaconda3/envs/AirFlowBasicExample/lib/python3.8/site-packages/airflow/example_dags/example_branch_python_dop_operator_3.py took 0.104 seconds
[2022-07-06 16:54:00,424] {processor.py:153} INFO - Started process (PID=13358) to work on /Users/joyang0419/opt/anaconda3/envs/AirFlowBasicExample/lib/python3.8/site-packages/airflow/example_dags/example_branch_python_dop_operator_3.py
[2022-07-06 16:54:00,424] {processor.py:641} INFO - Processing file /Users/joyang0419/opt/anaconda3/envs/AirFlowBasicExample/lib/python3.8/site-packages/airflow/example_dags/example_branch_python_dop_operator_3.py for tasks to queue
[2022-07-06 16:54:00,424] {logging_mixin.py:115} INFO - [2022-07-06 16:54:00,424] {dagbag.py:507} INFO - Filling up the DagBag from /Users/joyang0419/opt/anaconda3/envs/AirFlowBasicExample/lib/python3.8/site-packages/airflow/example_dags/example_branch_python_dop_operator_3.py
[2022-07-06 16:54:00,449] {processor.py:651} INFO - DAG(s) dict_keys(['example_branch_dop_operator_v3']) retrieved from /Users/joyang0419/opt/anaconda3/envs/AirFlowBasicExample/lib/python3.8/site-packages/airflow/example_dags/example_branch_python_dop_operator_3.py
[2022-07-06 16:54:00,536] {logging_mixin.py:115} INFO - [2022-07-06 16:54:00,536] {dag.py:2379} INFO - Sync 1 DAGs
[2022-07-06 16:54:00,562] {logging_mixin.py:115} INFO - [2022-07-06 16:54:00,562] {dag.py:2927} INFO - Setting next_dagrun for example_branch_dop_operator_v3 to 2022-07-06T08:53:00+00:00, run_after=2022-07-06T08:54:00+00:00
[2022-07-06 16:54:00,592] {processor.py:161} INFO - Processing /Users/joyang0419/opt/anaconda3/envs/AirFlowBasicExample/lib/python3.8/site-packages/airflow/example_dags/example_branch_python_dop_operator_3.py took 0.168 seconds
[2022-07-06 16:54:13,008] {processor.py:153} INFO - Started process (PID=13439) to work on /Users/joyang0419/opt/anaconda3/envs/AirFlowBasicExample/lib/python3.8/site-packages/airflow/example_dags/example_branch_python_dop_operator_3.py
[2022-07-06 16:54:13,008] {processor.py:641} INFO - Processing file /Users/joyang0419/opt/anaconda3/envs/AirFlowBasicExample/lib/python3.8/site-packages/airflow/example_dags/example_branch_python_dop_operator_3.py for tasks to queue
[2022-07-06 16:54:13,009] {logging_mixin.py:115} INFO - [2022-07-06 16:54:13,009] {dagbag.py:507} INFO - Filling up the DagBag from /Users/joyang0419/opt/anaconda3/envs/AirFlowBasicExample/lib/python3.8/site-packages/airflow/example_dags/example_branch_python_dop_operator_3.py
[2022-07-06 16:54:13,051] {processor.py:651} INFO - DAG(s) dict_keys(['example_branch_dop_operator_v3']) retrieved from /Users/joyang0419/opt/anaconda3/envs/AirFlowBasicExample/lib/python3.8/site-packages/airflow/example_dags/example_branch_python_dop_operator_3.py
[2022-07-06 16:54:13,156] {logging_mixin.py:115} INFO - [2022-07-06 16:54:13,156] {dag.py:2379} INFO - Sync 1 DAGs
[2022-07-06 16:54:13,199] {logging_mixin.py:115} INFO - [2022-07-06 16:54:13,199] {dag.py:2927} INFO - Setting next_dagrun for example_branch_dop_operator_v3 to 2022-07-06T08:53:00+00:00, run_after=2022-07-06T08:54:00+00:00
[2022-07-06 16:54:13,282] {processor.py:161} INFO - Processing /Users/joyang0419/opt/anaconda3/envs/AirFlowBasicExample/lib/python3.8/site-packages/airflow/example_dags/example_branch_python_dop_operator_3.py took 0.274 seconds
