[2022-07-06 16:50:16,009] {processor.py:153} INFO - Started process (PID=12487) to work on /Users/joyang0419/opt/anaconda3/envs/AirFlowBasicExample/lib/python3.8/site-packages/airflow/example_dags/example_branch_day_of_week_operator.py
[2022-07-06 16:50:16,009] {processor.py:641} INFO - Processing file /Users/joyang0419/opt/anaconda3/envs/AirFlowBasicExample/lib/python3.8/site-packages/airflow/example_dags/example_branch_day_of_week_operator.py for tasks to queue
[2022-07-06 16:50:16,009] {logging_mixin.py:115} INFO - [2022-07-06 16:50:16,009] {dagbag.py:507} INFO - Filling up the DagBag from /Users/joyang0419/opt/anaconda3/envs/AirFlowBasicExample/lib/python3.8/site-packages/airflow/example_dags/example_branch_day_of_week_operator.py
[2022-07-06 16:50:16,019] {processor.py:651} INFO - DAG(s) dict_keys(['example_weekday_branch_operator']) retrieved from /Users/joyang0419/opt/anaconda3/envs/AirFlowBasicExample/lib/python3.8/site-packages/airflow/example_dags/example_branch_day_of_week_operator.py
[2022-07-06 16:50:16,570] {logging_mixin.py:115} INFO - [2022-07-06 16:50:16,570] {manager.py:508} INFO - Created Permission View: can read on DAG:example_weekday_branch_operator
[2022-07-06 16:50:16,582] {logging_mixin.py:115} INFO - [2022-07-06 16:50:16,582] {manager.py:508} INFO - Created Permission View: can delete on DAG:example_weekday_branch_operator
[2022-07-06 16:50:16,593] {logging_mixin.py:115} INFO - [2022-07-06 16:50:16,593] {manager.py:508} INFO - Created Permission View: can edit on DAG:example_weekday_branch_operator
[2022-07-06 16:50:16,594] {logging_mixin.py:115} INFO - [2022-07-06 16:50:16,593] {dag.py:2379} INFO - Sync 1 DAGs
[2022-07-06 16:50:16,600] {logging_mixin.py:115} INFO - [2022-07-06 16:50:16,600] {dag.py:2398} INFO - Creating ORM DAG for example_weekday_branch_operator
[2022-07-06 16:50:16,608] {logging_mixin.py:115} INFO - [2022-07-06 16:50:16,608] {dag.py:2927} INFO - Setting next_dagrun for example_weekday_branch_operator to 2022-07-05T00:00:00+00:00, run_after=2022-07-06T00:00:00+00:00
[2022-07-06 16:50:16,626] {processor.py:161} INFO - Processing /Users/joyang0419/opt/anaconda3/envs/AirFlowBasicExample/lib/python3.8/site-packages/airflow/example_dags/example_branch_day_of_week_operator.py took 0.617 seconds
[2022-07-06 16:50:27,699] {processor.py:153} INFO - Started process (PID=12555) to work on /Users/joyang0419/opt/anaconda3/envs/AirFlowBasicExample/lib/python3.8/site-packages/airflow/example_dags/example_branch_day_of_week_operator.py
[2022-07-06 16:50:27,699] {processor.py:641} INFO - Processing file /Users/joyang0419/opt/anaconda3/envs/AirFlowBasicExample/lib/python3.8/site-packages/airflow/example_dags/example_branch_day_of_week_operator.py for tasks to queue
[2022-07-06 16:50:27,699] {logging_mixin.py:115} INFO - [2022-07-06 16:50:27,699] {dagbag.py:507} INFO - Filling up the DagBag from /Users/joyang0419/opt/anaconda3/envs/AirFlowBasicExample/lib/python3.8/site-packages/airflow/example_dags/example_branch_day_of_week_operator.py
[2022-07-06 16:50:27,707] {processor.py:651} INFO - DAG(s) dict_keys(['example_weekday_branch_operator']) retrieved from /Users/joyang0419/opt/anaconda3/envs/AirFlowBasicExample/lib/python3.8/site-packages/airflow/example_dags/example_branch_day_of_week_operator.py
[2022-07-06 16:50:27,742] {logging_mixin.py:115} INFO - [2022-07-06 16:50:27,742] {dag.py:2379} INFO - Sync 1 DAGs
[2022-07-06 16:50:27,773] {logging_mixin.py:115} INFO - [2022-07-06 16:50:27,773] {dag.py:2927} INFO - Setting next_dagrun for example_weekday_branch_operator to 2022-07-05T00:00:00+00:00, run_after=2022-07-06T00:00:00+00:00
[2022-07-06 16:50:27,790] {processor.py:161} INFO - Processing /Users/joyang0419/opt/anaconda3/envs/AirFlowBasicExample/lib/python3.8/site-packages/airflow/example_dags/example_branch_day_of_week_operator.py took 0.091 seconds
[2022-07-06 16:52:32,509] {processor.py:153} INFO - Started process (PID=12819) to work on /Users/joyang0419/opt/anaconda3/envs/AirFlowBasicExample/lib/python3.8/site-packages/airflow/example_dags/example_branch_day_of_week_operator.py
[2022-07-06 16:52:32,510] {processor.py:641} INFO - Processing file /Users/joyang0419/opt/anaconda3/envs/AirFlowBasicExample/lib/python3.8/site-packages/airflow/example_dags/example_branch_day_of_week_operator.py for tasks to queue
[2022-07-06 16:52:32,511] {logging_mixin.py:115} INFO - [2022-07-06 16:52:32,510] {dagbag.py:507} INFO - Filling up the DagBag from /Users/joyang0419/opt/anaconda3/envs/AirFlowBasicExample/lib/python3.8/site-packages/airflow/example_dags/example_branch_day_of_week_operator.py
[2022-07-06 16:52:32,519] {processor.py:651} INFO - DAG(s) dict_keys(['example_weekday_branch_operator']) retrieved from /Users/joyang0419/opt/anaconda3/envs/AirFlowBasicExample/lib/python3.8/site-packages/airflow/example_dags/example_branch_day_of_week_operator.py
[2022-07-06 16:52:32,585] {logging_mixin.py:115} INFO - [2022-07-06 16:52:32,585] {dag.py:2379} INFO - Sync 1 DAGs
[2022-07-06 16:52:32,600] {logging_mixin.py:115} INFO - [2022-07-06 16:52:32,599] {dag.py:2927} INFO - Setting next_dagrun for example_weekday_branch_operator to 2022-07-05T00:00:00+00:00, run_after=2022-07-06T00:00:00+00:00
[2022-07-06 16:52:32,620] {processor.py:161} INFO - Processing /Users/joyang0419/opt/anaconda3/envs/AirFlowBasicExample/lib/python3.8/site-packages/airflow/example_dags/example_branch_day_of_week_operator.py took 0.111 seconds
[2022-07-06 16:52:42,920] {processor.py:153} INFO - Started process (PID=12887) to work on /Users/joyang0419/opt/anaconda3/envs/AirFlowBasicExample/lib/python3.8/site-packages/airflow/example_dags/example_branch_day_of_week_operator.py
[2022-07-06 16:52:42,920] {processor.py:641} INFO - Processing file /Users/joyang0419/opt/anaconda3/envs/AirFlowBasicExample/lib/python3.8/site-packages/airflow/example_dags/example_branch_day_of_week_operator.py for tasks to queue
[2022-07-06 16:52:42,920] {logging_mixin.py:115} INFO - [2022-07-06 16:52:42,920] {dagbag.py:507} INFO - Filling up the DagBag from /Users/joyang0419/opt/anaconda3/envs/AirFlowBasicExample/lib/python3.8/site-packages/airflow/example_dags/example_branch_day_of_week_operator.py
[2022-07-06 16:52:42,929] {processor.py:651} INFO - DAG(s) dict_keys(['example_weekday_branch_operator']) retrieved from /Users/joyang0419/opt/anaconda3/envs/AirFlowBasicExample/lib/python3.8/site-packages/airflow/example_dags/example_branch_day_of_week_operator.py
[2022-07-06 16:52:42,985] {logging_mixin.py:115} INFO - [2022-07-06 16:52:42,985] {dag.py:2379} INFO - Sync 1 DAGs
[2022-07-06 16:52:43,002] {logging_mixin.py:115} INFO - [2022-07-06 16:52:43,002] {dag.py:2927} INFO - Setting next_dagrun for example_weekday_branch_operator to 2022-07-05T00:00:00+00:00, run_after=2022-07-06T00:00:00+00:00
[2022-07-06 16:52:43,023] {processor.py:161} INFO - Processing /Users/joyang0419/opt/anaconda3/envs/AirFlowBasicExample/lib/python3.8/site-packages/airflow/example_dags/example_branch_day_of_week_operator.py took 0.103 seconds
[2022-07-06 16:52:54,424] {processor.py:153} INFO - Started process (PID=12958) to work on /Users/joyang0419/opt/anaconda3/envs/AirFlowBasicExample/lib/python3.8/site-packages/airflow/example_dags/example_branch_day_of_week_operator.py
[2022-07-06 16:52:54,424] {processor.py:641} INFO - Processing file /Users/joyang0419/opt/anaconda3/envs/AirFlowBasicExample/lib/python3.8/site-packages/airflow/example_dags/example_branch_day_of_week_operator.py for tasks to queue
[2022-07-06 16:52:54,425] {logging_mixin.py:115} INFO - [2022-07-06 16:52:54,424] {dagbag.py:507} INFO - Filling up the DagBag from /Users/joyang0419/opt/anaconda3/envs/AirFlowBasicExample/lib/python3.8/site-packages/airflow/example_dags/example_branch_day_of_week_operator.py
[2022-07-06 16:52:54,434] {processor.py:651} INFO - DAG(s) dict_keys(['example_weekday_branch_operator']) retrieved from /Users/joyang0419/opt/anaconda3/envs/AirFlowBasicExample/lib/python3.8/site-packages/airflow/example_dags/example_branch_day_of_week_operator.py
[2022-07-06 16:52:54,501] {logging_mixin.py:115} INFO - [2022-07-06 16:52:54,501] {dag.py:2379} INFO - Sync 1 DAGs
[2022-07-06 16:52:54,517] {logging_mixin.py:115} INFO - [2022-07-06 16:52:54,517] {dag.py:2927} INFO - Setting next_dagrun for example_weekday_branch_operator to 2022-07-05T00:00:00+00:00, run_after=2022-07-06T00:00:00+00:00
[2022-07-06 16:52:54,545] {processor.py:161} INFO - Processing /Users/joyang0419/opt/anaconda3/envs/AirFlowBasicExample/lib/python3.8/site-packages/airflow/example_dags/example_branch_day_of_week_operator.py took 0.121 seconds
[2022-07-06 16:53:06,650] {processor.py:153} INFO - Started process (PID=13026) to work on /Users/joyang0419/opt/anaconda3/envs/AirFlowBasicExample/lib/python3.8/site-packages/airflow/example_dags/example_branch_day_of_week_operator.py
[2022-07-06 16:53:06,650] {processor.py:641} INFO - Processing file /Users/joyang0419/opt/anaconda3/envs/AirFlowBasicExample/lib/python3.8/site-packages/airflow/example_dags/example_branch_day_of_week_operator.py for tasks to queue
[2022-07-06 16:53:06,650] {logging_mixin.py:115} INFO - [2022-07-06 16:53:06,650] {dagbag.py:507} INFO - Filling up the DagBag from /Users/joyang0419/opt/anaconda3/envs/AirFlowBasicExample/lib/python3.8/site-packages/airflow/example_dags/example_branch_day_of_week_operator.py
[2022-07-06 16:53:06,659] {processor.py:651} INFO - DAG(s) dict_keys(['example_weekday_branch_operator']) retrieved from /Users/joyang0419/opt/anaconda3/envs/AirFlowBasicExample/lib/python3.8/site-packages/airflow/example_dags/example_branch_day_of_week_operator.py
[2022-07-06 16:53:06,718] {logging_mixin.py:115} INFO - [2022-07-06 16:53:06,718] {dag.py:2379} INFO - Sync 1 DAGs
[2022-07-06 16:53:06,732] {logging_mixin.py:115} INFO - [2022-07-06 16:53:06,732] {dag.py:2927} INFO - Setting next_dagrun for example_weekday_branch_operator to 2022-07-05T00:00:00+00:00, run_after=2022-07-06T00:00:00+00:00
[2022-07-06 16:53:06,747] {processor.py:161} INFO - Processing /Users/joyang0419/opt/anaconda3/envs/AirFlowBasicExample/lib/python3.8/site-packages/airflow/example_dags/example_branch_day_of_week_operator.py took 0.098 seconds
[2022-07-06 16:53:17,680] {processor.py:153} INFO - Started process (PID=13092) to work on /Users/joyang0419/opt/anaconda3/envs/AirFlowBasicExample/lib/python3.8/site-packages/airflow/example_dags/example_branch_day_of_week_operator.py
[2022-07-06 16:53:17,680] {processor.py:641} INFO - Processing file /Users/joyang0419/opt/anaconda3/envs/AirFlowBasicExample/lib/python3.8/site-packages/airflow/example_dags/example_branch_day_of_week_operator.py for tasks to queue
[2022-07-06 16:53:17,680] {logging_mixin.py:115} INFO - [2022-07-06 16:53:17,680] {dagbag.py:507} INFO - Filling up the DagBag from /Users/joyang0419/opt/anaconda3/envs/AirFlowBasicExample/lib/python3.8/site-packages/airflow/example_dags/example_branch_day_of_week_operator.py
[2022-07-06 16:53:17,690] {processor.py:651} INFO - DAG(s) dict_keys(['example_weekday_branch_operator']) retrieved from /Users/joyang0419/opt/anaconda3/envs/AirFlowBasicExample/lib/python3.8/site-packages/airflow/example_dags/example_branch_day_of_week_operator.py
[2022-07-06 16:53:17,744] {logging_mixin.py:115} INFO - [2022-07-06 16:53:17,744] {dag.py:2379} INFO - Sync 1 DAGs
[2022-07-06 16:53:17,759] {logging_mixin.py:115} INFO - [2022-07-06 16:53:17,759] {dag.py:2927} INFO - Setting next_dagrun for example_weekday_branch_operator to 2022-07-05T00:00:00+00:00, run_after=2022-07-06T00:00:00+00:00
[2022-07-06 16:53:17,776] {processor.py:161} INFO - Processing /Users/joyang0419/opt/anaconda3/envs/AirFlowBasicExample/lib/python3.8/site-packages/airflow/example_dags/example_branch_day_of_week_operator.py took 0.097 seconds
[2022-07-06 16:53:28,224] {processor.py:153} INFO - Started process (PID=13158) to work on /Users/joyang0419/opt/anaconda3/envs/AirFlowBasicExample/lib/python3.8/site-packages/airflow/example_dags/example_branch_day_of_week_operator.py
[2022-07-06 16:53:28,224] {processor.py:641} INFO - Processing file /Users/joyang0419/opt/anaconda3/envs/AirFlowBasicExample/lib/python3.8/site-packages/airflow/example_dags/example_branch_day_of_week_operator.py for tasks to queue
[2022-07-06 16:53:28,225] {logging_mixin.py:115} INFO - [2022-07-06 16:53:28,225] {dagbag.py:507} INFO - Filling up the DagBag from /Users/joyang0419/opt/anaconda3/envs/AirFlowBasicExample/lib/python3.8/site-packages/airflow/example_dags/example_branch_day_of_week_operator.py
[2022-07-06 16:53:28,233] {processor.py:651} INFO - DAG(s) dict_keys(['example_weekday_branch_operator']) retrieved from /Users/joyang0419/opt/anaconda3/envs/AirFlowBasicExample/lib/python3.8/site-packages/airflow/example_dags/example_branch_day_of_week_operator.py
[2022-07-06 16:53:28,285] {logging_mixin.py:115} INFO - [2022-07-06 16:53:28,285] {dag.py:2379} INFO - Sync 1 DAGs
[2022-07-06 16:53:28,300] {logging_mixin.py:115} INFO - [2022-07-06 16:53:28,299] {dag.py:2927} INFO - Setting next_dagrun for example_weekday_branch_operator to 2022-07-05T00:00:00+00:00, run_after=2022-07-06T00:00:00+00:00
[2022-07-06 16:53:28,318] {processor.py:161} INFO - Processing /Users/joyang0419/opt/anaconda3/envs/AirFlowBasicExample/lib/python3.8/site-packages/airflow/example_dags/example_branch_day_of_week_operator.py took 0.094 seconds
[2022-07-06 16:53:40,311] {processor.py:153} INFO - Started process (PID=13225) to work on /Users/joyang0419/opt/anaconda3/envs/AirFlowBasicExample/lib/python3.8/site-packages/airflow/example_dags/example_branch_day_of_week_operator.py
[2022-07-06 16:53:40,312] {processor.py:641} INFO - Processing file /Users/joyang0419/opt/anaconda3/envs/AirFlowBasicExample/lib/python3.8/site-packages/airflow/example_dags/example_branch_day_of_week_operator.py for tasks to queue
[2022-07-06 16:53:40,312] {logging_mixin.py:115} INFO - [2022-07-06 16:53:40,312] {dagbag.py:507} INFO - Filling up the DagBag from /Users/joyang0419/opt/anaconda3/envs/AirFlowBasicExample/lib/python3.8/site-packages/airflow/example_dags/example_branch_day_of_week_operator.py
[2022-07-06 16:53:40,321] {processor.py:651} INFO - DAG(s) dict_keys(['example_weekday_branch_operator']) retrieved from /Users/joyang0419/opt/anaconda3/envs/AirFlowBasicExample/lib/python3.8/site-packages/airflow/example_dags/example_branch_day_of_week_operator.py
[2022-07-06 16:53:40,381] {logging_mixin.py:115} INFO - [2022-07-06 16:53:40,380] {dag.py:2379} INFO - Sync 1 DAGs
[2022-07-06 16:53:40,396] {logging_mixin.py:115} INFO - [2022-07-06 16:53:40,396] {dag.py:2927} INFO - Setting next_dagrun for example_weekday_branch_operator to 2022-07-05T00:00:00+00:00, run_after=2022-07-06T00:00:00+00:00
[2022-07-06 16:53:40,411] {processor.py:161} INFO - Processing /Users/joyang0419/opt/anaconda3/envs/AirFlowBasicExample/lib/python3.8/site-packages/airflow/example_dags/example_branch_day_of_week_operator.py took 0.100 seconds
[2022-07-06 16:53:50,886] {processor.py:153} INFO - Started process (PID=13298) to work on /Users/joyang0419/opt/anaconda3/envs/AirFlowBasicExample/lib/python3.8/site-packages/airflow/example_dags/example_branch_day_of_week_operator.py
[2022-07-06 16:53:50,887] {processor.py:641} INFO - Processing file /Users/joyang0419/opt/anaconda3/envs/AirFlowBasicExample/lib/python3.8/site-packages/airflow/example_dags/example_branch_day_of_week_operator.py for tasks to queue
[2022-07-06 16:53:50,887] {logging_mixin.py:115} INFO - [2022-07-06 16:53:50,887] {dagbag.py:507} INFO - Filling up the DagBag from /Users/joyang0419/opt/anaconda3/envs/AirFlowBasicExample/lib/python3.8/site-packages/airflow/example_dags/example_branch_day_of_week_operator.py
[2022-07-06 16:53:50,896] {processor.py:651} INFO - DAG(s) dict_keys(['example_weekday_branch_operator']) retrieved from /Users/joyang0419/opt/anaconda3/envs/AirFlowBasicExample/lib/python3.8/site-packages/airflow/example_dags/example_branch_day_of_week_operator.py
[2022-07-06 16:53:50,959] {logging_mixin.py:115} INFO - [2022-07-06 16:53:50,959] {dag.py:2379} INFO - Sync 1 DAGs
[2022-07-06 16:53:50,974] {logging_mixin.py:115} INFO - [2022-07-06 16:53:50,974] {dag.py:2927} INFO - Setting next_dagrun for example_weekday_branch_operator to 2022-07-05T00:00:00+00:00, run_after=2022-07-06T00:00:00+00:00
[2022-07-06 16:53:50,996] {processor.py:161} INFO - Processing /Users/joyang0419/opt/anaconda3/envs/AirFlowBasicExample/lib/python3.8/site-packages/airflow/example_dags/example_branch_day_of_week_operator.py took 0.111 seconds
[2022-07-06 16:54:01,932] {processor.py:153} INFO - Started process (PID=13375) to work on /Users/joyang0419/opt/anaconda3/envs/AirFlowBasicExample/lib/python3.8/site-packages/airflow/example_dags/example_branch_day_of_week_operator.py
[2022-07-06 16:54:01,932] {processor.py:641} INFO - Processing file /Users/joyang0419/opt/anaconda3/envs/AirFlowBasicExample/lib/python3.8/site-packages/airflow/example_dags/example_branch_day_of_week_operator.py for tasks to queue
[2022-07-06 16:54:01,932] {logging_mixin.py:115} INFO - [2022-07-06 16:54:01,932] {dagbag.py:507} INFO - Filling up the DagBag from /Users/joyang0419/opt/anaconda3/envs/AirFlowBasicExample/lib/python3.8/site-packages/airflow/example_dags/example_branch_day_of_week_operator.py
[2022-07-06 16:54:01,942] {processor.py:651} INFO - DAG(s) dict_keys(['example_weekday_branch_operator']) retrieved from /Users/joyang0419/opt/anaconda3/envs/AirFlowBasicExample/lib/python3.8/site-packages/airflow/example_dags/example_branch_day_of_week_operator.py
[2022-07-06 16:54:02,003] {logging_mixin.py:115} INFO - [2022-07-06 16:54:02,003] {dag.py:2379} INFO - Sync 1 DAGs
[2022-07-06 16:54:02,017] {logging_mixin.py:115} INFO - [2022-07-06 16:54:02,017] {dag.py:2927} INFO - Setting next_dagrun for example_weekday_branch_operator to 2022-07-05T00:00:00+00:00, run_after=2022-07-06T00:00:00+00:00
[2022-07-06 16:54:02,055] {processor.py:161} INFO - Processing /Users/joyang0419/opt/anaconda3/envs/AirFlowBasicExample/lib/python3.8/site-packages/airflow/example_dags/example_branch_day_of_week_operator.py took 0.124 seconds
