[2022-07-06 16:48:51,347] {processor.py:153} INFO - Started process (PID=12135) to work on /Users/joyang0419/opt/anaconda3/envs/AirFlowBasicExample/lib/python3.8/site-packages/airflow/example_dags/example_xcomargs.py
[2022-07-06 16:48:51,348] {processor.py:641} INFO - Processing file /Users/joyang0419/opt/anaconda3/envs/AirFlowBasicExample/lib/python3.8/site-packages/airflow/example_dags/example_xcomargs.py for tasks to queue
[2022-07-06 16:48:51,348] {logging_mixin.py:115} INFO - [2022-07-06 16:48:51,348] {dagbag.py:507} INFO - Filling up the DagBag from /Users/joyang0419/opt/anaconda3/envs/AirFlowBasicExample/lib/python3.8/site-packages/airflow/example_dags/example_xcomargs.py
[2022-07-06 16:48:51,377] {processor.py:651} INFO - DAG(s) dict_keys(['example_xcom_args', 'example_xcom_args_with_operators']) retrieved from /Users/joyang0419/opt/anaconda3/envs/AirFlowBasicExample/lib/python3.8/site-packages/airflow/example_dags/example_xcomargs.py
[2022-07-06 16:48:52,166] {logging_mixin.py:115} INFO - [2022-07-06 16:48:52,166] {manager.py:508} INFO - Created Permission View: can delete on DAG:example_xcom_args
[2022-07-06 16:48:52,211] {logging_mixin.py:115} INFO - [2022-07-06 16:48:52,210] {manager.py:508} INFO - Created Permission View: can read on DAG:example_xcom_args
[2022-07-06 16:48:52,253] {logging_mixin.py:115} INFO - [2022-07-06 16:48:52,253] {manager.py:508} INFO - Created Permission View: can edit on DAG:example_xcom_args
[2022-07-06 16:48:52,325] {logging_mixin.py:115} INFO - [2022-07-06 16:48:52,324] {manager.py:508} INFO - Created Permission View: can delete on DAG:example_xcom_args_with_operators
[2022-07-06 16:48:52,363] {logging_mixin.py:115} INFO - [2022-07-06 16:48:52,363] {manager.py:508} INFO - Created Permission View: can read on DAG:example_xcom_args_with_operators
[2022-07-06 16:48:52,408] {logging_mixin.py:115} INFO - [2022-07-06 16:48:52,408] {manager.py:508} INFO - Created Permission View: can edit on DAG:example_xcom_args_with_operators
[2022-07-06 16:48:52,409] {logging_mixin.py:115} INFO - [2022-07-06 16:48:52,408] {dag.py:2379} INFO - Sync 2 DAGs
[2022-07-06 16:48:52,429] {logging_mixin.py:115} INFO - [2022-07-06 16:48:52,429] {dag.py:2398} INFO - Creating ORM DAG for example_xcom_args
[2022-07-06 16:48:52,430] {logging_mixin.py:115} INFO - [2022-07-06 16:48:52,430] {dag.py:2398} INFO - Creating ORM DAG for example_xcom_args_with_operators
[2022-07-06 16:48:52,447] {logging_mixin.py:115} INFO - [2022-07-06 16:48:52,447] {dag.py:2927} INFO - Setting next_dagrun for example_xcom_args to None, run_after=None
[2022-07-06 16:48:52,447] {logging_mixin.py:115} INFO - [2022-07-06 16:48:52,447] {dag.py:2927} INFO - Setting next_dagrun for example_xcom_args_with_operators to None, run_after=None
[2022-07-06 16:48:52,497] {processor.py:161} INFO - Processing /Users/joyang0419/opt/anaconda3/envs/AirFlowBasicExample/lib/python3.8/site-packages/airflow/example_dags/example_xcomargs.py took 1.151 seconds
[2022-07-06 16:50:03,523] {processor.py:153} INFO - Started process (PID=12436) to work on /Users/joyang0419/opt/anaconda3/envs/AirFlowBasicExample/lib/python3.8/site-packages/airflow/example_dags/example_xcomargs.py
[2022-07-06 16:50:03,523] {processor.py:641} INFO - Processing file /Users/joyang0419/opt/anaconda3/envs/AirFlowBasicExample/lib/python3.8/site-packages/airflow/example_dags/example_xcomargs.py for tasks to queue
[2022-07-06 16:50:03,523] {logging_mixin.py:115} INFO - [2022-07-06 16:50:03,523] {dagbag.py:507} INFO - Filling up the DagBag from /Users/joyang0419/opt/anaconda3/envs/AirFlowBasicExample/lib/python3.8/site-packages/airflow/example_dags/example_xcomargs.py
[2022-07-06 16:50:03,553] {processor.py:651} INFO - DAG(s) dict_keys(['example_xcom_args', 'example_xcom_args_with_operators']) retrieved from /Users/joyang0419/opt/anaconda3/envs/AirFlowBasicExample/lib/python3.8/site-packages/airflow/example_dags/example_xcomargs.py
[2022-07-06 16:50:04,084] {logging_mixin.py:115} INFO - [2022-07-06 16:50:04,084] {dag.py:2379} INFO - Sync 2 DAGs
[2022-07-06 16:50:04,103] {logging_mixin.py:115} INFO - [2022-07-06 16:50:04,103] {dag.py:2927} INFO - Setting next_dagrun for example_xcom_args to None, run_after=None
[2022-07-06 16:50:04,103] {logging_mixin.py:115} INFO - [2022-07-06 16:50:04,103] {dag.py:2927} INFO - Setting next_dagrun for example_xcom_args_with_operators to None, run_after=None
[2022-07-06 16:50:04,139] {processor.py:161} INFO - Processing /Users/joyang0419/opt/anaconda3/envs/AirFlowBasicExample/lib/python3.8/site-packages/airflow/example_dags/example_xcomargs.py took 0.617 seconds
[2022-07-06 16:50:19,975] {processor.py:153} INFO - Started process (PID=12505) to work on /Users/joyang0419/opt/anaconda3/envs/AirFlowBasicExample/lib/python3.8/site-packages/airflow/example_dags/example_xcomargs.py
[2022-07-06 16:50:19,975] {processor.py:641} INFO - Processing file /Users/joyang0419/opt/anaconda3/envs/AirFlowBasicExample/lib/python3.8/site-packages/airflow/example_dags/example_xcomargs.py for tasks to queue
[2022-07-06 16:50:19,976] {logging_mixin.py:115} INFO - [2022-07-06 16:50:19,976] {dagbag.py:507} INFO - Filling up the DagBag from /Users/joyang0419/opt/anaconda3/envs/AirFlowBasicExample/lib/python3.8/site-packages/airflow/example_dags/example_xcomargs.py
[2022-07-06 16:50:19,993] {processor.py:651} INFO - DAG(s) dict_keys(['example_xcom_args', 'example_xcom_args_with_operators']) retrieved from /Users/joyang0419/opt/anaconda3/envs/AirFlowBasicExample/lib/python3.8/site-packages/airflow/example_dags/example_xcomargs.py
[2022-07-06 16:50:20,062] {logging_mixin.py:115} INFO - [2022-07-06 16:50:20,062] {dag.py:2379} INFO - Sync 2 DAGs
[2022-07-06 16:50:20,075] {logging_mixin.py:115} INFO - [2022-07-06 16:50:20,075] {dag.py:2927} INFO - Setting next_dagrun for example_xcom_args to None, run_after=None
[2022-07-06 16:50:20,075] {logging_mixin.py:115} INFO - [2022-07-06 16:50:20,075] {dag.py:2927} INFO - Setting next_dagrun for example_xcom_args_with_operators to None, run_after=None
[2022-07-06 16:50:20,097] {processor.py:161} INFO - Processing /Users/joyang0419/opt/anaconda3/envs/AirFlowBasicExample/lib/python3.8/site-packages/airflow/example_dags/example_xcomargs.py took 0.122 seconds
[2022-07-06 16:50:29,758] {processor.py:153} INFO - Started process (PID=12569) to work on /Users/joyang0419/opt/anaconda3/envs/AirFlowBasicExample/lib/python3.8/site-packages/airflow/example_dags/example_xcomargs.py
[2022-07-06 16:50:29,758] {processor.py:641} INFO - Processing file /Users/joyang0419/opt/anaconda3/envs/AirFlowBasicExample/lib/python3.8/site-packages/airflow/example_dags/example_xcomargs.py for tasks to queue
[2022-07-06 16:50:29,758] {logging_mixin.py:115} INFO - [2022-07-06 16:50:29,758] {dagbag.py:507} INFO - Filling up the DagBag from /Users/joyang0419/opt/anaconda3/envs/AirFlowBasicExample/lib/python3.8/site-packages/airflow/example_dags/example_xcomargs.py
[2022-07-06 16:50:29,779] {processor.py:651} INFO - DAG(s) dict_keys(['example_xcom_args', 'example_xcom_args_with_operators']) retrieved from /Users/joyang0419/opt/anaconda3/envs/AirFlowBasicExample/lib/python3.8/site-packages/airflow/example_dags/example_xcomargs.py
[2022-07-06 16:50:29,837] {logging_mixin.py:115} INFO - [2022-07-06 16:50:29,837] {dag.py:2379} INFO - Sync 2 DAGs
[2022-07-06 16:50:29,850] {logging_mixin.py:115} INFO - [2022-07-06 16:50:29,850] {dag.py:2927} INFO - Setting next_dagrun for example_xcom_args to None, run_after=None
[2022-07-06 16:50:29,850] {logging_mixin.py:115} INFO - [2022-07-06 16:50:29,850] {dag.py:2927} INFO - Setting next_dagrun for example_xcom_args_with_operators to None, run_after=None
[2022-07-06 16:50:29,871] {processor.py:161} INFO - Processing /Users/joyang0419/opt/anaconda3/envs/AirFlowBasicExample/lib/python3.8/site-packages/airflow/example_dags/example_xcomargs.py took 0.114 seconds
[2022-07-06 16:50:40,459] {processor.py:153} INFO - Started process (PID=12635) to work on /Users/joyang0419/opt/anaconda3/envs/AirFlowBasicExample/lib/python3.8/site-packages/airflow/example_dags/example_xcomargs.py
[2022-07-06 16:50:40,459] {processor.py:641} INFO - Processing file /Users/joyang0419/opt/anaconda3/envs/AirFlowBasicExample/lib/python3.8/site-packages/airflow/example_dags/example_xcomargs.py for tasks to queue
[2022-07-06 16:50:40,459] {logging_mixin.py:115} INFO - [2022-07-06 16:50:40,459] {dagbag.py:507} INFO - Filling up the DagBag from /Users/joyang0419/opt/anaconda3/envs/AirFlowBasicExample/lib/python3.8/site-packages/airflow/example_dags/example_xcomargs.py
[2022-07-06 16:50:40,477] {processor.py:651} INFO - DAG(s) dict_keys(['example_xcom_args', 'example_xcom_args_with_operators']) retrieved from /Users/joyang0419/opt/anaconda3/envs/AirFlowBasicExample/lib/python3.8/site-packages/airflow/example_dags/example_xcomargs.py
[2022-07-06 16:50:40,886] {logging_mixin.py:115} INFO - [2022-07-06 16:50:40,886] {dag.py:2379} INFO - Sync 2 DAGs
[2022-07-06 16:50:40,930] {logging_mixin.py:115} INFO - [2022-07-06 16:50:40,930] {dag.py:2927} INFO - Setting next_dagrun for example_xcom_args to None, run_after=None
[2022-07-06 16:50:40,931] {logging_mixin.py:115} INFO - [2022-07-06 16:50:40,930] {dag.py:2927} INFO - Setting next_dagrun for example_xcom_args_with_operators to None, run_after=None
[2022-07-06 16:50:41,023] {processor.py:161} INFO - Processing /Users/joyang0419/opt/anaconda3/envs/AirFlowBasicExample/lib/python3.8/site-packages/airflow/example_dags/example_xcomargs.py took 0.565 seconds
[2022-07-06 16:52:23,256] {processor.py:153} INFO - Started process (PID=12768) to work on /Users/joyang0419/opt/anaconda3/envs/AirFlowBasicExample/lib/python3.8/site-packages/airflow/example_dags/example_xcomargs.py
[2022-07-06 16:52:23,256] {processor.py:641} INFO - Processing file /Users/joyang0419/opt/anaconda3/envs/AirFlowBasicExample/lib/python3.8/site-packages/airflow/example_dags/example_xcomargs.py for tasks to queue
[2022-07-06 16:52:23,256] {logging_mixin.py:115} INFO - [2022-07-06 16:52:23,256] {dagbag.py:507} INFO - Filling up the DagBag from /Users/joyang0419/opt/anaconda3/envs/AirFlowBasicExample/lib/python3.8/site-packages/airflow/example_dags/example_xcomargs.py
[2022-07-06 16:52:23,291] {processor.py:651} INFO - DAG(s) dict_keys(['example_xcom_args', 'example_xcom_args_with_operators']) retrieved from /Users/joyang0419/opt/anaconda3/envs/AirFlowBasicExample/lib/python3.8/site-packages/airflow/example_dags/example_xcomargs.py
[2022-07-06 16:52:23,783] {logging_mixin.py:115} INFO - [2022-07-06 16:52:23,783] {dag.py:2379} INFO - Sync 2 DAGs
[2022-07-06 16:52:23,800] {logging_mixin.py:115} INFO - [2022-07-06 16:52:23,800] {dag.py:2927} INFO - Setting next_dagrun for example_xcom_args to None, run_after=None
[2022-07-06 16:52:23,800] {logging_mixin.py:115} INFO - [2022-07-06 16:52:23,800] {dag.py:2927} INFO - Setting next_dagrun for example_xcom_args_with_operators to None, run_after=None
[2022-07-06 16:52:23,839] {processor.py:161} INFO - Processing /Users/joyang0419/opt/anaconda3/envs/AirFlowBasicExample/lib/python3.8/site-packages/airflow/example_dags/example_xcomargs.py took 0.584 seconds
[2022-07-06 16:52:35,275] {processor.py:153} INFO - Started process (PID=12837) to work on /Users/joyang0419/opt/anaconda3/envs/AirFlowBasicExample/lib/python3.8/site-packages/airflow/example_dags/example_xcomargs.py
[2022-07-06 16:52:35,276] {processor.py:641} INFO - Processing file /Users/joyang0419/opt/anaconda3/envs/AirFlowBasicExample/lib/python3.8/site-packages/airflow/example_dags/example_xcomargs.py for tasks to queue
[2022-07-06 16:52:35,276] {logging_mixin.py:115} INFO - [2022-07-06 16:52:35,276] {dagbag.py:507} INFO - Filling up the DagBag from /Users/joyang0419/opt/anaconda3/envs/AirFlowBasicExample/lib/python3.8/site-packages/airflow/example_dags/example_xcomargs.py
[2022-07-06 16:52:35,293] {processor.py:651} INFO - DAG(s) dict_keys(['example_xcom_args', 'example_xcom_args_with_operators']) retrieved from /Users/joyang0419/opt/anaconda3/envs/AirFlowBasicExample/lib/python3.8/site-packages/airflow/example_dags/example_xcomargs.py
[2022-07-06 16:52:35,349] {logging_mixin.py:115} INFO - [2022-07-06 16:52:35,349] {dag.py:2379} INFO - Sync 2 DAGs
[2022-07-06 16:52:35,363] {logging_mixin.py:115} INFO - [2022-07-06 16:52:35,363] {dag.py:2927} INFO - Setting next_dagrun for example_xcom_args to None, run_after=None
[2022-07-06 16:52:35,363] {logging_mixin.py:115} INFO - [2022-07-06 16:52:35,363] {dag.py:2927} INFO - Setting next_dagrun for example_xcom_args_with_operators to None, run_after=None
[2022-07-06 16:52:35,391] {processor.py:161} INFO - Processing /Users/joyang0419/opt/anaconda3/envs/AirFlowBasicExample/lib/python3.8/site-packages/airflow/example_dags/example_xcomargs.py took 0.116 seconds
[2022-07-06 16:52:45,678] {processor.py:153} INFO - Started process (PID=12904) to work on /Users/joyang0419/opt/anaconda3/envs/AirFlowBasicExample/lib/python3.8/site-packages/airflow/example_dags/example_xcomargs.py
[2022-07-06 16:52:45,678] {processor.py:641} INFO - Processing file /Users/joyang0419/opt/anaconda3/envs/AirFlowBasicExample/lib/python3.8/site-packages/airflow/example_dags/example_xcomargs.py for tasks to queue
[2022-07-06 16:52:45,678] {logging_mixin.py:115} INFO - [2022-07-06 16:52:45,678] {dagbag.py:507} INFO - Filling up the DagBag from /Users/joyang0419/opt/anaconda3/envs/AirFlowBasicExample/lib/python3.8/site-packages/airflow/example_dags/example_xcomargs.py
[2022-07-06 16:52:45,696] {processor.py:651} INFO - DAG(s) dict_keys(['example_xcom_args', 'example_xcom_args_with_operators']) retrieved from /Users/joyang0419/opt/anaconda3/envs/AirFlowBasicExample/lib/python3.8/site-packages/airflow/example_dags/example_xcomargs.py
[2022-07-06 16:52:45,762] {logging_mixin.py:115} INFO - [2022-07-06 16:52:45,762] {dag.py:2379} INFO - Sync 2 DAGs
[2022-07-06 16:52:45,777] {logging_mixin.py:115} INFO - [2022-07-06 16:52:45,777] {dag.py:2927} INFO - Setting next_dagrun for example_xcom_args to None, run_after=None
[2022-07-06 16:52:45,777] {logging_mixin.py:115} INFO - [2022-07-06 16:52:45,777] {dag.py:2927} INFO - Setting next_dagrun for example_xcom_args_with_operators to None, run_after=None
[2022-07-06 16:52:45,802] {processor.py:161} INFO - Processing /Users/joyang0419/opt/anaconda3/envs/AirFlowBasicExample/lib/python3.8/site-packages/airflow/example_dags/example_xcomargs.py took 0.125 seconds
[2022-07-06 16:52:57,173] {processor.py:153} INFO - Started process (PID=12975) to work on /Users/joyang0419/opt/anaconda3/envs/AirFlowBasicExample/lib/python3.8/site-packages/airflow/example_dags/example_xcomargs.py
[2022-07-06 16:52:57,174] {processor.py:641} INFO - Processing file /Users/joyang0419/opt/anaconda3/envs/AirFlowBasicExample/lib/python3.8/site-packages/airflow/example_dags/example_xcomargs.py for tasks to queue
[2022-07-06 16:52:57,174] {logging_mixin.py:115} INFO - [2022-07-06 16:52:57,174] {dagbag.py:507} INFO - Filling up the DagBag from /Users/joyang0419/opt/anaconda3/envs/AirFlowBasicExample/lib/python3.8/site-packages/airflow/example_dags/example_xcomargs.py
[2022-07-06 16:52:57,201] {processor.py:651} INFO - DAG(s) dict_keys(['example_xcom_args', 'example_xcom_args_with_operators']) retrieved from /Users/joyang0419/opt/anaconda3/envs/AirFlowBasicExample/lib/python3.8/site-packages/airflow/example_dags/example_xcomargs.py
[2022-07-06 16:52:57,689] {logging_mixin.py:115} INFO - [2022-07-06 16:52:57,688] {dag.py:2379} INFO - Sync 2 DAGs
[2022-07-06 16:52:57,709] {logging_mixin.py:115} INFO - [2022-07-06 16:52:57,709] {dag.py:2927} INFO - Setting next_dagrun for example_xcom_args to None, run_after=None
[2022-07-06 16:52:57,709] {logging_mixin.py:115} INFO - [2022-07-06 16:52:57,709] {dag.py:2927} INFO - Setting next_dagrun for example_xcom_args_with_operators to None, run_after=None
[2022-07-06 16:52:57,745] {processor.py:161} INFO - Processing /Users/joyang0419/opt/anaconda3/envs/AirFlowBasicExample/lib/python3.8/site-packages/airflow/example_dags/example_xcomargs.py took 0.572 seconds
[2022-07-06 16:53:09,063] {processor.py:153} INFO - Started process (PID=13042) to work on /Users/joyang0419/opt/anaconda3/envs/AirFlowBasicExample/lib/python3.8/site-packages/airflow/example_dags/example_xcomargs.py
[2022-07-06 16:53:09,063] {processor.py:641} INFO - Processing file /Users/joyang0419/opt/anaconda3/envs/AirFlowBasicExample/lib/python3.8/site-packages/airflow/example_dags/example_xcomargs.py for tasks to queue
[2022-07-06 16:53:09,063] {logging_mixin.py:115} INFO - [2022-07-06 16:53:09,063] {dagbag.py:507} INFO - Filling up the DagBag from /Users/joyang0419/opt/anaconda3/envs/AirFlowBasicExample/lib/python3.8/site-packages/airflow/example_dags/example_xcomargs.py
[2022-07-06 16:53:09,081] {processor.py:651} INFO - DAG(s) dict_keys(['example_xcom_args', 'example_xcom_args_with_operators']) retrieved from /Users/joyang0419/opt/anaconda3/envs/AirFlowBasicExample/lib/python3.8/site-packages/airflow/example_dags/example_xcomargs.py
[2022-07-06 16:53:09,154] {logging_mixin.py:115} INFO - [2022-07-06 16:53:09,154] {dag.py:2379} INFO - Sync 2 DAGs
[2022-07-06 16:53:09,169] {logging_mixin.py:115} INFO - [2022-07-06 16:53:09,169] {dag.py:2927} INFO - Setting next_dagrun for example_xcom_args to None, run_after=None
[2022-07-06 16:53:09,169] {logging_mixin.py:115} INFO - [2022-07-06 16:53:09,169] {dag.py:2927} INFO - Setting next_dagrun for example_xcom_args_with_operators to None, run_after=None
[2022-07-06 16:53:09,198] {processor.py:161} INFO - Processing /Users/joyang0419/opt/anaconda3/envs/AirFlowBasicExample/lib/python3.8/site-packages/airflow/example_dags/example_xcomargs.py took 0.135 seconds
[2022-07-06 16:53:20,443] {processor.py:153} INFO - Started process (PID=13108) to work on /Users/joyang0419/opt/anaconda3/envs/AirFlowBasicExample/lib/python3.8/site-packages/airflow/example_dags/example_xcomargs.py
[2022-07-06 16:53:20,444] {processor.py:641} INFO - Processing file /Users/joyang0419/opt/anaconda3/envs/AirFlowBasicExample/lib/python3.8/site-packages/airflow/example_dags/example_xcomargs.py for tasks to queue
[2022-07-06 16:53:20,444] {logging_mixin.py:115} INFO - [2022-07-06 16:53:20,444] {dagbag.py:507} INFO - Filling up the DagBag from /Users/joyang0419/opt/anaconda3/envs/AirFlowBasicExample/lib/python3.8/site-packages/airflow/example_dags/example_xcomargs.py
[2022-07-06 16:53:20,461] {processor.py:651} INFO - DAG(s) dict_keys(['example_xcom_args', 'example_xcom_args_with_operators']) retrieved from /Users/joyang0419/opt/anaconda3/envs/AirFlowBasicExample/lib/python3.8/site-packages/airflow/example_dags/example_xcomargs.py
[2022-07-06 16:53:20,519] {logging_mixin.py:115} INFO - [2022-07-06 16:53:20,519] {dag.py:2379} INFO - Sync 2 DAGs
[2022-07-06 16:53:20,533] {logging_mixin.py:115} INFO - [2022-07-06 16:53:20,533] {dag.py:2927} INFO - Setting next_dagrun for example_xcom_args to None, run_after=None
[2022-07-06 16:53:20,533] {logging_mixin.py:115} INFO - [2022-07-06 16:53:20,533] {dag.py:2927} INFO - Setting next_dagrun for example_xcom_args_with_operators to None, run_after=None
[2022-07-06 16:53:20,558] {processor.py:161} INFO - Processing /Users/joyang0419/opt/anaconda3/envs/AirFlowBasicExample/lib/python3.8/site-packages/airflow/example_dags/example_xcomargs.py took 0.116 seconds
[2022-07-06 16:53:31,091] {processor.py:153} INFO - Started process (PID=13175) to work on /Users/joyang0419/opt/anaconda3/envs/AirFlowBasicExample/lib/python3.8/site-packages/airflow/example_dags/example_xcomargs.py
[2022-07-06 16:53:31,091] {processor.py:641} INFO - Processing file /Users/joyang0419/opt/anaconda3/envs/AirFlowBasicExample/lib/python3.8/site-packages/airflow/example_dags/example_xcomargs.py for tasks to queue
[2022-07-06 16:53:31,092] {logging_mixin.py:115} INFO - [2022-07-06 16:53:31,092] {dagbag.py:507} INFO - Filling up the DagBag from /Users/joyang0419/opt/anaconda3/envs/AirFlowBasicExample/lib/python3.8/site-packages/airflow/example_dags/example_xcomargs.py
[2022-07-06 16:53:31,110] {processor.py:651} INFO - DAG(s) dict_keys(['example_xcom_args', 'example_xcom_args_with_operators']) retrieved from /Users/joyang0419/opt/anaconda3/envs/AirFlowBasicExample/lib/python3.8/site-packages/airflow/example_dags/example_xcomargs.py
[2022-07-06 16:53:31,516] {logging_mixin.py:115} INFO - [2022-07-06 16:53:31,515] {dag.py:2379} INFO - Sync 2 DAGs
[2022-07-06 16:53:31,532] {logging_mixin.py:115} INFO - [2022-07-06 16:53:31,532] {dag.py:2927} INFO - Setting next_dagrun for example_xcom_args to None, run_after=None
[2022-07-06 16:53:31,532] {logging_mixin.py:115} INFO - [2022-07-06 16:53:31,532] {dag.py:2927} INFO - Setting next_dagrun for example_xcom_args_with_operators to None, run_after=None
[2022-07-06 16:53:31,563] {processor.py:161} INFO - Processing /Users/joyang0419/opt/anaconda3/envs/AirFlowBasicExample/lib/python3.8/site-packages/airflow/example_dags/example_xcomargs.py took 0.472 seconds
[2022-07-06 16:53:43,102] {processor.py:153} INFO - Started process (PID=13245) to work on /Users/joyang0419/opt/anaconda3/envs/AirFlowBasicExample/lib/python3.8/site-packages/airflow/example_dags/example_xcomargs.py
[2022-07-06 16:53:43,103] {processor.py:641} INFO - Processing file /Users/joyang0419/opt/anaconda3/envs/AirFlowBasicExample/lib/python3.8/site-packages/airflow/example_dags/example_xcomargs.py for tasks to queue
[2022-07-06 16:53:43,103] {logging_mixin.py:115} INFO - [2022-07-06 16:53:43,103] {dagbag.py:507} INFO - Filling up the DagBag from /Users/joyang0419/opt/anaconda3/envs/AirFlowBasicExample/lib/python3.8/site-packages/airflow/example_dags/example_xcomargs.py
[2022-07-06 16:53:43,121] {processor.py:651} INFO - DAG(s) dict_keys(['example_xcom_args', 'example_xcom_args_with_operators']) retrieved from /Users/joyang0419/opt/anaconda3/envs/AirFlowBasicExample/lib/python3.8/site-packages/airflow/example_dags/example_xcomargs.py
[2022-07-06 16:53:43,181] {logging_mixin.py:115} INFO - [2022-07-06 16:53:43,181] {dag.py:2379} INFO - Sync 2 DAGs
[2022-07-06 16:53:43,194] {logging_mixin.py:115} INFO - [2022-07-06 16:53:43,194] {dag.py:2927} INFO - Setting next_dagrun for example_xcom_args to None, run_after=None
[2022-07-06 16:53:43,194] {logging_mixin.py:115} INFO - [2022-07-06 16:53:43,194] {dag.py:2927} INFO - Setting next_dagrun for example_xcom_args_with_operators to None, run_after=None
[2022-07-06 16:53:43,222] {processor.py:161} INFO - Processing /Users/joyang0419/opt/anaconda3/envs/AirFlowBasicExample/lib/python3.8/site-packages/airflow/example_dags/example_xcomargs.py took 0.120 seconds
[2022-07-06 16:53:53,343] {processor.py:153} INFO - Started process (PID=13315) to work on /Users/joyang0419/opt/anaconda3/envs/AirFlowBasicExample/lib/python3.8/site-packages/airflow/example_dags/example_xcomargs.py
[2022-07-06 16:53:53,343] {processor.py:641} INFO - Processing file /Users/joyang0419/opt/anaconda3/envs/AirFlowBasicExample/lib/python3.8/site-packages/airflow/example_dags/example_xcomargs.py for tasks to queue
[2022-07-06 16:53:53,343] {logging_mixin.py:115} INFO - [2022-07-06 16:53:53,343] {dagbag.py:507} INFO - Filling up the DagBag from /Users/joyang0419/opt/anaconda3/envs/AirFlowBasicExample/lib/python3.8/site-packages/airflow/example_dags/example_xcomargs.py
[2022-07-06 16:53:53,361] {processor.py:651} INFO - DAG(s) dict_keys(['example_xcom_args', 'example_xcom_args_with_operators']) retrieved from /Users/joyang0419/opt/anaconda3/envs/AirFlowBasicExample/lib/python3.8/site-packages/airflow/example_dags/example_xcomargs.py
[2022-07-06 16:53:53,412] {logging_mixin.py:115} INFO - [2022-07-06 16:53:53,412] {dag.py:2379} INFO - Sync 2 DAGs
[2022-07-06 16:53:53,423] {logging_mixin.py:115} INFO - [2022-07-06 16:53:53,423] {dag.py:2927} INFO - Setting next_dagrun for example_xcom_args to None, run_after=None
[2022-07-06 16:53:53,423] {logging_mixin.py:115} INFO - [2022-07-06 16:53:53,423] {dag.py:2927} INFO - Setting next_dagrun for example_xcom_args_with_operators to None, run_after=None
[2022-07-06 16:53:53,439] {processor.py:161} INFO - Processing /Users/joyang0419/opt/anaconda3/envs/AirFlowBasicExample/lib/python3.8/site-packages/airflow/example_dags/example_xcomargs.py took 0.097 seconds
[2022-07-06 16:54:04,886] {processor.py:153} INFO - Started process (PID=13397) to work on /Users/joyang0419/opt/anaconda3/envs/AirFlowBasicExample/lib/python3.8/site-packages/airflow/example_dags/example_xcomargs.py
[2022-07-06 16:54:04,886] {processor.py:641} INFO - Processing file /Users/joyang0419/opt/anaconda3/envs/AirFlowBasicExample/lib/python3.8/site-packages/airflow/example_dags/example_xcomargs.py for tasks to queue
[2022-07-06 16:54:04,886] {logging_mixin.py:115} INFO - [2022-07-06 16:54:04,886] {dagbag.py:507} INFO - Filling up the DagBag from /Users/joyang0419/opt/anaconda3/envs/AirFlowBasicExample/lib/python3.8/site-packages/airflow/example_dags/example_xcomargs.py
[2022-07-06 16:54:04,907] {processor.py:651} INFO - DAG(s) dict_keys(['example_xcom_args', 'example_xcom_args_with_operators']) retrieved from /Users/joyang0419/opt/anaconda3/envs/AirFlowBasicExample/lib/python3.8/site-packages/airflow/example_dags/example_xcomargs.py
[2022-07-06 16:54:05,378] {logging_mixin.py:115} INFO - [2022-07-06 16:54:05,378] {dag.py:2379} INFO - Sync 2 DAGs
[2022-07-06 16:54:05,398] {logging_mixin.py:115} INFO - [2022-07-06 16:54:05,398] {dag.py:2927} INFO - Setting next_dagrun for example_xcom_args to None, run_after=None
[2022-07-06 16:54:05,398] {logging_mixin.py:115} INFO - [2022-07-06 16:54:05,398] {dag.py:2927} INFO - Setting next_dagrun for example_xcom_args_with_operators to None, run_after=None
[2022-07-06 16:54:05,429] {processor.py:161} INFO - Processing /Users/joyang0419/opt/anaconda3/envs/AirFlowBasicExample/lib/python3.8/site-packages/airflow/example_dags/example_xcomargs.py took 0.544 seconds
