[2022-07-06 16:48:59,206] {processor.py:153} INFO - Started process (PID=12167) to work on /Users/joyang0419/opt/anaconda3/envs/AirFlowBasicExample/lib/python3.8/site-packages/airflow/example_dags/example_sla_dag.py
[2022-07-06 16:48:59,206] {processor.py:641} INFO - Processing file /Users/joyang0419/opt/anaconda3/envs/AirFlowBasicExample/lib/python3.8/site-packages/airflow/example_dags/example_sla_dag.py for tasks to queue
[2022-07-06 16:48:59,206] {logging_mixin.py:115} INFO - [2022-07-06 16:48:59,206] {dagbag.py:507} INFO - Filling up the DagBag from /Users/joyang0419/opt/anaconda3/envs/AirFlowBasicExample/lib/python3.8/site-packages/airflow/example_dags/example_sla_dag.py
[2022-07-06 16:48:59,243] {processor.py:651} INFO - DAG(s) dict_keys(['example_sla_dag']) retrieved from /Users/joyang0419/opt/anaconda3/envs/AirFlowBasicExample/lib/python3.8/site-packages/airflow/example_dags/example_sla_dag.py
[2022-07-06 16:49:00,070] {logging_mixin.py:115} INFO - [2022-07-06 16:49:00,069] {manager.py:508} INFO - Created Permission View: can read on DAG:example_sla_dag
[2022-07-06 16:49:00,106] {logging_mixin.py:115} INFO - [2022-07-06 16:49:00,106] {manager.py:508} INFO - Created Permission View: can edit on DAG:example_sla_dag
[2022-07-06 16:49:00,139] {logging_mixin.py:115} INFO - [2022-07-06 16:49:00,139] {manager.py:508} INFO - Created Permission View: can delete on DAG:example_sla_dag
[2022-07-06 16:49:00,140] {logging_mixin.py:115} INFO - [2022-07-06 16:49:00,140] {dag.py:2379} INFO - Sync 1 DAGs
[2022-07-06 16:49:00,157] {logging_mixin.py:115} INFO - [2022-07-06 16:49:00,157] {dag.py:2398} INFO - Creating ORM DAG for example_sla_dag
[2022-07-06 16:49:00,180] {logging_mixin.py:115} INFO - [2022-07-06 16:49:00,180] {dag.py:2927} INFO - Setting next_dagrun for example_sla_dag to 2022-07-06T08:46:00+00:00, run_after=2022-07-06T08:48:00+00:00
[2022-07-06 16:49:00,221] {processor.py:161} INFO - Processing /Users/joyang0419/opt/anaconda3/envs/AirFlowBasicExample/lib/python3.8/site-packages/airflow/example_dags/example_sla_dag.py took 1.016 seconds
[2022-07-06 16:50:07,040] {processor.py:153} INFO - Started process (PID=12452) to work on /Users/joyang0419/opt/anaconda3/envs/AirFlowBasicExample/lib/python3.8/site-packages/airflow/example_dags/example_sla_dag.py
[2022-07-06 16:50:07,040] {processor.py:641} INFO - Processing file /Users/joyang0419/opt/anaconda3/envs/AirFlowBasicExample/lib/python3.8/site-packages/airflow/example_dags/example_sla_dag.py for tasks to queue
[2022-07-06 16:50:07,041] {logging_mixin.py:115} INFO - [2022-07-06 16:50:07,041] {dagbag.py:507} INFO - Filling up the DagBag from /Users/joyang0419/opt/anaconda3/envs/AirFlowBasicExample/lib/python3.8/site-packages/airflow/example_dags/example_sla_dag.py
[2022-07-06 16:50:07,058] {processor.py:651} INFO - DAG(s) dict_keys(['example_sla_dag']) retrieved from /Users/joyang0419/opt/anaconda3/envs/AirFlowBasicExample/lib/python3.8/site-packages/airflow/example_dags/example_sla_dag.py
[2022-07-06 16:50:07,118] {logging_mixin.py:115} INFO - [2022-07-06 16:50:07,118] {dag.py:2379} INFO - Sync 1 DAGs
[2022-07-06 16:50:07,133] {logging_mixin.py:115} INFO - [2022-07-06 16:50:07,133] {dag.py:2927} INFO - Setting next_dagrun for example_sla_dag to 2022-07-06T08:48:00+00:00, run_after=2022-07-06T08:50:00+00:00
[2022-07-06 16:50:07,156] {processor.py:161} INFO - Processing /Users/joyang0419/opt/anaconda3/envs/AirFlowBasicExample/lib/python3.8/site-packages/airflow/example_dags/example_sla_dag.py took 0.116 seconds
[2022-07-06 16:50:22,465] {processor.py:153} INFO - Started process (PID=12521) to work on /Users/joyang0419/opt/anaconda3/envs/AirFlowBasicExample/lib/python3.8/site-packages/airflow/example_dags/example_sla_dag.py
[2022-07-06 16:50:22,465] {processor.py:641} INFO - Processing file /Users/joyang0419/opt/anaconda3/envs/AirFlowBasicExample/lib/python3.8/site-packages/airflow/example_dags/example_sla_dag.py for tasks to queue
[2022-07-06 16:50:22,465] {logging_mixin.py:115} INFO - [2022-07-06 16:50:22,465] {dagbag.py:507} INFO - Filling up the DagBag from /Users/joyang0419/opt/anaconda3/envs/AirFlowBasicExample/lib/python3.8/site-packages/airflow/example_dags/example_sla_dag.py
[2022-07-06 16:50:22,484] {processor.py:651} INFO - DAG(s) dict_keys(['example_sla_dag']) retrieved from /Users/joyang0419/opt/anaconda3/envs/AirFlowBasicExample/lib/python3.8/site-packages/airflow/example_dags/example_sla_dag.py
[2022-07-06 16:50:22,548] {logging_mixin.py:115} INFO - [2022-07-06 16:50:22,548] {dag.py:2379} INFO - Sync 1 DAGs
[2022-07-06 16:50:22,563] {logging_mixin.py:115} INFO - [2022-07-06 16:50:22,563] {dag.py:2927} INFO - Setting next_dagrun for example_sla_dag to 2022-07-06T08:48:00+00:00, run_after=2022-07-06T08:50:00+00:00
[2022-07-06 16:50:22,587] {processor.py:161} INFO - Processing /Users/joyang0419/opt/anaconda3/envs/AirFlowBasicExample/lib/python3.8/site-packages/airflow/example_dags/example_sla_dag.py took 0.122 seconds
[2022-07-06 16:50:32,223] {processor.py:153} INFO - Started process (PID=12585) to work on /Users/joyang0419/opt/anaconda3/envs/AirFlowBasicExample/lib/python3.8/site-packages/airflow/example_dags/example_sla_dag.py
[2022-07-06 16:50:32,223] {processor.py:641} INFO - Processing file /Users/joyang0419/opt/anaconda3/envs/AirFlowBasicExample/lib/python3.8/site-packages/airflow/example_dags/example_sla_dag.py for tasks to queue
[2022-07-06 16:50:32,224] {logging_mixin.py:115} INFO - [2022-07-06 16:50:32,224] {dagbag.py:507} INFO - Filling up the DagBag from /Users/joyang0419/opt/anaconda3/envs/AirFlowBasicExample/lib/python3.8/site-packages/airflow/example_dags/example_sla_dag.py
[2022-07-06 16:50:32,244] {processor.py:651} INFO - DAG(s) dict_keys(['example_sla_dag']) retrieved from /Users/joyang0419/opt/anaconda3/envs/AirFlowBasicExample/lib/python3.8/site-packages/airflow/example_dags/example_sla_dag.py
[2022-07-06 16:50:32,295] {logging_mixin.py:115} INFO - [2022-07-06 16:50:32,295] {dag.py:2379} INFO - Sync 1 DAGs
[2022-07-06 16:50:32,308] {logging_mixin.py:115} INFO - [2022-07-06 16:50:32,308] {dag.py:2927} INFO - Setting next_dagrun for example_sla_dag to 2022-07-06T08:48:00+00:00, run_after=2022-07-06T08:50:00+00:00
[2022-07-06 16:50:32,325] {processor.py:161} INFO - Processing /Users/joyang0419/opt/anaconda3/envs/AirFlowBasicExample/lib/python3.8/site-packages/airflow/example_dags/example_sla_dag.py took 0.103 seconds
[2022-07-06 16:50:44,145] {processor.py:153} INFO - Started process (PID=12655) to work on /Users/joyang0419/opt/anaconda3/envs/AirFlowBasicExample/lib/python3.8/site-packages/airflow/example_dags/example_sla_dag.py
[2022-07-06 16:50:44,145] {processor.py:641} INFO - Processing file /Users/joyang0419/opt/anaconda3/envs/AirFlowBasicExample/lib/python3.8/site-packages/airflow/example_dags/example_sla_dag.py for tasks to queue
[2022-07-06 16:50:44,145] {logging_mixin.py:115} INFO - [2022-07-06 16:50:44,145] {dagbag.py:507} INFO - Filling up the DagBag from /Users/joyang0419/opt/anaconda3/envs/AirFlowBasicExample/lib/python3.8/site-packages/airflow/example_dags/example_sla_dag.py
[2022-07-06 16:50:44,167] {processor.py:651} INFO - DAG(s) dict_keys(['example_sla_dag']) retrieved from /Users/joyang0419/opt/anaconda3/envs/AirFlowBasicExample/lib/python3.8/site-packages/airflow/example_dags/example_sla_dag.py
[2022-07-06 16:50:44,235] {logging_mixin.py:115} INFO - [2022-07-06 16:50:44,235] {dag.py:2379} INFO - Sync 1 DAGs
[2022-07-06 16:50:44,253] {logging_mixin.py:115} INFO - [2022-07-06 16:50:44,253] {dag.py:2927} INFO - Setting next_dagrun for example_sla_dag to 2022-07-06T08:48:00+00:00, run_after=2022-07-06T08:50:00+00:00
[2022-07-06 16:50:44,281] {processor.py:161} INFO - Processing /Users/joyang0419/opt/anaconda3/envs/AirFlowBasicExample/lib/python3.8/site-packages/airflow/example_dags/example_sla_dag.py took 0.137 seconds
[2022-07-06 16:52:26,940] {processor.py:153} INFO - Started process (PID=12785) to work on /Users/joyang0419/opt/anaconda3/envs/AirFlowBasicExample/lib/python3.8/site-packages/airflow/example_dags/example_sla_dag.py
[2022-07-06 16:52:26,941] {processor.py:641} INFO - Processing file /Users/joyang0419/opt/anaconda3/envs/AirFlowBasicExample/lib/python3.8/site-packages/airflow/example_dags/example_sla_dag.py for tasks to queue
[2022-07-06 16:52:26,941] {logging_mixin.py:115} INFO - [2022-07-06 16:52:26,941] {dagbag.py:507} INFO - Filling up the DagBag from /Users/joyang0419/opt/anaconda3/envs/AirFlowBasicExample/lib/python3.8/site-packages/airflow/example_dags/example_sla_dag.py
[2022-07-06 16:52:26,960] {processor.py:651} INFO - DAG(s) dict_keys(['example_sla_dag']) retrieved from /Users/joyang0419/opt/anaconda3/envs/AirFlowBasicExample/lib/python3.8/site-packages/airflow/example_dags/example_sla_dag.py
[2022-07-06 16:52:27,024] {logging_mixin.py:115} INFO - [2022-07-06 16:52:27,024] {dag.py:2379} INFO - Sync 1 DAGs
[2022-07-06 16:52:27,042] {logging_mixin.py:115} INFO - [2022-07-06 16:52:27,041] {dag.py:2927} INFO - Setting next_dagrun for example_sla_dag to 2022-07-06T08:50:00+00:00, run_after=2022-07-06T08:52:00+00:00
[2022-07-06 16:52:27,072] {processor.py:161} INFO - Processing /Users/joyang0419/opt/anaconda3/envs/AirFlowBasicExample/lib/python3.8/site-packages/airflow/example_dags/example_sla_dag.py took 0.133 seconds
[2022-07-06 16:52:37,780] {processor.py:153} INFO - Started process (PID=12853) to work on /Users/joyang0419/opt/anaconda3/envs/AirFlowBasicExample/lib/python3.8/site-packages/airflow/example_dags/example_sla_dag.py
[2022-07-06 16:52:37,780] {processor.py:641} INFO - Processing file /Users/joyang0419/opt/anaconda3/envs/AirFlowBasicExample/lib/python3.8/site-packages/airflow/example_dags/example_sla_dag.py for tasks to queue
[2022-07-06 16:52:37,780] {logging_mixin.py:115} INFO - [2022-07-06 16:52:37,780] {dagbag.py:507} INFO - Filling up the DagBag from /Users/joyang0419/opt/anaconda3/envs/AirFlowBasicExample/lib/python3.8/site-packages/airflow/example_dags/example_sla_dag.py
[2022-07-06 16:52:37,797] {processor.py:651} INFO - DAG(s) dict_keys(['example_sla_dag']) retrieved from /Users/joyang0419/opt/anaconda3/envs/AirFlowBasicExample/lib/python3.8/site-packages/airflow/example_dags/example_sla_dag.py
[2022-07-06 16:52:37,852] {logging_mixin.py:115} INFO - [2022-07-06 16:52:37,852] {dag.py:2379} INFO - Sync 1 DAGs
[2022-07-06 16:52:37,867] {logging_mixin.py:115} INFO - [2022-07-06 16:52:37,867] {dag.py:2927} INFO - Setting next_dagrun for example_sla_dag to 2022-07-06T08:50:00+00:00, run_after=2022-07-06T08:52:00+00:00
[2022-07-06 16:52:37,884] {processor.py:161} INFO - Processing /Users/joyang0419/opt/anaconda3/envs/AirFlowBasicExample/lib/python3.8/site-packages/airflow/example_dags/example_sla_dag.py took 0.104 seconds
[2022-07-06 16:52:48,203] {processor.py:153} INFO - Started process (PID=12920) to work on /Users/joyang0419/opt/anaconda3/envs/AirFlowBasicExample/lib/python3.8/site-packages/airflow/example_dags/example_sla_dag.py
[2022-07-06 16:52:48,203] {processor.py:641} INFO - Processing file /Users/joyang0419/opt/anaconda3/envs/AirFlowBasicExample/lib/python3.8/site-packages/airflow/example_dags/example_sla_dag.py for tasks to queue
[2022-07-06 16:52:48,203] {logging_mixin.py:115} INFO - [2022-07-06 16:52:48,203] {dagbag.py:507} INFO - Filling up the DagBag from /Users/joyang0419/opt/anaconda3/envs/AirFlowBasicExample/lib/python3.8/site-packages/airflow/example_dags/example_sla_dag.py
[2022-07-06 16:52:48,221] {processor.py:651} INFO - DAG(s) dict_keys(['example_sla_dag']) retrieved from /Users/joyang0419/opt/anaconda3/envs/AirFlowBasicExample/lib/python3.8/site-packages/airflow/example_dags/example_sla_dag.py
[2022-07-06 16:52:48,284] {logging_mixin.py:115} INFO - [2022-07-06 16:52:48,284] {dag.py:2379} INFO - Sync 1 DAGs
[2022-07-06 16:52:48,299] {logging_mixin.py:115} INFO - [2022-07-06 16:52:48,299] {dag.py:2927} INFO - Setting next_dagrun for example_sla_dag to 2022-07-06T08:50:00+00:00, run_after=2022-07-06T08:52:00+00:00
[2022-07-06 16:52:48,327] {processor.py:161} INFO - Processing /Users/joyang0419/opt/anaconda3/envs/AirFlowBasicExample/lib/python3.8/site-packages/airflow/example_dags/example_sla_dag.py took 0.125 seconds
[2022-07-06 16:53:01,068] {processor.py:153} INFO - Started process (PID=12992) to work on /Users/joyang0419/opt/anaconda3/envs/AirFlowBasicExample/lib/python3.8/site-packages/airflow/example_dags/example_sla_dag.py
[2022-07-06 16:53:01,068] {processor.py:641} INFO - Processing file /Users/joyang0419/opt/anaconda3/envs/AirFlowBasicExample/lib/python3.8/site-packages/airflow/example_dags/example_sla_dag.py for tasks to queue
[2022-07-06 16:53:01,068] {logging_mixin.py:115} INFO - [2022-07-06 16:53:01,068] {dagbag.py:507} INFO - Filling up the DagBag from /Users/joyang0419/opt/anaconda3/envs/AirFlowBasicExample/lib/python3.8/site-packages/airflow/example_dags/example_sla_dag.py
[2022-07-06 16:53:01,087] {processor.py:651} INFO - DAG(s) dict_keys(['example_sla_dag']) retrieved from /Users/joyang0419/opt/anaconda3/envs/AirFlowBasicExample/lib/python3.8/site-packages/airflow/example_dags/example_sla_dag.py
[2022-07-06 16:53:01,141] {logging_mixin.py:115} INFO - [2022-07-06 16:53:01,141] {dag.py:2379} INFO - Sync 1 DAGs
[2022-07-06 16:53:01,155] {logging_mixin.py:115} INFO - [2022-07-06 16:53:01,155] {dag.py:2927} INFO - Setting next_dagrun for example_sla_dag to 2022-07-06T08:50:00+00:00, run_after=2022-07-06T08:52:00+00:00
[2022-07-06 16:53:01,174] {processor.py:161} INFO - Processing /Users/joyang0419/opt/anaconda3/envs/AirFlowBasicExample/lib/python3.8/site-packages/airflow/example_dags/example_sla_dag.py took 0.107 seconds
[2022-07-06 16:53:11,854] {processor.py:153} INFO - Started process (PID=13058) to work on /Users/joyang0419/opt/anaconda3/envs/AirFlowBasicExample/lib/python3.8/site-packages/airflow/example_dags/example_sla_dag.py
[2022-07-06 16:53:11,854] {processor.py:641} INFO - Processing file /Users/joyang0419/opt/anaconda3/envs/AirFlowBasicExample/lib/python3.8/site-packages/airflow/example_dags/example_sla_dag.py for tasks to queue
[2022-07-06 16:53:11,854] {logging_mixin.py:115} INFO - [2022-07-06 16:53:11,854] {dagbag.py:507} INFO - Filling up the DagBag from /Users/joyang0419/opt/anaconda3/envs/AirFlowBasicExample/lib/python3.8/site-packages/airflow/example_dags/example_sla_dag.py
[2022-07-06 16:53:11,876] {processor.py:651} INFO - DAG(s) dict_keys(['example_sla_dag']) retrieved from /Users/joyang0419/opt/anaconda3/envs/AirFlowBasicExample/lib/python3.8/site-packages/airflow/example_dags/example_sla_dag.py
[2022-07-06 16:53:11,937] {logging_mixin.py:115} INFO - [2022-07-06 16:53:11,937] {dag.py:2379} INFO - Sync 1 DAGs
[2022-07-06 16:53:11,954] {logging_mixin.py:115} INFO - [2022-07-06 16:53:11,954] {dag.py:2927} INFO - Setting next_dagrun for example_sla_dag to 2022-07-06T08:50:00+00:00, run_after=2022-07-06T08:52:00+00:00
[2022-07-06 16:53:11,979] {processor.py:161} INFO - Processing /Users/joyang0419/opt/anaconda3/envs/AirFlowBasicExample/lib/python3.8/site-packages/airflow/example_dags/example_sla_dag.py took 0.126 seconds
[2022-07-06 16:53:23,054] {processor.py:153} INFO - Started process (PID=13125) to work on /Users/joyang0419/opt/anaconda3/envs/AirFlowBasicExample/lib/python3.8/site-packages/airflow/example_dags/example_sla_dag.py
[2022-07-06 16:53:23,054] {processor.py:641} INFO - Processing file /Users/joyang0419/opt/anaconda3/envs/AirFlowBasicExample/lib/python3.8/site-packages/airflow/example_dags/example_sla_dag.py for tasks to queue
[2022-07-06 16:53:23,054] {logging_mixin.py:115} INFO - [2022-07-06 16:53:23,054] {dagbag.py:507} INFO - Filling up the DagBag from /Users/joyang0419/opt/anaconda3/envs/AirFlowBasicExample/lib/python3.8/site-packages/airflow/example_dags/example_sla_dag.py
[2022-07-06 16:53:23,073] {processor.py:651} INFO - DAG(s) dict_keys(['example_sla_dag']) retrieved from /Users/joyang0419/opt/anaconda3/envs/AirFlowBasicExample/lib/python3.8/site-packages/airflow/example_dags/example_sla_dag.py
[2022-07-06 16:53:23,123] {logging_mixin.py:115} INFO - [2022-07-06 16:53:23,123] {dag.py:2379} INFO - Sync 1 DAGs
[2022-07-06 16:53:23,137] {logging_mixin.py:115} INFO - [2022-07-06 16:53:23,137] {dag.py:2927} INFO - Setting next_dagrun for example_sla_dag to 2022-07-06T08:50:00+00:00, run_after=2022-07-06T08:52:00+00:00
[2022-07-06 16:53:23,154] {processor.py:161} INFO - Processing /Users/joyang0419/opt/anaconda3/envs/AirFlowBasicExample/lib/python3.8/site-packages/airflow/example_dags/example_sla_dag.py took 0.101 seconds
[2022-07-06 16:53:34,055] {processor.py:153} INFO - Started process (PID=13191) to work on /Users/joyang0419/opt/anaconda3/envs/AirFlowBasicExample/lib/python3.8/site-packages/airflow/example_dags/example_sla_dag.py
[2022-07-06 16:53:34,056] {processor.py:641} INFO - Processing file /Users/joyang0419/opt/anaconda3/envs/AirFlowBasicExample/lib/python3.8/site-packages/airflow/example_dags/example_sla_dag.py for tasks to queue
[2022-07-06 16:53:34,056] {logging_mixin.py:115} INFO - [2022-07-06 16:53:34,056] {dagbag.py:507} INFO - Filling up the DagBag from /Users/joyang0419/opt/anaconda3/envs/AirFlowBasicExample/lib/python3.8/site-packages/airflow/example_dags/example_sla_dag.py
[2022-07-06 16:53:34,074] {processor.py:651} INFO - DAG(s) dict_keys(['example_sla_dag']) retrieved from /Users/joyang0419/opt/anaconda3/envs/AirFlowBasicExample/lib/python3.8/site-packages/airflow/example_dags/example_sla_dag.py
[2022-07-06 16:53:34,131] {logging_mixin.py:115} INFO - [2022-07-06 16:53:34,131] {dag.py:2379} INFO - Sync 1 DAGs
[2022-07-06 16:53:34,147] {logging_mixin.py:115} INFO - [2022-07-06 16:53:34,147] {dag.py:2927} INFO - Setting next_dagrun for example_sla_dag to 2022-07-06T08:50:00+00:00, run_after=2022-07-06T08:52:00+00:00
[2022-07-06 16:53:34,168] {processor.py:161} INFO - Processing /Users/joyang0419/opt/anaconda3/envs/AirFlowBasicExample/lib/python3.8/site-packages/airflow/example_dags/example_sla_dag.py took 0.113 seconds
[2022-07-06 16:53:45,604] {processor.py:153} INFO - Started process (PID=13261) to work on /Users/joyang0419/opt/anaconda3/envs/AirFlowBasicExample/lib/python3.8/site-packages/airflow/example_dags/example_sla_dag.py
[2022-07-06 16:53:45,604] {processor.py:641} INFO - Processing file /Users/joyang0419/opt/anaconda3/envs/AirFlowBasicExample/lib/python3.8/site-packages/airflow/example_dags/example_sla_dag.py for tasks to queue
[2022-07-06 16:53:45,604] {logging_mixin.py:115} INFO - [2022-07-06 16:53:45,604] {dagbag.py:507} INFO - Filling up the DagBag from /Users/joyang0419/opt/anaconda3/envs/AirFlowBasicExample/lib/python3.8/site-packages/airflow/example_dags/example_sla_dag.py
[2022-07-06 16:53:45,627] {processor.py:651} INFO - DAG(s) dict_keys(['example_sla_dag']) retrieved from /Users/joyang0419/opt/anaconda3/envs/AirFlowBasicExample/lib/python3.8/site-packages/airflow/example_dags/example_sla_dag.py
[2022-07-06 16:53:45,683] {logging_mixin.py:115} INFO - [2022-07-06 16:53:45,683] {dag.py:2379} INFO - Sync 1 DAGs
[2022-07-06 16:53:45,699] {logging_mixin.py:115} INFO - [2022-07-06 16:53:45,699] {dag.py:2927} INFO - Setting next_dagrun for example_sla_dag to 2022-07-06T08:50:00+00:00, run_after=2022-07-06T08:52:00+00:00
[2022-07-06 16:53:45,719] {processor.py:161} INFO - Processing /Users/joyang0419/opt/anaconda3/envs/AirFlowBasicExample/lib/python3.8/site-packages/airflow/example_dags/example_sla_dag.py took 0.116 seconds
[2022-07-06 16:53:55,981] {processor.py:153} INFO - Started process (PID=13332) to work on /Users/joyang0419/opt/anaconda3/envs/AirFlowBasicExample/lib/python3.8/site-packages/airflow/example_dags/example_sla_dag.py
[2022-07-06 16:53:55,981] {processor.py:641} INFO - Processing file /Users/joyang0419/opt/anaconda3/envs/AirFlowBasicExample/lib/python3.8/site-packages/airflow/example_dags/example_sla_dag.py for tasks to queue
[2022-07-06 16:53:55,982] {logging_mixin.py:115} INFO - [2022-07-06 16:53:55,982] {dagbag.py:507} INFO - Filling up the DagBag from /Users/joyang0419/opt/anaconda3/envs/AirFlowBasicExample/lib/python3.8/site-packages/airflow/example_dags/example_sla_dag.py
[2022-07-06 16:53:56,004] {processor.py:651} INFO - DAG(s) dict_keys(['example_sla_dag']) retrieved from /Users/joyang0419/opt/anaconda3/envs/AirFlowBasicExample/lib/python3.8/site-packages/airflow/example_dags/example_sla_dag.py
[2022-07-06 16:53:56,058] {logging_mixin.py:115} INFO - [2022-07-06 16:53:56,058] {dag.py:2379} INFO - Sync 1 DAGs
[2022-07-06 16:53:56,074] {logging_mixin.py:115} INFO - [2022-07-06 16:53:56,074] {dag.py:2927} INFO - Setting next_dagrun for example_sla_dag to 2022-07-06T08:50:00+00:00, run_after=2022-07-06T08:52:00+00:00
[2022-07-06 16:53:56,092] {processor.py:161} INFO - Processing /Users/joyang0419/opt/anaconda3/envs/AirFlowBasicExample/lib/python3.8/site-packages/airflow/example_dags/example_sla_dag.py took 0.111 seconds
[2022-07-06 16:54:08,176] {processor.py:153} INFO - Started process (PID=13413) to work on /Users/joyang0419/opt/anaconda3/envs/AirFlowBasicExample/lib/python3.8/site-packages/airflow/example_dags/example_sla_dag.py
[2022-07-06 16:54:08,177] {processor.py:641} INFO - Processing file /Users/joyang0419/opt/anaconda3/envs/AirFlowBasicExample/lib/python3.8/site-packages/airflow/example_dags/example_sla_dag.py for tasks to queue
[2022-07-06 16:54:08,177] {logging_mixin.py:115} INFO - [2022-07-06 16:54:08,177] {dagbag.py:507} INFO - Filling up the DagBag from /Users/joyang0419/opt/anaconda3/envs/AirFlowBasicExample/lib/python3.8/site-packages/airflow/example_dags/example_sla_dag.py
[2022-07-06 16:54:08,201] {processor.py:651} INFO - DAG(s) dict_keys(['example_sla_dag']) retrieved from /Users/joyang0419/opt/anaconda3/envs/AirFlowBasicExample/lib/python3.8/site-packages/airflow/example_dags/example_sla_dag.py
[2022-07-06 16:54:08,269] {logging_mixin.py:115} INFO - [2022-07-06 16:54:08,269] {dag.py:2379} INFO - Sync 1 DAGs
[2022-07-06 16:54:08,286] {logging_mixin.py:115} INFO - [2022-07-06 16:54:08,286] {dag.py:2927} INFO - Setting next_dagrun for example_sla_dag to 2022-07-06T08:52:00+00:00, run_after=2022-07-06T08:54:00+00:00
[2022-07-06 16:54:08,318] {processor.py:161} INFO - Processing /Users/joyang0419/opt/anaconda3/envs/AirFlowBasicExample/lib/python3.8/site-packages/airflow/example_dags/example_sla_dag.py took 0.142 seconds
