[2022-07-06 16:48:52,434] {processor.py:153} INFO - Started process (PID=12141) to work on /Users/joyang0419/opt/anaconda3/envs/AirFlowBasicExample/lib/python3.8/site-packages/airflow/example_dags/example_xcom.py
[2022-07-06 16:48:52,434] {processor.py:641} INFO - Processing file /Users/joyang0419/opt/anaconda3/envs/AirFlowBasicExample/lib/python3.8/site-packages/airflow/example_dags/example_xcom.py for tasks to queue
[2022-07-06 16:48:52,434] {logging_mixin.py:115} INFO - [2022-07-06 16:48:52,434] {dagbag.py:507} INFO - Filling up the DagBag from /Users/joyang0419/opt/anaconda3/envs/AirFlowBasicExample/lib/python3.8/site-packages/airflow/example_dags/example_xcom.py
[2022-07-06 16:48:52,463] {processor.py:651} INFO - DAG(s) dict_keys(['example_xcom']) retrieved from /Users/joyang0419/opt/anaconda3/envs/AirFlowBasicExample/lib/python3.8/site-packages/airflow/example_dags/example_xcom.py
[2022-07-06 16:48:53,194] {logging_mixin.py:115} INFO - [2022-07-06 16:48:53,194] {manager.py:508} INFO - Created Permission View: can delete on DAG:example_xcom
[2022-07-06 16:48:53,233] {logging_mixin.py:115} INFO - [2022-07-06 16:48:53,233] {manager.py:508} INFO - Created Permission View: can edit on DAG:example_xcom
[2022-07-06 16:48:53,274] {logging_mixin.py:115} INFO - [2022-07-06 16:48:53,274] {manager.py:508} INFO - Created Permission View: can read on DAG:example_xcom
[2022-07-06 16:48:53,274] {logging_mixin.py:115} INFO - [2022-07-06 16:48:53,274] {dag.py:2379} INFO - Sync 1 DAGs
[2022-07-06 16:48:53,294] {logging_mixin.py:115} INFO - [2022-07-06 16:48:53,294] {dag.py:2398} INFO - Creating ORM DAG for example_xcom
[2022-07-06 16:48:53,313] {logging_mixin.py:115} INFO - [2022-07-06 16:48:53,313] {dag.py:2927} INFO - Setting next_dagrun for example_xcom to 2021-01-01T00:00:00+00:00, run_after=2021-01-01T00:00:00+00:00
[2022-07-06 16:48:53,374] {processor.py:161} INFO - Processing /Users/joyang0419/opt/anaconda3/envs/AirFlowBasicExample/lib/python3.8/site-packages/airflow/example_dags/example_xcom.py took 0.941 seconds
[2022-07-06 16:50:04,168] {processor.py:153} INFO - Started process (PID=12438) to work on /Users/joyang0419/opt/anaconda3/envs/AirFlowBasicExample/lib/python3.8/site-packages/airflow/example_dags/example_xcom.py
[2022-07-06 16:50:04,168] {processor.py:641} INFO - Processing file /Users/joyang0419/opt/anaconda3/envs/AirFlowBasicExample/lib/python3.8/site-packages/airflow/example_dags/example_xcom.py for tasks to queue
[2022-07-06 16:50:04,169] {logging_mixin.py:115} INFO - [2022-07-06 16:50:04,168] {dagbag.py:507} INFO - Filling up the DagBag from /Users/joyang0419/opt/anaconda3/envs/AirFlowBasicExample/lib/python3.8/site-packages/airflow/example_dags/example_xcom.py
[2022-07-06 16:50:04,191] {processor.py:651} INFO - DAG(s) dict_keys(['example_xcom']) retrieved from /Users/joyang0419/opt/anaconda3/envs/AirFlowBasicExample/lib/python3.8/site-packages/airflow/example_dags/example_xcom.py
[2022-07-06 16:50:04,667] {logging_mixin.py:115} INFO - [2022-07-06 16:50:04,667] {dag.py:2379} INFO - Sync 1 DAGs
[2022-07-06 16:50:04,682] {logging_mixin.py:115} INFO - [2022-07-06 16:50:04,682] {dag.py:2927} INFO - Setting next_dagrun for example_xcom to 2021-01-01T00:00:00+00:00, run_after=2021-01-01T00:00:00+00:00
[2022-07-06 16:50:04,717] {processor.py:161} INFO - Processing /Users/joyang0419/opt/anaconda3/envs/AirFlowBasicExample/lib/python3.8/site-packages/airflow/example_dags/example_xcom.py took 0.550 seconds
[2022-07-06 16:50:20,184] {processor.py:153} INFO - Started process (PID=12507) to work on /Users/joyang0419/opt/anaconda3/envs/AirFlowBasicExample/lib/python3.8/site-packages/airflow/example_dags/example_xcom.py
[2022-07-06 16:50:20,184] {processor.py:641} INFO - Processing file /Users/joyang0419/opt/anaconda3/envs/AirFlowBasicExample/lib/python3.8/site-packages/airflow/example_dags/example_xcom.py for tasks to queue
[2022-07-06 16:50:20,185] {logging_mixin.py:115} INFO - [2022-07-06 16:50:20,185] {dagbag.py:507} INFO - Filling up the DagBag from /Users/joyang0419/opt/anaconda3/envs/AirFlowBasicExample/lib/python3.8/site-packages/airflow/example_dags/example_xcom.py
[2022-07-06 16:50:20,203] {processor.py:651} INFO - DAG(s) dict_keys(['example_xcom']) retrieved from /Users/joyang0419/opt/anaconda3/envs/AirFlowBasicExample/lib/python3.8/site-packages/airflow/example_dags/example_xcom.py
[2022-07-06 16:50:20,241] {logging_mixin.py:115} INFO - [2022-07-06 16:50:20,241] {dag.py:2379} INFO - Sync 1 DAGs
[2022-07-06 16:50:20,274] {logging_mixin.py:115} INFO - [2022-07-06 16:50:20,274] {dag.py:2927} INFO - Setting next_dagrun for example_xcom to 2021-01-01T00:00:00+00:00, run_after=2021-01-01T00:00:00+00:00
[2022-07-06 16:50:20,292] {processor.py:161} INFO - Processing /Users/joyang0419/opt/anaconda3/envs/AirFlowBasicExample/lib/python3.8/site-packages/airflow/example_dags/example_xcom.py took 0.108 seconds
[2022-07-06 16:50:30,163] {processor.py:153} INFO - Started process (PID=12571) to work on /Users/joyang0419/opt/anaconda3/envs/AirFlowBasicExample/lib/python3.8/site-packages/airflow/example_dags/example_xcom.py
[2022-07-06 16:50:30,163] {processor.py:641} INFO - Processing file /Users/joyang0419/opt/anaconda3/envs/AirFlowBasicExample/lib/python3.8/site-packages/airflow/example_dags/example_xcom.py for tasks to queue
[2022-07-06 16:50:30,163] {logging_mixin.py:115} INFO - [2022-07-06 16:50:30,163] {dagbag.py:507} INFO - Filling up the DagBag from /Users/joyang0419/opt/anaconda3/envs/AirFlowBasicExample/lib/python3.8/site-packages/airflow/example_dags/example_xcom.py
[2022-07-06 16:50:30,180] {processor.py:651} INFO - DAG(s) dict_keys(['example_xcom']) retrieved from /Users/joyang0419/opt/anaconda3/envs/AirFlowBasicExample/lib/python3.8/site-packages/airflow/example_dags/example_xcom.py
[2022-07-06 16:50:30,225] {logging_mixin.py:115} INFO - [2022-07-06 16:50:30,224] {dag.py:2379} INFO - Sync 1 DAGs
[2022-07-06 16:50:30,256] {logging_mixin.py:115} INFO - [2022-07-06 16:50:30,255] {dag.py:2927} INFO - Setting next_dagrun for example_xcom to 2021-01-01T00:00:00+00:00, run_after=2021-01-01T00:00:00+00:00
[2022-07-06 16:50:30,272] {processor.py:161} INFO - Processing /Users/joyang0419/opt/anaconda3/envs/AirFlowBasicExample/lib/python3.8/site-packages/airflow/example_dags/example_xcom.py took 0.109 seconds
[2022-07-06 16:50:40,790] {processor.py:153} INFO - Started process (PID=12637) to work on /Users/joyang0419/opt/anaconda3/envs/AirFlowBasicExample/lib/python3.8/site-packages/airflow/example_dags/example_xcom.py
[2022-07-06 16:50:40,790] {processor.py:641} INFO - Processing file /Users/joyang0419/opt/anaconda3/envs/AirFlowBasicExample/lib/python3.8/site-packages/airflow/example_dags/example_xcom.py for tasks to queue
[2022-07-06 16:50:40,790] {logging_mixin.py:115} INFO - [2022-07-06 16:50:40,790] {dagbag.py:507} INFO - Filling up the DagBag from /Users/joyang0419/opt/anaconda3/envs/AirFlowBasicExample/lib/python3.8/site-packages/airflow/example_dags/example_xcom.py
[2022-07-06 16:50:40,813] {processor.py:651} INFO - DAG(s) dict_keys(['example_xcom']) retrieved from /Users/joyang0419/opt/anaconda3/envs/AirFlowBasicExample/lib/python3.8/site-packages/airflow/example_dags/example_xcom.py
[2022-07-06 16:50:41,510] {logging_mixin.py:115} INFO - [2022-07-06 16:50:41,510] {dag.py:2379} INFO - Sync 1 DAGs
[2022-07-06 16:50:41,527] {logging_mixin.py:115} INFO - [2022-07-06 16:50:41,527] {dag.py:2927} INFO - Setting next_dagrun for example_xcom to 2021-01-01T00:00:00+00:00, run_after=2021-01-01T00:00:00+00:00
[2022-07-06 16:50:41,560] {processor.py:161} INFO - Processing /Users/joyang0419/opt/anaconda3/envs/AirFlowBasicExample/lib/python3.8/site-packages/airflow/example_dags/example_xcom.py took 0.770 seconds
[2022-07-06 16:52:24,088] {processor.py:153} INFO - Started process (PID=12771) to work on /Users/joyang0419/opt/anaconda3/envs/AirFlowBasicExample/lib/python3.8/site-packages/airflow/example_dags/example_xcom.py
[2022-07-06 16:52:24,089] {processor.py:641} INFO - Processing file /Users/joyang0419/opt/anaconda3/envs/AirFlowBasicExample/lib/python3.8/site-packages/airflow/example_dags/example_xcom.py for tasks to queue
[2022-07-06 16:52:24,089] {logging_mixin.py:115} INFO - [2022-07-06 16:52:24,089] {dagbag.py:507} INFO - Filling up the DagBag from /Users/joyang0419/opt/anaconda3/envs/AirFlowBasicExample/lib/python3.8/site-packages/airflow/example_dags/example_xcom.py
[2022-07-06 16:52:24,112] {processor.py:651} INFO - DAG(s) dict_keys(['example_xcom']) retrieved from /Users/joyang0419/opt/anaconda3/envs/AirFlowBasicExample/lib/python3.8/site-packages/airflow/example_dags/example_xcom.py
[2022-07-06 16:52:24,578] {logging_mixin.py:115} INFO - [2022-07-06 16:52:24,578] {dag.py:2379} INFO - Sync 1 DAGs
[2022-07-06 16:52:24,595] {logging_mixin.py:115} INFO - [2022-07-06 16:52:24,595] {dag.py:2927} INFO - Setting next_dagrun for example_xcom to 2021-01-01T00:00:00+00:00, run_after=2021-01-01T00:00:00+00:00
[2022-07-06 16:52:24,633] {processor.py:161} INFO - Processing /Users/joyang0419/opt/anaconda3/envs/AirFlowBasicExample/lib/python3.8/site-packages/airflow/example_dags/example_xcom.py took 0.546 seconds
[2022-07-06 16:52:35,479] {processor.py:153} INFO - Started process (PID=12839) to work on /Users/joyang0419/opt/anaconda3/envs/AirFlowBasicExample/lib/python3.8/site-packages/airflow/example_dags/example_xcom.py
[2022-07-06 16:52:35,479] {processor.py:641} INFO - Processing file /Users/joyang0419/opt/anaconda3/envs/AirFlowBasicExample/lib/python3.8/site-packages/airflow/example_dags/example_xcom.py for tasks to queue
[2022-07-06 16:52:35,479] {logging_mixin.py:115} INFO - [2022-07-06 16:52:35,479] {dagbag.py:507} INFO - Filling up the DagBag from /Users/joyang0419/opt/anaconda3/envs/AirFlowBasicExample/lib/python3.8/site-packages/airflow/example_dags/example_xcom.py
[2022-07-06 16:52:35,497] {processor.py:651} INFO - DAG(s) dict_keys(['example_xcom']) retrieved from /Users/joyang0419/opt/anaconda3/envs/AirFlowBasicExample/lib/python3.8/site-packages/airflow/example_dags/example_xcom.py
[2022-07-06 16:52:35,536] {logging_mixin.py:115} INFO - [2022-07-06 16:52:35,536] {dag.py:2379} INFO - Sync 1 DAGs
[2022-07-06 16:52:35,569] {logging_mixin.py:115} INFO - [2022-07-06 16:52:35,569] {dag.py:2927} INFO - Setting next_dagrun for example_xcom to 2021-01-01T00:00:00+00:00, run_after=2021-01-01T00:00:00+00:00
[2022-07-06 16:52:35,589] {processor.py:161} INFO - Processing /Users/joyang0419/opt/anaconda3/envs/AirFlowBasicExample/lib/python3.8/site-packages/airflow/example_dags/example_xcom.py took 0.110 seconds
[2022-07-06 16:52:45,977] {processor.py:153} INFO - Started process (PID=12906) to work on /Users/joyang0419/opt/anaconda3/envs/AirFlowBasicExample/lib/python3.8/site-packages/airflow/example_dags/example_xcom.py
[2022-07-06 16:52:45,977] {processor.py:641} INFO - Processing file /Users/joyang0419/opt/anaconda3/envs/AirFlowBasicExample/lib/python3.8/site-packages/airflow/example_dags/example_xcom.py for tasks to queue
[2022-07-06 16:52:45,977] {logging_mixin.py:115} INFO - [2022-07-06 16:52:45,977] {dagbag.py:507} INFO - Filling up the DagBag from /Users/joyang0419/opt/anaconda3/envs/AirFlowBasicExample/lib/python3.8/site-packages/airflow/example_dags/example_xcom.py
[2022-07-06 16:52:45,994] {processor.py:651} INFO - DAG(s) dict_keys(['example_xcom']) retrieved from /Users/joyang0419/opt/anaconda3/envs/AirFlowBasicExample/lib/python3.8/site-packages/airflow/example_dags/example_xcom.py
[2022-07-06 16:52:46,038] {logging_mixin.py:115} INFO - [2022-07-06 16:52:46,038] {dag.py:2379} INFO - Sync 1 DAGs
[2022-07-06 16:52:46,069] {logging_mixin.py:115} INFO - [2022-07-06 16:52:46,069] {dag.py:2927} INFO - Setting next_dagrun for example_xcom to 2021-01-01T00:00:00+00:00, run_after=2021-01-01T00:00:00+00:00
[2022-07-06 16:52:46,086] {processor.py:161} INFO - Processing /Users/joyang0419/opt/anaconda3/envs/AirFlowBasicExample/lib/python3.8/site-packages/airflow/example_dags/example_xcom.py took 0.110 seconds
[2022-07-06 16:52:57,817] {processor.py:153} INFO - Started process (PID=12977) to work on /Users/joyang0419/opt/anaconda3/envs/AirFlowBasicExample/lib/python3.8/site-packages/airflow/example_dags/example_xcom.py
[2022-07-06 16:52:57,817] {processor.py:641} INFO - Processing file /Users/joyang0419/opt/anaconda3/envs/AirFlowBasicExample/lib/python3.8/site-packages/airflow/example_dags/example_xcom.py for tasks to queue
[2022-07-06 16:52:57,817] {logging_mixin.py:115} INFO - [2022-07-06 16:52:57,817] {dagbag.py:507} INFO - Filling up the DagBag from /Users/joyang0419/opt/anaconda3/envs/AirFlowBasicExample/lib/python3.8/site-packages/airflow/example_dags/example_xcom.py
[2022-07-06 16:52:57,843] {processor.py:651} INFO - DAG(s) dict_keys(['example_xcom']) retrieved from /Users/joyang0419/opt/anaconda3/envs/AirFlowBasicExample/lib/python3.8/site-packages/airflow/example_dags/example_xcom.py
[2022-07-06 16:52:58,324] {logging_mixin.py:115} INFO - [2022-07-06 16:52:58,324] {dag.py:2379} INFO - Sync 1 DAGs
[2022-07-06 16:52:58,343] {logging_mixin.py:115} INFO - [2022-07-06 16:52:58,343] {dag.py:2927} INFO - Setting next_dagrun for example_xcom to 2021-01-01T00:00:00+00:00, run_after=2021-01-01T00:00:00+00:00
[2022-07-06 16:52:58,372] {processor.py:161} INFO - Processing /Users/joyang0419/opt/anaconda3/envs/AirFlowBasicExample/lib/python3.8/site-packages/airflow/example_dags/example_xcom.py took 0.556 seconds
[2022-07-06 16:53:09,176] {processor.py:153} INFO - Started process (PID=13044) to work on /Users/joyang0419/opt/anaconda3/envs/AirFlowBasicExample/lib/python3.8/site-packages/airflow/example_dags/example_xcom.py
[2022-07-06 16:53:09,176] {processor.py:641} INFO - Processing file /Users/joyang0419/opt/anaconda3/envs/AirFlowBasicExample/lib/python3.8/site-packages/airflow/example_dags/example_xcom.py for tasks to queue
[2022-07-06 16:53:09,176] {logging_mixin.py:115} INFO - [2022-07-06 16:53:09,176] {dagbag.py:507} INFO - Filling up the DagBag from /Users/joyang0419/opt/anaconda3/envs/AirFlowBasicExample/lib/python3.8/site-packages/airflow/example_dags/example_xcom.py
[2022-07-06 16:53:09,195] {processor.py:651} INFO - DAG(s) dict_keys(['example_xcom']) retrieved from /Users/joyang0419/opt/anaconda3/envs/AirFlowBasicExample/lib/python3.8/site-packages/airflow/example_dags/example_xcom.py
[2022-07-06 16:53:09,228] {logging_mixin.py:115} INFO - [2022-07-06 16:53:09,228] {dag.py:2379} INFO - Sync 1 DAGs
[2022-07-06 16:53:09,261] {logging_mixin.py:115} INFO - [2022-07-06 16:53:09,261] {dag.py:2927} INFO - Setting next_dagrun for example_xcom to 2021-01-01T00:00:00+00:00, run_after=2021-01-01T00:00:00+00:00
[2022-07-06 16:53:09,279] {processor.py:161} INFO - Processing /Users/joyang0419/opt/anaconda3/envs/AirFlowBasicExample/lib/python3.8/site-packages/airflow/example_dags/example_xcom.py took 0.104 seconds
[2022-07-06 16:53:20,653] {processor.py:153} INFO - Started process (PID=13110) to work on /Users/joyang0419/opt/anaconda3/envs/AirFlowBasicExample/lib/python3.8/site-packages/airflow/example_dags/example_xcom.py
[2022-07-06 16:53:20,653] {processor.py:641} INFO - Processing file /Users/joyang0419/opt/anaconda3/envs/AirFlowBasicExample/lib/python3.8/site-packages/airflow/example_dags/example_xcom.py for tasks to queue
[2022-07-06 16:53:20,653] {logging_mixin.py:115} INFO - [2022-07-06 16:53:20,653] {dagbag.py:507} INFO - Filling up the DagBag from /Users/joyang0419/opt/anaconda3/envs/AirFlowBasicExample/lib/python3.8/site-packages/airflow/example_dags/example_xcom.py
[2022-07-06 16:53:20,676] {processor.py:651} INFO - DAG(s) dict_keys(['example_xcom']) retrieved from /Users/joyang0419/opt/anaconda3/envs/AirFlowBasicExample/lib/python3.8/site-packages/airflow/example_dags/example_xcom.py
[2022-07-06 16:53:20,711] {logging_mixin.py:115} INFO - [2022-07-06 16:53:20,711] {dag.py:2379} INFO - Sync 1 DAGs
[2022-07-06 16:53:20,744] {logging_mixin.py:115} INFO - [2022-07-06 16:53:20,744] {dag.py:2927} INFO - Setting next_dagrun for example_xcom to 2021-01-01T00:00:00+00:00, run_after=2021-01-01T00:00:00+00:00
[2022-07-06 16:53:20,771] {processor.py:161} INFO - Processing /Users/joyang0419/opt/anaconda3/envs/AirFlowBasicExample/lib/python3.8/site-packages/airflow/example_dags/example_xcom.py took 0.119 seconds
[2022-07-06 16:53:31,272] {processor.py:153} INFO - Started process (PID=13177) to work on /Users/joyang0419/opt/anaconda3/envs/AirFlowBasicExample/lib/python3.8/site-packages/airflow/example_dags/example_xcom.py
[2022-07-06 16:53:31,272] {processor.py:641} INFO - Processing file /Users/joyang0419/opt/anaconda3/envs/AirFlowBasicExample/lib/python3.8/site-packages/airflow/example_dags/example_xcom.py for tasks to queue
[2022-07-06 16:53:31,272] {logging_mixin.py:115} INFO - [2022-07-06 16:53:31,272] {dagbag.py:507} INFO - Filling up the DagBag from /Users/joyang0419/opt/anaconda3/envs/AirFlowBasicExample/lib/python3.8/site-packages/airflow/example_dags/example_xcom.py
[2022-07-06 16:53:31,290] {processor.py:651} INFO - DAG(s) dict_keys(['example_xcom']) retrieved from /Users/joyang0419/opt/anaconda3/envs/AirFlowBasicExample/lib/python3.8/site-packages/airflow/example_dags/example_xcom.py
[2022-07-06 16:53:31,691] {logging_mixin.py:115} INFO - [2022-07-06 16:53:31,691] {dag.py:2379} INFO - Sync 1 DAGs
[2022-07-06 16:53:31,705] {logging_mixin.py:115} INFO - [2022-07-06 16:53:31,705] {dag.py:2927} INFO - Setting next_dagrun for example_xcom to 2021-01-01T00:00:00+00:00, run_after=2021-01-01T00:00:00+00:00
[2022-07-06 16:53:31,726] {processor.py:161} INFO - Processing /Users/joyang0419/opt/anaconda3/envs/AirFlowBasicExample/lib/python3.8/site-packages/airflow/example_dags/example_xcom.py took 0.454 seconds
[2022-07-06 16:53:43,415] {processor.py:153} INFO - Started process (PID=13247) to work on /Users/joyang0419/opt/anaconda3/envs/AirFlowBasicExample/lib/python3.8/site-packages/airflow/example_dags/example_xcom.py
[2022-07-06 16:53:43,416] {processor.py:641} INFO - Processing file /Users/joyang0419/opt/anaconda3/envs/AirFlowBasicExample/lib/python3.8/site-packages/airflow/example_dags/example_xcom.py for tasks to queue
[2022-07-06 16:53:43,416] {logging_mixin.py:115} INFO - [2022-07-06 16:53:43,416] {dagbag.py:507} INFO - Filling up the DagBag from /Users/joyang0419/opt/anaconda3/envs/AirFlowBasicExample/lib/python3.8/site-packages/airflow/example_dags/example_xcom.py
[2022-07-06 16:53:43,435] {processor.py:651} INFO - DAG(s) dict_keys(['example_xcom']) retrieved from /Users/joyang0419/opt/anaconda3/envs/AirFlowBasicExample/lib/python3.8/site-packages/airflow/example_dags/example_xcom.py
[2022-07-06 16:53:43,471] {logging_mixin.py:115} INFO - [2022-07-06 16:53:43,471] {dag.py:2379} INFO - Sync 1 DAGs
[2022-07-06 16:53:43,500] {logging_mixin.py:115} INFO - [2022-07-06 16:53:43,500] {dag.py:2927} INFO - Setting next_dagrun for example_xcom to 2021-01-01T00:00:00+00:00, run_after=2021-01-01T00:00:00+00:00
[2022-07-06 16:53:43,516] {processor.py:161} INFO - Processing /Users/joyang0419/opt/anaconda3/envs/AirFlowBasicExample/lib/python3.8/site-packages/airflow/example_dags/example_xcom.py took 0.101 seconds
[2022-07-06 16:53:53,772] {processor.py:153} INFO - Started process (PID=13317) to work on /Users/joyang0419/opt/anaconda3/envs/AirFlowBasicExample/lib/python3.8/site-packages/airflow/example_dags/example_xcom.py
[2022-07-06 16:53:53,773] {processor.py:641} INFO - Processing file /Users/joyang0419/opt/anaconda3/envs/AirFlowBasicExample/lib/python3.8/site-packages/airflow/example_dags/example_xcom.py for tasks to queue
[2022-07-06 16:53:53,773] {logging_mixin.py:115} INFO - [2022-07-06 16:53:53,773] {dagbag.py:507} INFO - Filling up the DagBag from /Users/joyang0419/opt/anaconda3/envs/AirFlowBasicExample/lib/python3.8/site-packages/airflow/example_dags/example_xcom.py
[2022-07-06 16:53:53,792] {processor.py:651} INFO - DAG(s) dict_keys(['example_xcom']) retrieved from /Users/joyang0419/opt/anaconda3/envs/AirFlowBasicExample/lib/python3.8/site-packages/airflow/example_dags/example_xcom.py
[2022-07-06 16:53:53,845] {logging_mixin.py:115} INFO - [2022-07-06 16:53:53,845] {dag.py:2379} INFO - Sync 1 DAGs
[2022-07-06 16:53:53,880] {logging_mixin.py:115} INFO - [2022-07-06 16:53:53,880] {dag.py:2927} INFO - Setting next_dagrun for example_xcom to 2021-01-01T00:00:00+00:00, run_after=2021-01-01T00:00:00+00:00
[2022-07-06 16:53:53,920] {processor.py:161} INFO - Processing /Users/joyang0419/opt/anaconda3/envs/AirFlowBasicExample/lib/python3.8/site-packages/airflow/example_dags/example_xcom.py took 0.149 seconds
[2022-07-06 16:54:05,371] {processor.py:153} INFO - Started process (PID=13399) to work on /Users/joyang0419/opt/anaconda3/envs/AirFlowBasicExample/lib/python3.8/site-packages/airflow/example_dags/example_xcom.py
[2022-07-06 16:54:05,371] {processor.py:641} INFO - Processing file /Users/joyang0419/opt/anaconda3/envs/AirFlowBasicExample/lib/python3.8/site-packages/airflow/example_dags/example_xcom.py for tasks to queue
[2022-07-06 16:54:05,371] {logging_mixin.py:115} INFO - [2022-07-06 16:54:05,371] {dagbag.py:507} INFO - Filling up the DagBag from /Users/joyang0419/opt/anaconda3/envs/AirFlowBasicExample/lib/python3.8/site-packages/airflow/example_dags/example_xcom.py
[2022-07-06 16:54:05,391] {processor.py:651} INFO - DAG(s) dict_keys(['example_xcom']) retrieved from /Users/joyang0419/opt/anaconda3/envs/AirFlowBasicExample/lib/python3.8/site-packages/airflow/example_dags/example_xcom.py
[2022-07-06 16:54:05,818] {logging_mixin.py:115} INFO - [2022-07-06 16:54:05,818] {dag.py:2379} INFO - Sync 1 DAGs
[2022-07-06 16:54:05,833] {logging_mixin.py:115} INFO - [2022-07-06 16:54:05,833] {dag.py:2927} INFO - Setting next_dagrun for example_xcom to 2021-01-01T00:00:00+00:00, run_after=2021-01-01T00:00:00+00:00
[2022-07-06 16:54:05,865] {processor.py:161} INFO - Processing /Users/joyang0419/opt/anaconda3/envs/AirFlowBasicExample/lib/python3.8/site-packages/airflow/example_dags/example_xcom.py took 0.495 seconds
