[2022-07-06 16:48:57,277] {processor.py:153} INFO - Started process (PID=12159) to work on /Users/joyang0419/opt/anaconda3/envs/AirFlowBasicExample/lib/python3.8/site-packages/airflow/example_dags/example_task_group.py
[2022-07-06 16:48:57,278] {processor.py:641} INFO - Processing file /Users/joyang0419/opt/anaconda3/envs/AirFlowBasicExample/lib/python3.8/site-packages/airflow/example_dags/example_task_group.py for tasks to queue
[2022-07-06 16:48:57,278] {logging_mixin.py:115} INFO - [2022-07-06 16:48:57,278] {dagbag.py:507} INFO - Filling up the DagBag from /Users/joyang0419/opt/anaconda3/envs/AirFlowBasicExample/lib/python3.8/site-packages/airflow/example_dags/example_task_group.py
[2022-07-06 16:48:57,287] {processor.py:651} INFO - DAG(s) dict_keys(['example_task_group']) retrieved from /Users/joyang0419/opt/anaconda3/envs/AirFlowBasicExample/lib/python3.8/site-packages/airflow/example_dags/example_task_group.py
[2022-07-06 16:48:58,064] {logging_mixin.py:115} INFO - [2022-07-06 16:48:58,064] {manager.py:508} INFO - Created Permission View: can delete on DAG:example_task_group
[2022-07-06 16:48:58,101] {logging_mixin.py:115} INFO - [2022-07-06 16:48:58,101] {manager.py:508} INFO - Created Permission View: can read on DAG:example_task_group
[2022-07-06 16:48:58,136] {logging_mixin.py:115} INFO - [2022-07-06 16:48:58,136] {manager.py:508} INFO - Created Permission View: can edit on DAG:example_task_group
[2022-07-06 16:48:58,137] {logging_mixin.py:115} INFO - [2022-07-06 16:48:58,136] {dag.py:2379} INFO - Sync 1 DAGs
[2022-07-06 16:48:58,152] {logging_mixin.py:115} INFO - [2022-07-06 16:48:58,152] {dag.py:2398} INFO - Creating ORM DAG for example_task_group
[2022-07-06 16:48:58,169] {logging_mixin.py:115} INFO - [2022-07-06 16:48:58,169] {dag.py:2927} INFO - Setting next_dagrun for example_task_group to 2022-07-05T08:48:58.169503+00:00, run_after=2022-07-06T08:48:58.169503+00:00
[2022-07-06 16:48:58,219] {processor.py:161} INFO - Processing /Users/joyang0419/opt/anaconda3/envs/AirFlowBasicExample/lib/python3.8/site-packages/airflow/example_dags/example_task_group.py took 0.943 seconds
[2022-07-06 16:50:06,139] {processor.py:153} INFO - Started process (PID=12448) to work on /Users/joyang0419/opt/anaconda3/envs/AirFlowBasicExample/lib/python3.8/site-packages/airflow/example_dags/example_task_group.py
[2022-07-06 16:50:06,140] {processor.py:641} INFO - Processing file /Users/joyang0419/opt/anaconda3/envs/AirFlowBasicExample/lib/python3.8/site-packages/airflow/example_dags/example_task_group.py for tasks to queue
[2022-07-06 16:50:06,140] {logging_mixin.py:115} INFO - [2022-07-06 16:50:06,140] {dagbag.py:507} INFO - Filling up the DagBag from /Users/joyang0419/opt/anaconda3/envs/AirFlowBasicExample/lib/python3.8/site-packages/airflow/example_dags/example_task_group.py
[2022-07-06 16:50:06,147] {processor.py:651} INFO - DAG(s) dict_keys(['example_task_group']) retrieved from /Users/joyang0419/opt/anaconda3/envs/AirFlowBasicExample/lib/python3.8/site-packages/airflow/example_dags/example_task_group.py
[2022-07-06 16:50:06,211] {logging_mixin.py:115} INFO - [2022-07-06 16:50:06,211] {dag.py:2379} INFO - Sync 1 DAGs
[2022-07-06 16:50:06,228] {logging_mixin.py:115} INFO - [2022-07-06 16:50:06,227] {dag.py:2927} INFO - Setting next_dagrun for example_task_group to 2022-07-05T08:50:06.227824+00:00, run_after=2022-07-06T08:50:06.227824+00:00
[2022-07-06 16:50:06,257] {processor.py:161} INFO - Processing /Users/joyang0419/opt/anaconda3/envs/AirFlowBasicExample/lib/python3.8/site-packages/airflow/example_dags/example_task_group.py took 0.118 seconds
[2022-07-06 16:50:21,837] {processor.py:153} INFO - Started process (PID=12517) to work on /Users/joyang0419/opt/anaconda3/envs/AirFlowBasicExample/lib/python3.8/site-packages/airflow/example_dags/example_task_group.py
[2022-07-06 16:50:21,837] {processor.py:641} INFO - Processing file /Users/joyang0419/opt/anaconda3/envs/AirFlowBasicExample/lib/python3.8/site-packages/airflow/example_dags/example_task_group.py for tasks to queue
[2022-07-06 16:50:21,837] {logging_mixin.py:115} INFO - [2022-07-06 16:50:21,837] {dagbag.py:507} INFO - Filling up the DagBag from /Users/joyang0419/opt/anaconda3/envs/AirFlowBasicExample/lib/python3.8/site-packages/airflow/example_dags/example_task_group.py
[2022-07-06 16:50:21,844] {processor.py:651} INFO - DAG(s) dict_keys(['example_task_group']) retrieved from /Users/joyang0419/opt/anaconda3/envs/AirFlowBasicExample/lib/python3.8/site-packages/airflow/example_dags/example_task_group.py
[2022-07-06 16:50:21,911] {logging_mixin.py:115} INFO - [2022-07-06 16:50:21,911] {dag.py:2379} INFO - Sync 1 DAGs
[2022-07-06 16:50:21,926] {logging_mixin.py:115} INFO - [2022-07-06 16:50:21,926] {dag.py:2927} INFO - Setting next_dagrun for example_task_group to 2022-07-05T08:50:21.925921+00:00, run_after=2022-07-06T08:50:21.925921+00:00
[2022-07-06 16:50:21,953] {processor.py:161} INFO - Processing /Users/joyang0419/opt/anaconda3/envs/AirFlowBasicExample/lib/python3.8/site-packages/airflow/example_dags/example_task_group.py took 0.117 seconds
[2022-07-06 16:50:31,625] {processor.py:153} INFO - Started process (PID=12581) to work on /Users/joyang0419/opt/anaconda3/envs/AirFlowBasicExample/lib/python3.8/site-packages/airflow/example_dags/example_task_group.py
[2022-07-06 16:50:31,625] {processor.py:641} INFO - Processing file /Users/joyang0419/opt/anaconda3/envs/AirFlowBasicExample/lib/python3.8/site-packages/airflow/example_dags/example_task_group.py for tasks to queue
[2022-07-06 16:50:31,626] {logging_mixin.py:115} INFO - [2022-07-06 16:50:31,626] {dagbag.py:507} INFO - Filling up the DagBag from /Users/joyang0419/opt/anaconda3/envs/AirFlowBasicExample/lib/python3.8/site-packages/airflow/example_dags/example_task_group.py
[2022-07-06 16:50:31,633] {processor.py:651} INFO - DAG(s) dict_keys(['example_task_group']) retrieved from /Users/joyang0419/opt/anaconda3/envs/AirFlowBasicExample/lib/python3.8/site-packages/airflow/example_dags/example_task_group.py
[2022-07-06 16:50:31,686] {logging_mixin.py:115} INFO - [2022-07-06 16:50:31,686] {dag.py:2379} INFO - Sync 1 DAGs
[2022-07-06 16:50:31,698] {logging_mixin.py:115} INFO - [2022-07-06 16:50:31,698] {dag.py:2927} INFO - Setting next_dagrun for example_task_group to 2022-07-05T08:50:31.698458+00:00, run_after=2022-07-06T08:50:31.698458+00:00
[2022-07-06 16:50:31,714] {processor.py:161} INFO - Processing /Users/joyang0419/opt/anaconda3/envs/AirFlowBasicExample/lib/python3.8/site-packages/airflow/example_dags/example_task_group.py took 0.089 seconds
[2022-07-06 16:50:43,364] {processor.py:153} INFO - Started process (PID=12651) to work on /Users/joyang0419/opt/anaconda3/envs/AirFlowBasicExample/lib/python3.8/site-packages/airflow/example_dags/example_task_group.py
[2022-07-06 16:50:43,365] {processor.py:641} INFO - Processing file /Users/joyang0419/opt/anaconda3/envs/AirFlowBasicExample/lib/python3.8/site-packages/airflow/example_dags/example_task_group.py for tasks to queue
[2022-07-06 16:50:43,365] {logging_mixin.py:115} INFO - [2022-07-06 16:50:43,365] {dagbag.py:507} INFO - Filling up the DagBag from /Users/joyang0419/opt/anaconda3/envs/AirFlowBasicExample/lib/python3.8/site-packages/airflow/example_dags/example_task_group.py
[2022-07-06 16:50:43,373] {processor.py:651} INFO - DAG(s) dict_keys(['example_task_group']) retrieved from /Users/joyang0419/opt/anaconda3/envs/AirFlowBasicExample/lib/python3.8/site-packages/airflow/example_dags/example_task_group.py
[2022-07-06 16:50:43,454] {logging_mixin.py:115} INFO - [2022-07-06 16:50:43,454] {dag.py:2379} INFO - Sync 1 DAGs
[2022-07-06 16:50:43,475] {logging_mixin.py:115} INFO - [2022-07-06 16:50:43,475] {dag.py:2927} INFO - Setting next_dagrun for example_task_group to 2022-07-05T08:50:43.475152+00:00, run_after=2022-07-06T08:50:43.475152+00:00
[2022-07-06 16:50:43,507] {processor.py:161} INFO - Processing /Users/joyang0419/opt/anaconda3/envs/AirFlowBasicExample/lib/python3.8/site-packages/airflow/example_dags/example_task_group.py took 0.143 seconds
[2022-07-06 16:52:25,861] {processor.py:153} INFO - Started process (PID=12780) to work on /Users/joyang0419/opt/anaconda3/envs/AirFlowBasicExample/lib/python3.8/site-packages/airflow/example_dags/example_task_group.py
[2022-07-06 16:52:25,861] {processor.py:641} INFO - Processing file /Users/joyang0419/opt/anaconda3/envs/AirFlowBasicExample/lib/python3.8/site-packages/airflow/example_dags/example_task_group.py for tasks to queue
[2022-07-06 16:52:25,861] {logging_mixin.py:115} INFO - [2022-07-06 16:52:25,861] {dagbag.py:507} INFO - Filling up the DagBag from /Users/joyang0419/opt/anaconda3/envs/AirFlowBasicExample/lib/python3.8/site-packages/airflow/example_dags/example_task_group.py
[2022-07-06 16:52:25,868] {processor.py:651} INFO - DAG(s) dict_keys(['example_task_group']) retrieved from /Users/joyang0419/opt/anaconda3/envs/AirFlowBasicExample/lib/python3.8/site-packages/airflow/example_dags/example_task_group.py
[2022-07-06 16:52:25,933] {logging_mixin.py:115} INFO - [2022-07-06 16:52:25,933] {dag.py:2379} INFO - Sync 1 DAGs
[2022-07-06 16:52:25,947] {logging_mixin.py:115} INFO - [2022-07-06 16:52:25,947] {dag.py:2927} INFO - Setting next_dagrun for example_task_group to 2022-07-05T08:52:25.947518+00:00, run_after=2022-07-06T08:52:25.947518+00:00
[2022-07-06 16:52:25,970] {processor.py:161} INFO - Processing /Users/joyang0419/opt/anaconda3/envs/AirFlowBasicExample/lib/python3.8/site-packages/airflow/example_dags/example_task_group.py took 0.109 seconds
[2022-07-06 16:52:37,161] {processor.py:153} INFO - Started process (PID=12849) to work on /Users/joyang0419/opt/anaconda3/envs/AirFlowBasicExample/lib/python3.8/site-packages/airflow/example_dags/example_task_group.py
[2022-07-06 16:52:37,161] {processor.py:641} INFO - Processing file /Users/joyang0419/opt/anaconda3/envs/AirFlowBasicExample/lib/python3.8/site-packages/airflow/example_dags/example_task_group.py for tasks to queue
[2022-07-06 16:52:37,161] {logging_mixin.py:115} INFO - [2022-07-06 16:52:37,161] {dagbag.py:507} INFO - Filling up the DagBag from /Users/joyang0419/opt/anaconda3/envs/AirFlowBasicExample/lib/python3.8/site-packages/airflow/example_dags/example_task_group.py
[2022-07-06 16:52:37,168] {processor.py:651} INFO - DAG(s) dict_keys(['example_task_group']) retrieved from /Users/joyang0419/opt/anaconda3/envs/AirFlowBasicExample/lib/python3.8/site-packages/airflow/example_dags/example_task_group.py
[2022-07-06 16:52:37,234] {logging_mixin.py:115} INFO - [2022-07-06 16:52:37,234] {dag.py:2379} INFO - Sync 1 DAGs
[2022-07-06 16:52:37,246] {logging_mixin.py:115} INFO - [2022-07-06 16:52:37,246] {dag.py:2927} INFO - Setting next_dagrun for example_task_group to 2022-07-05T08:52:37.245949+00:00, run_after=2022-07-06T08:52:37.245949+00:00
[2022-07-06 16:52:37,262] {processor.py:161} INFO - Processing /Users/joyang0419/opt/anaconda3/envs/AirFlowBasicExample/lib/python3.8/site-packages/airflow/example_dags/example_task_group.py took 0.102 seconds
[2022-07-06 16:52:47,597] {processor.py:153} INFO - Started process (PID=12916) to work on /Users/joyang0419/opt/anaconda3/envs/AirFlowBasicExample/lib/python3.8/site-packages/airflow/example_dags/example_task_group.py
[2022-07-06 16:52:47,597] {processor.py:641} INFO - Processing file /Users/joyang0419/opt/anaconda3/envs/AirFlowBasicExample/lib/python3.8/site-packages/airflow/example_dags/example_task_group.py for tasks to queue
[2022-07-06 16:52:47,597] {logging_mixin.py:115} INFO - [2022-07-06 16:52:47,597] {dagbag.py:507} INFO - Filling up the DagBag from /Users/joyang0419/opt/anaconda3/envs/AirFlowBasicExample/lib/python3.8/site-packages/airflow/example_dags/example_task_group.py
[2022-07-06 16:52:47,604] {processor.py:651} INFO - DAG(s) dict_keys(['example_task_group']) retrieved from /Users/joyang0419/opt/anaconda3/envs/AirFlowBasicExample/lib/python3.8/site-packages/airflow/example_dags/example_task_group.py
[2022-07-06 16:52:47,654] {logging_mixin.py:115} INFO - [2022-07-06 16:52:47,654] {dag.py:2379} INFO - Sync 1 DAGs
[2022-07-06 16:52:47,666] {logging_mixin.py:115} INFO - [2022-07-06 16:52:47,666] {dag.py:2927} INFO - Setting next_dagrun for example_task_group to 2022-07-05T08:52:47.665982+00:00, run_after=2022-07-06T08:52:47.665982+00:00
[2022-07-06 16:52:47,684] {processor.py:161} INFO - Processing /Users/joyang0419/opt/anaconda3/envs/AirFlowBasicExample/lib/python3.8/site-packages/airflow/example_dags/example_task_group.py took 0.087 seconds
[2022-07-06 16:53:00,106] {processor.py:153} INFO - Started process (PID=12988) to work on /Users/joyang0419/opt/anaconda3/envs/AirFlowBasicExample/lib/python3.8/site-packages/airflow/example_dags/example_task_group.py
[2022-07-06 16:53:00,106] {processor.py:641} INFO - Processing file /Users/joyang0419/opt/anaconda3/envs/AirFlowBasicExample/lib/python3.8/site-packages/airflow/example_dags/example_task_group.py for tasks to queue
[2022-07-06 16:53:00,107] {logging_mixin.py:115} INFO - [2022-07-06 16:53:00,107] {dagbag.py:507} INFO - Filling up the DagBag from /Users/joyang0419/opt/anaconda3/envs/AirFlowBasicExample/lib/python3.8/site-packages/airflow/example_dags/example_task_group.py
[2022-07-06 16:53:00,116] {processor.py:651} INFO - DAG(s) dict_keys(['example_task_group']) retrieved from /Users/joyang0419/opt/anaconda3/envs/AirFlowBasicExample/lib/python3.8/site-packages/airflow/example_dags/example_task_group.py
[2022-07-06 16:53:00,179] {logging_mixin.py:115} INFO - [2022-07-06 16:53:00,179] {dag.py:2379} INFO - Sync 1 DAGs
[2022-07-06 16:53:00,195] {logging_mixin.py:115} INFO - [2022-07-06 16:53:00,195] {dag.py:2927} INFO - Setting next_dagrun for example_task_group to 2022-07-05T08:53:00.195454+00:00, run_after=2022-07-06T08:53:00.195454+00:00
[2022-07-06 16:53:00,220] {processor.py:161} INFO - Processing /Users/joyang0419/opt/anaconda3/envs/AirFlowBasicExample/lib/python3.8/site-packages/airflow/example_dags/example_task_group.py took 0.114 seconds
[2022-07-06 16:53:11,064] {processor.py:153} INFO - Started process (PID=13054) to work on /Users/joyang0419/opt/anaconda3/envs/AirFlowBasicExample/lib/python3.8/site-packages/airflow/example_dags/example_task_group.py
[2022-07-06 16:53:11,064] {processor.py:641} INFO - Processing file /Users/joyang0419/opt/anaconda3/envs/AirFlowBasicExample/lib/python3.8/site-packages/airflow/example_dags/example_task_group.py for tasks to queue
[2022-07-06 16:53:11,064] {logging_mixin.py:115} INFO - [2022-07-06 16:53:11,064] {dagbag.py:507} INFO - Filling up the DagBag from /Users/joyang0419/opt/anaconda3/envs/AirFlowBasicExample/lib/python3.8/site-packages/airflow/example_dags/example_task_group.py
[2022-07-06 16:53:11,071] {processor.py:651} INFO - DAG(s) dict_keys(['example_task_group']) retrieved from /Users/joyang0419/opt/anaconda3/envs/AirFlowBasicExample/lib/python3.8/site-packages/airflow/example_dags/example_task_group.py
[2022-07-06 16:53:11,136] {logging_mixin.py:115} INFO - [2022-07-06 16:53:11,136] {dag.py:2379} INFO - Sync 1 DAGs
[2022-07-06 16:53:11,152] {logging_mixin.py:115} INFO - [2022-07-06 16:53:11,152] {dag.py:2927} INFO - Setting next_dagrun for example_task_group to 2022-07-05T08:53:11.152211+00:00, run_after=2022-07-06T08:53:11.152211+00:00
[2022-07-06 16:53:11,168] {processor.py:161} INFO - Processing /Users/joyang0419/opt/anaconda3/envs/AirFlowBasicExample/lib/python3.8/site-packages/airflow/example_dags/example_task_group.py took 0.105 seconds
[2022-07-06 16:53:22,385] {processor.py:153} INFO - Started process (PID=13121) to work on /Users/joyang0419/opt/anaconda3/envs/AirFlowBasicExample/lib/python3.8/site-packages/airflow/example_dags/example_task_group.py
[2022-07-06 16:53:22,385] {processor.py:641} INFO - Processing file /Users/joyang0419/opt/anaconda3/envs/AirFlowBasicExample/lib/python3.8/site-packages/airflow/example_dags/example_task_group.py for tasks to queue
[2022-07-06 16:53:22,385] {logging_mixin.py:115} INFO - [2022-07-06 16:53:22,385] {dagbag.py:507} INFO - Filling up the DagBag from /Users/joyang0419/opt/anaconda3/envs/AirFlowBasicExample/lib/python3.8/site-packages/airflow/example_dags/example_task_group.py
[2022-07-06 16:53:22,392] {processor.py:651} INFO - DAG(s) dict_keys(['example_task_group']) retrieved from /Users/joyang0419/opt/anaconda3/envs/AirFlowBasicExample/lib/python3.8/site-packages/airflow/example_dags/example_task_group.py
[2022-07-06 16:53:22,460] {logging_mixin.py:115} INFO - [2022-07-06 16:53:22,459] {dag.py:2379} INFO - Sync 1 DAGs
[2022-07-06 16:53:22,473] {logging_mixin.py:115} INFO - [2022-07-06 16:53:22,473] {dag.py:2927} INFO - Setting next_dagrun for example_task_group to 2022-07-05T08:53:22.473490+00:00, run_after=2022-07-06T08:53:22.473490+00:00
[2022-07-06 16:53:22,497] {processor.py:161} INFO - Processing /Users/joyang0419/opt/anaconda3/envs/AirFlowBasicExample/lib/python3.8/site-packages/airflow/example_dags/example_task_group.py took 0.113 seconds
[2022-07-06 16:53:33,446] {processor.py:153} INFO - Started process (PID=13187) to work on /Users/joyang0419/opt/anaconda3/envs/AirFlowBasicExample/lib/python3.8/site-packages/airflow/example_dags/example_task_group.py
[2022-07-06 16:53:33,446] {processor.py:641} INFO - Processing file /Users/joyang0419/opt/anaconda3/envs/AirFlowBasicExample/lib/python3.8/site-packages/airflow/example_dags/example_task_group.py for tasks to queue
[2022-07-06 16:53:33,447] {logging_mixin.py:115} INFO - [2022-07-06 16:53:33,447] {dagbag.py:507} INFO - Filling up the DagBag from /Users/joyang0419/opt/anaconda3/envs/AirFlowBasicExample/lib/python3.8/site-packages/airflow/example_dags/example_task_group.py
[2022-07-06 16:53:33,455] {processor.py:651} INFO - DAG(s) dict_keys(['example_task_group']) retrieved from /Users/joyang0419/opt/anaconda3/envs/AirFlowBasicExample/lib/python3.8/site-packages/airflow/example_dags/example_task_group.py
[2022-07-06 16:53:33,509] {logging_mixin.py:115} INFO - [2022-07-06 16:53:33,509] {dag.py:2379} INFO - Sync 1 DAGs
[2022-07-06 16:53:33,522] {logging_mixin.py:115} INFO - [2022-07-06 16:53:33,522] {dag.py:2927} INFO - Setting next_dagrun for example_task_group to 2022-07-05T08:53:33.522511+00:00, run_after=2022-07-06T08:53:33.522511+00:00
[2022-07-06 16:53:33,539] {processor.py:161} INFO - Processing /Users/joyang0419/opt/anaconda3/envs/AirFlowBasicExample/lib/python3.8/site-packages/airflow/example_dags/example_task_group.py took 0.094 seconds
[2022-07-06 16:53:44,993] {processor.py:153} INFO - Started process (PID=13257) to work on /Users/joyang0419/opt/anaconda3/envs/AirFlowBasicExample/lib/python3.8/site-packages/airflow/example_dags/example_task_group.py
[2022-07-06 16:53:44,993] {processor.py:641} INFO - Processing file /Users/joyang0419/opt/anaconda3/envs/AirFlowBasicExample/lib/python3.8/site-packages/airflow/example_dags/example_task_group.py for tasks to queue
[2022-07-06 16:53:44,994] {logging_mixin.py:115} INFO - [2022-07-06 16:53:44,994] {dagbag.py:507} INFO - Filling up the DagBag from /Users/joyang0419/opt/anaconda3/envs/AirFlowBasicExample/lib/python3.8/site-packages/airflow/example_dags/example_task_group.py
[2022-07-06 16:53:45,001] {processor.py:651} INFO - DAG(s) dict_keys(['example_task_group']) retrieved from /Users/joyang0419/opt/anaconda3/envs/AirFlowBasicExample/lib/python3.8/site-packages/airflow/example_dags/example_task_group.py
[2022-07-06 16:53:45,050] {logging_mixin.py:115} INFO - [2022-07-06 16:53:45,050] {dag.py:2379} INFO - Sync 1 DAGs
[2022-07-06 16:53:45,063] {logging_mixin.py:115} INFO - [2022-07-06 16:53:45,063] {dag.py:2927} INFO - Setting next_dagrun for example_task_group to 2022-07-05T08:53:45.063310+00:00, run_after=2022-07-06T08:53:45.063310+00:00
[2022-07-06 16:53:45,080] {processor.py:161} INFO - Processing /Users/joyang0419/opt/anaconda3/envs/AirFlowBasicExample/lib/python3.8/site-packages/airflow/example_dags/example_task_group.py took 0.088 seconds
[2022-07-06 16:53:55,317] {processor.py:153} INFO - Started process (PID=13328) to work on /Users/joyang0419/opt/anaconda3/envs/AirFlowBasicExample/lib/python3.8/site-packages/airflow/example_dags/example_task_group.py
[2022-07-06 16:53:55,317] {processor.py:641} INFO - Processing file /Users/joyang0419/opt/anaconda3/envs/AirFlowBasicExample/lib/python3.8/site-packages/airflow/example_dags/example_task_group.py for tasks to queue
[2022-07-06 16:53:55,318] {logging_mixin.py:115} INFO - [2022-07-06 16:53:55,318] {dagbag.py:507} INFO - Filling up the DagBag from /Users/joyang0419/opt/anaconda3/envs/AirFlowBasicExample/lib/python3.8/site-packages/airflow/example_dags/example_task_group.py
[2022-07-06 16:53:55,327] {processor.py:651} INFO - DAG(s) dict_keys(['example_task_group']) retrieved from /Users/joyang0419/opt/anaconda3/envs/AirFlowBasicExample/lib/python3.8/site-packages/airflow/example_dags/example_task_group.py
[2022-07-06 16:53:55,384] {logging_mixin.py:115} INFO - [2022-07-06 16:53:55,384] {dag.py:2379} INFO - Sync 1 DAGs
[2022-07-06 16:53:55,398] {logging_mixin.py:115} INFO - [2022-07-06 16:53:55,398] {dag.py:2927} INFO - Setting next_dagrun for example_task_group to 2022-07-05T08:53:55.398162+00:00, run_after=2022-07-06T08:53:55.398162+00:00
[2022-07-06 16:53:55,419] {processor.py:161} INFO - Processing /Users/joyang0419/opt/anaconda3/envs/AirFlowBasicExample/lib/python3.8/site-packages/airflow/example_dags/example_task_group.py took 0.102 seconds
[2022-07-06 16:54:07,338] {processor.py:153} INFO - Started process (PID=13409) to work on /Users/joyang0419/opt/anaconda3/envs/AirFlowBasicExample/lib/python3.8/site-packages/airflow/example_dags/example_task_group.py
[2022-07-06 16:54:07,338] {processor.py:641} INFO - Processing file /Users/joyang0419/opt/anaconda3/envs/AirFlowBasicExample/lib/python3.8/site-packages/airflow/example_dags/example_task_group.py for tasks to queue
[2022-07-06 16:54:07,338] {logging_mixin.py:115} INFO - [2022-07-06 16:54:07,338] {dagbag.py:507} INFO - Filling up the DagBag from /Users/joyang0419/opt/anaconda3/envs/AirFlowBasicExample/lib/python3.8/site-packages/airflow/example_dags/example_task_group.py
[2022-07-06 16:54:07,347] {processor.py:651} INFO - DAG(s) dict_keys(['example_task_group']) retrieved from /Users/joyang0419/opt/anaconda3/envs/AirFlowBasicExample/lib/python3.8/site-packages/airflow/example_dags/example_task_group.py
[2022-07-06 16:54:07,412] {logging_mixin.py:115} INFO - [2022-07-06 16:54:07,412] {dag.py:2379} INFO - Sync 1 DAGs
[2022-07-06 16:54:07,430] {logging_mixin.py:115} INFO - [2022-07-06 16:54:07,430] {dag.py:2927} INFO - Setting next_dagrun for example_task_group to 2022-07-05T08:54:07.430289+00:00, run_after=2022-07-06T08:54:07.430289+00:00
[2022-07-06 16:54:07,459] {processor.py:161} INFO - Processing /Users/joyang0419/opt/anaconda3/envs/AirFlowBasicExample/lib/python3.8/site-packages/airflow/example_dags/example_task_group.py took 0.122 seconds
