[2022-07-06 16:48:55,381] {processor.py:153} INFO - Started process (PID=12151) to work on /Users/joyang0419/opt/anaconda3/envs/AirFlowBasicExample/lib/python3.8/site-packages/airflow/example_dags/example_time_delta_sensor_async.py
[2022-07-06 16:48:55,381] {processor.py:641} INFO - Processing file /Users/joyang0419/opt/anaconda3/envs/AirFlowBasicExample/lib/python3.8/site-packages/airflow/example_dags/example_time_delta_sensor_async.py for tasks to queue
[2022-07-06 16:48:55,381] {logging_mixin.py:115} INFO - [2022-07-06 16:48:55,381] {dagbag.py:507} INFO - Filling up the DagBag from /Users/joyang0419/opt/anaconda3/envs/AirFlowBasicExample/lib/python3.8/site-packages/airflow/example_dags/example_time_delta_sensor_async.py
[2022-07-06 16:48:55,390] {processor.py:651} INFO - DAG(s) dict_keys(['example_time_delta_sensor_async']) retrieved from /Users/joyang0419/opt/anaconda3/envs/AirFlowBasicExample/lib/python3.8/site-packages/airflow/example_dags/example_time_delta_sensor_async.py
[2022-07-06 16:48:56,156] {logging_mixin.py:115} INFO - [2022-07-06 16:48:56,156] {manager.py:508} INFO - Created Permission View: can delete on DAG:example_time_delta_sensor_async
[2022-07-06 16:48:56,188] {logging_mixin.py:115} INFO - [2022-07-06 16:48:56,188] {manager.py:508} INFO - Created Permission View: can read on DAG:example_time_delta_sensor_async
[2022-07-06 16:48:56,232] {logging_mixin.py:115} INFO - [2022-07-06 16:48:56,232] {manager.py:508} INFO - Created Permission View: can edit on DAG:example_time_delta_sensor_async
[2022-07-06 16:48:56,232] {logging_mixin.py:115} INFO - [2022-07-06 16:48:56,232] {dag.py:2379} INFO - Sync 1 DAGs
[2022-07-06 16:48:56,249] {logging_mixin.py:115} INFO - [2022-07-06 16:48:56,248] {dag.py:2398} INFO - Creating ORM DAG for example_time_delta_sensor_async
[2022-07-06 16:48:56,269] {logging_mixin.py:115} INFO - [2022-07-06 16:48:56,268] {dag.py:2927} INFO - Setting next_dagrun for example_time_delta_sensor_async to None, run_after=None
[2022-07-06 16:48:56,330] {processor.py:161} INFO - Processing /Users/joyang0419/opt/anaconda3/envs/AirFlowBasicExample/lib/python3.8/site-packages/airflow/example_dags/example_time_delta_sensor_async.py took 0.950 seconds
[2022-07-06 16:50:05,551] {processor.py:153} INFO - Started process (PID=12444) to work on /Users/joyang0419/opt/anaconda3/envs/AirFlowBasicExample/lib/python3.8/site-packages/airflow/example_dags/example_time_delta_sensor_async.py
[2022-07-06 16:50:05,552] {processor.py:641} INFO - Processing file /Users/joyang0419/opt/anaconda3/envs/AirFlowBasicExample/lib/python3.8/site-packages/airflow/example_dags/example_time_delta_sensor_async.py for tasks to queue
[2022-07-06 16:50:05,552] {logging_mixin.py:115} INFO - [2022-07-06 16:50:05,552] {dagbag.py:507} INFO - Filling up the DagBag from /Users/joyang0419/opt/anaconda3/envs/AirFlowBasicExample/lib/python3.8/site-packages/airflow/example_dags/example_time_delta_sensor_async.py
[2022-07-06 16:50:05,560] {processor.py:651} INFO - DAG(s) dict_keys(['example_time_delta_sensor_async']) retrieved from /Users/joyang0419/opt/anaconda3/envs/AirFlowBasicExample/lib/python3.8/site-packages/airflow/example_dags/example_time_delta_sensor_async.py
[2022-07-06 16:50:05,616] {logging_mixin.py:115} INFO - [2022-07-06 16:50:05,616] {dag.py:2379} INFO - Sync 1 DAGs
[2022-07-06 16:50:05,629] {logging_mixin.py:115} INFO - [2022-07-06 16:50:05,629] {dag.py:2927} INFO - Setting next_dagrun for example_time_delta_sensor_async to None, run_after=None
[2022-07-06 16:50:05,646] {processor.py:161} INFO - Processing /Users/joyang0419/opt/anaconda3/envs/AirFlowBasicExample/lib/python3.8/site-packages/airflow/example_dags/example_time_delta_sensor_async.py took 0.096 seconds
[2022-07-06 16:50:21,234] {processor.py:153} INFO - Started process (PID=12513) to work on /Users/joyang0419/opt/anaconda3/envs/AirFlowBasicExample/lib/python3.8/site-packages/airflow/example_dags/example_time_delta_sensor_async.py
[2022-07-06 16:50:21,234] {processor.py:641} INFO - Processing file /Users/joyang0419/opt/anaconda3/envs/AirFlowBasicExample/lib/python3.8/site-packages/airflow/example_dags/example_time_delta_sensor_async.py for tasks to queue
[2022-07-06 16:50:21,235] {logging_mixin.py:115} INFO - [2022-07-06 16:50:21,235] {dagbag.py:507} INFO - Filling up the DagBag from /Users/joyang0419/opt/anaconda3/envs/AirFlowBasicExample/lib/python3.8/site-packages/airflow/example_dags/example_time_delta_sensor_async.py
[2022-07-06 16:50:21,242] {processor.py:651} INFO - DAG(s) dict_keys(['example_time_delta_sensor_async']) retrieved from /Users/joyang0419/opt/anaconda3/envs/AirFlowBasicExample/lib/python3.8/site-packages/airflow/example_dags/example_time_delta_sensor_async.py
[2022-07-06 16:50:21,295] {logging_mixin.py:115} INFO - [2022-07-06 16:50:21,295] {dag.py:2379} INFO - Sync 1 DAGs
[2022-07-06 16:50:21,307] {logging_mixin.py:115} INFO - [2022-07-06 16:50:21,307] {dag.py:2927} INFO - Setting next_dagrun for example_time_delta_sensor_async to None, run_after=None
[2022-07-06 16:50:21,323] {processor.py:161} INFO - Processing /Users/joyang0419/opt/anaconda3/envs/AirFlowBasicExample/lib/python3.8/site-packages/airflow/example_dags/example_time_delta_sensor_async.py took 0.089 seconds
[2022-07-06 16:50:31,007] {processor.py:153} INFO - Started process (PID=12577) to work on /Users/joyang0419/opt/anaconda3/envs/AirFlowBasicExample/lib/python3.8/site-packages/airflow/example_dags/example_time_delta_sensor_async.py
[2022-07-06 16:50:31,007] {processor.py:641} INFO - Processing file /Users/joyang0419/opt/anaconda3/envs/AirFlowBasicExample/lib/python3.8/site-packages/airflow/example_dags/example_time_delta_sensor_async.py for tasks to queue
[2022-07-06 16:50:31,007] {logging_mixin.py:115} INFO - [2022-07-06 16:50:31,007] {dagbag.py:507} INFO - Filling up the DagBag from /Users/joyang0419/opt/anaconda3/envs/AirFlowBasicExample/lib/python3.8/site-packages/airflow/example_dags/example_time_delta_sensor_async.py
[2022-07-06 16:50:31,013] {processor.py:651} INFO - DAG(s) dict_keys(['example_time_delta_sensor_async']) retrieved from /Users/joyang0419/opt/anaconda3/envs/AirFlowBasicExample/lib/python3.8/site-packages/airflow/example_dags/example_time_delta_sensor_async.py
[2022-07-06 16:50:31,080] {logging_mixin.py:115} INFO - [2022-07-06 16:50:31,080] {dag.py:2379} INFO - Sync 1 DAGs
[2022-07-06 16:50:31,094] {logging_mixin.py:115} INFO - [2022-07-06 16:50:31,094] {dag.py:2927} INFO - Setting next_dagrun for example_time_delta_sensor_async to None, run_after=None
[2022-07-06 16:50:31,116] {processor.py:161} INFO - Processing /Users/joyang0419/opt/anaconda3/envs/AirFlowBasicExample/lib/python3.8/site-packages/airflow/example_dags/example_time_delta_sensor_async.py took 0.110 seconds
[2022-07-06 16:50:42,645] {processor.py:153} INFO - Started process (PID=12644) to work on /Users/joyang0419/opt/anaconda3/envs/AirFlowBasicExample/lib/python3.8/site-packages/airflow/example_dags/example_time_delta_sensor_async.py
[2022-07-06 16:50:42,645] {processor.py:641} INFO - Processing file /Users/joyang0419/opt/anaconda3/envs/AirFlowBasicExample/lib/python3.8/site-packages/airflow/example_dags/example_time_delta_sensor_async.py for tasks to queue
[2022-07-06 16:50:42,645] {logging_mixin.py:115} INFO - [2022-07-06 16:50:42,645] {dagbag.py:507} INFO - Filling up the DagBag from /Users/joyang0419/opt/anaconda3/envs/AirFlowBasicExample/lib/python3.8/site-packages/airflow/example_dags/example_time_delta_sensor_async.py
[2022-07-06 16:50:42,654] {processor.py:651} INFO - DAG(s) dict_keys(['example_time_delta_sensor_async']) retrieved from /Users/joyang0419/opt/anaconda3/envs/AirFlowBasicExample/lib/python3.8/site-packages/airflow/example_dags/example_time_delta_sensor_async.py
[2022-07-06 16:50:42,733] {logging_mixin.py:115} INFO - [2022-07-06 16:50:42,733] {dag.py:2379} INFO - Sync 1 DAGs
[2022-07-06 16:50:42,759] {logging_mixin.py:115} INFO - [2022-07-06 16:50:42,759] {dag.py:2927} INFO - Setting next_dagrun for example_time_delta_sensor_async to None, run_after=None
[2022-07-06 16:50:42,782] {processor.py:161} INFO - Processing /Users/joyang0419/opt/anaconda3/envs/AirFlowBasicExample/lib/python3.8/site-packages/airflow/example_dags/example_time_delta_sensor_async.py took 0.138 seconds
[2022-07-06 16:52:25,262] {processor.py:153} INFO - Started process (PID=12776) to work on /Users/joyang0419/opt/anaconda3/envs/AirFlowBasicExample/lib/python3.8/site-packages/airflow/example_dags/example_time_delta_sensor_async.py
[2022-07-06 16:52:25,262] {processor.py:641} INFO - Processing file /Users/joyang0419/opt/anaconda3/envs/AirFlowBasicExample/lib/python3.8/site-packages/airflow/example_dags/example_time_delta_sensor_async.py for tasks to queue
[2022-07-06 16:52:25,263] {logging_mixin.py:115} INFO - [2022-07-06 16:52:25,263] {dagbag.py:507} INFO - Filling up the DagBag from /Users/joyang0419/opt/anaconda3/envs/AirFlowBasicExample/lib/python3.8/site-packages/airflow/example_dags/example_time_delta_sensor_async.py
[2022-07-06 16:52:25,270] {processor.py:651} INFO - DAG(s) dict_keys(['example_time_delta_sensor_async']) retrieved from /Users/joyang0419/opt/anaconda3/envs/AirFlowBasicExample/lib/python3.8/site-packages/airflow/example_dags/example_time_delta_sensor_async.py
[2022-07-06 16:52:25,323] {logging_mixin.py:115} INFO - [2022-07-06 16:52:25,323] {dag.py:2379} INFO - Sync 1 DAGs
[2022-07-06 16:52:25,335] {logging_mixin.py:115} INFO - [2022-07-06 16:52:25,335] {dag.py:2927} INFO - Setting next_dagrun for example_time_delta_sensor_async to None, run_after=None
[2022-07-06 16:52:25,352] {processor.py:161} INFO - Processing /Users/joyang0419/opt/anaconda3/envs/AirFlowBasicExample/lib/python3.8/site-packages/airflow/example_dags/example_time_delta_sensor_async.py took 0.090 seconds
[2022-07-06 16:52:36,546] {processor.py:153} INFO - Started process (PID=12845) to work on /Users/joyang0419/opt/anaconda3/envs/AirFlowBasicExample/lib/python3.8/site-packages/airflow/example_dags/example_time_delta_sensor_async.py
[2022-07-06 16:52:36,546] {processor.py:641} INFO - Processing file /Users/joyang0419/opt/anaconda3/envs/AirFlowBasicExample/lib/python3.8/site-packages/airflow/example_dags/example_time_delta_sensor_async.py for tasks to queue
[2022-07-06 16:52:36,546] {logging_mixin.py:115} INFO - [2022-07-06 16:52:36,546] {dagbag.py:507} INFO - Filling up the DagBag from /Users/joyang0419/opt/anaconda3/envs/AirFlowBasicExample/lib/python3.8/site-packages/airflow/example_dags/example_time_delta_sensor_async.py
[2022-07-06 16:52:36,553] {processor.py:651} INFO - DAG(s) dict_keys(['example_time_delta_sensor_async']) retrieved from /Users/joyang0419/opt/anaconda3/envs/AirFlowBasicExample/lib/python3.8/site-packages/airflow/example_dags/example_time_delta_sensor_async.py
[2022-07-06 16:52:36,619] {logging_mixin.py:115} INFO - [2022-07-06 16:52:36,619] {dag.py:2379} INFO - Sync 1 DAGs
[2022-07-06 16:52:36,633] {logging_mixin.py:115} INFO - [2022-07-06 16:52:36,633] {dag.py:2927} INFO - Setting next_dagrun for example_time_delta_sensor_async to None, run_after=None
[2022-07-06 16:52:36,654] {processor.py:161} INFO - Processing /Users/joyang0419/opt/anaconda3/envs/AirFlowBasicExample/lib/python3.8/site-packages/airflow/example_dags/example_time_delta_sensor_async.py took 0.109 seconds
[2022-07-06 16:52:46,948] {processor.py:153} INFO - Started process (PID=12912) to work on /Users/joyang0419/opt/anaconda3/envs/AirFlowBasicExample/lib/python3.8/site-packages/airflow/example_dags/example_time_delta_sensor_async.py
[2022-07-06 16:52:46,948] {processor.py:641} INFO - Processing file /Users/joyang0419/opt/anaconda3/envs/AirFlowBasicExample/lib/python3.8/site-packages/airflow/example_dags/example_time_delta_sensor_async.py for tasks to queue
[2022-07-06 16:52:46,948] {logging_mixin.py:115} INFO - [2022-07-06 16:52:46,948] {dagbag.py:507} INFO - Filling up the DagBag from /Users/joyang0419/opt/anaconda3/envs/AirFlowBasicExample/lib/python3.8/site-packages/airflow/example_dags/example_time_delta_sensor_async.py
[2022-07-06 16:52:46,955] {processor.py:651} INFO - DAG(s) dict_keys(['example_time_delta_sensor_async']) retrieved from /Users/joyang0419/opt/anaconda3/envs/AirFlowBasicExample/lib/python3.8/site-packages/airflow/example_dags/example_time_delta_sensor_async.py
[2022-07-06 16:52:47,022] {logging_mixin.py:115} INFO - [2022-07-06 16:52:47,022] {dag.py:2379} INFO - Sync 1 DAGs
[2022-07-06 16:52:47,038] {logging_mixin.py:115} INFO - [2022-07-06 16:52:47,038] {dag.py:2927} INFO - Setting next_dagrun for example_time_delta_sensor_async to None, run_after=None
[2022-07-06 16:52:47,066] {processor.py:161} INFO - Processing /Users/joyang0419/opt/anaconda3/envs/AirFlowBasicExample/lib/python3.8/site-packages/airflow/example_dags/example_time_delta_sensor_async.py took 0.119 seconds
[2022-07-06 16:52:59,170] {processor.py:153} INFO - Started process (PID=12984) to work on /Users/joyang0419/opt/anaconda3/envs/AirFlowBasicExample/lib/python3.8/site-packages/airflow/example_dags/example_time_delta_sensor_async.py
[2022-07-06 16:52:59,171] {processor.py:641} INFO - Processing file /Users/joyang0419/opt/anaconda3/envs/AirFlowBasicExample/lib/python3.8/site-packages/airflow/example_dags/example_time_delta_sensor_async.py for tasks to queue
[2022-07-06 16:52:59,171] {logging_mixin.py:115} INFO - [2022-07-06 16:52:59,171] {dagbag.py:507} INFO - Filling up the DagBag from /Users/joyang0419/opt/anaconda3/envs/AirFlowBasicExample/lib/python3.8/site-packages/airflow/example_dags/example_time_delta_sensor_async.py
[2022-07-06 16:52:59,191] {processor.py:651} INFO - DAG(s) dict_keys(['example_time_delta_sensor_async']) retrieved from /Users/joyang0419/opt/anaconda3/envs/AirFlowBasicExample/lib/python3.8/site-packages/airflow/example_dags/example_time_delta_sensor_async.py
[2022-07-06 16:52:59,361] {logging_mixin.py:115} INFO - [2022-07-06 16:52:59,361] {dag.py:2379} INFO - Sync 1 DAGs
[2022-07-06 16:52:59,383] {logging_mixin.py:115} INFO - [2022-07-06 16:52:59,383] {dag.py:2927} INFO - Setting next_dagrun for example_time_delta_sensor_async to None, run_after=None
[2022-07-06 16:52:59,431] {processor.py:161} INFO - Processing /Users/joyang0419/opt/anaconda3/envs/AirFlowBasicExample/lib/python3.8/site-packages/airflow/example_dags/example_time_delta_sensor_async.py took 0.261 seconds
[2022-07-06 16:53:10,441] {processor.py:153} INFO - Started process (PID=13050) to work on /Users/joyang0419/opt/anaconda3/envs/AirFlowBasicExample/lib/python3.8/site-packages/airflow/example_dags/example_time_delta_sensor_async.py
[2022-07-06 16:53:10,441] {processor.py:641} INFO - Processing file /Users/joyang0419/opt/anaconda3/envs/AirFlowBasicExample/lib/python3.8/site-packages/airflow/example_dags/example_time_delta_sensor_async.py for tasks to queue
[2022-07-06 16:53:10,441] {logging_mixin.py:115} INFO - [2022-07-06 16:53:10,441] {dagbag.py:507} INFO - Filling up the DagBag from /Users/joyang0419/opt/anaconda3/envs/AirFlowBasicExample/lib/python3.8/site-packages/airflow/example_dags/example_time_delta_sensor_async.py
[2022-07-06 16:53:10,448] {processor.py:651} INFO - DAG(s) dict_keys(['example_time_delta_sensor_async']) retrieved from /Users/joyang0419/opt/anaconda3/envs/AirFlowBasicExample/lib/python3.8/site-packages/airflow/example_dags/example_time_delta_sensor_async.py
[2022-07-06 16:53:10,502] {logging_mixin.py:115} INFO - [2022-07-06 16:53:10,502] {dag.py:2379} INFO - Sync 1 DAGs
[2022-07-06 16:53:10,514] {logging_mixin.py:115} INFO - [2022-07-06 16:53:10,514] {dag.py:2927} INFO - Setting next_dagrun for example_time_delta_sensor_async to None, run_after=None
[2022-07-06 16:53:10,530] {processor.py:161} INFO - Processing /Users/joyang0419/opt/anaconda3/envs/AirFlowBasicExample/lib/python3.8/site-packages/airflow/example_dags/example_time_delta_sensor_async.py took 0.089 seconds
[2022-07-06 16:53:21,727] {processor.py:153} INFO - Started process (PID=13117) to work on /Users/joyang0419/opt/anaconda3/envs/AirFlowBasicExample/lib/python3.8/site-packages/airflow/example_dags/example_time_delta_sensor_async.py
[2022-07-06 16:53:21,727] {processor.py:641} INFO - Processing file /Users/joyang0419/opt/anaconda3/envs/AirFlowBasicExample/lib/python3.8/site-packages/airflow/example_dags/example_time_delta_sensor_async.py for tasks to queue
[2022-07-06 16:53:21,727] {logging_mixin.py:115} INFO - [2022-07-06 16:53:21,727] {dagbag.py:507} INFO - Filling up the DagBag from /Users/joyang0419/opt/anaconda3/envs/AirFlowBasicExample/lib/python3.8/site-packages/airflow/example_dags/example_time_delta_sensor_async.py
[2022-07-06 16:53:21,735] {processor.py:651} INFO - DAG(s) dict_keys(['example_time_delta_sensor_async']) retrieved from /Users/joyang0419/opt/anaconda3/envs/AirFlowBasicExample/lib/python3.8/site-packages/airflow/example_dags/example_time_delta_sensor_async.py
[2022-07-06 16:53:21,804] {logging_mixin.py:115} INFO - [2022-07-06 16:53:21,804] {dag.py:2379} INFO - Sync 1 DAGs
[2022-07-06 16:53:21,823] {logging_mixin.py:115} INFO - [2022-07-06 16:53:21,823] {dag.py:2927} INFO - Setting next_dagrun for example_time_delta_sensor_async to None, run_after=None
[2022-07-06 16:53:21,848] {processor.py:161} INFO - Processing /Users/joyang0419/opt/anaconda3/envs/AirFlowBasicExample/lib/python3.8/site-packages/airflow/example_dags/example_time_delta_sensor_async.py took 0.121 seconds
[2022-07-06 16:53:32,799] {processor.py:153} INFO - Started process (PID=13183) to work on /Users/joyang0419/opt/anaconda3/envs/AirFlowBasicExample/lib/python3.8/site-packages/airflow/example_dags/example_time_delta_sensor_async.py
[2022-07-06 16:53:32,800] {processor.py:641} INFO - Processing file /Users/joyang0419/opt/anaconda3/envs/AirFlowBasicExample/lib/python3.8/site-packages/airflow/example_dags/example_time_delta_sensor_async.py for tasks to queue
[2022-07-06 16:53:32,800] {logging_mixin.py:115} INFO - [2022-07-06 16:53:32,800] {dagbag.py:507} INFO - Filling up the DagBag from /Users/joyang0419/opt/anaconda3/envs/AirFlowBasicExample/lib/python3.8/site-packages/airflow/example_dags/example_time_delta_sensor_async.py
[2022-07-06 16:53:32,809] {processor.py:651} INFO - DAG(s) dict_keys(['example_time_delta_sensor_async']) retrieved from /Users/joyang0419/opt/anaconda3/envs/AirFlowBasicExample/lib/python3.8/site-packages/airflow/example_dags/example_time_delta_sensor_async.py
[2022-07-06 16:53:32,881] {logging_mixin.py:115} INFO - [2022-07-06 16:53:32,881] {dag.py:2379} INFO - Sync 1 DAGs
[2022-07-06 16:53:32,895] {logging_mixin.py:115} INFO - [2022-07-06 16:53:32,895] {dag.py:2927} INFO - Setting next_dagrun for example_time_delta_sensor_async to None, run_after=None
[2022-07-06 16:53:32,919] {processor.py:161} INFO - Processing /Users/joyang0419/opt/anaconda3/envs/AirFlowBasicExample/lib/python3.8/site-packages/airflow/example_dags/example_time_delta_sensor_async.py took 0.120 seconds
[2022-07-06 16:53:44,355] {processor.py:153} INFO - Started process (PID=13253) to work on /Users/joyang0419/opt/anaconda3/envs/AirFlowBasicExample/lib/python3.8/site-packages/airflow/example_dags/example_time_delta_sensor_async.py
[2022-07-06 16:53:44,355] {processor.py:641} INFO - Processing file /Users/joyang0419/opt/anaconda3/envs/AirFlowBasicExample/lib/python3.8/site-packages/airflow/example_dags/example_time_delta_sensor_async.py for tasks to queue
[2022-07-06 16:53:44,356] {logging_mixin.py:115} INFO - [2022-07-06 16:53:44,356] {dagbag.py:507} INFO - Filling up the DagBag from /Users/joyang0419/opt/anaconda3/envs/AirFlowBasicExample/lib/python3.8/site-packages/airflow/example_dags/example_time_delta_sensor_async.py
[2022-07-06 16:53:44,362] {processor.py:651} INFO - DAG(s) dict_keys(['example_time_delta_sensor_async']) retrieved from /Users/joyang0419/opt/anaconda3/envs/AirFlowBasicExample/lib/python3.8/site-packages/airflow/example_dags/example_time_delta_sensor_async.py
[2022-07-06 16:53:44,432] {logging_mixin.py:115} INFO - [2022-07-06 16:53:44,432] {dag.py:2379} INFO - Sync 1 DAGs
[2022-07-06 16:53:44,449] {logging_mixin.py:115} INFO - [2022-07-06 16:53:44,449] {dag.py:2927} INFO - Setting next_dagrun for example_time_delta_sensor_async to None, run_after=None
[2022-07-06 16:53:44,474] {processor.py:161} INFO - Processing /Users/joyang0419/opt/anaconda3/envs/AirFlowBasicExample/lib/python3.8/site-packages/airflow/example_dags/example_time_delta_sensor_async.py took 0.120 seconds
[2022-07-06 16:53:54,646] {processor.py:153} INFO - Started process (PID=13324) to work on /Users/joyang0419/opt/anaconda3/envs/AirFlowBasicExample/lib/python3.8/site-packages/airflow/example_dags/example_time_delta_sensor_async.py
[2022-07-06 16:53:54,646] {processor.py:641} INFO - Processing file /Users/joyang0419/opt/anaconda3/envs/AirFlowBasicExample/lib/python3.8/site-packages/airflow/example_dags/example_time_delta_sensor_async.py for tasks to queue
[2022-07-06 16:53:54,646] {logging_mixin.py:115} INFO - [2022-07-06 16:53:54,646] {dagbag.py:507} INFO - Filling up the DagBag from /Users/joyang0419/opt/anaconda3/envs/AirFlowBasicExample/lib/python3.8/site-packages/airflow/example_dags/example_time_delta_sensor_async.py
[2022-07-06 16:53:54,655] {processor.py:651} INFO - DAG(s) dict_keys(['example_time_delta_sensor_async']) retrieved from /Users/joyang0419/opt/anaconda3/envs/AirFlowBasicExample/lib/python3.8/site-packages/airflow/example_dags/example_time_delta_sensor_async.py
[2022-07-06 16:53:54,718] {logging_mixin.py:115} INFO - [2022-07-06 16:53:54,718] {dag.py:2379} INFO - Sync 1 DAGs
[2022-07-06 16:53:54,732] {logging_mixin.py:115} INFO - [2022-07-06 16:53:54,732] {dag.py:2927} INFO - Setting next_dagrun for example_time_delta_sensor_async to None, run_after=None
[2022-07-06 16:53:54,747] {processor.py:161} INFO - Processing /Users/joyang0419/opt/anaconda3/envs/AirFlowBasicExample/lib/python3.8/site-packages/airflow/example_dags/example_time_delta_sensor_async.py took 0.102 seconds
[2022-07-06 16:54:06,703] {processor.py:153} INFO - Started process (PID=13405) to work on /Users/joyang0419/opt/anaconda3/envs/AirFlowBasicExample/lib/python3.8/site-packages/airflow/example_dags/example_time_delta_sensor_async.py
[2022-07-06 16:54:06,703] {processor.py:641} INFO - Processing file /Users/joyang0419/opt/anaconda3/envs/AirFlowBasicExample/lib/python3.8/site-packages/airflow/example_dags/example_time_delta_sensor_async.py for tasks to queue
[2022-07-06 16:54:06,703] {logging_mixin.py:115} INFO - [2022-07-06 16:54:06,703] {dagbag.py:507} INFO - Filling up the DagBag from /Users/joyang0419/opt/anaconda3/envs/AirFlowBasicExample/lib/python3.8/site-packages/airflow/example_dags/example_time_delta_sensor_async.py
[2022-07-06 16:54:06,711] {processor.py:651} INFO - DAG(s) dict_keys(['example_time_delta_sensor_async']) retrieved from /Users/joyang0419/opt/anaconda3/envs/AirFlowBasicExample/lib/python3.8/site-packages/airflow/example_dags/example_time_delta_sensor_async.py
[2022-07-06 16:54:06,769] {logging_mixin.py:115} INFO - [2022-07-06 16:54:06,769] {dag.py:2379} INFO - Sync 1 DAGs
[2022-07-06 16:54:06,782] {logging_mixin.py:115} INFO - [2022-07-06 16:54:06,782] {dag.py:2927} INFO - Setting next_dagrun for example_time_delta_sensor_async to None, run_after=None
[2022-07-06 16:54:06,804] {processor.py:161} INFO - Processing /Users/joyang0419/opt/anaconda3/envs/AirFlowBasicExample/lib/python3.8/site-packages/airflow/example_dags/example_time_delta_sensor_async.py took 0.101 seconds
