[2022-07-06 16:50:11,715] {processor.py:153} INFO - Started process (PID=12470) to work on /Users/joyang0419/opt/anaconda3/envs/AirFlowBasicExample/lib/python3.8/site-packages/airflow/example_dags/example_kubernetes_executor.py
[2022-07-06 16:50:11,716] {processor.py:641} INFO - Processing file /Users/joyang0419/opt/anaconda3/envs/AirFlowBasicExample/lib/python3.8/site-packages/airflow/example_dags/example_kubernetes_executor.py for tasks to queue
[2022-07-06 16:50:11,716] {logging_mixin.py:115} INFO - [2022-07-06 16:50:11,716] {dagbag.py:507} INFO - Filling up the DagBag from /Users/joyang0419/opt/anaconda3/envs/AirFlowBasicExample/lib/python3.8/site-packages/airflow/example_dags/example_kubernetes_executor.py
[2022-07-06 16:50:11,730] {logging_mixin.py:115} INFO - [2022-07-06 16:50:11,730] {example_kubernetes_executor.py:39} WARNING - The example_kubernetes_executor example DAG requires the kubernetes provider. Please install it with: pip install apache-airflow[cncf.kubernetes]
[2022-07-06 16:50:11,730] {processor.py:653} WARNING - No viable dags retrieved from /Users/joyang0419/opt/anaconda3/envs/AirFlowBasicExample/lib/python3.8/site-packages/airflow/example_dags/example_kubernetes_executor.py
[2022-07-06 16:50:11,774] {processor.py:161} INFO - Processing /Users/joyang0419/opt/anaconda3/envs/AirFlowBasicExample/lib/python3.8/site-packages/airflow/example_dags/example_kubernetes_executor.py took 0.059 seconds
[2022-07-06 16:50:25,122] {processor.py:153} INFO - Started process (PID=12539) to work on /Users/joyang0419/opt/anaconda3/envs/AirFlowBasicExample/lib/python3.8/site-packages/airflow/example_dags/example_kubernetes_executor.py
[2022-07-06 16:50:25,122] {processor.py:641} INFO - Processing file /Users/joyang0419/opt/anaconda3/envs/AirFlowBasicExample/lib/python3.8/site-packages/airflow/example_dags/example_kubernetes_executor.py for tasks to queue
[2022-07-06 16:50:25,122] {logging_mixin.py:115} INFO - [2022-07-06 16:50:25,122] {dagbag.py:507} INFO - Filling up the DagBag from /Users/joyang0419/opt/anaconda3/envs/AirFlowBasicExample/lib/python3.8/site-packages/airflow/example_dags/example_kubernetes_executor.py
[2022-07-06 16:50:25,135] {logging_mixin.py:115} INFO - [2022-07-06 16:50:25,135] {example_kubernetes_executor.py:39} WARNING - The example_kubernetes_executor example DAG requires the kubernetes provider. Please install it with: pip install apache-airflow[cncf.kubernetes]
[2022-07-06 16:50:25,135] {processor.py:653} WARNING - No viable dags retrieved from /Users/joyang0419/opt/anaconda3/envs/AirFlowBasicExample/lib/python3.8/site-packages/airflow/example_dags/example_kubernetes_executor.py
[2022-07-06 16:50:25,190] {processor.py:161} INFO - Processing /Users/joyang0419/opt/anaconda3/envs/AirFlowBasicExample/lib/python3.8/site-packages/airflow/example_dags/example_kubernetes_executor.py took 0.069 seconds
[2022-07-06 16:50:35,196] {processor.py:153} INFO - Started process (PID=12603) to work on /Users/joyang0419/opt/anaconda3/envs/AirFlowBasicExample/lib/python3.8/site-packages/airflow/example_dags/example_kubernetes_executor.py
[2022-07-06 16:50:35,196] {processor.py:641} INFO - Processing file /Users/joyang0419/opt/anaconda3/envs/AirFlowBasicExample/lib/python3.8/site-packages/airflow/example_dags/example_kubernetes_executor.py for tasks to queue
[2022-07-06 16:50:35,196] {logging_mixin.py:115} INFO - [2022-07-06 16:50:35,196] {dagbag.py:507} INFO - Filling up the DagBag from /Users/joyang0419/opt/anaconda3/envs/AirFlowBasicExample/lib/python3.8/site-packages/airflow/example_dags/example_kubernetes_executor.py
[2022-07-06 16:50:35,211] {logging_mixin.py:115} INFO - [2022-07-06 16:50:35,211] {example_kubernetes_executor.py:39} WARNING - The example_kubernetes_executor example DAG requires the kubernetes provider. Please install it with: pip install apache-airflow[cncf.kubernetes]
[2022-07-06 16:50:35,211] {processor.py:653} WARNING - No viable dags retrieved from /Users/joyang0419/opt/anaconda3/envs/AirFlowBasicExample/lib/python3.8/site-packages/airflow/example_dags/example_kubernetes_executor.py
[2022-07-06 16:50:35,272] {processor.py:161} INFO - Processing /Users/joyang0419/opt/anaconda3/envs/AirFlowBasicExample/lib/python3.8/site-packages/airflow/example_dags/example_kubernetes_executor.py took 0.077 seconds
[2022-07-06 16:50:47,912] {processor.py:153} INFO - Started process (PID=12676) to work on /Users/joyang0419/opt/anaconda3/envs/AirFlowBasicExample/lib/python3.8/site-packages/airflow/example_dags/example_kubernetes_executor.py
[2022-07-06 16:50:47,913] {processor.py:641} INFO - Processing file /Users/joyang0419/opt/anaconda3/envs/AirFlowBasicExample/lib/python3.8/site-packages/airflow/example_dags/example_kubernetes_executor.py for tasks to queue
[2022-07-06 16:50:47,913] {logging_mixin.py:115} INFO - [2022-07-06 16:50:47,913] {dagbag.py:507} INFO - Filling up the DagBag from /Users/joyang0419/opt/anaconda3/envs/AirFlowBasicExample/lib/python3.8/site-packages/airflow/example_dags/example_kubernetes_executor.py
[2022-07-06 16:50:47,927] {logging_mixin.py:115} INFO - [2022-07-06 16:50:47,927] {example_kubernetes_executor.py:39} WARNING - The example_kubernetes_executor example DAG requires the kubernetes provider. Please install it with: pip install apache-airflow[cncf.kubernetes]
[2022-07-06 16:50:47,927] {processor.py:653} WARNING - No viable dags retrieved from /Users/joyang0419/opt/anaconda3/envs/AirFlowBasicExample/lib/python3.8/site-packages/airflow/example_dags/example_kubernetes_executor.py
[2022-07-06 16:50:47,978] {processor.py:161} INFO - Processing /Users/joyang0419/opt/anaconda3/envs/AirFlowBasicExample/lib/python3.8/site-packages/airflow/example_dags/example_kubernetes_executor.py took 0.066 seconds
[2022-07-06 16:52:29,687] {processor.py:153} INFO - Started process (PID=12803) to work on /Users/joyang0419/opt/anaconda3/envs/AirFlowBasicExample/lib/python3.8/site-packages/airflow/example_dags/example_kubernetes_executor.py
[2022-07-06 16:52:29,687] {processor.py:641} INFO - Processing file /Users/joyang0419/opt/anaconda3/envs/AirFlowBasicExample/lib/python3.8/site-packages/airflow/example_dags/example_kubernetes_executor.py for tasks to queue
[2022-07-06 16:52:29,688] {logging_mixin.py:115} INFO - [2022-07-06 16:52:29,688] {dagbag.py:507} INFO - Filling up the DagBag from /Users/joyang0419/opt/anaconda3/envs/AirFlowBasicExample/lib/python3.8/site-packages/airflow/example_dags/example_kubernetes_executor.py
[2022-07-06 16:52:29,700] {logging_mixin.py:115} INFO - [2022-07-06 16:52:29,700] {example_kubernetes_executor.py:39} WARNING - The example_kubernetes_executor example DAG requires the kubernetes provider. Please install it with: pip install apache-airflow[cncf.kubernetes]
[2022-07-06 16:52:29,700] {processor.py:653} WARNING - No viable dags retrieved from /Users/joyang0419/opt/anaconda3/envs/AirFlowBasicExample/lib/python3.8/site-packages/airflow/example_dags/example_kubernetes_executor.py
[2022-07-06 16:52:29,745] {processor.py:161} INFO - Processing /Users/joyang0419/opt/anaconda3/envs/AirFlowBasicExample/lib/python3.8/site-packages/airflow/example_dags/example_kubernetes_executor.py took 0.059 seconds
[2022-07-06 16:52:40,348] {processor.py:153} INFO - Started process (PID=12870) to work on /Users/joyang0419/opt/anaconda3/envs/AirFlowBasicExample/lib/python3.8/site-packages/airflow/example_dags/example_kubernetes_executor.py
[2022-07-06 16:52:40,348] {processor.py:641} INFO - Processing file /Users/joyang0419/opt/anaconda3/envs/AirFlowBasicExample/lib/python3.8/site-packages/airflow/example_dags/example_kubernetes_executor.py for tasks to queue
[2022-07-06 16:52:40,348] {logging_mixin.py:115} INFO - [2022-07-06 16:52:40,348] {dagbag.py:507} INFO - Filling up the DagBag from /Users/joyang0419/opt/anaconda3/envs/AirFlowBasicExample/lib/python3.8/site-packages/airflow/example_dags/example_kubernetes_executor.py
[2022-07-06 16:52:40,362] {logging_mixin.py:115} INFO - [2022-07-06 16:52:40,362] {example_kubernetes_executor.py:39} WARNING - The example_kubernetes_executor example DAG requires the kubernetes provider. Please install it with: pip install apache-airflow[cncf.kubernetes]
[2022-07-06 16:52:40,362] {processor.py:653} WARNING - No viable dags retrieved from /Users/joyang0419/opt/anaconda3/envs/AirFlowBasicExample/lib/python3.8/site-packages/airflow/example_dags/example_kubernetes_executor.py
[2022-07-06 16:52:40,408] {processor.py:161} INFO - Processing /Users/joyang0419/opt/anaconda3/envs/AirFlowBasicExample/lib/python3.8/site-packages/airflow/example_dags/example_kubernetes_executor.py took 0.061 seconds
[2022-07-06 16:52:51,337] {processor.py:153} INFO - Started process (PID=12938) to work on /Users/joyang0419/opt/anaconda3/envs/AirFlowBasicExample/lib/python3.8/site-packages/airflow/example_dags/example_kubernetes_executor.py
[2022-07-06 16:52:51,337] {processor.py:641} INFO - Processing file /Users/joyang0419/opt/anaconda3/envs/AirFlowBasicExample/lib/python3.8/site-packages/airflow/example_dags/example_kubernetes_executor.py for tasks to queue
[2022-07-06 16:52:51,337] {logging_mixin.py:115} INFO - [2022-07-06 16:52:51,337] {dagbag.py:507} INFO - Filling up the DagBag from /Users/joyang0419/opt/anaconda3/envs/AirFlowBasicExample/lib/python3.8/site-packages/airflow/example_dags/example_kubernetes_executor.py
[2022-07-06 16:52:51,351] {logging_mixin.py:115} INFO - [2022-07-06 16:52:51,351] {example_kubernetes_executor.py:39} WARNING - The example_kubernetes_executor example DAG requires the kubernetes provider. Please install it with: pip install apache-airflow[cncf.kubernetes]
[2022-07-06 16:52:51,351] {processor.py:653} WARNING - No viable dags retrieved from /Users/joyang0419/opt/anaconda3/envs/AirFlowBasicExample/lib/python3.8/site-packages/airflow/example_dags/example_kubernetes_executor.py
[2022-07-06 16:52:51,403] {processor.py:161} INFO - Processing /Users/joyang0419/opt/anaconda3/envs/AirFlowBasicExample/lib/python3.8/site-packages/airflow/example_dags/example_kubernetes_executor.py took 0.066 seconds
[2022-07-06 16:53:03,937] {processor.py:153} INFO - Started process (PID=13010) to work on /Users/joyang0419/opt/anaconda3/envs/AirFlowBasicExample/lib/python3.8/site-packages/airflow/example_dags/example_kubernetes_executor.py
[2022-07-06 16:53:03,938] {processor.py:641} INFO - Processing file /Users/joyang0419/opt/anaconda3/envs/AirFlowBasicExample/lib/python3.8/site-packages/airflow/example_dags/example_kubernetes_executor.py for tasks to queue
[2022-07-06 16:53:03,938] {logging_mixin.py:115} INFO - [2022-07-06 16:53:03,938] {dagbag.py:507} INFO - Filling up the DagBag from /Users/joyang0419/opt/anaconda3/envs/AirFlowBasicExample/lib/python3.8/site-packages/airflow/example_dags/example_kubernetes_executor.py
[2022-07-06 16:53:03,952] {logging_mixin.py:115} INFO - [2022-07-06 16:53:03,951] {example_kubernetes_executor.py:39} WARNING - The example_kubernetes_executor example DAG requires the kubernetes provider. Please install it with: pip install apache-airflow[cncf.kubernetes]
[2022-07-06 16:53:03,952] {processor.py:653} WARNING - No viable dags retrieved from /Users/joyang0419/opt/anaconda3/envs/AirFlowBasicExample/lib/python3.8/site-packages/airflow/example_dags/example_kubernetes_executor.py
[2022-07-06 16:53:03,996] {processor.py:161} INFO - Processing /Users/joyang0419/opt/anaconda3/envs/AirFlowBasicExample/lib/python3.8/site-packages/airflow/example_dags/example_kubernetes_executor.py took 0.059 seconds
[2022-07-06 16:53:15,072] {processor.py:153} INFO - Started process (PID=13076) to work on /Users/joyang0419/opt/anaconda3/envs/AirFlowBasicExample/lib/python3.8/site-packages/airflow/example_dags/example_kubernetes_executor.py
[2022-07-06 16:53:15,072] {processor.py:641} INFO - Processing file /Users/joyang0419/opt/anaconda3/envs/AirFlowBasicExample/lib/python3.8/site-packages/airflow/example_dags/example_kubernetes_executor.py for tasks to queue
[2022-07-06 16:53:15,072] {logging_mixin.py:115} INFO - [2022-07-06 16:53:15,072] {dagbag.py:507} INFO - Filling up the DagBag from /Users/joyang0419/opt/anaconda3/envs/AirFlowBasicExample/lib/python3.8/site-packages/airflow/example_dags/example_kubernetes_executor.py
[2022-07-06 16:53:15,089] {logging_mixin.py:115} INFO - [2022-07-06 16:53:15,089] {example_kubernetes_executor.py:39} WARNING - The example_kubernetes_executor example DAG requires the kubernetes provider. Please install it with: pip install apache-airflow[cncf.kubernetes]
[2022-07-06 16:53:15,089] {processor.py:653} WARNING - No viable dags retrieved from /Users/joyang0419/opt/anaconda3/envs/AirFlowBasicExample/lib/python3.8/site-packages/airflow/example_dags/example_kubernetes_executor.py
[2022-07-06 16:53:15,142] {processor.py:161} INFO - Processing /Users/joyang0419/opt/anaconda3/envs/AirFlowBasicExample/lib/python3.8/site-packages/airflow/example_dags/example_kubernetes_executor.py took 0.071 seconds
[2022-07-06 16:53:25,663] {processor.py:153} INFO - Started process (PID=13143) to work on /Users/joyang0419/opt/anaconda3/envs/AirFlowBasicExample/lib/python3.8/site-packages/airflow/example_dags/example_kubernetes_executor.py
[2022-07-06 16:53:25,663] {processor.py:641} INFO - Processing file /Users/joyang0419/opt/anaconda3/envs/AirFlowBasicExample/lib/python3.8/site-packages/airflow/example_dags/example_kubernetes_executor.py for tasks to queue
[2022-07-06 16:53:25,663] {logging_mixin.py:115} INFO - [2022-07-06 16:53:25,663] {dagbag.py:507} INFO - Filling up the DagBag from /Users/joyang0419/opt/anaconda3/envs/AirFlowBasicExample/lib/python3.8/site-packages/airflow/example_dags/example_kubernetes_executor.py
[2022-07-06 16:53:25,676] {logging_mixin.py:115} INFO - [2022-07-06 16:53:25,676] {example_kubernetes_executor.py:39} WARNING - The example_kubernetes_executor example DAG requires the kubernetes provider. Please install it with: pip install apache-airflow[cncf.kubernetes]
[2022-07-06 16:53:25,676] {processor.py:653} WARNING - No viable dags retrieved from /Users/joyang0419/opt/anaconda3/envs/AirFlowBasicExample/lib/python3.8/site-packages/airflow/example_dags/example_kubernetes_executor.py
[2022-07-06 16:53:25,720] {processor.py:161} INFO - Processing /Users/joyang0419/opt/anaconda3/envs/AirFlowBasicExample/lib/python3.8/site-packages/airflow/example_dags/example_kubernetes_executor.py took 0.058 seconds
[2022-07-06 16:53:37,396] {processor.py:153} INFO - Started process (PID=13209) to work on /Users/joyang0419/opt/anaconda3/envs/AirFlowBasicExample/lib/python3.8/site-packages/airflow/example_dags/example_kubernetes_executor.py
[2022-07-06 16:53:37,413] {processor.py:641} INFO - Processing file /Users/joyang0419/opt/anaconda3/envs/AirFlowBasicExample/lib/python3.8/site-packages/airflow/example_dags/example_kubernetes_executor.py for tasks to queue
[2022-07-06 16:53:37,413] {logging_mixin.py:115} INFO - [2022-07-06 16:53:37,413] {dagbag.py:507} INFO - Filling up the DagBag from /Users/joyang0419/opt/anaconda3/envs/AirFlowBasicExample/lib/python3.8/site-packages/airflow/example_dags/example_kubernetes_executor.py
[2022-07-06 16:53:37,427] {logging_mixin.py:115} INFO - [2022-07-06 16:53:37,427] {example_kubernetes_executor.py:39} WARNING - The example_kubernetes_executor example DAG requires the kubernetes provider. Please install it with: pip install apache-airflow[cncf.kubernetes]
[2022-07-06 16:53:37,427] {processor.py:653} WARNING - No viable dags retrieved from /Users/joyang0419/opt/anaconda3/envs/AirFlowBasicExample/lib/python3.8/site-packages/airflow/example_dags/example_kubernetes_executor.py
[2022-07-06 16:53:37,474] {processor.py:161} INFO - Processing /Users/joyang0419/opt/anaconda3/envs/AirFlowBasicExample/lib/python3.8/site-packages/airflow/example_dags/example_kubernetes_executor.py took 0.078 seconds
[2022-07-06 16:53:48,323] {processor.py:153} INFO - Started process (PID=13279) to work on /Users/joyang0419/opt/anaconda3/envs/AirFlowBasicExample/lib/python3.8/site-packages/airflow/example_dags/example_kubernetes_executor.py
[2022-07-06 16:53:48,323] {processor.py:641} INFO - Processing file /Users/joyang0419/opt/anaconda3/envs/AirFlowBasicExample/lib/python3.8/site-packages/airflow/example_dags/example_kubernetes_executor.py for tasks to queue
[2022-07-06 16:53:48,324] {logging_mixin.py:115} INFO - [2022-07-06 16:53:48,323] {dagbag.py:507} INFO - Filling up the DagBag from /Users/joyang0419/opt/anaconda3/envs/AirFlowBasicExample/lib/python3.8/site-packages/airflow/example_dags/example_kubernetes_executor.py
[2022-07-06 16:53:48,336] {logging_mixin.py:115} INFO - [2022-07-06 16:53:48,336] {example_kubernetes_executor.py:39} WARNING - The example_kubernetes_executor example DAG requires the kubernetes provider. Please install it with: pip install apache-airflow[cncf.kubernetes]
[2022-07-06 16:53:48,336] {processor.py:653} WARNING - No viable dags retrieved from /Users/joyang0419/opt/anaconda3/envs/AirFlowBasicExample/lib/python3.8/site-packages/airflow/example_dags/example_kubernetes_executor.py
[2022-07-06 16:53:48,376] {processor.py:161} INFO - Processing /Users/joyang0419/opt/anaconda3/envs/AirFlowBasicExample/lib/python3.8/site-packages/airflow/example_dags/example_kubernetes_executor.py took 0.053 seconds
[2022-07-06 16:53:59,085] {processor.py:153} INFO - Started process (PID=13350) to work on /Users/joyang0419/opt/anaconda3/envs/AirFlowBasicExample/lib/python3.8/site-packages/airflow/example_dags/example_kubernetes_executor.py
[2022-07-06 16:53:59,086] {processor.py:641} INFO - Processing file /Users/joyang0419/opt/anaconda3/envs/AirFlowBasicExample/lib/python3.8/site-packages/airflow/example_dags/example_kubernetes_executor.py for tasks to queue
[2022-07-06 16:53:59,086] {logging_mixin.py:115} INFO - [2022-07-06 16:53:59,086] {dagbag.py:507} INFO - Filling up the DagBag from /Users/joyang0419/opt/anaconda3/envs/AirFlowBasicExample/lib/python3.8/site-packages/airflow/example_dags/example_kubernetes_executor.py
[2022-07-06 16:53:59,098] {logging_mixin.py:115} INFO - [2022-07-06 16:53:59,098] {example_kubernetes_executor.py:39} WARNING - The example_kubernetes_executor example DAG requires the kubernetes provider. Please install it with: pip install apache-airflow[cncf.kubernetes]
[2022-07-06 16:53:59,098] {processor.py:653} WARNING - No viable dags retrieved from /Users/joyang0419/opt/anaconda3/envs/AirFlowBasicExample/lib/python3.8/site-packages/airflow/example_dags/example_kubernetes_executor.py
[2022-07-06 16:53:59,152] {processor.py:161} INFO - Processing /Users/joyang0419/opt/anaconda3/envs/AirFlowBasicExample/lib/python3.8/site-packages/airflow/example_dags/example_kubernetes_executor.py took 0.067 seconds
[2022-07-06 16:54:11,594] {processor.py:153} INFO - Started process (PID=13431) to work on /Users/joyang0419/opt/anaconda3/envs/AirFlowBasicExample/lib/python3.8/site-packages/airflow/example_dags/example_kubernetes_executor.py
[2022-07-06 16:54:11,594] {processor.py:641} INFO - Processing file /Users/joyang0419/opt/anaconda3/envs/AirFlowBasicExample/lib/python3.8/site-packages/airflow/example_dags/example_kubernetes_executor.py for tasks to queue
[2022-07-06 16:54:11,594] {logging_mixin.py:115} INFO - [2022-07-06 16:54:11,594] {dagbag.py:507} INFO - Filling up the DagBag from /Users/joyang0419/opt/anaconda3/envs/AirFlowBasicExample/lib/python3.8/site-packages/airflow/example_dags/example_kubernetes_executor.py
[2022-07-06 16:54:11,607] {logging_mixin.py:115} INFO - [2022-07-06 16:54:11,607] {example_kubernetes_executor.py:39} WARNING - The example_kubernetes_executor example DAG requires the kubernetes provider. Please install it with: pip install apache-airflow[cncf.kubernetes]
[2022-07-06 16:54:11,607] {processor.py:653} WARNING - No viable dags retrieved from /Users/joyang0419/opt/anaconda3/envs/AirFlowBasicExample/lib/python3.8/site-packages/airflow/example_dags/example_kubernetes_executor.py
[2022-07-06 16:54:11,664] {processor.py:161} INFO - Processing /Users/joyang0419/opt/anaconda3/envs/AirFlowBasicExample/lib/python3.8/site-packages/airflow/example_dags/example_kubernetes_executor.py took 0.070 seconds
