[2022-07-06 16:48:53,441] {processor.py:153} INFO - Started process (PID=12143) to work on /Users/joyang0419/opt/anaconda3/envs/AirFlowBasicExample/lib/python3.8/site-packages/airflow/example_dags/example_trigger_target_dag.py
[2022-07-06 16:48:53,441] {processor.py:641} INFO - Processing file /Users/joyang0419/opt/anaconda3/envs/AirFlowBasicExample/lib/python3.8/site-packages/airflow/example_dags/example_trigger_target_dag.py for tasks to queue
[2022-07-06 16:48:53,441] {logging_mixin.py:115} INFO - [2022-07-06 16:48:53,441] {dagbag.py:507} INFO - Filling up the DagBag from /Users/joyang0419/opt/anaconda3/envs/AirFlowBasicExample/lib/python3.8/site-packages/airflow/example_dags/example_trigger_target_dag.py
[2022-07-06 16:48:53,469] {processor.py:651} INFO - DAG(s) dict_keys(['example_trigger_target_dag']) retrieved from /Users/joyang0419/opt/anaconda3/envs/AirFlowBasicExample/lib/python3.8/site-packages/airflow/example_dags/example_trigger_target_dag.py
[2022-07-06 16:48:54,231] {logging_mixin.py:115} INFO - [2022-07-06 16:48:54,231] {manager.py:508} INFO - Created Permission View: can read on DAG:example_trigger_target_dag
[2022-07-06 16:48:54,269] {logging_mixin.py:115} INFO - [2022-07-06 16:48:54,269] {manager.py:508} INFO - Created Permission View: can delete on DAG:example_trigger_target_dag
[2022-07-06 16:48:54,302] {logging_mixin.py:115} INFO - [2022-07-06 16:48:54,302] {manager.py:508} INFO - Created Permission View: can edit on DAG:example_trigger_target_dag
[2022-07-06 16:48:54,303] {logging_mixin.py:115} INFO - [2022-07-06 16:48:54,303] {dag.py:2379} INFO - Sync 1 DAGs
[2022-07-06 16:48:54,320] {logging_mixin.py:115} INFO - [2022-07-06 16:48:54,320] {dag.py:2398} INFO - Creating ORM DAG for example_trigger_target_dag
[2022-07-06 16:48:54,339] {logging_mixin.py:115} INFO - [2022-07-06 16:48:54,339] {dag.py:2927} INFO - Setting next_dagrun for example_trigger_target_dag to None, run_after=None
[2022-07-06 16:48:54,386] {processor.py:161} INFO - Processing /Users/joyang0419/opt/anaconda3/envs/AirFlowBasicExample/lib/python3.8/site-packages/airflow/example_dags/example_trigger_target_dag.py took 0.946 seconds
[2022-07-06 16:50:04,858] {processor.py:153} INFO - Started process (PID=12440) to work on /Users/joyang0419/opt/anaconda3/envs/AirFlowBasicExample/lib/python3.8/site-packages/airflow/example_dags/example_trigger_target_dag.py
[2022-07-06 16:50:04,858] {processor.py:641} INFO - Processing file /Users/joyang0419/opt/anaconda3/envs/AirFlowBasicExample/lib/python3.8/site-packages/airflow/example_dags/example_trigger_target_dag.py for tasks to queue
[2022-07-06 16:50:04,859] {logging_mixin.py:115} INFO - [2022-07-06 16:50:04,859] {dagbag.py:507} INFO - Filling up the DagBag from /Users/joyang0419/opt/anaconda3/envs/AirFlowBasicExample/lib/python3.8/site-packages/airflow/example_dags/example_trigger_target_dag.py
[2022-07-06 16:50:04,880] {processor.py:651} INFO - DAG(s) dict_keys(['example_trigger_target_dag']) retrieved from /Users/joyang0419/opt/anaconda3/envs/AirFlowBasicExample/lib/python3.8/site-packages/airflow/example_dags/example_trigger_target_dag.py
[2022-07-06 16:50:04,952] {logging_mixin.py:115} INFO - [2022-07-06 16:50:04,952] {dag.py:2379} INFO - Sync 1 DAGs
[2022-07-06 16:50:04,968] {logging_mixin.py:115} INFO - [2022-07-06 16:50:04,968] {dag.py:2927} INFO - Setting next_dagrun for example_trigger_target_dag to None, run_after=None
[2022-07-06 16:50:05,007] {processor.py:161} INFO - Processing /Users/joyang0419/opt/anaconda3/envs/AirFlowBasicExample/lib/python3.8/site-packages/airflow/example_dags/example_trigger_target_dag.py took 0.150 seconds
[2022-07-06 16:50:20,625] {processor.py:153} INFO - Started process (PID=12509) to work on /Users/joyang0419/opt/anaconda3/envs/AirFlowBasicExample/lib/python3.8/site-packages/airflow/example_dags/example_trigger_target_dag.py
[2022-07-06 16:50:20,625] {processor.py:641} INFO - Processing file /Users/joyang0419/opt/anaconda3/envs/AirFlowBasicExample/lib/python3.8/site-packages/airflow/example_dags/example_trigger_target_dag.py for tasks to queue
[2022-07-06 16:50:20,625] {logging_mixin.py:115} INFO - [2022-07-06 16:50:20,625] {dagbag.py:507} INFO - Filling up the DagBag from /Users/joyang0419/opt/anaconda3/envs/AirFlowBasicExample/lib/python3.8/site-packages/airflow/example_dags/example_trigger_target_dag.py
[2022-07-06 16:50:20,643] {processor.py:651} INFO - DAG(s) dict_keys(['example_trigger_target_dag']) retrieved from /Users/joyang0419/opt/anaconda3/envs/AirFlowBasicExample/lib/python3.8/site-packages/airflow/example_dags/example_trigger_target_dag.py
[2022-07-06 16:50:20,693] {logging_mixin.py:115} INFO - [2022-07-06 16:50:20,692] {dag.py:2379} INFO - Sync 1 DAGs
[2022-07-06 16:50:20,703] {logging_mixin.py:115} INFO - [2022-07-06 16:50:20,703] {dag.py:2927} INFO - Setting next_dagrun for example_trigger_target_dag to None, run_after=None
[2022-07-06 16:50:20,720] {processor.py:161} INFO - Processing /Users/joyang0419/opt/anaconda3/envs/AirFlowBasicExample/lib/python3.8/site-packages/airflow/example_dags/example_trigger_target_dag.py took 0.095 seconds
[2022-07-06 16:50:30,394] {processor.py:153} INFO - Started process (PID=12573) to work on /Users/joyang0419/opt/anaconda3/envs/AirFlowBasicExample/lib/python3.8/site-packages/airflow/example_dags/example_trigger_target_dag.py
[2022-07-06 16:50:30,394] {processor.py:641} INFO - Processing file /Users/joyang0419/opt/anaconda3/envs/AirFlowBasicExample/lib/python3.8/site-packages/airflow/example_dags/example_trigger_target_dag.py for tasks to queue
[2022-07-06 16:50:30,394] {logging_mixin.py:115} INFO - [2022-07-06 16:50:30,394] {dagbag.py:507} INFO - Filling up the DagBag from /Users/joyang0419/opt/anaconda3/envs/AirFlowBasicExample/lib/python3.8/site-packages/airflow/example_dags/example_trigger_target_dag.py
[2022-07-06 16:50:30,411] {processor.py:651} INFO - DAG(s) dict_keys(['example_trigger_target_dag']) retrieved from /Users/joyang0419/opt/anaconda3/envs/AirFlowBasicExample/lib/python3.8/site-packages/airflow/example_dags/example_trigger_target_dag.py
[2022-07-06 16:50:30,463] {logging_mixin.py:115} INFO - [2022-07-06 16:50:30,463] {dag.py:2379} INFO - Sync 1 DAGs
[2022-07-06 16:50:30,475] {logging_mixin.py:115} INFO - [2022-07-06 16:50:30,475] {dag.py:2927} INFO - Setting next_dagrun for example_trigger_target_dag to None, run_after=None
[2022-07-06 16:50:30,491] {processor.py:161} INFO - Processing /Users/joyang0419/opt/anaconda3/envs/AirFlowBasicExample/lib/python3.8/site-packages/airflow/example_dags/example_trigger_target_dag.py took 0.098 seconds
[2022-07-06 16:50:41,916] {processor.py:153} INFO - Started process (PID=12640) to work on /Users/joyang0419/opt/anaconda3/envs/AirFlowBasicExample/lib/python3.8/site-packages/airflow/example_dags/example_trigger_target_dag.py
[2022-07-06 16:50:41,916] {processor.py:641} INFO - Processing file /Users/joyang0419/opt/anaconda3/envs/AirFlowBasicExample/lib/python3.8/site-packages/airflow/example_dags/example_trigger_target_dag.py for tasks to queue
[2022-07-06 16:50:41,916] {logging_mixin.py:115} INFO - [2022-07-06 16:50:41,916] {dagbag.py:507} INFO - Filling up the DagBag from /Users/joyang0419/opt/anaconda3/envs/AirFlowBasicExample/lib/python3.8/site-packages/airflow/example_dags/example_trigger_target_dag.py
[2022-07-06 16:50:41,936] {processor.py:651} INFO - DAG(s) dict_keys(['example_trigger_target_dag']) retrieved from /Users/joyang0419/opt/anaconda3/envs/AirFlowBasicExample/lib/python3.8/site-packages/airflow/example_dags/example_trigger_target_dag.py
[2022-07-06 16:50:42,007] {logging_mixin.py:115} INFO - [2022-07-06 16:50:42,007] {dag.py:2379} INFO - Sync 1 DAGs
[2022-07-06 16:50:42,030] {logging_mixin.py:115} INFO - [2022-07-06 16:50:42,029] {dag.py:2927} INFO - Setting next_dagrun for example_trigger_target_dag to None, run_after=None
[2022-07-06 16:50:42,071] {processor.py:161} INFO - Processing /Users/joyang0419/opt/anaconda3/envs/AirFlowBasicExample/lib/python3.8/site-packages/airflow/example_dags/example_trigger_target_dag.py took 0.155 seconds
[2022-07-06 16:52:24,553] {processor.py:153} INFO - Started process (PID=12773) to work on /Users/joyang0419/opt/anaconda3/envs/AirFlowBasicExample/lib/python3.8/site-packages/airflow/example_dags/example_trigger_target_dag.py
[2022-07-06 16:52:24,554] {processor.py:641} INFO - Processing file /Users/joyang0419/opt/anaconda3/envs/AirFlowBasicExample/lib/python3.8/site-packages/airflow/example_dags/example_trigger_target_dag.py for tasks to queue
[2022-07-06 16:52:24,554] {logging_mixin.py:115} INFO - [2022-07-06 16:52:24,554] {dagbag.py:507} INFO - Filling up the DagBag from /Users/joyang0419/opt/anaconda3/envs/AirFlowBasicExample/lib/python3.8/site-packages/airflow/example_dags/example_trigger_target_dag.py
[2022-07-06 16:52:24,574] {processor.py:651} INFO - DAG(s) dict_keys(['example_trigger_target_dag']) retrieved from /Users/joyang0419/opt/anaconda3/envs/AirFlowBasicExample/lib/python3.8/site-packages/airflow/example_dags/example_trigger_target_dag.py
[2022-07-06 16:52:24,655] {logging_mixin.py:115} INFO - [2022-07-06 16:52:24,655] {dag.py:2379} INFO - Sync 1 DAGs
[2022-07-06 16:52:24,668] {logging_mixin.py:115} INFO - [2022-07-06 16:52:24,668] {dag.py:2927} INFO - Setting next_dagrun for example_trigger_target_dag to None, run_after=None
[2022-07-06 16:52:24,686] {processor.py:161} INFO - Processing /Users/joyang0419/opt/anaconda3/envs/AirFlowBasicExample/lib/python3.8/site-packages/airflow/example_dags/example_trigger_target_dag.py took 0.134 seconds
[2022-07-06 16:52:35,899] {processor.py:153} INFO - Started process (PID=12841) to work on /Users/joyang0419/opt/anaconda3/envs/AirFlowBasicExample/lib/python3.8/site-packages/airflow/example_dags/example_trigger_target_dag.py
[2022-07-06 16:52:35,899] {processor.py:641} INFO - Processing file /Users/joyang0419/opt/anaconda3/envs/AirFlowBasicExample/lib/python3.8/site-packages/airflow/example_dags/example_trigger_target_dag.py for tasks to queue
[2022-07-06 16:52:35,899] {logging_mixin.py:115} INFO - [2022-07-06 16:52:35,899] {dagbag.py:507} INFO - Filling up the DagBag from /Users/joyang0419/opt/anaconda3/envs/AirFlowBasicExample/lib/python3.8/site-packages/airflow/example_dags/example_trigger_target_dag.py
[2022-07-06 16:52:35,920] {processor.py:651} INFO - DAG(s) dict_keys(['example_trigger_target_dag']) retrieved from /Users/joyang0419/opt/anaconda3/envs/AirFlowBasicExample/lib/python3.8/site-packages/airflow/example_dags/example_trigger_target_dag.py
[2022-07-06 16:52:35,985] {logging_mixin.py:115} INFO - [2022-07-06 16:52:35,985] {dag.py:2379} INFO - Sync 1 DAGs
[2022-07-06 16:52:36,001] {logging_mixin.py:115} INFO - [2022-07-06 16:52:36,001] {dag.py:2927} INFO - Setting next_dagrun for example_trigger_target_dag to None, run_after=None
[2022-07-06 16:52:36,028] {processor.py:161} INFO - Processing /Users/joyang0419/opt/anaconda3/envs/AirFlowBasicExample/lib/python3.8/site-packages/airflow/example_dags/example_trigger_target_dag.py took 0.130 seconds
[2022-07-06 16:52:46,331] {processor.py:153} INFO - Started process (PID=12908) to work on /Users/joyang0419/opt/anaconda3/envs/AirFlowBasicExample/lib/python3.8/site-packages/airflow/example_dags/example_trigger_target_dag.py
[2022-07-06 16:52:46,331] {processor.py:641} INFO - Processing file /Users/joyang0419/opt/anaconda3/envs/AirFlowBasicExample/lib/python3.8/site-packages/airflow/example_dags/example_trigger_target_dag.py for tasks to queue
[2022-07-06 16:52:46,331] {logging_mixin.py:115} INFO - [2022-07-06 16:52:46,331] {dagbag.py:507} INFO - Filling up the DagBag from /Users/joyang0419/opt/anaconda3/envs/AirFlowBasicExample/lib/python3.8/site-packages/airflow/example_dags/example_trigger_target_dag.py
[2022-07-06 16:52:46,348] {processor.py:651} INFO - DAG(s) dict_keys(['example_trigger_target_dag']) retrieved from /Users/joyang0419/opt/anaconda3/envs/AirFlowBasicExample/lib/python3.8/site-packages/airflow/example_dags/example_trigger_target_dag.py
[2022-07-06 16:52:46,409] {logging_mixin.py:115} INFO - [2022-07-06 16:52:46,409] {dag.py:2379} INFO - Sync 1 DAGs
[2022-07-06 16:52:46,421] {logging_mixin.py:115} INFO - [2022-07-06 16:52:46,420] {dag.py:2927} INFO - Setting next_dagrun for example_trigger_target_dag to None, run_after=None
[2022-07-06 16:52:46,439] {processor.py:161} INFO - Processing /Users/joyang0419/opt/anaconda3/envs/AirFlowBasicExample/lib/python3.8/site-packages/airflow/example_dags/example_trigger_target_dag.py took 0.108 seconds
[2022-07-06 16:52:58,467] {processor.py:153} INFO - Started process (PID=12979) to work on /Users/joyang0419/opt/anaconda3/envs/AirFlowBasicExample/lib/python3.8/site-packages/airflow/example_dags/example_trigger_target_dag.py
[2022-07-06 16:52:58,467] {processor.py:641} INFO - Processing file /Users/joyang0419/opt/anaconda3/envs/AirFlowBasicExample/lib/python3.8/site-packages/airflow/example_dags/example_trigger_target_dag.py for tasks to queue
[2022-07-06 16:52:58,468] {logging_mixin.py:115} INFO - [2022-07-06 16:52:58,468] {dagbag.py:507} INFO - Filling up the DagBag from /Users/joyang0419/opt/anaconda3/envs/AirFlowBasicExample/lib/python3.8/site-packages/airflow/example_dags/example_trigger_target_dag.py
[2022-07-06 16:52:58,487] {processor.py:651} INFO - DAG(s) dict_keys(['example_trigger_target_dag']) retrieved from /Users/joyang0419/opt/anaconda3/envs/AirFlowBasicExample/lib/python3.8/site-packages/airflow/example_dags/example_trigger_target_dag.py
[2022-07-06 16:52:58,543] {logging_mixin.py:115} INFO - [2022-07-06 16:52:58,543] {dag.py:2379} INFO - Sync 1 DAGs
[2022-07-06 16:52:58,554] {logging_mixin.py:115} INFO - [2022-07-06 16:52:58,554] {dag.py:2927} INFO - Setting next_dagrun for example_trigger_target_dag to None, run_after=None
[2022-07-06 16:52:58,571] {processor.py:161} INFO - Processing /Users/joyang0419/opt/anaconda3/envs/AirFlowBasicExample/lib/python3.8/site-packages/airflow/example_dags/example_trigger_target_dag.py took 0.104 seconds
[2022-07-06 16:53:09,730] {processor.py:153} INFO - Started process (PID=13046) to work on /Users/joyang0419/opt/anaconda3/envs/AirFlowBasicExample/lib/python3.8/site-packages/airflow/example_dags/example_trigger_target_dag.py
[2022-07-06 16:53:09,730] {processor.py:641} INFO - Processing file /Users/joyang0419/opt/anaconda3/envs/AirFlowBasicExample/lib/python3.8/site-packages/airflow/example_dags/example_trigger_target_dag.py for tasks to queue
[2022-07-06 16:53:09,730] {logging_mixin.py:115} INFO - [2022-07-06 16:53:09,730] {dagbag.py:507} INFO - Filling up the DagBag from /Users/joyang0419/opt/anaconda3/envs/AirFlowBasicExample/lib/python3.8/site-packages/airflow/example_dags/example_trigger_target_dag.py
[2022-07-06 16:53:09,747] {processor.py:651} INFO - DAG(s) dict_keys(['example_trigger_target_dag']) retrieved from /Users/joyang0419/opt/anaconda3/envs/AirFlowBasicExample/lib/python3.8/site-packages/airflow/example_dags/example_trigger_target_dag.py
[2022-07-06 16:53:09,818] {logging_mixin.py:115} INFO - [2022-07-06 16:53:09,818] {dag.py:2379} INFO - Sync 1 DAGs
[2022-07-06 16:53:09,830] {logging_mixin.py:115} INFO - [2022-07-06 16:53:09,830] {dag.py:2927} INFO - Setting next_dagrun for example_trigger_target_dag to None, run_after=None
[2022-07-06 16:53:09,847] {processor.py:161} INFO - Processing /Users/joyang0419/opt/anaconda3/envs/AirFlowBasicExample/lib/python3.8/site-packages/airflow/example_dags/example_trigger_target_dag.py took 0.118 seconds
[2022-07-06 16:53:21,100] {processor.py:153} INFO - Started process (PID=13113) to work on /Users/joyang0419/opt/anaconda3/envs/AirFlowBasicExample/lib/python3.8/site-packages/airflow/example_dags/example_trigger_target_dag.py
[2022-07-06 16:53:21,101] {processor.py:641} INFO - Processing file /Users/joyang0419/opt/anaconda3/envs/AirFlowBasicExample/lib/python3.8/site-packages/airflow/example_dags/example_trigger_target_dag.py for tasks to queue
[2022-07-06 16:53:21,101] {logging_mixin.py:115} INFO - [2022-07-06 16:53:21,101] {dagbag.py:507} INFO - Filling up the DagBag from /Users/joyang0419/opt/anaconda3/envs/AirFlowBasicExample/lib/python3.8/site-packages/airflow/example_dags/example_trigger_target_dag.py
[2022-07-06 16:53:21,118] {processor.py:651} INFO - DAG(s) dict_keys(['example_trigger_target_dag']) retrieved from /Users/joyang0419/opt/anaconda3/envs/AirFlowBasicExample/lib/python3.8/site-packages/airflow/example_dags/example_trigger_target_dag.py
[2022-07-06 16:53:21,177] {logging_mixin.py:115} INFO - [2022-07-06 16:53:21,177] {dag.py:2379} INFO - Sync 1 DAGs
[2022-07-06 16:53:21,191] {logging_mixin.py:115} INFO - [2022-07-06 16:53:21,191] {dag.py:2927} INFO - Setting next_dagrun for example_trigger_target_dag to None, run_after=None
[2022-07-06 16:53:21,215] {processor.py:161} INFO - Processing /Users/joyang0419/opt/anaconda3/envs/AirFlowBasicExample/lib/python3.8/site-packages/airflow/example_dags/example_trigger_target_dag.py took 0.115 seconds
[2022-07-06 16:53:32,161] {processor.py:153} INFO - Started process (PID=13179) to work on /Users/joyang0419/opt/anaconda3/envs/AirFlowBasicExample/lib/python3.8/site-packages/airflow/example_dags/example_trigger_target_dag.py
[2022-07-06 16:53:32,162] {processor.py:641} INFO - Processing file /Users/joyang0419/opt/anaconda3/envs/AirFlowBasicExample/lib/python3.8/site-packages/airflow/example_dags/example_trigger_target_dag.py for tasks to queue
[2022-07-06 16:53:32,162] {logging_mixin.py:115} INFO - [2022-07-06 16:53:32,162] {dagbag.py:507} INFO - Filling up the DagBag from /Users/joyang0419/opt/anaconda3/envs/AirFlowBasicExample/lib/python3.8/site-packages/airflow/example_dags/example_trigger_target_dag.py
[2022-07-06 16:53:32,179] {processor.py:651} INFO - DAG(s) dict_keys(['example_trigger_target_dag']) retrieved from /Users/joyang0419/opt/anaconda3/envs/AirFlowBasicExample/lib/python3.8/site-packages/airflow/example_dags/example_trigger_target_dag.py
[2022-07-06 16:53:32,243] {logging_mixin.py:115} INFO - [2022-07-06 16:53:32,243] {dag.py:2379} INFO - Sync 1 DAGs
[2022-07-06 16:53:32,258] {logging_mixin.py:115} INFO - [2022-07-06 16:53:32,258] {dag.py:2927} INFO - Setting next_dagrun for example_trigger_target_dag to None, run_after=None
[2022-07-06 16:53:32,279] {processor.py:161} INFO - Processing /Users/joyang0419/opt/anaconda3/envs/AirFlowBasicExample/lib/python3.8/site-packages/airflow/example_dags/example_trigger_target_dag.py took 0.119 seconds
[2022-07-06 16:53:43,732] {processor.py:153} INFO - Started process (PID=13249) to work on /Users/joyang0419/opt/anaconda3/envs/AirFlowBasicExample/lib/python3.8/site-packages/airflow/example_dags/example_trigger_target_dag.py
[2022-07-06 16:53:43,732] {processor.py:641} INFO - Processing file /Users/joyang0419/opt/anaconda3/envs/AirFlowBasicExample/lib/python3.8/site-packages/airflow/example_dags/example_trigger_target_dag.py for tasks to queue
[2022-07-06 16:53:43,732] {logging_mixin.py:115} INFO - [2022-07-06 16:53:43,732] {dagbag.py:507} INFO - Filling up the DagBag from /Users/joyang0419/opt/anaconda3/envs/AirFlowBasicExample/lib/python3.8/site-packages/airflow/example_dags/example_trigger_target_dag.py
[2022-07-06 16:53:43,749] {processor.py:651} INFO - DAG(s) dict_keys(['example_trigger_target_dag']) retrieved from /Users/joyang0419/opt/anaconda3/envs/AirFlowBasicExample/lib/python3.8/site-packages/airflow/example_dags/example_trigger_target_dag.py
[2022-07-06 16:53:43,818] {logging_mixin.py:115} INFO - [2022-07-06 16:53:43,818] {dag.py:2379} INFO - Sync 1 DAGs
[2022-07-06 16:53:43,830] {logging_mixin.py:115} INFO - [2022-07-06 16:53:43,830] {dag.py:2927} INFO - Setting next_dagrun for example_trigger_target_dag to None, run_after=None
[2022-07-06 16:53:43,846] {processor.py:161} INFO - Processing /Users/joyang0419/opt/anaconda3/envs/AirFlowBasicExample/lib/python3.8/site-packages/airflow/example_dags/example_trigger_target_dag.py took 0.114 seconds
[2022-07-06 16:53:53,963] {processor.py:153} INFO - Started process (PID=13319) to work on /Users/joyang0419/opt/anaconda3/envs/AirFlowBasicExample/lib/python3.8/site-packages/airflow/example_dags/example_trigger_target_dag.py
[2022-07-06 16:53:53,964] {processor.py:641} INFO - Processing file /Users/joyang0419/opt/anaconda3/envs/AirFlowBasicExample/lib/python3.8/site-packages/airflow/example_dags/example_trigger_target_dag.py for tasks to queue
[2022-07-06 16:53:53,964] {logging_mixin.py:115} INFO - [2022-07-06 16:53:53,964] {dagbag.py:507} INFO - Filling up the DagBag from /Users/joyang0419/opt/anaconda3/envs/AirFlowBasicExample/lib/python3.8/site-packages/airflow/example_dags/example_trigger_target_dag.py
[2022-07-06 16:53:53,983] {processor.py:651} INFO - DAG(s) dict_keys(['example_trigger_target_dag']) retrieved from /Users/joyang0419/opt/anaconda3/envs/AirFlowBasicExample/lib/python3.8/site-packages/airflow/example_dags/example_trigger_target_dag.py
[2022-07-06 16:53:54,045] {logging_mixin.py:115} INFO - [2022-07-06 16:53:54,045] {dag.py:2379} INFO - Sync 1 DAGs
[2022-07-06 16:53:54,057] {logging_mixin.py:115} INFO - [2022-07-06 16:53:54,057] {dag.py:2927} INFO - Setting next_dagrun for example_trigger_target_dag to None, run_after=None
[2022-07-06 16:53:54,075] {processor.py:161} INFO - Processing /Users/joyang0419/opt/anaconda3/envs/AirFlowBasicExample/lib/python3.8/site-packages/airflow/example_dags/example_trigger_target_dag.py took 0.112 seconds
[2022-07-06 16:54:06,050] {processor.py:153} INFO - Started process (PID=13401) to work on /Users/joyang0419/opt/anaconda3/envs/AirFlowBasicExample/lib/python3.8/site-packages/airflow/example_dags/example_trigger_target_dag.py
[2022-07-06 16:54:06,050] {processor.py:641} INFO - Processing file /Users/joyang0419/opt/anaconda3/envs/AirFlowBasicExample/lib/python3.8/site-packages/airflow/example_dags/example_trigger_target_dag.py for tasks to queue
[2022-07-06 16:54:06,050] {logging_mixin.py:115} INFO - [2022-07-06 16:54:06,050] {dagbag.py:507} INFO - Filling up the DagBag from /Users/joyang0419/opt/anaconda3/envs/AirFlowBasicExample/lib/python3.8/site-packages/airflow/example_dags/example_trigger_target_dag.py
[2022-07-06 16:54:06,068] {processor.py:651} INFO - DAG(s) dict_keys(['example_trigger_target_dag']) retrieved from /Users/joyang0419/opt/anaconda3/envs/AirFlowBasicExample/lib/python3.8/site-packages/airflow/example_dags/example_trigger_target_dag.py
[2022-07-06 16:54:06,134] {logging_mixin.py:115} INFO - [2022-07-06 16:54:06,133] {dag.py:2379} INFO - Sync 1 DAGs
[2022-07-06 16:54:06,148] {logging_mixin.py:115} INFO - [2022-07-06 16:54:06,148] {dag.py:2927} INFO - Setting next_dagrun for example_trigger_target_dag to None, run_after=None
[2022-07-06 16:54:06,173] {processor.py:161} INFO - Processing /Users/joyang0419/opt/anaconda3/envs/AirFlowBasicExample/lib/python3.8/site-packages/airflow/example_dags/example_trigger_target_dag.py took 0.123 seconds
