[2022-07-06 16:50:12,278] {processor.py:153} INFO - Started process (PID=12474) to work on /Users/joyang0419/opt/anaconda3/envs/AirFlowBasicExample/lib/python3.8/site-packages/airflow/example_dags/example_dag_decorator.py
[2022-07-06 16:50:12,278] {processor.py:641} INFO - Processing file /Users/joyang0419/opt/anaconda3/envs/AirFlowBasicExample/lib/python3.8/site-packages/airflow/example_dags/example_dag_decorator.py for tasks to queue
[2022-07-06 16:50:12,278] {logging_mixin.py:115} INFO - [2022-07-06 16:50:12,278] {dagbag.py:507} INFO - Filling up the DagBag from /Users/joyang0419/opt/anaconda3/envs/AirFlowBasicExample/lib/python3.8/site-packages/airflow/example_dags/example_dag_decorator.py
[2022-07-06 16:50:12,377] {processor.py:651} INFO - DAG(s) dict_keys(['example_dag_decorator']) retrieved from /Users/joyang0419/opt/anaconda3/envs/AirFlowBasicExample/lib/python3.8/site-packages/airflow/example_dags/example_dag_decorator.py
[2022-07-06 16:50:12,865] {logging_mixin.py:115} INFO - [2022-07-06 16:50:12,865] {manager.py:508} INFO - Created Permission View: can edit on DAG:example_dag_decorator
[2022-07-06 16:50:12,879] {logging_mixin.py:115} INFO - [2022-07-06 16:50:12,879] {manager.py:508} INFO - Created Permission View: can read on DAG:example_dag_decorator
[2022-07-06 16:50:12,890] {logging_mixin.py:115} INFO - [2022-07-06 16:50:12,890] {manager.py:508} INFO - Created Permission View: can delete on DAG:example_dag_decorator
[2022-07-06 16:50:12,890] {logging_mixin.py:115} INFO - [2022-07-06 16:50:12,890] {dag.py:2379} INFO - Sync 1 DAGs
[2022-07-06 16:50:12,896] {logging_mixin.py:115} INFO - [2022-07-06 16:50:12,896] {dag.py:2398} INFO - Creating ORM DAG for example_dag_decorator
[2022-07-06 16:50:12,903] {logging_mixin.py:115} INFO - [2022-07-06 16:50:12,902] {dag.py:2927} INFO - Setting next_dagrun for example_dag_decorator to None, run_after=None
[2022-07-06 16:50:12,920] {processor.py:161} INFO - Processing /Users/joyang0419/opt/anaconda3/envs/AirFlowBasicExample/lib/python3.8/site-packages/airflow/example_dags/example_dag_decorator.py took 0.643 seconds
[2022-07-06 16:50:25,707] {processor.py:153} INFO - Started process (PID=12543) to work on /Users/joyang0419/opt/anaconda3/envs/AirFlowBasicExample/lib/python3.8/site-packages/airflow/example_dags/example_dag_decorator.py
[2022-07-06 16:50:25,707] {processor.py:641} INFO - Processing file /Users/joyang0419/opt/anaconda3/envs/AirFlowBasicExample/lib/python3.8/site-packages/airflow/example_dags/example_dag_decorator.py for tasks to queue
[2022-07-06 16:50:25,708] {logging_mixin.py:115} INFO - [2022-07-06 16:50:25,708] {dagbag.py:507} INFO - Filling up the DagBag from /Users/joyang0419/opt/anaconda3/envs/AirFlowBasicExample/lib/python3.8/site-packages/airflow/example_dags/example_dag_decorator.py
[2022-07-06 16:50:25,806] {processor.py:651} INFO - DAG(s) dict_keys(['example_dag_decorator']) retrieved from /Users/joyang0419/opt/anaconda3/envs/AirFlowBasicExample/lib/python3.8/site-packages/airflow/example_dags/example_dag_decorator.py
[2022-07-06 16:50:25,856] {logging_mixin.py:115} INFO - [2022-07-06 16:50:25,856] {dag.py:2379} INFO - Sync 1 DAGs
[2022-07-06 16:50:25,887] {logging_mixin.py:115} INFO - [2022-07-06 16:50:25,887] {dag.py:2927} INFO - Setting next_dagrun for example_dag_decorator to None, run_after=None
[2022-07-06 16:50:25,907] {processor.py:161} INFO - Processing /Users/joyang0419/opt/anaconda3/envs/AirFlowBasicExample/lib/python3.8/site-packages/airflow/example_dags/example_dag_decorator.py took 0.201 seconds
[2022-07-06 16:50:35,842] {processor.py:153} INFO - Started process (PID=12607) to work on /Users/joyang0419/opt/anaconda3/envs/AirFlowBasicExample/lib/python3.8/site-packages/airflow/example_dags/example_dag_decorator.py
[2022-07-06 16:50:35,842] {processor.py:641} INFO - Processing file /Users/joyang0419/opt/anaconda3/envs/AirFlowBasicExample/lib/python3.8/site-packages/airflow/example_dags/example_dag_decorator.py for tasks to queue
[2022-07-06 16:50:35,843] {logging_mixin.py:115} INFO - [2022-07-06 16:50:35,843] {dagbag.py:507} INFO - Filling up the DagBag from /Users/joyang0419/opt/anaconda3/envs/AirFlowBasicExample/lib/python3.8/site-packages/airflow/example_dags/example_dag_decorator.py
[2022-07-06 16:50:35,941] {processor.py:651} INFO - DAG(s) dict_keys(['example_dag_decorator']) retrieved from /Users/joyang0419/opt/anaconda3/envs/AirFlowBasicExample/lib/python3.8/site-packages/airflow/example_dags/example_dag_decorator.py
[2022-07-06 16:50:35,985] {logging_mixin.py:115} INFO - [2022-07-06 16:50:35,985] {dag.py:2379} INFO - Sync 1 DAGs
[2022-07-06 16:50:36,014] {logging_mixin.py:115} INFO - [2022-07-06 16:50:36,014] {dag.py:2927} INFO - Setting next_dagrun for example_dag_decorator to None, run_after=None
[2022-07-06 16:50:36,031] {processor.py:161} INFO - Processing /Users/joyang0419/opt/anaconda3/envs/AirFlowBasicExample/lib/python3.8/site-packages/airflow/example_dags/example_dag_decorator.py took 0.189 seconds
[2022-07-06 16:50:48,496] {processor.py:153} INFO - Started process (PID=12680) to work on /Users/joyang0419/opt/anaconda3/envs/AirFlowBasicExample/lib/python3.8/site-packages/airflow/example_dags/example_dag_decorator.py
[2022-07-06 16:50:48,496] {processor.py:641} INFO - Processing file /Users/joyang0419/opt/anaconda3/envs/AirFlowBasicExample/lib/python3.8/site-packages/airflow/example_dags/example_dag_decorator.py for tasks to queue
[2022-07-06 16:50:48,496] {logging_mixin.py:115} INFO - [2022-07-06 16:50:48,496] {dagbag.py:507} INFO - Filling up the DagBag from /Users/joyang0419/opt/anaconda3/envs/AirFlowBasicExample/lib/python3.8/site-packages/airflow/example_dags/example_dag_decorator.py
[2022-07-06 16:50:48,599] {processor.py:651} INFO - DAG(s) dict_keys(['example_dag_decorator']) retrieved from /Users/joyang0419/opt/anaconda3/envs/AirFlowBasicExample/lib/python3.8/site-packages/airflow/example_dags/example_dag_decorator.py
[2022-07-06 16:50:48,934] {logging_mixin.py:115} INFO - [2022-07-06 16:50:48,934] {dag.py:2379} INFO - Sync 1 DAGs
[2022-07-06 16:50:48,950] {logging_mixin.py:115} INFO - [2022-07-06 16:50:48,950] {dag.py:2927} INFO - Setting next_dagrun for example_dag_decorator to None, run_after=None
[2022-07-06 16:50:48,984] {processor.py:161} INFO - Processing /Users/joyang0419/opt/anaconda3/envs/AirFlowBasicExample/lib/python3.8/site-packages/airflow/example_dags/example_dag_decorator.py took 0.489 seconds
[2022-07-06 16:52:30,257] {processor.py:153} INFO - Started process (PID=12807) to work on /Users/joyang0419/opt/anaconda3/envs/AirFlowBasicExample/lib/python3.8/site-packages/airflow/example_dags/example_dag_decorator.py
[2022-07-06 16:52:30,258] {processor.py:641} INFO - Processing file /Users/joyang0419/opt/anaconda3/envs/AirFlowBasicExample/lib/python3.8/site-packages/airflow/example_dags/example_dag_decorator.py for tasks to queue
[2022-07-06 16:52:30,258] {logging_mixin.py:115} INFO - [2022-07-06 16:52:30,258] {dagbag.py:507} INFO - Filling up the DagBag from /Users/joyang0419/opt/anaconda3/envs/AirFlowBasicExample/lib/python3.8/site-packages/airflow/example_dags/example_dag_decorator.py
[2022-07-06 16:52:30,359] {processor.py:651} INFO - DAG(s) dict_keys(['example_dag_decorator']) retrieved from /Users/joyang0419/opt/anaconda3/envs/AirFlowBasicExample/lib/python3.8/site-packages/airflow/example_dags/example_dag_decorator.py
[2022-07-06 16:52:30,677] {logging_mixin.py:115} INFO - [2022-07-06 16:52:30,677] {dag.py:2379} INFO - Sync 1 DAGs
[2022-07-06 16:52:30,690] {logging_mixin.py:115} INFO - [2022-07-06 16:52:30,690] {dag.py:2927} INFO - Setting next_dagrun for example_dag_decorator to None, run_after=None
[2022-07-06 16:52:30,709] {processor.py:161} INFO - Processing /Users/joyang0419/opt/anaconda3/envs/AirFlowBasicExample/lib/python3.8/site-packages/airflow/example_dags/example_dag_decorator.py took 0.452 seconds
[2022-07-06 16:52:40,920] {processor.py:153} INFO - Started process (PID=12874) to work on /Users/joyang0419/opt/anaconda3/envs/AirFlowBasicExample/lib/python3.8/site-packages/airflow/example_dags/example_dag_decorator.py
[2022-07-06 16:52:40,920] {processor.py:641} INFO - Processing file /Users/joyang0419/opt/anaconda3/envs/AirFlowBasicExample/lib/python3.8/site-packages/airflow/example_dags/example_dag_decorator.py for tasks to queue
[2022-07-06 16:52:40,920] {logging_mixin.py:115} INFO - [2022-07-06 16:52:40,920] {dagbag.py:507} INFO - Filling up the DagBag from /Users/joyang0419/opt/anaconda3/envs/AirFlowBasicExample/lib/python3.8/site-packages/airflow/example_dags/example_dag_decorator.py
[2022-07-06 16:52:41,029] {processor.py:651} INFO - DAG(s) dict_keys(['example_dag_decorator']) retrieved from /Users/joyang0419/opt/anaconda3/envs/AirFlowBasicExample/lib/python3.8/site-packages/airflow/example_dags/example_dag_decorator.py
[2022-07-06 16:52:41,082] {logging_mixin.py:115} INFO - [2022-07-06 16:52:41,082] {dag.py:2379} INFO - Sync 1 DAGs
[2022-07-06 16:52:41,114] {logging_mixin.py:115} INFO - [2022-07-06 16:52:41,114] {dag.py:2927} INFO - Setting next_dagrun for example_dag_decorator to None, run_after=None
[2022-07-06 16:52:41,136] {processor.py:161} INFO - Processing /Users/joyang0419/opt/anaconda3/envs/AirFlowBasicExample/lib/python3.8/site-packages/airflow/example_dags/example_dag_decorator.py took 0.217 seconds
[2022-07-06 16:52:51,996] {processor.py:153} INFO - Started process (PID=12942) to work on /Users/joyang0419/opt/anaconda3/envs/AirFlowBasicExample/lib/python3.8/site-packages/airflow/example_dags/example_dag_decorator.py
[2022-07-06 16:52:51,996] {processor.py:641} INFO - Processing file /Users/joyang0419/opt/anaconda3/envs/AirFlowBasicExample/lib/python3.8/site-packages/airflow/example_dags/example_dag_decorator.py for tasks to queue
[2022-07-06 16:52:51,996] {logging_mixin.py:115} INFO - [2022-07-06 16:52:51,996] {dagbag.py:507} INFO - Filling up the DagBag from /Users/joyang0419/opt/anaconda3/envs/AirFlowBasicExample/lib/python3.8/site-packages/airflow/example_dags/example_dag_decorator.py
[2022-07-06 16:52:52,128] {processor.py:651} INFO - DAG(s) dict_keys(['example_dag_decorator']) retrieved from /Users/joyang0419/opt/anaconda3/envs/AirFlowBasicExample/lib/python3.8/site-packages/airflow/example_dags/example_dag_decorator.py
[2022-07-06 16:52:52,184] {logging_mixin.py:115} INFO - [2022-07-06 16:52:52,184] {dag.py:2379} INFO - Sync 1 DAGs
[2022-07-06 16:52:52,218] {logging_mixin.py:115} INFO - [2022-07-06 16:52:52,218] {dag.py:2927} INFO - Setting next_dagrun for example_dag_decorator to None, run_after=None
[2022-07-06 16:52:52,246] {processor.py:161} INFO - Processing /Users/joyang0419/opt/anaconda3/envs/AirFlowBasicExample/lib/python3.8/site-packages/airflow/example_dags/example_dag_decorator.py took 0.251 seconds
[2022-07-06 16:53:04,488] {processor.py:153} INFO - Started process (PID=13014) to work on /Users/joyang0419/opt/anaconda3/envs/AirFlowBasicExample/lib/python3.8/site-packages/airflow/example_dags/example_dag_decorator.py
[2022-07-06 16:53:04,488] {processor.py:641} INFO - Processing file /Users/joyang0419/opt/anaconda3/envs/AirFlowBasicExample/lib/python3.8/site-packages/airflow/example_dags/example_dag_decorator.py for tasks to queue
[2022-07-06 16:53:04,489] {logging_mixin.py:115} INFO - [2022-07-06 16:53:04,489] {dagbag.py:507} INFO - Filling up the DagBag from /Users/joyang0419/opt/anaconda3/envs/AirFlowBasicExample/lib/python3.8/site-packages/airflow/example_dags/example_dag_decorator.py
[2022-07-06 16:53:04,587] {processor.py:651} INFO - DAG(s) dict_keys(['example_dag_decorator']) retrieved from /Users/joyang0419/opt/anaconda3/envs/AirFlowBasicExample/lib/python3.8/site-packages/airflow/example_dags/example_dag_decorator.py
[2022-07-06 16:53:04,925] {logging_mixin.py:115} INFO - [2022-07-06 16:53:04,925] {dag.py:2379} INFO - Sync 1 DAGs
[2022-07-06 16:53:04,936] {logging_mixin.py:115} INFO - [2022-07-06 16:53:04,936] {dag.py:2927} INFO - Setting next_dagrun for example_dag_decorator to None, run_after=None
[2022-07-06 16:53:04,956] {processor.py:161} INFO - Processing /Users/joyang0419/opt/anaconda3/envs/AirFlowBasicExample/lib/python3.8/site-packages/airflow/example_dags/example_dag_decorator.py took 0.468 seconds
[2022-07-06 16:53:15,687] {processor.py:153} INFO - Started process (PID=13079) to work on /Users/joyang0419/opt/anaconda3/envs/AirFlowBasicExample/lib/python3.8/site-packages/airflow/example_dags/example_dag_decorator.py
[2022-07-06 16:53:15,688] {processor.py:641} INFO - Processing file /Users/joyang0419/opt/anaconda3/envs/AirFlowBasicExample/lib/python3.8/site-packages/airflow/example_dags/example_dag_decorator.py for tasks to queue
[2022-07-06 16:53:15,688] {logging_mixin.py:115} INFO - [2022-07-06 16:53:15,688] {dagbag.py:507} INFO - Filling up the DagBag from /Users/joyang0419/opt/anaconda3/envs/AirFlowBasicExample/lib/python3.8/site-packages/airflow/example_dags/example_dag_decorator.py
[2022-07-06 16:53:15,829] {processor.py:651} INFO - DAG(s) dict_keys(['example_dag_decorator']) retrieved from /Users/joyang0419/opt/anaconda3/envs/AirFlowBasicExample/lib/python3.8/site-packages/airflow/example_dags/example_dag_decorator.py
[2022-07-06 16:53:15,881] {logging_mixin.py:115} INFO - [2022-07-06 16:53:15,881] {dag.py:2379} INFO - Sync 1 DAGs
[2022-07-06 16:53:15,910] {logging_mixin.py:115} INFO - [2022-07-06 16:53:15,910] {dag.py:2927} INFO - Setting next_dagrun for example_dag_decorator to None, run_after=None
[2022-07-06 16:53:15,927] {processor.py:161} INFO - Processing /Users/joyang0419/opt/anaconda3/envs/AirFlowBasicExample/lib/python3.8/site-packages/airflow/example_dags/example_dag_decorator.py took 0.241 seconds
[2022-07-06 16:53:26,240] {processor.py:153} INFO - Started process (PID=13146) to work on /Users/joyang0419/opt/anaconda3/envs/AirFlowBasicExample/lib/python3.8/site-packages/airflow/example_dags/example_dag_decorator.py
[2022-07-06 16:53:26,240] {processor.py:641} INFO - Processing file /Users/joyang0419/opt/anaconda3/envs/AirFlowBasicExample/lib/python3.8/site-packages/airflow/example_dags/example_dag_decorator.py for tasks to queue
[2022-07-06 16:53:26,240] {logging_mixin.py:115} INFO - [2022-07-06 16:53:26,240] {dagbag.py:507} INFO - Filling up the DagBag from /Users/joyang0419/opt/anaconda3/envs/AirFlowBasicExample/lib/python3.8/site-packages/airflow/example_dags/example_dag_decorator.py
[2022-07-06 16:53:26,343] {processor.py:651} INFO - DAG(s) dict_keys(['example_dag_decorator']) retrieved from /Users/joyang0419/opt/anaconda3/envs/AirFlowBasicExample/lib/python3.8/site-packages/airflow/example_dags/example_dag_decorator.py
[2022-07-06 16:53:26,396] {logging_mixin.py:115} INFO - [2022-07-06 16:53:26,396] {dag.py:2379} INFO - Sync 1 DAGs
[2022-07-06 16:53:26,430] {logging_mixin.py:115} INFO - [2022-07-06 16:53:26,430] {dag.py:2927} INFO - Setting next_dagrun for example_dag_decorator to None, run_after=None
[2022-07-06 16:53:26,450] {processor.py:161} INFO - Processing /Users/joyang0419/opt/anaconda3/envs/AirFlowBasicExample/lib/python3.8/site-packages/airflow/example_dags/example_dag_decorator.py took 0.210 seconds
[2022-07-06 16:53:38,003] {processor.py:153} INFO - Started process (PID=13213) to work on /Users/joyang0419/opt/anaconda3/envs/AirFlowBasicExample/lib/python3.8/site-packages/airflow/example_dags/example_dag_decorator.py
[2022-07-06 16:53:38,004] {processor.py:641} INFO - Processing file /Users/joyang0419/opt/anaconda3/envs/AirFlowBasicExample/lib/python3.8/site-packages/airflow/example_dags/example_dag_decorator.py for tasks to queue
[2022-07-06 16:53:38,004] {logging_mixin.py:115} INFO - [2022-07-06 16:53:38,004] {dagbag.py:507} INFO - Filling up the DagBag from /Users/joyang0419/opt/anaconda3/envs/AirFlowBasicExample/lib/python3.8/site-packages/airflow/example_dags/example_dag_decorator.py
[2022-07-06 16:53:38,102] {processor.py:651} INFO - DAG(s) dict_keys(['example_dag_decorator']) retrieved from /Users/joyang0419/opt/anaconda3/envs/AirFlowBasicExample/lib/python3.8/site-packages/airflow/example_dags/example_dag_decorator.py
[2022-07-06 16:53:38,435] {logging_mixin.py:115} INFO - [2022-07-06 16:53:38,435] {dag.py:2379} INFO - Sync 1 DAGs
[2022-07-06 16:53:38,450] {logging_mixin.py:115} INFO - [2022-07-06 16:53:38,450] {dag.py:2927} INFO - Setting next_dagrun for example_dag_decorator to None, run_after=None
[2022-07-06 16:53:38,475] {processor.py:161} INFO - Processing /Users/joyang0419/opt/anaconda3/envs/AirFlowBasicExample/lib/python3.8/site-packages/airflow/example_dags/example_dag_decorator.py took 0.473 seconds
[2022-07-06 16:53:48,924] {processor.py:153} INFO - Started process (PID=13283) to work on /Users/joyang0419/opt/anaconda3/envs/AirFlowBasicExample/lib/python3.8/site-packages/airflow/example_dags/example_dag_decorator.py
[2022-07-06 16:53:48,925] {processor.py:641} INFO - Processing file /Users/joyang0419/opt/anaconda3/envs/AirFlowBasicExample/lib/python3.8/site-packages/airflow/example_dags/example_dag_decorator.py for tasks to queue
[2022-07-06 16:53:48,925] {logging_mixin.py:115} INFO - [2022-07-06 16:53:48,925] {dagbag.py:507} INFO - Filling up the DagBag from /Users/joyang0419/opt/anaconda3/envs/AirFlowBasicExample/lib/python3.8/site-packages/airflow/example_dags/example_dag_decorator.py
[2022-07-06 16:53:49,027] {processor.py:651} INFO - DAG(s) dict_keys(['example_dag_decorator']) retrieved from /Users/joyang0419/opt/anaconda3/envs/AirFlowBasicExample/lib/python3.8/site-packages/airflow/example_dags/example_dag_decorator.py
[2022-07-06 16:53:49,075] {logging_mixin.py:115} INFO - [2022-07-06 16:53:49,075] {dag.py:2379} INFO - Sync 1 DAGs
[2022-07-06 16:53:49,104] {logging_mixin.py:115} INFO - [2022-07-06 16:53:49,104] {dag.py:2927} INFO - Setting next_dagrun for example_dag_decorator to None, run_after=None
[2022-07-06 16:53:49,120] {processor.py:161} INFO - Processing /Users/joyang0419/opt/anaconda3/envs/AirFlowBasicExample/lib/python3.8/site-packages/airflow/example_dags/example_dag_decorator.py took 0.196 seconds
[2022-07-06 16:53:59,656] {processor.py:153} INFO - Started process (PID=13354) to work on /Users/joyang0419/opt/anaconda3/envs/AirFlowBasicExample/lib/python3.8/site-packages/airflow/example_dags/example_dag_decorator.py
[2022-07-06 16:53:59,657] {processor.py:641} INFO - Processing file /Users/joyang0419/opt/anaconda3/envs/AirFlowBasicExample/lib/python3.8/site-packages/airflow/example_dags/example_dag_decorator.py for tasks to queue
[2022-07-06 16:53:59,657] {logging_mixin.py:115} INFO - [2022-07-06 16:53:59,657] {dagbag.py:507} INFO - Filling up the DagBag from /Users/joyang0419/opt/anaconda3/envs/AirFlowBasicExample/lib/python3.8/site-packages/airflow/example_dags/example_dag_decorator.py
[2022-07-06 16:53:59,755] {processor.py:651} INFO - DAG(s) dict_keys(['example_dag_decorator']) retrieved from /Users/joyang0419/opt/anaconda3/envs/AirFlowBasicExample/lib/python3.8/site-packages/airflow/example_dags/example_dag_decorator.py
[2022-07-06 16:53:59,804] {logging_mixin.py:115} INFO - [2022-07-06 16:53:59,804] {dag.py:2379} INFO - Sync 1 DAGs
[2022-07-06 16:53:59,835] {logging_mixin.py:115} INFO - [2022-07-06 16:53:59,835] {dag.py:2927} INFO - Setting next_dagrun for example_dag_decorator to None, run_after=None
[2022-07-06 16:53:59,852] {processor.py:161} INFO - Processing /Users/joyang0419/opt/anaconda3/envs/AirFlowBasicExample/lib/python3.8/site-packages/airflow/example_dags/example_dag_decorator.py took 0.197 seconds
[2022-07-06 16:54:12,236] {processor.py:153} INFO - Started process (PID=13435) to work on /Users/joyang0419/opt/anaconda3/envs/AirFlowBasicExample/lib/python3.8/site-packages/airflow/example_dags/example_dag_decorator.py
[2022-07-06 16:54:12,236] {processor.py:641} INFO - Processing file /Users/joyang0419/opt/anaconda3/envs/AirFlowBasicExample/lib/python3.8/site-packages/airflow/example_dags/example_dag_decorator.py for tasks to queue
[2022-07-06 16:54:12,236] {logging_mixin.py:115} INFO - [2022-07-06 16:54:12,236] {dagbag.py:507} INFO - Filling up the DagBag from /Users/joyang0419/opt/anaconda3/envs/AirFlowBasicExample/lib/python3.8/site-packages/airflow/example_dags/example_dag_decorator.py
[2022-07-06 16:54:12,357] {processor.py:651} INFO - DAG(s) dict_keys(['example_dag_decorator']) retrieved from /Users/joyang0419/opt/anaconda3/envs/AirFlowBasicExample/lib/python3.8/site-packages/airflow/example_dags/example_dag_decorator.py
[2022-07-06 16:54:12,677] {logging_mixin.py:115} INFO - [2022-07-06 16:54:12,677] {dag.py:2379} INFO - Sync 1 DAGs
[2022-07-06 16:54:12,690] {logging_mixin.py:115} INFO - [2022-07-06 16:54:12,690] {dag.py:2927} INFO - Setting next_dagrun for example_dag_decorator to None, run_after=None
[2022-07-06 16:54:12,715] {processor.py:161} INFO - Processing /Users/joyang0419/opt/anaconda3/envs/AirFlowBasicExample/lib/python3.8/site-packages/airflow/example_dags/example_dag_decorator.py took 0.479 seconds
