[2022-07-06 16:50:08,025] {processor.py:153} INFO - Started process (PID=12458) to work on /Users/joyang0419/opt/anaconda3/envs/AirFlowBasicExample/lib/python3.8/site-packages/airflow/example_dags/example_python_operator.py
[2022-07-06 16:50:08,025] {processor.py:641} INFO - Processing file /Users/joyang0419/opt/anaconda3/envs/AirFlowBasicExample/lib/python3.8/site-packages/airflow/example_dags/example_python_operator.py for tasks to queue
[2022-07-06 16:50:08,026] {logging_mixin.py:115} INFO - [2022-07-06 16:50:08,026] {dagbag.py:507} INFO - Filling up the DagBag from /Users/joyang0419/opt/anaconda3/envs/AirFlowBasicExample/lib/python3.8/site-packages/airflow/example_dags/example_python_operator.py
[2022-07-06 16:50:08,040] {logging_mixin.py:115} INFO - [2022-07-06 16:50:08,040] {example_python_operator.py:68} WARNING - The virtalenv_python example task requires virtualenv, please install it.
[2022-07-06 16:50:08,044] {processor.py:651} INFO - DAG(s) dict_keys(['example_python_operator']) retrieved from /Users/joyang0419/opt/anaconda3/envs/AirFlowBasicExample/lib/python3.8/site-packages/airflow/example_dags/example_python_operator.py
[2022-07-06 16:50:08,597] {logging_mixin.py:115} INFO - [2022-07-06 16:50:08,597] {manager.py:508} INFO - Created Permission View: can delete on DAG:example_python_operator
[2022-07-06 16:50:08,610] {logging_mixin.py:115} INFO - [2022-07-06 16:50:08,610] {manager.py:508} INFO - Created Permission View: can read on DAG:example_python_operator
[2022-07-06 16:50:08,622] {logging_mixin.py:115} INFO - [2022-07-06 16:50:08,622] {manager.py:508} INFO - Created Permission View: can edit on DAG:example_python_operator
[2022-07-06 16:50:08,622] {logging_mixin.py:115} INFO - [2022-07-06 16:50:08,622] {dag.py:2379} INFO - Sync 1 DAGs
[2022-07-06 16:50:08,629] {logging_mixin.py:115} INFO - [2022-07-06 16:50:08,629] {dag.py:2398} INFO - Creating ORM DAG for example_python_operator
[2022-07-06 16:50:08,635] {logging_mixin.py:115} INFO - [2022-07-06 16:50:08,635] {dag.py:2927} INFO - Setting next_dagrun for example_python_operator to None, run_after=None
[2022-07-06 16:50:08,653] {processor.py:161} INFO - Processing /Users/joyang0419/opt/anaconda3/envs/AirFlowBasicExample/lib/python3.8/site-packages/airflow/example_dags/example_python_operator.py took 0.628 seconds
[2022-07-06 16:50:23,269] {processor.py:153} INFO - Started process (PID=12527) to work on /Users/joyang0419/opt/anaconda3/envs/AirFlowBasicExample/lib/python3.8/site-packages/airflow/example_dags/example_python_operator.py
[2022-07-06 16:50:23,270] {processor.py:641} INFO - Processing file /Users/joyang0419/opt/anaconda3/envs/AirFlowBasicExample/lib/python3.8/site-packages/airflow/example_dags/example_python_operator.py for tasks to queue
[2022-07-06 16:50:23,270] {logging_mixin.py:115} INFO - [2022-07-06 16:50:23,270] {dagbag.py:507} INFO - Filling up the DagBag from /Users/joyang0419/opt/anaconda3/envs/AirFlowBasicExample/lib/python3.8/site-packages/airflow/example_dags/example_python_operator.py
[2022-07-06 16:50:23,285] {logging_mixin.py:115} INFO - [2022-07-06 16:50:23,284] {example_python_operator.py:68} WARNING - The virtalenv_python example task requires virtualenv, please install it.
[2022-07-06 16:50:23,289] {processor.py:651} INFO - DAG(s) dict_keys(['example_python_operator']) retrieved from /Users/joyang0419/opt/anaconda3/envs/AirFlowBasicExample/lib/python3.8/site-packages/airflow/example_dags/example_python_operator.py
[2022-07-06 16:50:23,327] {logging_mixin.py:115} INFO - [2022-07-06 16:50:23,327] {dag.py:2379} INFO - Sync 1 DAGs
[2022-07-06 16:50:23,357] {logging_mixin.py:115} INFO - [2022-07-06 16:50:23,357] {dag.py:2927} INFO - Setting next_dagrun for example_python_operator to None, run_after=None
[2022-07-06 16:50:23,373] {processor.py:161} INFO - Processing /Users/joyang0419/opt/anaconda3/envs/AirFlowBasicExample/lib/python3.8/site-packages/airflow/example_dags/example_python_operator.py took 0.104 seconds
[2022-07-06 16:50:33,275] {processor.py:153} INFO - Started process (PID=12591) to work on /Users/joyang0419/opt/anaconda3/envs/AirFlowBasicExample/lib/python3.8/site-packages/airflow/example_dags/example_python_operator.py
[2022-07-06 16:50:33,275] {processor.py:641} INFO - Processing file /Users/joyang0419/opt/anaconda3/envs/AirFlowBasicExample/lib/python3.8/site-packages/airflow/example_dags/example_python_operator.py for tasks to queue
[2022-07-06 16:50:33,275] {logging_mixin.py:115} INFO - [2022-07-06 16:50:33,275] {dagbag.py:507} INFO - Filling up the DagBag from /Users/joyang0419/opt/anaconda3/envs/AirFlowBasicExample/lib/python3.8/site-packages/airflow/example_dags/example_python_operator.py
[2022-07-06 16:50:33,289] {logging_mixin.py:115} INFO - [2022-07-06 16:50:33,289] {example_python_operator.py:68} WARNING - The virtalenv_python example task requires virtualenv, please install it.
[2022-07-06 16:50:33,292] {processor.py:651} INFO - DAG(s) dict_keys(['example_python_operator']) retrieved from /Users/joyang0419/opt/anaconda3/envs/AirFlowBasicExample/lib/python3.8/site-packages/airflow/example_dags/example_python_operator.py
[2022-07-06 16:50:33,336] {logging_mixin.py:115} INFO - [2022-07-06 16:50:33,336] {dag.py:2379} INFO - Sync 1 DAGs
[2022-07-06 16:50:33,372] {logging_mixin.py:115} INFO - [2022-07-06 16:50:33,372] {dag.py:2927} INFO - Setting next_dagrun for example_python_operator to None, run_after=None
[2022-07-06 16:50:33,400] {processor.py:161} INFO - Processing /Users/joyang0419/opt/anaconda3/envs/AirFlowBasicExample/lib/python3.8/site-packages/airflow/example_dags/example_python_operator.py took 0.125 seconds
[2022-07-06 16:50:45,710] {processor.py:153} INFO - Started process (PID=12662) to work on /Users/joyang0419/opt/anaconda3/envs/AirFlowBasicExample/lib/python3.8/site-packages/airflow/example_dags/example_python_operator.py
[2022-07-06 16:50:45,710] {processor.py:641} INFO - Processing file /Users/joyang0419/opt/anaconda3/envs/AirFlowBasicExample/lib/python3.8/site-packages/airflow/example_dags/example_python_operator.py for tasks to queue
[2022-07-06 16:50:45,710] {logging_mixin.py:115} INFO - [2022-07-06 16:50:45,710] {dagbag.py:507} INFO - Filling up the DagBag from /Users/joyang0419/opt/anaconda3/envs/AirFlowBasicExample/lib/python3.8/site-packages/airflow/example_dags/example_python_operator.py
[2022-07-06 16:50:45,727] {logging_mixin.py:115} INFO - [2022-07-06 16:50:45,727] {example_python_operator.py:68} WARNING - The virtalenv_python example task requires virtualenv, please install it.
[2022-07-06 16:50:45,731] {processor.py:651} INFO - DAG(s) dict_keys(['example_python_operator']) retrieved from /Users/joyang0419/opt/anaconda3/envs/AirFlowBasicExample/lib/python3.8/site-packages/airflow/example_dags/example_python_operator.py
[2022-07-06 16:50:45,795] {logging_mixin.py:115} INFO - [2022-07-06 16:50:45,795] {dag.py:2379} INFO - Sync 1 DAGs
[2022-07-06 16:50:45,809] {logging_mixin.py:115} INFO - [2022-07-06 16:50:45,809] {dag.py:2927} INFO - Setting next_dagrun for example_python_operator to None, run_after=None
[2022-07-06 16:50:45,834] {processor.py:161} INFO - Processing /Users/joyang0419/opt/anaconda3/envs/AirFlowBasicExample/lib/python3.8/site-packages/airflow/example_dags/example_python_operator.py took 0.125 seconds
[2022-07-06 16:52:27,815] {processor.py:153} INFO - Started process (PID=12791) to work on /Users/joyang0419/opt/anaconda3/envs/AirFlowBasicExample/lib/python3.8/site-packages/airflow/example_dags/example_python_operator.py
[2022-07-06 16:52:27,816] {processor.py:641} INFO - Processing file /Users/joyang0419/opt/anaconda3/envs/AirFlowBasicExample/lib/python3.8/site-packages/airflow/example_dags/example_python_operator.py for tasks to queue
[2022-07-06 16:52:27,816] {logging_mixin.py:115} INFO - [2022-07-06 16:52:27,816] {dagbag.py:507} INFO - Filling up the DagBag from /Users/joyang0419/opt/anaconda3/envs/AirFlowBasicExample/lib/python3.8/site-packages/airflow/example_dags/example_python_operator.py
[2022-07-06 16:52:27,831] {logging_mixin.py:115} INFO - [2022-07-06 16:52:27,831] {example_python_operator.py:68} WARNING - The virtalenv_python example task requires virtualenv, please install it.
[2022-07-06 16:52:27,835] {processor.py:651} INFO - DAG(s) dict_keys(['example_python_operator']) retrieved from /Users/joyang0419/opt/anaconda3/envs/AirFlowBasicExample/lib/python3.8/site-packages/airflow/example_dags/example_python_operator.py
[2022-07-06 16:52:27,904] {logging_mixin.py:115} INFO - [2022-07-06 16:52:27,904] {dag.py:2379} INFO - Sync 1 DAGs
[2022-07-06 16:52:27,919] {logging_mixin.py:115} INFO - [2022-07-06 16:52:27,919] {dag.py:2927} INFO - Setting next_dagrun for example_python_operator to None, run_after=None
[2022-07-06 16:52:27,948] {processor.py:161} INFO - Processing /Users/joyang0419/opt/anaconda3/envs/AirFlowBasicExample/lib/python3.8/site-packages/airflow/example_dags/example_python_operator.py took 0.133 seconds
[2022-07-06 16:52:38,529] {processor.py:153} INFO - Started process (PID=12859) to work on /Users/joyang0419/opt/anaconda3/envs/AirFlowBasicExample/lib/python3.8/site-packages/airflow/example_dags/example_python_operator.py
[2022-07-06 16:52:38,529] {processor.py:641} INFO - Processing file /Users/joyang0419/opt/anaconda3/envs/AirFlowBasicExample/lib/python3.8/site-packages/airflow/example_dags/example_python_operator.py for tasks to queue
[2022-07-06 16:52:38,529] {logging_mixin.py:115} INFO - [2022-07-06 16:52:38,529] {dagbag.py:507} INFO - Filling up the DagBag from /Users/joyang0419/opt/anaconda3/envs/AirFlowBasicExample/lib/python3.8/site-packages/airflow/example_dags/example_python_operator.py
[2022-07-06 16:52:38,544] {logging_mixin.py:115} INFO - [2022-07-06 16:52:38,544] {example_python_operator.py:68} WARNING - The virtalenv_python example task requires virtualenv, please install it.
[2022-07-06 16:52:38,548] {processor.py:651} INFO - DAG(s) dict_keys(['example_python_operator']) retrieved from /Users/joyang0419/opt/anaconda3/envs/AirFlowBasicExample/lib/python3.8/site-packages/airflow/example_dags/example_python_operator.py
[2022-07-06 16:52:38,602] {logging_mixin.py:115} INFO - [2022-07-06 16:52:38,602] {dag.py:2379} INFO - Sync 1 DAGs
[2022-07-06 16:52:38,615] {logging_mixin.py:115} INFO - [2022-07-06 16:52:38,615] {dag.py:2927} INFO - Setting next_dagrun for example_python_operator to None, run_after=None
[2022-07-06 16:52:38,632] {processor.py:161} INFO - Processing /Users/joyang0419/opt/anaconda3/envs/AirFlowBasicExample/lib/python3.8/site-packages/airflow/example_dags/example_python_operator.py took 0.104 seconds
[2022-07-06 16:52:49,302] {processor.py:153} INFO - Started process (PID=12926) to work on /Users/joyang0419/opt/anaconda3/envs/AirFlowBasicExample/lib/python3.8/site-packages/airflow/example_dags/example_python_operator.py
[2022-07-06 16:52:49,302] {processor.py:641} INFO - Processing file /Users/joyang0419/opt/anaconda3/envs/AirFlowBasicExample/lib/python3.8/site-packages/airflow/example_dags/example_python_operator.py for tasks to queue
[2022-07-06 16:52:49,302] {logging_mixin.py:115} INFO - [2022-07-06 16:52:49,302] {dagbag.py:507} INFO - Filling up the DagBag from /Users/joyang0419/opt/anaconda3/envs/AirFlowBasicExample/lib/python3.8/site-packages/airflow/example_dags/example_python_operator.py
[2022-07-06 16:52:49,317] {logging_mixin.py:115} INFO - [2022-07-06 16:52:49,317] {example_python_operator.py:68} WARNING - The virtalenv_python example task requires virtualenv, please install it.
[2022-07-06 16:52:49,321] {processor.py:651} INFO - DAG(s) dict_keys(['example_python_operator']) retrieved from /Users/joyang0419/opt/anaconda3/envs/AirFlowBasicExample/lib/python3.8/site-packages/airflow/example_dags/example_python_operator.py
[2022-07-06 16:52:49,379] {logging_mixin.py:115} INFO - [2022-07-06 16:52:49,379] {dag.py:2379} INFO - Sync 1 DAGs
[2022-07-06 16:52:49,392] {logging_mixin.py:115} INFO - [2022-07-06 16:52:49,392] {dag.py:2927} INFO - Setting next_dagrun for example_python_operator to None, run_after=None
[2022-07-06 16:52:49,414] {processor.py:161} INFO - Processing /Users/joyang0419/opt/anaconda3/envs/AirFlowBasicExample/lib/python3.8/site-packages/airflow/example_dags/example_python_operator.py took 0.112 seconds
[2022-07-06 16:53:02,068] {processor.py:153} INFO - Started process (PID=12998) to work on /Users/joyang0419/opt/anaconda3/envs/AirFlowBasicExample/lib/python3.8/site-packages/airflow/example_dags/example_python_operator.py
[2022-07-06 16:53:02,068] {processor.py:641} INFO - Processing file /Users/joyang0419/opt/anaconda3/envs/AirFlowBasicExample/lib/python3.8/site-packages/airflow/example_dags/example_python_operator.py for tasks to queue
[2022-07-06 16:53:02,068] {logging_mixin.py:115} INFO - [2022-07-06 16:53:02,068] {dagbag.py:507} INFO - Filling up the DagBag from /Users/joyang0419/opt/anaconda3/envs/AirFlowBasicExample/lib/python3.8/site-packages/airflow/example_dags/example_python_operator.py
[2022-07-06 16:53:02,082] {logging_mixin.py:115} INFO - [2022-07-06 16:53:02,082] {example_python_operator.py:68} WARNING - The virtalenv_python example task requires virtualenv, please install it.
[2022-07-06 16:53:02,086] {processor.py:651} INFO - DAG(s) dict_keys(['example_python_operator']) retrieved from /Users/joyang0419/opt/anaconda3/envs/AirFlowBasicExample/lib/python3.8/site-packages/airflow/example_dags/example_python_operator.py
[2022-07-06 16:53:02,138] {logging_mixin.py:115} INFO - [2022-07-06 16:53:02,138] {dag.py:2379} INFO - Sync 1 DAGs
[2022-07-06 16:53:02,152] {logging_mixin.py:115} INFO - [2022-07-06 16:53:02,152] {dag.py:2927} INFO - Setting next_dagrun for example_python_operator to None, run_after=None
[2022-07-06 16:53:02,174] {processor.py:161} INFO - Processing /Users/joyang0419/opt/anaconda3/envs/AirFlowBasicExample/lib/python3.8/site-packages/airflow/example_dags/example_python_operator.py took 0.106 seconds
[2022-07-06 16:53:12,825] {processor.py:153} INFO - Started process (PID=13064) to work on /Users/joyang0419/opt/anaconda3/envs/AirFlowBasicExample/lib/python3.8/site-packages/airflow/example_dags/example_python_operator.py
[2022-07-06 16:53:12,826] {processor.py:641} INFO - Processing file /Users/joyang0419/opt/anaconda3/envs/AirFlowBasicExample/lib/python3.8/site-packages/airflow/example_dags/example_python_operator.py for tasks to queue
[2022-07-06 16:53:12,826] {logging_mixin.py:115} INFO - [2022-07-06 16:53:12,826] {dagbag.py:507} INFO - Filling up the DagBag from /Users/joyang0419/opt/anaconda3/envs/AirFlowBasicExample/lib/python3.8/site-packages/airflow/example_dags/example_python_operator.py
[2022-07-06 16:53:12,842] {logging_mixin.py:115} INFO - [2022-07-06 16:53:12,842] {example_python_operator.py:68} WARNING - The virtalenv_python example task requires virtualenv, please install it.
[2022-07-06 16:53:12,847] {processor.py:651} INFO - DAG(s) dict_keys(['example_python_operator']) retrieved from /Users/joyang0419/opt/anaconda3/envs/AirFlowBasicExample/lib/python3.8/site-packages/airflow/example_dags/example_python_operator.py
[2022-07-06 16:53:12,926] {logging_mixin.py:115} INFO - [2022-07-06 16:53:12,926] {dag.py:2379} INFO - Sync 1 DAGs
[2022-07-06 16:53:12,941] {logging_mixin.py:115} INFO - [2022-07-06 16:53:12,941] {dag.py:2927} INFO - Setting next_dagrun for example_python_operator to None, run_after=None
[2022-07-06 16:53:12,968] {processor.py:161} INFO - Processing /Users/joyang0419/opt/anaconda3/envs/AirFlowBasicExample/lib/python3.8/site-packages/airflow/example_dags/example_python_operator.py took 0.144 seconds
[2022-07-06 16:53:23,811] {processor.py:153} INFO - Started process (PID=13131) to work on /Users/joyang0419/opt/anaconda3/envs/AirFlowBasicExample/lib/python3.8/site-packages/airflow/example_dags/example_python_operator.py
[2022-07-06 16:53:23,811] {processor.py:641} INFO - Processing file /Users/joyang0419/opt/anaconda3/envs/AirFlowBasicExample/lib/python3.8/site-packages/airflow/example_dags/example_python_operator.py for tasks to queue
[2022-07-06 16:53:23,812] {logging_mixin.py:115} INFO - [2022-07-06 16:53:23,812] {dagbag.py:507} INFO - Filling up the DagBag from /Users/joyang0419/opt/anaconda3/envs/AirFlowBasicExample/lib/python3.8/site-packages/airflow/example_dags/example_python_operator.py
[2022-07-06 16:53:23,826] {logging_mixin.py:115} INFO - [2022-07-06 16:53:23,826] {example_python_operator.py:68} WARNING - The virtalenv_python example task requires virtualenv, please install it.
[2022-07-06 16:53:23,831] {processor.py:651} INFO - DAG(s) dict_keys(['example_python_operator']) retrieved from /Users/joyang0419/opt/anaconda3/envs/AirFlowBasicExample/lib/python3.8/site-packages/airflow/example_dags/example_python_operator.py
[2022-07-06 16:53:23,889] {logging_mixin.py:115} INFO - [2022-07-06 16:53:23,889] {dag.py:2379} INFO - Sync 1 DAGs
[2022-07-06 16:53:23,902] {logging_mixin.py:115} INFO - [2022-07-06 16:53:23,901] {dag.py:2927} INFO - Setting next_dagrun for example_python_operator to None, run_after=None
[2022-07-06 16:53:23,925] {processor.py:161} INFO - Processing /Users/joyang0419/opt/anaconda3/envs/AirFlowBasicExample/lib/python3.8/site-packages/airflow/example_dags/example_python_operator.py took 0.114 seconds
[2022-07-06 16:53:35,274] {processor.py:153} INFO - Started process (PID=13197) to work on /Users/joyang0419/opt/anaconda3/envs/AirFlowBasicExample/lib/python3.8/site-packages/airflow/example_dags/example_python_operator.py
[2022-07-06 16:53:35,275] {processor.py:641} INFO - Processing file /Users/joyang0419/opt/anaconda3/envs/AirFlowBasicExample/lib/python3.8/site-packages/airflow/example_dags/example_python_operator.py for tasks to queue
[2022-07-06 16:53:35,275] {logging_mixin.py:115} INFO - [2022-07-06 16:53:35,275] {dagbag.py:507} INFO - Filling up the DagBag from /Users/joyang0419/opt/anaconda3/envs/AirFlowBasicExample/lib/python3.8/site-packages/airflow/example_dags/example_python_operator.py
[2022-07-06 16:53:35,289] {logging_mixin.py:115} INFO - [2022-07-06 16:53:35,289] {example_python_operator.py:68} WARNING - The virtalenv_python example task requires virtualenv, please install it.
[2022-07-06 16:53:35,293] {processor.py:651} INFO - DAG(s) dict_keys(['example_python_operator']) retrieved from /Users/joyang0419/opt/anaconda3/envs/AirFlowBasicExample/lib/python3.8/site-packages/airflow/example_dags/example_python_operator.py
[2022-07-06 16:53:35,346] {logging_mixin.py:115} INFO - [2022-07-06 16:53:35,346] {dag.py:2379} INFO - Sync 1 DAGs
[2022-07-06 16:53:35,357] {logging_mixin.py:115} INFO - [2022-07-06 16:53:35,357] {dag.py:2927} INFO - Setting next_dagrun for example_python_operator to None, run_after=None
[2022-07-06 16:53:35,374] {processor.py:161} INFO - Processing /Users/joyang0419/opt/anaconda3/envs/AirFlowBasicExample/lib/python3.8/site-packages/airflow/example_dags/example_python_operator.py took 0.100 seconds
[2022-07-06 16:53:46,480] {processor.py:153} INFO - Started process (PID=13267) to work on /Users/joyang0419/opt/anaconda3/envs/AirFlowBasicExample/lib/python3.8/site-packages/airflow/example_dags/example_python_operator.py
[2022-07-06 16:53:46,483] {processor.py:641} INFO - Processing file /Users/joyang0419/opt/anaconda3/envs/AirFlowBasicExample/lib/python3.8/site-packages/airflow/example_dags/example_python_operator.py for tasks to queue
[2022-07-06 16:53:46,483] {logging_mixin.py:115} INFO - [2022-07-06 16:53:46,483] {dagbag.py:507} INFO - Filling up the DagBag from /Users/joyang0419/opt/anaconda3/envs/AirFlowBasicExample/lib/python3.8/site-packages/airflow/example_dags/example_python_operator.py
[2022-07-06 16:53:46,496] {logging_mixin.py:115} INFO - [2022-07-06 16:53:46,496] {example_python_operator.py:68} WARNING - The virtalenv_python example task requires virtualenv, please install it.
[2022-07-06 16:53:46,500] {processor.py:651} INFO - DAG(s) dict_keys(['example_python_operator']) retrieved from /Users/joyang0419/opt/anaconda3/envs/AirFlowBasicExample/lib/python3.8/site-packages/airflow/example_dags/example_python_operator.py
[2022-07-06 16:53:46,552] {logging_mixin.py:115} INFO - [2022-07-06 16:53:46,552] {dag.py:2379} INFO - Sync 1 DAGs
[2022-07-06 16:53:46,563] {logging_mixin.py:115} INFO - [2022-07-06 16:53:46,563] {dag.py:2927} INFO - Setting next_dagrun for example_python_operator to None, run_after=None
[2022-07-06 16:53:46,579] {processor.py:161} INFO - Processing /Users/joyang0419/opt/anaconda3/envs/AirFlowBasicExample/lib/python3.8/site-packages/airflow/example_dags/example_python_operator.py took 0.100 seconds
[2022-07-06 16:53:57,183] {processor.py:153} INFO - Started process (PID=13338) to work on /Users/joyang0419/opt/anaconda3/envs/AirFlowBasicExample/lib/python3.8/site-packages/airflow/example_dags/example_python_operator.py
[2022-07-06 16:53:57,183] {processor.py:641} INFO - Processing file /Users/joyang0419/opt/anaconda3/envs/AirFlowBasicExample/lib/python3.8/site-packages/airflow/example_dags/example_python_operator.py for tasks to queue
[2022-07-06 16:53:57,183] {logging_mixin.py:115} INFO - [2022-07-06 16:53:57,183] {dagbag.py:507} INFO - Filling up the DagBag from /Users/joyang0419/opt/anaconda3/envs/AirFlowBasicExample/lib/python3.8/site-packages/airflow/example_dags/example_python_operator.py
[2022-07-06 16:53:57,197] {logging_mixin.py:115} INFO - [2022-07-06 16:53:57,197] {example_python_operator.py:68} WARNING - The virtalenv_python example task requires virtualenv, please install it.
[2022-07-06 16:53:57,200] {processor.py:651} INFO - DAG(s) dict_keys(['example_python_operator']) retrieved from /Users/joyang0419/opt/anaconda3/envs/AirFlowBasicExample/lib/python3.8/site-packages/airflow/example_dags/example_python_operator.py
[2022-07-06 16:53:57,267] {logging_mixin.py:115} INFO - [2022-07-06 16:53:57,267] {dag.py:2379} INFO - Sync 1 DAGs
[2022-07-06 16:53:57,280] {logging_mixin.py:115} INFO - [2022-07-06 16:53:57,279] {dag.py:2927} INFO - Setting next_dagrun for example_python_operator to None, run_after=None
[2022-07-06 16:53:57,294] {processor.py:161} INFO - Processing /Users/joyang0419/opt/anaconda3/envs/AirFlowBasicExample/lib/python3.8/site-packages/airflow/example_dags/example_python_operator.py took 0.112 seconds
[2022-07-06 16:54:09,403] {processor.py:153} INFO - Started process (PID=13419) to work on /Users/joyang0419/opt/anaconda3/envs/AirFlowBasicExample/lib/python3.8/site-packages/airflow/example_dags/example_python_operator.py
[2022-07-06 16:54:09,403] {processor.py:641} INFO - Processing file /Users/joyang0419/opt/anaconda3/envs/AirFlowBasicExample/lib/python3.8/site-packages/airflow/example_dags/example_python_operator.py for tasks to queue
[2022-07-06 16:54:09,403] {logging_mixin.py:115} INFO - [2022-07-06 16:54:09,403] {dagbag.py:507} INFO - Filling up the DagBag from /Users/joyang0419/opt/anaconda3/envs/AirFlowBasicExample/lib/python3.8/site-packages/airflow/example_dags/example_python_operator.py
[2022-07-06 16:54:09,419] {logging_mixin.py:115} INFO - [2022-07-06 16:54:09,419] {example_python_operator.py:68} WARNING - The virtalenv_python example task requires virtualenv, please install it.
[2022-07-06 16:54:09,424] {processor.py:651} INFO - DAG(s) dict_keys(['example_python_operator']) retrieved from /Users/joyang0419/opt/anaconda3/envs/AirFlowBasicExample/lib/python3.8/site-packages/airflow/example_dags/example_python_operator.py
[2022-07-06 16:54:09,489] {logging_mixin.py:115} INFO - [2022-07-06 16:54:09,489] {dag.py:2379} INFO - Sync 1 DAGs
[2022-07-06 16:54:09,504] {logging_mixin.py:115} INFO - [2022-07-06 16:54:09,504] {dag.py:2927} INFO - Setting next_dagrun for example_python_operator to None, run_after=None
[2022-07-06 16:54:09,527] {processor.py:161} INFO - Processing /Users/joyang0419/opt/anaconda3/envs/AirFlowBasicExample/lib/python3.8/site-packages/airflow/example_dags/example_python_operator.py took 0.125 seconds
