[2022-07-06 16:49:00,372] {processor.py:153} INFO - Started process (PID=12173) to work on /Users/joyang0419/opt/anaconda3/envs/AirFlowBasicExample/lib/python3.8/site-packages/airflow/example_dags/example_skip_dag.py
[2022-07-06 16:49:00,372] {processor.py:641} INFO - Processing file /Users/joyang0419/opt/anaconda3/envs/AirFlowBasicExample/lib/python3.8/site-packages/airflow/example_dags/example_skip_dag.py for tasks to queue
[2022-07-06 16:49:00,372] {logging_mixin.py:115} INFO - [2022-07-06 16:49:00,372] {dagbag.py:507} INFO - Filling up the DagBag from /Users/joyang0419/opt/anaconda3/envs/AirFlowBasicExample/lib/python3.8/site-packages/airflow/example_dags/example_skip_dag.py
[2022-07-06 16:49:00,380] {processor.py:651} INFO - DAG(s) dict_keys(['example_skip_dag']) retrieved from /Users/joyang0419/opt/anaconda3/envs/AirFlowBasicExample/lib/python3.8/site-packages/airflow/example_dags/example_skip_dag.py
[2022-07-06 16:49:01,236] {logging_mixin.py:115} INFO - [2022-07-06 16:49:01,236] {manager.py:508} INFO - Created Permission View: can read on DAG:example_skip_dag
[2022-07-06 16:49:01,277] {logging_mixin.py:115} INFO - [2022-07-06 16:49:01,277] {manager.py:508} INFO - Created Permission View: can edit on DAG:example_skip_dag
[2022-07-06 16:49:01,310] {logging_mixin.py:115} INFO - [2022-07-06 16:49:01,310] {manager.py:508} INFO - Created Permission View: can delete on DAG:example_skip_dag
[2022-07-06 16:49:01,311] {logging_mixin.py:115} INFO - [2022-07-06 16:49:01,311] {dag.py:2379} INFO - Sync 1 DAGs
[2022-07-06 16:49:01,329] {logging_mixin.py:115} INFO - [2022-07-06 16:49:01,329] {dag.py:2398} INFO - Creating ORM DAG for example_skip_dag
[2022-07-06 16:49:01,347] {logging_mixin.py:115} INFO - [2022-07-06 16:49:01,347] {dag.py:2927} INFO - Setting next_dagrun for example_skip_dag to 2022-07-05T08:49:01.346820+00:00, run_after=2022-07-06T08:49:01.346820+00:00
[2022-07-06 16:49:01,401] {processor.py:161} INFO - Processing /Users/joyang0419/opt/anaconda3/envs/AirFlowBasicExample/lib/python3.8/site-packages/airflow/example_dags/example_skip_dag.py took 1.030 seconds
[2022-07-06 16:50:07,426] {processor.py:153} INFO - Started process (PID=12454) to work on /Users/joyang0419/opt/anaconda3/envs/AirFlowBasicExample/lib/python3.8/site-packages/airflow/example_dags/example_skip_dag.py
[2022-07-06 16:50:07,426] {processor.py:641} INFO - Processing file /Users/joyang0419/opt/anaconda3/envs/AirFlowBasicExample/lib/python3.8/site-packages/airflow/example_dags/example_skip_dag.py for tasks to queue
[2022-07-06 16:50:07,426] {logging_mixin.py:115} INFO - [2022-07-06 16:50:07,426] {dagbag.py:507} INFO - Filling up the DagBag from /Users/joyang0419/opt/anaconda3/envs/AirFlowBasicExample/lib/python3.8/site-packages/airflow/example_dags/example_skip_dag.py
[2022-07-06 16:50:07,433] {processor.py:651} INFO - DAG(s) dict_keys(['example_skip_dag']) retrieved from /Users/joyang0419/opt/anaconda3/envs/AirFlowBasicExample/lib/python3.8/site-packages/airflow/example_dags/example_skip_dag.py
[2022-07-06 16:50:07,493] {logging_mixin.py:115} INFO - [2022-07-06 16:50:07,493] {dag.py:2379} INFO - Sync 1 DAGs
[2022-07-06 16:50:07,507] {logging_mixin.py:115} INFO - [2022-07-06 16:50:07,507] {dag.py:2927} INFO - Setting next_dagrun for example_skip_dag to 2022-07-05T08:50:07.506820+00:00, run_after=2022-07-06T08:50:07.506820+00:00
[2022-07-06 16:50:07,524] {processor.py:161} INFO - Processing /Users/joyang0419/opt/anaconda3/envs/AirFlowBasicExample/lib/python3.8/site-packages/airflow/example_dags/example_skip_dag.py took 0.099 seconds
[2022-07-06 16:50:22,657] {processor.py:153} INFO - Started process (PID=12523) to work on /Users/joyang0419/opt/anaconda3/envs/AirFlowBasicExample/lib/python3.8/site-packages/airflow/example_dags/example_skip_dag.py
[2022-07-06 16:50:22,658] {processor.py:641} INFO - Processing file /Users/joyang0419/opt/anaconda3/envs/AirFlowBasicExample/lib/python3.8/site-packages/airflow/example_dags/example_skip_dag.py for tasks to queue
[2022-07-06 16:50:22,658] {logging_mixin.py:115} INFO - [2022-07-06 16:50:22,658] {dagbag.py:507} INFO - Filling up the DagBag from /Users/joyang0419/opt/anaconda3/envs/AirFlowBasicExample/lib/python3.8/site-packages/airflow/example_dags/example_skip_dag.py
[2022-07-06 16:50:22,665] {processor.py:651} INFO - DAG(s) dict_keys(['example_skip_dag']) retrieved from /Users/joyang0419/opt/anaconda3/envs/AirFlowBasicExample/lib/python3.8/site-packages/airflow/example_dags/example_skip_dag.py
[2022-07-06 16:50:22,723] {logging_mixin.py:115} INFO - [2022-07-06 16:50:22,723] {dag.py:2379} INFO - Sync 1 DAGs
[2022-07-06 16:50:22,745] {logging_mixin.py:115} INFO - [2022-07-06 16:50:22,745] {dag.py:2927} INFO - Setting next_dagrun for example_skip_dag to 2022-07-05T08:50:22.745648+00:00, run_after=2022-07-06T08:50:22.745648+00:00
[2022-07-06 16:50:22,764] {processor.py:161} INFO - Processing /Users/joyang0419/opt/anaconda3/envs/AirFlowBasicExample/lib/python3.8/site-packages/airflow/example_dags/example_skip_dag.py took 0.108 seconds
[2022-07-06 16:50:32,666] {processor.py:153} INFO - Started process (PID=12587) to work on /Users/joyang0419/opt/anaconda3/envs/AirFlowBasicExample/lib/python3.8/site-packages/airflow/example_dags/example_skip_dag.py
[2022-07-06 16:50:32,666] {processor.py:641} INFO - Processing file /Users/joyang0419/opt/anaconda3/envs/AirFlowBasicExample/lib/python3.8/site-packages/airflow/example_dags/example_skip_dag.py for tasks to queue
[2022-07-06 16:50:32,667] {logging_mixin.py:115} INFO - [2022-07-06 16:50:32,667] {dagbag.py:507} INFO - Filling up the DagBag from /Users/joyang0419/opt/anaconda3/envs/AirFlowBasicExample/lib/python3.8/site-packages/airflow/example_dags/example_skip_dag.py
[2022-07-06 16:50:32,673] {processor.py:651} INFO - DAG(s) dict_keys(['example_skip_dag']) retrieved from /Users/joyang0419/opt/anaconda3/envs/AirFlowBasicExample/lib/python3.8/site-packages/airflow/example_dags/example_skip_dag.py
[2022-07-06 16:50:32,729] {logging_mixin.py:115} INFO - [2022-07-06 16:50:32,728] {dag.py:2379} INFO - Sync 1 DAGs
[2022-07-06 16:50:32,741] {logging_mixin.py:115} INFO - [2022-07-06 16:50:32,741] {dag.py:2927} INFO - Setting next_dagrun for example_skip_dag to 2022-07-05T08:50:32.741722+00:00, run_after=2022-07-06T08:50:32.741722+00:00
[2022-07-06 16:50:32,762] {processor.py:161} INFO - Processing /Users/joyang0419/opt/anaconda3/envs/AirFlowBasicExample/lib/python3.8/site-packages/airflow/example_dags/example_skip_dag.py took 0.096 seconds
[2022-07-06 16:50:44,903] {processor.py:153} INFO - Started process (PID=12658) to work on /Users/joyang0419/opt/anaconda3/envs/AirFlowBasicExample/lib/python3.8/site-packages/airflow/example_dags/example_skip_dag.py
[2022-07-06 16:50:44,903] {processor.py:641} INFO - Processing file /Users/joyang0419/opt/anaconda3/envs/AirFlowBasicExample/lib/python3.8/site-packages/airflow/example_dags/example_skip_dag.py for tasks to queue
[2022-07-06 16:50:44,903] {logging_mixin.py:115} INFO - [2022-07-06 16:50:44,903] {dagbag.py:507} INFO - Filling up the DagBag from /Users/joyang0419/opt/anaconda3/envs/AirFlowBasicExample/lib/python3.8/site-packages/airflow/example_dags/example_skip_dag.py
[2022-07-06 16:50:44,920] {processor.py:651} INFO - DAG(s) dict_keys(['example_skip_dag']) retrieved from /Users/joyang0419/opt/anaconda3/envs/AirFlowBasicExample/lib/python3.8/site-packages/airflow/example_dags/example_skip_dag.py
[2022-07-06 16:50:44,997] {logging_mixin.py:115} INFO - [2022-07-06 16:50:44,997] {dag.py:2379} INFO - Sync 1 DAGs
[2022-07-06 16:50:45,015] {logging_mixin.py:115} INFO - [2022-07-06 16:50:45,015] {dag.py:2927} INFO - Setting next_dagrun for example_skip_dag to 2022-07-05T08:50:45.014749+00:00, run_after=2022-07-06T08:50:45.014749+00:00
[2022-07-06 16:50:45,042] {processor.py:161} INFO - Processing /Users/joyang0419/opt/anaconda3/envs/AirFlowBasicExample/lib/python3.8/site-packages/airflow/example_dags/example_skip_dag.py took 0.140 seconds
[2022-07-06 16:52:27,206] {processor.py:153} INFO - Started process (PID=12787) to work on /Users/joyang0419/opt/anaconda3/envs/AirFlowBasicExample/lib/python3.8/site-packages/airflow/example_dags/example_skip_dag.py
[2022-07-06 16:52:27,207] {processor.py:641} INFO - Processing file /Users/joyang0419/opt/anaconda3/envs/AirFlowBasicExample/lib/python3.8/site-packages/airflow/example_dags/example_skip_dag.py for tasks to queue
[2022-07-06 16:52:27,207] {logging_mixin.py:115} INFO - [2022-07-06 16:52:27,207] {dagbag.py:507} INFO - Filling up the DagBag from /Users/joyang0419/opt/anaconda3/envs/AirFlowBasicExample/lib/python3.8/site-packages/airflow/example_dags/example_skip_dag.py
[2022-07-06 16:52:27,214] {processor.py:651} INFO - DAG(s) dict_keys(['example_skip_dag']) retrieved from /Users/joyang0419/opt/anaconda3/envs/AirFlowBasicExample/lib/python3.8/site-packages/airflow/example_dags/example_skip_dag.py
[2022-07-06 16:52:27,272] {logging_mixin.py:115} INFO - [2022-07-06 16:52:27,272] {dag.py:2379} INFO - Sync 1 DAGs
[2022-07-06 16:52:27,285] {logging_mixin.py:115} INFO - [2022-07-06 16:52:27,285] {dag.py:2927} INFO - Setting next_dagrun for example_skip_dag to 2022-07-05T08:52:27.284969+00:00, run_after=2022-07-06T08:52:27.284969+00:00
[2022-07-06 16:52:27,301] {processor.py:161} INFO - Processing /Users/joyang0419/opt/anaconda3/envs/AirFlowBasicExample/lib/python3.8/site-packages/airflow/example_dags/example_skip_dag.py took 0.095 seconds
[2022-07-06 16:52:37,934] {processor.py:153} INFO - Started process (PID=12855) to work on /Users/joyang0419/opt/anaconda3/envs/AirFlowBasicExample/lib/python3.8/site-packages/airflow/example_dags/example_skip_dag.py
[2022-07-06 16:52:37,934] {processor.py:641} INFO - Processing file /Users/joyang0419/opt/anaconda3/envs/AirFlowBasicExample/lib/python3.8/site-packages/airflow/example_dags/example_skip_dag.py for tasks to queue
[2022-07-06 16:52:37,934] {logging_mixin.py:115} INFO - [2022-07-06 16:52:37,934] {dagbag.py:507} INFO - Filling up the DagBag from /Users/joyang0419/opt/anaconda3/envs/AirFlowBasicExample/lib/python3.8/site-packages/airflow/example_dags/example_skip_dag.py
[2022-07-06 16:52:37,942] {processor.py:651} INFO - DAG(s) dict_keys(['example_skip_dag']) retrieved from /Users/joyang0419/opt/anaconda3/envs/AirFlowBasicExample/lib/python3.8/site-packages/airflow/example_dags/example_skip_dag.py
[2022-07-06 16:52:38,005] {logging_mixin.py:115} INFO - [2022-07-06 16:52:38,005] {dag.py:2379} INFO - Sync 1 DAGs
[2022-07-06 16:52:38,017] {logging_mixin.py:115} INFO - [2022-07-06 16:52:38,017] {dag.py:2927} INFO - Setting next_dagrun for example_skip_dag to 2022-07-05T08:52:38.017400+00:00, run_after=2022-07-06T08:52:38.017400+00:00
[2022-07-06 16:52:38,033] {processor.py:161} INFO - Processing /Users/joyang0419/opt/anaconda3/envs/AirFlowBasicExample/lib/python3.8/site-packages/airflow/example_dags/example_skip_dag.py took 0.100 seconds
[2022-07-06 16:52:48,536] {processor.py:153} INFO - Started process (PID=12922) to work on /Users/joyang0419/opt/anaconda3/envs/AirFlowBasicExample/lib/python3.8/site-packages/airflow/example_dags/example_skip_dag.py
[2022-07-06 16:52:48,536] {processor.py:641} INFO - Processing file /Users/joyang0419/opt/anaconda3/envs/AirFlowBasicExample/lib/python3.8/site-packages/airflow/example_dags/example_skip_dag.py for tasks to queue
[2022-07-06 16:52:48,536] {logging_mixin.py:115} INFO - [2022-07-06 16:52:48,536] {dagbag.py:507} INFO - Filling up the DagBag from /Users/joyang0419/opt/anaconda3/envs/AirFlowBasicExample/lib/python3.8/site-packages/airflow/example_dags/example_skip_dag.py
[2022-07-06 16:52:48,545] {processor.py:651} INFO - DAG(s) dict_keys(['example_skip_dag']) retrieved from /Users/joyang0419/opt/anaconda3/envs/AirFlowBasicExample/lib/python3.8/site-packages/airflow/example_dags/example_skip_dag.py
[2022-07-06 16:52:48,624] {logging_mixin.py:115} INFO - [2022-07-06 16:52:48,624] {dag.py:2379} INFO - Sync 1 DAGs
[2022-07-06 16:52:48,640] {logging_mixin.py:115} INFO - [2022-07-06 16:52:48,640] {dag.py:2927} INFO - Setting next_dagrun for example_skip_dag to 2022-07-05T08:52:48.640093+00:00, run_after=2022-07-06T08:52:48.640093+00:00
[2022-07-06 16:52:48,665] {processor.py:161} INFO - Processing /Users/joyang0419/opt/anaconda3/envs/AirFlowBasicExample/lib/python3.8/site-packages/airflow/example_dags/example_skip_dag.py took 0.129 seconds
[2022-07-06 16:53:01,410] {processor.py:153} INFO - Started process (PID=12994) to work on /Users/joyang0419/opt/anaconda3/envs/AirFlowBasicExample/lib/python3.8/site-packages/airflow/example_dags/example_skip_dag.py
[2022-07-06 16:53:01,410] {processor.py:641} INFO - Processing file /Users/joyang0419/opt/anaconda3/envs/AirFlowBasicExample/lib/python3.8/site-packages/airflow/example_dags/example_skip_dag.py for tasks to queue
[2022-07-06 16:53:01,410] {logging_mixin.py:115} INFO - [2022-07-06 16:53:01,410] {dagbag.py:507} INFO - Filling up the DagBag from /Users/joyang0419/opt/anaconda3/envs/AirFlowBasicExample/lib/python3.8/site-packages/airflow/example_dags/example_skip_dag.py
[2022-07-06 16:53:01,417] {processor.py:651} INFO - DAG(s) dict_keys(['example_skip_dag']) retrieved from /Users/joyang0419/opt/anaconda3/envs/AirFlowBasicExample/lib/python3.8/site-packages/airflow/example_dags/example_skip_dag.py
[2022-07-06 16:53:01,481] {logging_mixin.py:115} INFO - [2022-07-06 16:53:01,481] {dag.py:2379} INFO - Sync 1 DAGs
[2022-07-06 16:53:01,497] {logging_mixin.py:115} INFO - [2022-07-06 16:53:01,497] {dag.py:2927} INFO - Setting next_dagrun for example_skip_dag to 2022-07-05T08:53:01.497568+00:00, run_after=2022-07-06T08:53:01.497568+00:00
[2022-07-06 16:53:01,557] {processor.py:161} INFO - Processing /Users/joyang0419/opt/anaconda3/envs/AirFlowBasicExample/lib/python3.8/site-packages/airflow/example_dags/example_skip_dag.py took 0.147 seconds
[2022-07-06 16:53:11,950] {processor.py:153} INFO - Started process (PID=13059) to work on /Users/joyang0419/opt/anaconda3/envs/AirFlowBasicExample/lib/python3.8/site-packages/airflow/example_dags/example_skip_dag.py
[2022-07-06 16:53:11,951] {processor.py:641} INFO - Processing file /Users/joyang0419/opt/anaconda3/envs/AirFlowBasicExample/lib/python3.8/site-packages/airflow/example_dags/example_skip_dag.py for tasks to queue
[2022-07-06 16:53:11,951] {logging_mixin.py:115} INFO - [2022-07-06 16:53:11,951] {dagbag.py:507} INFO - Filling up the DagBag from /Users/joyang0419/opt/anaconda3/envs/AirFlowBasicExample/lib/python3.8/site-packages/airflow/example_dags/example_skip_dag.py
[2022-07-06 16:53:11,959] {processor.py:651} INFO - DAG(s) dict_keys(['example_skip_dag']) retrieved from /Users/joyang0419/opt/anaconda3/envs/AirFlowBasicExample/lib/python3.8/site-packages/airflow/example_dags/example_skip_dag.py
[2022-07-06 16:53:12,039] {logging_mixin.py:115} INFO - [2022-07-06 16:53:12,039] {dag.py:2379} INFO - Sync 1 DAGs
[2022-07-06 16:53:12,056] {logging_mixin.py:115} INFO - [2022-07-06 16:53:12,056] {dag.py:2927} INFO - Setting next_dagrun for example_skip_dag to 2022-07-05T08:53:12.056568+00:00, run_after=2022-07-06T08:53:12.056568+00:00
[2022-07-06 16:53:12,085] {processor.py:161} INFO - Processing /Users/joyang0419/opt/anaconda3/envs/AirFlowBasicExample/lib/python3.8/site-packages/airflow/example_dags/example_skip_dag.py took 0.135 seconds
[2022-07-06 16:53:23,198] {processor.py:153} INFO - Started process (PID=13127) to work on /Users/joyang0419/opt/anaconda3/envs/AirFlowBasicExample/lib/python3.8/site-packages/airflow/example_dags/example_skip_dag.py
[2022-07-06 16:53:23,198] {processor.py:641} INFO - Processing file /Users/joyang0419/opt/anaconda3/envs/AirFlowBasicExample/lib/python3.8/site-packages/airflow/example_dags/example_skip_dag.py for tasks to queue
[2022-07-06 16:53:23,198] {logging_mixin.py:115} INFO - [2022-07-06 16:53:23,198] {dagbag.py:507} INFO - Filling up the DagBag from /Users/joyang0419/opt/anaconda3/envs/AirFlowBasicExample/lib/python3.8/site-packages/airflow/example_dags/example_skip_dag.py
[2022-07-06 16:53:23,205] {processor.py:651} INFO - DAG(s) dict_keys(['example_skip_dag']) retrieved from /Users/joyang0419/opt/anaconda3/envs/AirFlowBasicExample/lib/python3.8/site-packages/airflow/example_dags/example_skip_dag.py
[2022-07-06 16:53:23,261] {logging_mixin.py:115} INFO - [2022-07-06 16:53:23,261] {dag.py:2379} INFO - Sync 1 DAGs
[2022-07-06 16:53:23,273] {logging_mixin.py:115} INFO - [2022-07-06 16:53:23,273] {dag.py:2927} INFO - Setting next_dagrun for example_skip_dag to 2022-07-05T08:53:23.273320+00:00, run_after=2022-07-06T08:53:23.273320+00:00
[2022-07-06 16:53:23,289] {processor.py:161} INFO - Processing /Users/joyang0419/opt/anaconda3/envs/AirFlowBasicExample/lib/python3.8/site-packages/airflow/example_dags/example_skip_dag.py took 0.092 seconds
[2022-07-06 16:53:34,631] {processor.py:153} INFO - Started process (PID=13193) to work on /Users/joyang0419/opt/anaconda3/envs/AirFlowBasicExample/lib/python3.8/site-packages/airflow/example_dags/example_skip_dag.py
[2022-07-06 16:53:34,632] {processor.py:641} INFO - Processing file /Users/joyang0419/opt/anaconda3/envs/AirFlowBasicExample/lib/python3.8/site-packages/airflow/example_dags/example_skip_dag.py for tasks to queue
[2022-07-06 16:53:34,632] {logging_mixin.py:115} INFO - [2022-07-06 16:53:34,632] {dagbag.py:507} INFO - Filling up the DagBag from /Users/joyang0419/opt/anaconda3/envs/AirFlowBasicExample/lib/python3.8/site-packages/airflow/example_dags/example_skip_dag.py
[2022-07-06 16:53:34,639] {processor.py:651} INFO - DAG(s) dict_keys(['example_skip_dag']) retrieved from /Users/joyang0419/opt/anaconda3/envs/AirFlowBasicExample/lib/python3.8/site-packages/airflow/example_dags/example_skip_dag.py
[2022-07-06 16:53:34,707] {logging_mixin.py:115} INFO - [2022-07-06 16:53:34,707] {dag.py:2379} INFO - Sync 1 DAGs
[2022-07-06 16:53:34,727] {logging_mixin.py:115} INFO - [2022-07-06 16:53:34,727] {dag.py:2927} INFO - Setting next_dagrun for example_skip_dag to 2022-07-05T08:53:34.726919+00:00, run_after=2022-07-06T08:53:34.726919+00:00
[2022-07-06 16:53:34,745] {processor.py:161} INFO - Processing /Users/joyang0419/opt/anaconda3/envs/AirFlowBasicExample/lib/python3.8/site-packages/airflow/example_dags/example_skip_dag.py took 0.114 seconds
[2022-07-06 16:53:45,876] {processor.py:153} INFO - Started process (PID=13263) to work on /Users/joyang0419/opt/anaconda3/envs/AirFlowBasicExample/lib/python3.8/site-packages/airflow/example_dags/example_skip_dag.py
[2022-07-06 16:53:45,877] {processor.py:641} INFO - Processing file /Users/joyang0419/opt/anaconda3/envs/AirFlowBasicExample/lib/python3.8/site-packages/airflow/example_dags/example_skip_dag.py for tasks to queue
[2022-07-06 16:53:45,877] {logging_mixin.py:115} INFO - [2022-07-06 16:53:45,877] {dagbag.py:507} INFO - Filling up the DagBag from /Users/joyang0419/opt/anaconda3/envs/AirFlowBasicExample/lib/python3.8/site-packages/airflow/example_dags/example_skip_dag.py
[2022-07-06 16:53:45,884] {processor.py:651} INFO - DAG(s) dict_keys(['example_skip_dag']) retrieved from /Users/joyang0419/opt/anaconda3/envs/AirFlowBasicExample/lib/python3.8/site-packages/airflow/example_dags/example_skip_dag.py
[2022-07-06 16:53:45,948] {logging_mixin.py:115} INFO - [2022-07-06 16:53:45,948] {dag.py:2379} INFO - Sync 1 DAGs
[2022-07-06 16:53:45,959] {logging_mixin.py:115} INFO - [2022-07-06 16:53:45,959] {dag.py:2927} INFO - Setting next_dagrun for example_skip_dag to 2022-07-05T08:53:45.959654+00:00, run_after=2022-07-06T08:53:45.959654+00:00
[2022-07-06 16:53:45,976] {processor.py:161} INFO - Processing /Users/joyang0419/opt/anaconda3/envs/AirFlowBasicExample/lib/python3.8/site-packages/airflow/example_dags/example_skip_dag.py took 0.100 seconds
[2022-07-06 16:53:56,580] {processor.py:153} INFO - Started process (PID=13334) to work on /Users/joyang0419/opt/anaconda3/envs/AirFlowBasicExample/lib/python3.8/site-packages/airflow/example_dags/example_skip_dag.py
[2022-07-06 16:53:56,581] {processor.py:641} INFO - Processing file /Users/joyang0419/opt/anaconda3/envs/AirFlowBasicExample/lib/python3.8/site-packages/airflow/example_dags/example_skip_dag.py for tasks to queue
[2022-07-06 16:53:56,581] {logging_mixin.py:115} INFO - [2022-07-06 16:53:56,581] {dagbag.py:507} INFO - Filling up the DagBag from /Users/joyang0419/opt/anaconda3/envs/AirFlowBasicExample/lib/python3.8/site-packages/airflow/example_dags/example_skip_dag.py
[2022-07-06 16:53:56,589] {processor.py:651} INFO - DAG(s) dict_keys(['example_skip_dag']) retrieved from /Users/joyang0419/opt/anaconda3/envs/AirFlowBasicExample/lib/python3.8/site-packages/airflow/example_dags/example_skip_dag.py
[2022-07-06 16:53:56,639] {logging_mixin.py:115} INFO - [2022-07-06 16:53:56,639] {dag.py:2379} INFO - Sync 1 DAGs
[2022-07-06 16:53:56,652] {logging_mixin.py:115} INFO - [2022-07-06 16:53:56,652] {dag.py:2927} INFO - Setting next_dagrun for example_skip_dag to 2022-07-05T08:53:56.652172+00:00, run_after=2022-07-06T08:53:56.652172+00:00
[2022-07-06 16:53:56,667] {processor.py:161} INFO - Processing /Users/joyang0419/opt/anaconda3/envs/AirFlowBasicExample/lib/python3.8/site-packages/airflow/example_dags/example_skip_dag.py took 0.088 seconds
[2022-07-06 16:54:08,722] {processor.py:153} INFO - Started process (PID=13415) to work on /Users/joyang0419/opt/anaconda3/envs/AirFlowBasicExample/lib/python3.8/site-packages/airflow/example_dags/example_skip_dag.py
[2022-07-06 16:54:08,722] {processor.py:641} INFO - Processing file /Users/joyang0419/opt/anaconda3/envs/AirFlowBasicExample/lib/python3.8/site-packages/airflow/example_dags/example_skip_dag.py for tasks to queue
[2022-07-06 16:54:08,722] {logging_mixin.py:115} INFO - [2022-07-06 16:54:08,722] {dagbag.py:507} INFO - Filling up the DagBag from /Users/joyang0419/opt/anaconda3/envs/AirFlowBasicExample/lib/python3.8/site-packages/airflow/example_dags/example_skip_dag.py
[2022-07-06 16:54:08,730] {processor.py:651} INFO - DAG(s) dict_keys(['example_skip_dag']) retrieved from /Users/joyang0419/opt/anaconda3/envs/AirFlowBasicExample/lib/python3.8/site-packages/airflow/example_dags/example_skip_dag.py
[2022-07-06 16:54:08,802] {logging_mixin.py:115} INFO - [2022-07-06 16:54:08,802] {dag.py:2379} INFO - Sync 1 DAGs
[2022-07-06 16:54:08,820] {logging_mixin.py:115} INFO - [2022-07-06 16:54:08,820] {dag.py:2927} INFO - Setting next_dagrun for example_skip_dag to 2022-07-05T08:54:08.820672+00:00, run_after=2022-07-06T08:54:08.820672+00:00
[2022-07-06 16:54:08,854] {processor.py:161} INFO - Processing /Users/joyang0419/opt/anaconda3/envs/AirFlowBasicExample/lib/python3.8/site-packages/airflow/example_dags/example_skip_dag.py took 0.132 seconds
