[2022-07-06 16:50:14,764] {processor.py:153} INFO - Started process (PID=12483) to work on /Users/joyang0419/opt/anaconda3/envs/AirFlowBasicExample/lib/python3.8/site-packages/airflow/example_dags/example_branch_operator.py
[2022-07-06 16:50:14,764] {processor.py:641} INFO - Processing file /Users/joyang0419/opt/anaconda3/envs/AirFlowBasicExample/lib/python3.8/site-packages/airflow/example_dags/example_branch_operator.py for tasks to queue
[2022-07-06 16:50:14,764] {logging_mixin.py:115} INFO - [2022-07-06 16:50:14,764] {dagbag.py:507} INFO - Filling up the DagBag from /Users/joyang0419/opt/anaconda3/envs/AirFlowBasicExample/lib/python3.8/site-packages/airflow/example_dags/example_branch_operator.py
[2022-07-06 16:50:14,780] {processor.py:651} INFO - DAG(s) dict_keys(['example_branch_operator']) retrieved from /Users/joyang0419/opt/anaconda3/envs/AirFlowBasicExample/lib/python3.8/site-packages/airflow/example_dags/example_branch_operator.py
[2022-07-06 16:50:15,344] {logging_mixin.py:115} INFO - [2022-07-06 16:50:15,344] {manager.py:508} INFO - Created Permission View: can read on DAG:example_branch_operator
[2022-07-06 16:50:15,362] {logging_mixin.py:115} INFO - [2022-07-06 16:50:15,362] {manager.py:508} INFO - Created Permission View: can edit on DAG:example_branch_operator
[2022-07-06 16:50:15,378] {logging_mixin.py:115} INFO - [2022-07-06 16:50:15,378] {manager.py:508} INFO - Created Permission View: can delete on DAG:example_branch_operator
[2022-07-06 16:50:15,378] {logging_mixin.py:115} INFO - [2022-07-06 16:50:15,378] {dag.py:2379} INFO - Sync 1 DAGs
[2022-07-06 16:50:15,386] {logging_mixin.py:115} INFO - [2022-07-06 16:50:15,386] {dag.py:2398} INFO - Creating ORM DAG for example_branch_operator
[2022-07-06 16:50:15,395] {logging_mixin.py:115} INFO - [2022-07-06 16:50:15,395] {dag.py:2927} INFO - Setting next_dagrun for example_branch_operator to 2022-07-05T00:00:00+00:00, run_after=2022-07-06T00:00:00+00:00
[2022-07-06 16:50:15,416] {processor.py:161} INFO - Processing /Users/joyang0419/opt/anaconda3/envs/AirFlowBasicExample/lib/python3.8/site-packages/airflow/example_dags/example_branch_operator.py took 0.652 seconds
[2022-07-06 16:50:27,066] {processor.py:153} INFO - Started process (PID=12551) to work on /Users/joyang0419/opt/anaconda3/envs/AirFlowBasicExample/lib/python3.8/site-packages/airflow/example_dags/example_branch_operator.py
[2022-07-06 16:50:27,066] {processor.py:641} INFO - Processing file /Users/joyang0419/opt/anaconda3/envs/AirFlowBasicExample/lib/python3.8/site-packages/airflow/example_dags/example_branch_operator.py for tasks to queue
[2022-07-06 16:50:27,066] {logging_mixin.py:115} INFO - [2022-07-06 16:50:27,066] {dagbag.py:507} INFO - Filling up the DagBag from /Users/joyang0419/opt/anaconda3/envs/AirFlowBasicExample/lib/python3.8/site-packages/airflow/example_dags/example_branch_operator.py
[2022-07-06 16:50:27,081] {processor.py:651} INFO - DAG(s) dict_keys(['example_branch_operator']) retrieved from /Users/joyang0419/opt/anaconda3/envs/AirFlowBasicExample/lib/python3.8/site-packages/airflow/example_dags/example_branch_operator.py
[2022-07-06 16:50:27,123] {logging_mixin.py:115} INFO - [2022-07-06 16:50:27,123] {dag.py:2379} INFO - Sync 1 DAGs
[2022-07-06 16:50:27,158] {logging_mixin.py:115} INFO - [2022-07-06 16:50:27,158] {dag.py:2927} INFO - Setting next_dagrun for example_branch_operator to 2022-07-05T00:00:00+00:00, run_after=2022-07-06T00:00:00+00:00
[2022-07-06 16:50:27,179] {processor.py:161} INFO - Processing /Users/joyang0419/opt/anaconda3/envs/AirFlowBasicExample/lib/python3.8/site-packages/airflow/example_dags/example_branch_operator.py took 0.113 seconds
[2022-07-06 16:50:37,190] {processor.py:153} INFO - Started process (PID=12615) to work on /Users/joyang0419/opt/anaconda3/envs/AirFlowBasicExample/lib/python3.8/site-packages/airflow/example_dags/example_branch_operator.py
[2022-07-06 16:50:37,190] {processor.py:641} INFO - Processing file /Users/joyang0419/opt/anaconda3/envs/AirFlowBasicExample/lib/python3.8/site-packages/airflow/example_dags/example_branch_operator.py for tasks to queue
[2022-07-06 16:50:37,190] {logging_mixin.py:115} INFO - [2022-07-06 16:50:37,190] {dagbag.py:507} INFO - Filling up the DagBag from /Users/joyang0419/opt/anaconda3/envs/AirFlowBasicExample/lib/python3.8/site-packages/airflow/example_dags/example_branch_operator.py
[2022-07-06 16:50:37,205] {processor.py:651} INFO - DAG(s) dict_keys(['example_branch_operator']) retrieved from /Users/joyang0419/opt/anaconda3/envs/AirFlowBasicExample/lib/python3.8/site-packages/airflow/example_dags/example_branch_operator.py
[2022-07-06 16:50:37,249] {logging_mixin.py:115} INFO - [2022-07-06 16:50:37,249] {dag.py:2379} INFO - Sync 1 DAGs
[2022-07-06 16:50:37,283] {logging_mixin.py:115} INFO - [2022-07-06 16:50:37,283] {dag.py:2927} INFO - Setting next_dagrun for example_branch_operator to 2022-07-05T00:00:00+00:00, run_after=2022-07-06T00:00:00+00:00
[2022-07-06 16:50:37,303] {processor.py:161} INFO - Processing /Users/joyang0419/opt/anaconda3/envs/AirFlowBasicExample/lib/python3.8/site-packages/airflow/example_dags/example_branch_operator.py took 0.114 seconds
[2022-07-06 16:50:50,214] {processor.py:153} INFO - Started process (PID=12688) to work on /Users/joyang0419/opt/anaconda3/envs/AirFlowBasicExample/lib/python3.8/site-packages/airflow/example_dags/example_branch_operator.py
[2022-07-06 16:50:50,214] {processor.py:641} INFO - Processing file /Users/joyang0419/opt/anaconda3/envs/AirFlowBasicExample/lib/python3.8/site-packages/airflow/example_dags/example_branch_operator.py for tasks to queue
[2022-07-06 16:50:50,214] {logging_mixin.py:115} INFO - [2022-07-06 16:50:50,214] {dagbag.py:507} INFO - Filling up the DagBag from /Users/joyang0419/opt/anaconda3/envs/AirFlowBasicExample/lib/python3.8/site-packages/airflow/example_dags/example_branch_operator.py
[2022-07-06 16:50:50,230] {processor.py:651} INFO - DAG(s) dict_keys(['example_branch_operator']) retrieved from /Users/joyang0419/opt/anaconda3/envs/AirFlowBasicExample/lib/python3.8/site-packages/airflow/example_dags/example_branch_operator.py
[2022-07-06 16:52:31,900] {processor.py:153} INFO - Started process (PID=12815) to work on /Users/joyang0419/opt/anaconda3/envs/AirFlowBasicExample/lib/python3.8/site-packages/airflow/example_dags/example_branch_operator.py
[2022-07-06 16:52:31,901] {processor.py:641} INFO - Processing file /Users/joyang0419/opt/anaconda3/envs/AirFlowBasicExample/lib/python3.8/site-packages/airflow/example_dags/example_branch_operator.py for tasks to queue
[2022-07-06 16:52:31,901] {logging_mixin.py:115} INFO - [2022-07-06 16:52:31,901] {dagbag.py:507} INFO - Filling up the DagBag from /Users/joyang0419/opt/anaconda3/envs/AirFlowBasicExample/lib/python3.8/site-packages/airflow/example_dags/example_branch_operator.py
[2022-07-06 16:52:31,917] {processor.py:651} INFO - DAG(s) dict_keys(['example_branch_operator']) retrieved from /Users/joyang0419/opt/anaconda3/envs/AirFlowBasicExample/lib/python3.8/site-packages/airflow/example_dags/example_branch_operator.py
[2022-07-06 16:52:31,981] {logging_mixin.py:115} INFO - [2022-07-06 16:52:31,981] {dag.py:2379} INFO - Sync 1 DAGs
[2022-07-06 16:52:31,994] {logging_mixin.py:115} INFO - [2022-07-06 16:52:31,994] {dag.py:2927} INFO - Setting next_dagrun for example_branch_operator to 2022-07-05T00:00:00+00:00, run_after=2022-07-06T00:00:00+00:00
[2022-07-06 16:52:32,012] {processor.py:161} INFO - Processing /Users/joyang0419/opt/anaconda3/envs/AirFlowBasicExample/lib/python3.8/site-packages/airflow/example_dags/example_branch_operator.py took 0.113 seconds
[2022-07-06 16:52:42,313] {processor.py:153} INFO - Started process (PID=12883) to work on /Users/joyang0419/opt/anaconda3/envs/AirFlowBasicExample/lib/python3.8/site-packages/airflow/example_dags/example_branch_operator.py
[2022-07-06 16:52:42,313] {processor.py:641} INFO - Processing file /Users/joyang0419/opt/anaconda3/envs/AirFlowBasicExample/lib/python3.8/site-packages/airflow/example_dags/example_branch_operator.py for tasks to queue
[2022-07-06 16:52:42,313] {logging_mixin.py:115} INFO - [2022-07-06 16:52:42,313] {dagbag.py:507} INFO - Filling up the DagBag from /Users/joyang0419/opt/anaconda3/envs/AirFlowBasicExample/lib/python3.8/site-packages/airflow/example_dags/example_branch_operator.py
[2022-07-06 16:52:42,330] {processor.py:651} INFO - DAG(s) dict_keys(['example_branch_operator']) retrieved from /Users/joyang0419/opt/anaconda3/envs/AirFlowBasicExample/lib/python3.8/site-packages/airflow/example_dags/example_branch_operator.py
[2022-07-06 16:52:42,385] {logging_mixin.py:115} INFO - [2022-07-06 16:52:42,385] {dag.py:2379} INFO - Sync 1 DAGs
[2022-07-06 16:52:42,398] {logging_mixin.py:115} INFO - [2022-07-06 16:52:42,398] {dag.py:2927} INFO - Setting next_dagrun for example_branch_operator to 2022-07-05T00:00:00+00:00, run_after=2022-07-06T00:00:00+00:00
[2022-07-06 16:52:42,417] {processor.py:161} INFO - Processing /Users/joyang0419/opt/anaconda3/envs/AirFlowBasicExample/lib/python3.8/site-packages/airflow/example_dags/example_branch_operator.py took 0.105 seconds
[2022-07-06 16:52:53,669] {processor.py:153} INFO - Started process (PID=12953) to work on /Users/joyang0419/opt/anaconda3/envs/AirFlowBasicExample/lib/python3.8/site-packages/airflow/example_dags/example_branch_operator.py
[2022-07-06 16:52:53,670] {processor.py:641} INFO - Processing file /Users/joyang0419/opt/anaconda3/envs/AirFlowBasicExample/lib/python3.8/site-packages/airflow/example_dags/example_branch_operator.py for tasks to queue
[2022-07-06 16:52:53,670] {logging_mixin.py:115} INFO - [2022-07-06 16:52:53,670] {dagbag.py:507} INFO - Filling up the DagBag from /Users/joyang0419/opt/anaconda3/envs/AirFlowBasicExample/lib/python3.8/site-packages/airflow/example_dags/example_branch_operator.py
[2022-07-06 16:52:53,686] {processor.py:651} INFO - DAG(s) dict_keys(['example_branch_operator']) retrieved from /Users/joyang0419/opt/anaconda3/envs/AirFlowBasicExample/lib/python3.8/site-packages/airflow/example_dags/example_branch_operator.py
[2022-07-06 16:52:53,764] {logging_mixin.py:115} INFO - [2022-07-06 16:52:53,764] {dag.py:2379} INFO - Sync 1 DAGs
[2022-07-06 16:52:53,780] {logging_mixin.py:115} INFO - [2022-07-06 16:52:53,780] {dag.py:2927} INFO - Setting next_dagrun for example_branch_operator to 2022-07-05T00:00:00+00:00, run_after=2022-07-06T00:00:00+00:00
[2022-07-06 16:52:53,812] {processor.py:161} INFO - Processing /Users/joyang0419/opt/anaconda3/envs/AirFlowBasicExample/lib/python3.8/site-packages/airflow/example_dags/example_branch_operator.py took 0.144 seconds
[2022-07-06 16:53:06,019] {processor.py:153} INFO - Started process (PID=13022) to work on /Users/joyang0419/opt/anaconda3/envs/AirFlowBasicExample/lib/python3.8/site-packages/airflow/example_dags/example_branch_operator.py
[2022-07-06 16:53:06,019] {processor.py:641} INFO - Processing file /Users/joyang0419/opt/anaconda3/envs/AirFlowBasicExample/lib/python3.8/site-packages/airflow/example_dags/example_branch_operator.py for tasks to queue
[2022-07-06 16:53:06,019] {logging_mixin.py:115} INFO - [2022-07-06 16:53:06,019] {dagbag.py:507} INFO - Filling up the DagBag from /Users/joyang0419/opt/anaconda3/envs/AirFlowBasicExample/lib/python3.8/site-packages/airflow/example_dags/example_branch_operator.py
[2022-07-06 16:53:06,035] {processor.py:651} INFO - DAG(s) dict_keys(['example_branch_operator']) retrieved from /Users/joyang0419/opt/anaconda3/envs/AirFlowBasicExample/lib/python3.8/site-packages/airflow/example_dags/example_branch_operator.py
[2022-07-06 16:53:06,087] {logging_mixin.py:115} INFO - [2022-07-06 16:53:06,087] {dag.py:2379} INFO - Sync 1 DAGs
[2022-07-06 16:53:06,101] {logging_mixin.py:115} INFO - [2022-07-06 16:53:06,101] {dag.py:2927} INFO - Setting next_dagrun for example_branch_operator to 2022-07-05T00:00:00+00:00, run_after=2022-07-06T00:00:00+00:00
[2022-07-06 16:53:06,129] {processor.py:161} INFO - Processing /Users/joyang0419/opt/anaconda3/envs/AirFlowBasicExample/lib/python3.8/site-packages/airflow/example_dags/example_branch_operator.py took 0.111 seconds
[2022-07-06 16:53:17,076] {processor.py:153} INFO - Started process (PID=13088) to work on /Users/joyang0419/opt/anaconda3/envs/AirFlowBasicExample/lib/python3.8/site-packages/airflow/example_dags/example_branch_operator.py
[2022-07-06 16:53:17,076] {processor.py:641} INFO - Processing file /Users/joyang0419/opt/anaconda3/envs/AirFlowBasicExample/lib/python3.8/site-packages/airflow/example_dags/example_branch_operator.py for tasks to queue
[2022-07-06 16:53:17,076] {logging_mixin.py:115} INFO - [2022-07-06 16:53:17,076] {dagbag.py:507} INFO - Filling up the DagBag from /Users/joyang0419/opt/anaconda3/envs/AirFlowBasicExample/lib/python3.8/site-packages/airflow/example_dags/example_branch_operator.py
[2022-07-06 16:53:17,094] {processor.py:651} INFO - DAG(s) dict_keys(['example_branch_operator']) retrieved from /Users/joyang0419/opt/anaconda3/envs/AirFlowBasicExample/lib/python3.8/site-packages/airflow/example_dags/example_branch_operator.py
[2022-07-06 16:53:17,149] {logging_mixin.py:115} INFO - [2022-07-06 16:53:17,149] {dag.py:2379} INFO - Sync 1 DAGs
[2022-07-06 16:53:17,162] {logging_mixin.py:115} INFO - [2022-07-06 16:53:17,162] {dag.py:2927} INFO - Setting next_dagrun for example_branch_operator to 2022-07-05T00:00:00+00:00, run_after=2022-07-06T00:00:00+00:00
[2022-07-06 16:53:17,179] {processor.py:161} INFO - Processing /Users/joyang0419/opt/anaconda3/envs/AirFlowBasicExample/lib/python3.8/site-packages/airflow/example_dags/example_branch_operator.py took 0.103 seconds
[2022-07-06 16:53:27,599] {processor.py:153} INFO - Started process (PID=13154) to work on /Users/joyang0419/opt/anaconda3/envs/AirFlowBasicExample/lib/python3.8/site-packages/airflow/example_dags/example_branch_operator.py
[2022-07-06 16:53:27,599] {processor.py:641} INFO - Processing file /Users/joyang0419/opt/anaconda3/envs/AirFlowBasicExample/lib/python3.8/site-packages/airflow/example_dags/example_branch_operator.py for tasks to queue
[2022-07-06 16:53:27,599] {logging_mixin.py:115} INFO - [2022-07-06 16:53:27,599] {dagbag.py:507} INFO - Filling up the DagBag from /Users/joyang0419/opt/anaconda3/envs/AirFlowBasicExample/lib/python3.8/site-packages/airflow/example_dags/example_branch_operator.py
[2022-07-06 16:53:27,615] {processor.py:651} INFO - DAG(s) dict_keys(['example_branch_operator']) retrieved from /Users/joyang0419/opt/anaconda3/envs/AirFlowBasicExample/lib/python3.8/site-packages/airflow/example_dags/example_branch_operator.py
[2022-07-06 16:53:27,675] {logging_mixin.py:115} INFO - [2022-07-06 16:53:27,675] {dag.py:2379} INFO - Sync 1 DAGs
[2022-07-06 16:53:27,690] {logging_mixin.py:115} INFO - [2022-07-06 16:53:27,690] {dag.py:2927} INFO - Setting next_dagrun for example_branch_operator to 2022-07-05T00:00:00+00:00, run_after=2022-07-06T00:00:00+00:00
[2022-07-06 16:53:27,707] {processor.py:161} INFO - Processing /Users/joyang0419/opt/anaconda3/envs/AirFlowBasicExample/lib/python3.8/site-packages/airflow/example_dags/example_branch_operator.py took 0.109 seconds
[2022-07-06 16:53:39,715] {processor.py:153} INFO - Started process (PID=13221) to work on /Users/joyang0419/opt/anaconda3/envs/AirFlowBasicExample/lib/python3.8/site-packages/airflow/example_dags/example_branch_operator.py
[2022-07-06 16:53:39,716] {processor.py:641} INFO - Processing file /Users/joyang0419/opt/anaconda3/envs/AirFlowBasicExample/lib/python3.8/site-packages/airflow/example_dags/example_branch_operator.py for tasks to queue
[2022-07-06 16:53:39,716] {logging_mixin.py:115} INFO - [2022-07-06 16:53:39,716] {dagbag.py:507} INFO - Filling up the DagBag from /Users/joyang0419/opt/anaconda3/envs/AirFlowBasicExample/lib/python3.8/site-packages/airflow/example_dags/example_branch_operator.py
[2022-07-06 16:53:39,732] {processor.py:651} INFO - DAG(s) dict_keys(['example_branch_operator']) retrieved from /Users/joyang0419/opt/anaconda3/envs/AirFlowBasicExample/lib/python3.8/site-packages/airflow/example_dags/example_branch_operator.py
[2022-07-06 16:53:39,785] {logging_mixin.py:115} INFO - [2022-07-06 16:53:39,785] {dag.py:2379} INFO - Sync 1 DAGs
[2022-07-06 16:53:39,797] {logging_mixin.py:115} INFO - [2022-07-06 16:53:39,797] {dag.py:2927} INFO - Setting next_dagrun for example_branch_operator to 2022-07-05T00:00:00+00:00, run_after=2022-07-06T00:00:00+00:00
[2022-07-06 16:53:39,813] {processor.py:161} INFO - Processing /Users/joyang0419/opt/anaconda3/envs/AirFlowBasicExample/lib/python3.8/site-packages/airflow/example_dags/example_branch_operator.py took 0.098 seconds
[2022-07-06 16:53:50,267] {processor.py:153} INFO - Started process (PID=13294) to work on /Users/joyang0419/opt/anaconda3/envs/AirFlowBasicExample/lib/python3.8/site-packages/airflow/example_dags/example_branch_operator.py
[2022-07-06 16:53:50,267] {processor.py:641} INFO - Processing file /Users/joyang0419/opt/anaconda3/envs/AirFlowBasicExample/lib/python3.8/site-packages/airflow/example_dags/example_branch_operator.py for tasks to queue
[2022-07-06 16:53:50,267] {logging_mixin.py:115} INFO - [2022-07-06 16:53:50,267] {dagbag.py:507} INFO - Filling up the DagBag from /Users/joyang0419/opt/anaconda3/envs/AirFlowBasicExample/lib/python3.8/site-packages/airflow/example_dags/example_branch_operator.py
[2022-07-06 16:53:50,284] {processor.py:651} INFO - DAG(s) dict_keys(['example_branch_operator']) retrieved from /Users/joyang0419/opt/anaconda3/envs/AirFlowBasicExample/lib/python3.8/site-packages/airflow/example_dags/example_branch_operator.py
[2022-07-06 16:53:50,335] {logging_mixin.py:115} INFO - [2022-07-06 16:53:50,335] {dag.py:2379} INFO - Sync 1 DAGs
[2022-07-06 16:53:50,347] {logging_mixin.py:115} INFO - [2022-07-06 16:53:50,347] {dag.py:2927} INFO - Setting next_dagrun for example_branch_operator to 2022-07-05T00:00:00+00:00, run_after=2022-07-06T00:00:00+00:00
[2022-07-06 16:53:50,363] {processor.py:161} INFO - Processing /Users/joyang0419/opt/anaconda3/envs/AirFlowBasicExample/lib/python3.8/site-packages/airflow/example_dags/example_branch_operator.py took 0.097 seconds
[2022-07-06 16:54:01,212] {processor.py:153} INFO - Started process (PID=13371) to work on /Users/joyang0419/opt/anaconda3/envs/AirFlowBasicExample/lib/python3.8/site-packages/airflow/example_dags/example_branch_operator.py
[2022-07-06 16:54:01,212] {processor.py:641} INFO - Processing file /Users/joyang0419/opt/anaconda3/envs/AirFlowBasicExample/lib/python3.8/site-packages/airflow/example_dags/example_branch_operator.py for tasks to queue
[2022-07-06 16:54:01,212] {logging_mixin.py:115} INFO - [2022-07-06 16:54:01,212] {dagbag.py:507} INFO - Filling up the DagBag from /Users/joyang0419/opt/anaconda3/envs/AirFlowBasicExample/lib/python3.8/site-packages/airflow/example_dags/example_branch_operator.py
[2022-07-06 16:54:01,232] {processor.py:651} INFO - DAG(s) dict_keys(['example_branch_operator']) retrieved from /Users/joyang0419/opt/anaconda3/envs/AirFlowBasicExample/lib/python3.8/site-packages/airflow/example_dags/example_branch_operator.py
[2022-07-06 16:54:01,298] {logging_mixin.py:115} INFO - [2022-07-06 16:54:01,298] {dag.py:2379} INFO - Sync 1 DAGs
[2022-07-06 16:54:01,312] {logging_mixin.py:115} INFO - [2022-07-06 16:54:01,312] {dag.py:2927} INFO - Setting next_dagrun for example_branch_operator to 2022-07-05T00:00:00+00:00, run_after=2022-07-06T00:00:00+00:00
[2022-07-06 16:54:01,338] {processor.py:161} INFO - Processing /Users/joyang0419/opt/anaconda3/envs/AirFlowBasicExample/lib/python3.8/site-packages/airflow/example_dags/example_branch_operator.py took 0.126 seconds
