[2022-07-06 16:50:10,747] {processor.py:153} INFO - Started process (PID=12468) to work on /Users/joyang0419/opt/anaconda3/envs/AirFlowBasicExample/lib/python3.8/site-packages/airflow/example_dags/example_latest_only.py
[2022-07-06 16:50:10,748] {processor.py:641} INFO - Processing file /Users/joyang0419/opt/anaconda3/envs/AirFlowBasicExample/lib/python3.8/site-packages/airflow/example_dags/example_latest_only.py for tasks to queue
[2022-07-06 16:50:10,748] {logging_mixin.py:115} INFO - [2022-07-06 16:50:10,748] {dagbag.py:507} INFO - Filling up the DagBag from /Users/joyang0419/opt/anaconda3/envs/AirFlowBasicExample/lib/python3.8/site-packages/airflow/example_dags/example_latest_only.py
[2022-07-06 16:50:10,754] {processor.py:651} INFO - DAG(s) dict_keys(['latest_only']) retrieved from /Users/joyang0419/opt/anaconda3/envs/AirFlowBasicExample/lib/python3.8/site-packages/airflow/example_dags/example_latest_only.py
[2022-07-06 16:50:11,294] {logging_mixin.py:115} INFO - [2022-07-06 16:50:11,294] {manager.py:508} INFO - Created Permission View: can edit on DAG:latest_only
[2022-07-06 16:50:11,306] {logging_mixin.py:115} INFO - [2022-07-06 16:50:11,306] {manager.py:508} INFO - Created Permission View: can read on DAG:latest_only
[2022-07-06 16:50:11,318] {logging_mixin.py:115} INFO - [2022-07-06 16:50:11,318] {manager.py:508} INFO - Created Permission View: can delete on DAG:latest_only
[2022-07-06 16:50:11,319] {logging_mixin.py:115} INFO - [2022-07-06 16:50:11,318] {dag.py:2379} INFO - Sync 1 DAGs
[2022-07-06 16:50:11,326] {logging_mixin.py:115} INFO - [2022-07-06 16:50:11,326] {dag.py:2398} INFO - Creating ORM DAG for latest_only
[2022-07-06 16:50:11,335] {logging_mixin.py:115} INFO - [2022-07-06 16:50:11,335] {dag.py:2927} INFO - Setting next_dagrun for latest_only to 2022-07-06T04:50:11.334971+00:00, run_after=2022-07-06T08:50:11.334971+00:00
[2022-07-06 16:50:11,355] {processor.py:161} INFO - Processing /Users/joyang0419/opt/anaconda3/envs/AirFlowBasicExample/lib/python3.8/site-packages/airflow/example_dags/example_latest_only.py took 0.608 seconds
[2022-07-06 16:50:24,917] {processor.py:153} INFO - Started process (PID=12537) to work on /Users/joyang0419/opt/anaconda3/envs/AirFlowBasicExample/lib/python3.8/site-packages/airflow/example_dags/example_latest_only.py
[2022-07-06 16:50:24,917] {processor.py:641} INFO - Processing file /Users/joyang0419/opt/anaconda3/envs/AirFlowBasicExample/lib/python3.8/site-packages/airflow/example_dags/example_latest_only.py for tasks to queue
[2022-07-06 16:50:24,917] {logging_mixin.py:115} INFO - [2022-07-06 16:50:24,917] {dagbag.py:507} INFO - Filling up the DagBag from /Users/joyang0419/opt/anaconda3/envs/AirFlowBasicExample/lib/python3.8/site-packages/airflow/example_dags/example_latest_only.py
[2022-07-06 16:50:24,923] {processor.py:651} INFO - DAG(s) dict_keys(['latest_only']) retrieved from /Users/joyang0419/opt/anaconda3/envs/AirFlowBasicExample/lib/python3.8/site-packages/airflow/example_dags/example_latest_only.py
[2022-07-06 16:50:24,952] {logging_mixin.py:115} INFO - [2022-07-06 16:50:24,951] {dag.py:2379} INFO - Sync 1 DAGs
[2022-07-06 16:50:24,982] {logging_mixin.py:115} INFO - [2022-07-06 16:50:24,981] {dag.py:2927} INFO - Setting next_dagrun for latest_only to 2022-07-06T04:50:24.981793+00:00, run_after=2022-07-06T08:50:24.981793+00:00
[2022-07-06 16:50:24,998] {processor.py:161} INFO - Processing /Users/joyang0419/opt/anaconda3/envs/AirFlowBasicExample/lib/python3.8/site-packages/airflow/example_dags/example_latest_only.py took 0.082 seconds
[2022-07-06 16:50:34,621] {processor.py:153} INFO - Started process (PID=12601) to work on /Users/joyang0419/opt/anaconda3/envs/AirFlowBasicExample/lib/python3.8/site-packages/airflow/example_dags/example_latest_only.py
[2022-07-06 16:50:34,621] {processor.py:641} INFO - Processing file /Users/joyang0419/opt/anaconda3/envs/AirFlowBasicExample/lib/python3.8/site-packages/airflow/example_dags/example_latest_only.py for tasks to queue
[2022-07-06 16:50:34,621] {logging_mixin.py:115} INFO - [2022-07-06 16:50:34,621] {dagbag.py:507} INFO - Filling up the DagBag from /Users/joyang0419/opt/anaconda3/envs/AirFlowBasicExample/lib/python3.8/site-packages/airflow/example_dags/example_latest_only.py
[2022-07-06 16:50:34,629] {processor.py:651} INFO - DAG(s) dict_keys(['latest_only']) retrieved from /Users/joyang0419/opt/anaconda3/envs/AirFlowBasicExample/lib/python3.8/site-packages/airflow/example_dags/example_latest_only.py
[2022-07-06 16:50:34,664] {logging_mixin.py:115} INFO - [2022-07-06 16:50:34,664] {dag.py:2379} INFO - Sync 1 DAGs
[2022-07-06 16:50:34,699] {logging_mixin.py:115} INFO - [2022-07-06 16:50:34,698] {dag.py:2927} INFO - Setting next_dagrun for latest_only to 2022-07-06T04:50:34.698799+00:00, run_after=2022-07-06T08:50:34.698799+00:00
[2022-07-06 16:50:34,715] {processor.py:161} INFO - Processing /Users/joyang0419/opt/anaconda3/envs/AirFlowBasicExample/lib/python3.8/site-packages/airflow/example_dags/example_latest_only.py took 0.094 seconds
[2022-07-06 16:50:47,408] {processor.py:153} INFO - Started process (PID=12673) to work on /Users/joyang0419/opt/anaconda3/envs/AirFlowBasicExample/lib/python3.8/site-packages/airflow/example_dags/example_latest_only.py
[2022-07-06 16:50:47,408] {processor.py:641} INFO - Processing file /Users/joyang0419/opt/anaconda3/envs/AirFlowBasicExample/lib/python3.8/site-packages/airflow/example_dags/example_latest_only.py for tasks to queue
[2022-07-06 16:50:47,408] {logging_mixin.py:115} INFO - [2022-07-06 16:50:47,408] {dagbag.py:507} INFO - Filling up the DagBag from /Users/joyang0419/opt/anaconda3/envs/AirFlowBasicExample/lib/python3.8/site-packages/airflow/example_dags/example_latest_only.py
[2022-07-06 16:50:47,416] {processor.py:651} INFO - DAG(s) dict_keys(['latest_only']) retrieved from /Users/joyang0419/opt/anaconda3/envs/AirFlowBasicExample/lib/python3.8/site-packages/airflow/example_dags/example_latest_only.py
[2022-07-06 16:50:47,488] {logging_mixin.py:115} INFO - [2022-07-06 16:50:47,488] {dag.py:2379} INFO - Sync 1 DAGs
[2022-07-06 16:50:47,507] {logging_mixin.py:115} INFO - [2022-07-06 16:50:47,507] {dag.py:2927} INFO - Setting next_dagrun for latest_only to 2022-07-06T04:50:47.506933+00:00, run_after=2022-07-06T08:50:47.506933+00:00
[2022-07-06 16:50:47,539] {processor.py:161} INFO - Processing /Users/joyang0419/opt/anaconda3/envs/AirFlowBasicExample/lib/python3.8/site-packages/airflow/example_dags/example_latest_only.py took 0.132 seconds
[2022-07-06 16:52:29,434] {processor.py:153} INFO - Started process (PID=12801) to work on /Users/joyang0419/opt/anaconda3/envs/AirFlowBasicExample/lib/python3.8/site-packages/airflow/example_dags/example_latest_only.py
[2022-07-06 16:52:29,435] {processor.py:641} INFO - Processing file /Users/joyang0419/opt/anaconda3/envs/AirFlowBasicExample/lib/python3.8/site-packages/airflow/example_dags/example_latest_only.py for tasks to queue
[2022-07-06 16:52:29,435] {logging_mixin.py:115} INFO - [2022-07-06 16:52:29,435] {dagbag.py:507} INFO - Filling up the DagBag from /Users/joyang0419/opt/anaconda3/envs/AirFlowBasicExample/lib/python3.8/site-packages/airflow/example_dags/example_latest_only.py
[2022-07-06 16:52:29,441] {processor.py:651} INFO - DAG(s) dict_keys(['latest_only']) retrieved from /Users/joyang0419/opt/anaconda3/envs/AirFlowBasicExample/lib/python3.8/site-packages/airflow/example_dags/example_latest_only.py
[2022-07-06 16:52:29,490] {logging_mixin.py:115} INFO - [2022-07-06 16:52:29,490] {dag.py:2379} INFO - Sync 1 DAGs
[2022-07-06 16:52:29,502] {logging_mixin.py:115} INFO - [2022-07-06 16:52:29,502] {dag.py:2927} INFO - Setting next_dagrun for latest_only to 2022-07-06T04:52:29.502371+00:00, run_after=2022-07-06T08:52:29.502371+00:00
[2022-07-06 16:52:29,519] {processor.py:161} INFO - Processing /Users/joyang0419/opt/anaconda3/envs/AirFlowBasicExample/lib/python3.8/site-packages/airflow/example_dags/example_latest_only.py took 0.086 seconds
[2022-07-06 16:52:40,278] {processor.py:153} INFO - Started process (PID=12869) to work on /Users/joyang0419/opt/anaconda3/envs/AirFlowBasicExample/lib/python3.8/site-packages/airflow/example_dags/example_latest_only.py
[2022-07-06 16:52:40,278] {processor.py:641} INFO - Processing file /Users/joyang0419/opt/anaconda3/envs/AirFlowBasicExample/lib/python3.8/site-packages/airflow/example_dags/example_latest_only.py for tasks to queue
[2022-07-06 16:52:40,279] {logging_mixin.py:115} INFO - [2022-07-06 16:52:40,279] {dagbag.py:507} INFO - Filling up the DagBag from /Users/joyang0419/opt/anaconda3/envs/AirFlowBasicExample/lib/python3.8/site-packages/airflow/example_dags/example_latest_only.py
[2022-07-06 16:52:40,285] {processor.py:651} INFO - DAG(s) dict_keys(['latest_only']) retrieved from /Users/joyang0419/opt/anaconda3/envs/AirFlowBasicExample/lib/python3.8/site-packages/airflow/example_dags/example_latest_only.py
[2022-07-06 16:52:40,335] {logging_mixin.py:115} INFO - [2022-07-06 16:52:40,335] {dag.py:2379} INFO - Sync 1 DAGs
[2022-07-06 16:52:40,347] {logging_mixin.py:115} INFO - [2022-07-06 16:52:40,346] {dag.py:2927} INFO - Setting next_dagrun for latest_only to 2022-07-06T04:52:40.346794+00:00, run_after=2022-07-06T08:52:40.346794+00:00
[2022-07-06 16:52:40,363] {processor.py:161} INFO - Processing /Users/joyang0419/opt/anaconda3/envs/AirFlowBasicExample/lib/python3.8/site-packages/airflow/example_dags/example_latest_only.py took 0.085 seconds
[2022-07-06 16:52:50,980] {processor.py:153} INFO - Started process (PID=12936) to work on /Users/joyang0419/opt/anaconda3/envs/AirFlowBasicExample/lib/python3.8/site-packages/airflow/example_dags/example_latest_only.py
[2022-07-06 16:52:50,980] {processor.py:641} INFO - Processing file /Users/joyang0419/opt/anaconda3/envs/AirFlowBasicExample/lib/python3.8/site-packages/airflow/example_dags/example_latest_only.py for tasks to queue
[2022-07-06 16:52:50,980] {logging_mixin.py:115} INFO - [2022-07-06 16:52:50,980] {dagbag.py:507} INFO - Filling up the DagBag from /Users/joyang0419/opt/anaconda3/envs/AirFlowBasicExample/lib/python3.8/site-packages/airflow/example_dags/example_latest_only.py
[2022-07-06 16:52:50,987] {processor.py:651} INFO - DAG(s) dict_keys(['latest_only']) retrieved from /Users/joyang0419/opt/anaconda3/envs/AirFlowBasicExample/lib/python3.8/site-packages/airflow/example_dags/example_latest_only.py
[2022-07-06 16:52:51,056] {logging_mixin.py:115} INFO - [2022-07-06 16:52:51,055] {dag.py:2379} INFO - Sync 1 DAGs
[2022-07-06 16:52:51,073] {logging_mixin.py:115} INFO - [2022-07-06 16:52:51,073] {dag.py:2927} INFO - Setting next_dagrun for latest_only to 2022-07-06T04:52:51.073374+00:00, run_after=2022-07-06T08:52:51.073374+00:00
[2022-07-06 16:52:51,107] {processor.py:161} INFO - Processing /Users/joyang0419/opt/anaconda3/envs/AirFlowBasicExample/lib/python3.8/site-packages/airflow/example_dags/example_latest_only.py took 0.128 seconds
[2022-07-06 16:53:03,512] {processor.py:153} INFO - Started process (PID=13008) to work on /Users/joyang0419/opt/anaconda3/envs/AirFlowBasicExample/lib/python3.8/site-packages/airflow/example_dags/example_latest_only.py
[2022-07-06 16:53:03,512] {processor.py:641} INFO - Processing file /Users/joyang0419/opt/anaconda3/envs/AirFlowBasicExample/lib/python3.8/site-packages/airflow/example_dags/example_latest_only.py for tasks to queue
[2022-07-06 16:53:03,512] {logging_mixin.py:115} INFO - [2022-07-06 16:53:03,512] {dagbag.py:507} INFO - Filling up the DagBag from /Users/joyang0419/opt/anaconda3/envs/AirFlowBasicExample/lib/python3.8/site-packages/airflow/example_dags/example_latest_only.py
[2022-07-06 16:53:03,519] {processor.py:651} INFO - DAG(s) dict_keys(['latest_only']) retrieved from /Users/joyang0419/opt/anaconda3/envs/AirFlowBasicExample/lib/python3.8/site-packages/airflow/example_dags/example_latest_only.py
[2022-07-06 16:53:03,578] {logging_mixin.py:115} INFO - [2022-07-06 16:53:03,578] {dag.py:2379} INFO - Sync 1 DAGs
[2022-07-06 16:53:03,592] {logging_mixin.py:115} INFO - [2022-07-06 16:53:03,592] {dag.py:2927} INFO - Setting next_dagrun for latest_only to 2022-07-06T04:53:03.592634+00:00, run_after=2022-07-06T08:53:03.592634+00:00
[2022-07-06 16:53:03,617] {processor.py:161} INFO - Processing /Users/joyang0419/opt/anaconda3/envs/AirFlowBasicExample/lib/python3.8/site-packages/airflow/example_dags/example_latest_only.py took 0.105 seconds
[2022-07-06 16:53:14,939] {processor.py:153} INFO - Started process (PID=13074) to work on /Users/joyang0419/opt/anaconda3/envs/AirFlowBasicExample/lib/python3.8/site-packages/airflow/example_dags/example_latest_only.py
[2022-07-06 16:53:14,939] {processor.py:641} INFO - Processing file /Users/joyang0419/opt/anaconda3/envs/AirFlowBasicExample/lib/python3.8/site-packages/airflow/example_dags/example_latest_only.py for tasks to queue
[2022-07-06 16:53:14,939] {logging_mixin.py:115} INFO - [2022-07-06 16:53:14,939] {dagbag.py:507} INFO - Filling up the DagBag from /Users/joyang0419/opt/anaconda3/envs/AirFlowBasicExample/lib/python3.8/site-packages/airflow/example_dags/example_latest_only.py
[2022-07-06 16:53:14,947] {processor.py:651} INFO - DAG(s) dict_keys(['latest_only']) retrieved from /Users/joyang0419/opt/anaconda3/envs/AirFlowBasicExample/lib/python3.8/site-packages/airflow/example_dags/example_latest_only.py
[2022-07-06 16:53:15,015] {logging_mixin.py:115} INFO - [2022-07-06 16:53:15,015] {dag.py:2379} INFO - Sync 1 DAGs
[2022-07-06 16:53:15,030] {logging_mixin.py:115} INFO - [2022-07-06 16:53:15,030] {dag.py:2927} INFO - Setting next_dagrun for latest_only to 2022-07-06T04:53:15.030724+00:00, run_after=2022-07-06T08:53:15.030724+00:00
[2022-07-06 16:53:15,053] {processor.py:161} INFO - Processing /Users/joyang0419/opt/anaconda3/envs/AirFlowBasicExample/lib/python3.8/site-packages/airflow/example_dags/example_latest_only.py took 0.115 seconds
[2022-07-06 16:53:25,586] {processor.py:153} INFO - Started process (PID=13141) to work on /Users/joyang0419/opt/anaconda3/envs/AirFlowBasicExample/lib/python3.8/site-packages/airflow/example_dags/example_latest_only.py
[2022-07-06 16:53:25,586] {processor.py:641} INFO - Processing file /Users/joyang0419/opt/anaconda3/envs/AirFlowBasicExample/lib/python3.8/site-packages/airflow/example_dags/example_latest_only.py for tasks to queue
[2022-07-06 16:53:25,587] {logging_mixin.py:115} INFO - [2022-07-06 16:53:25,586] {dagbag.py:507} INFO - Filling up the DagBag from /Users/joyang0419/opt/anaconda3/envs/AirFlowBasicExample/lib/python3.8/site-packages/airflow/example_dags/example_latest_only.py
[2022-07-06 16:53:25,593] {processor.py:651} INFO - DAG(s) dict_keys(['latest_only']) retrieved from /Users/joyang0419/opt/anaconda3/envs/AirFlowBasicExample/lib/python3.8/site-packages/airflow/example_dags/example_latest_only.py
[2022-07-06 16:53:25,657] {logging_mixin.py:115} INFO - [2022-07-06 16:53:25,657] {dag.py:2379} INFO - Sync 1 DAGs
[2022-07-06 16:53:25,673] {logging_mixin.py:115} INFO - [2022-07-06 16:53:25,673] {dag.py:2927} INFO - Setting next_dagrun for latest_only to 2022-07-06T04:53:25.673112+00:00, run_after=2022-07-06T08:53:25.673112+00:00
[2022-07-06 16:53:25,700] {processor.py:161} INFO - Processing /Users/joyang0419/opt/anaconda3/envs/AirFlowBasicExample/lib/python3.8/site-packages/airflow/example_dags/example_latest_only.py took 0.114 seconds
[2022-07-06 16:53:37,071] {processor.py:153} INFO - Started process (PID=13207) to work on /Users/joyang0419/opt/anaconda3/envs/AirFlowBasicExample/lib/python3.8/site-packages/airflow/example_dags/example_latest_only.py
[2022-07-06 16:53:37,072] {processor.py:641} INFO - Processing file /Users/joyang0419/opt/anaconda3/envs/AirFlowBasicExample/lib/python3.8/site-packages/airflow/example_dags/example_latest_only.py for tasks to queue
[2022-07-06 16:53:37,072] {logging_mixin.py:115} INFO - [2022-07-06 16:53:37,072] {dagbag.py:507} INFO - Filling up the DagBag from /Users/joyang0419/opt/anaconda3/envs/AirFlowBasicExample/lib/python3.8/site-packages/airflow/example_dags/example_latest_only.py
[2022-07-06 16:53:37,080] {processor.py:651} INFO - DAG(s) dict_keys(['latest_only']) retrieved from /Users/joyang0419/opt/anaconda3/envs/AirFlowBasicExample/lib/python3.8/site-packages/airflow/example_dags/example_latest_only.py
[2022-07-06 16:53:37,143] {logging_mixin.py:115} INFO - [2022-07-06 16:53:37,143] {dag.py:2379} INFO - Sync 1 DAGs
[2022-07-06 16:53:37,159] {logging_mixin.py:115} INFO - [2022-07-06 16:53:37,159] {dag.py:2927} INFO - Setting next_dagrun for latest_only to 2022-07-06T04:53:37.159105+00:00, run_after=2022-07-06T08:53:37.159105+00:00
[2022-07-06 16:53:37,186] {processor.py:161} INFO - Processing /Users/joyang0419/opt/anaconda3/envs/AirFlowBasicExample/lib/python3.8/site-packages/airflow/example_dags/example_latest_only.py took 0.116 seconds
[2022-07-06 16:53:48,099] {processor.py:153} INFO - Started process (PID=13277) to work on /Users/joyang0419/opt/anaconda3/envs/AirFlowBasicExample/lib/python3.8/site-packages/airflow/example_dags/example_latest_only.py
[2022-07-06 16:53:48,099] {processor.py:641} INFO - Processing file /Users/joyang0419/opt/anaconda3/envs/AirFlowBasicExample/lib/python3.8/site-packages/airflow/example_dags/example_latest_only.py for tasks to queue
[2022-07-06 16:53:48,099] {logging_mixin.py:115} INFO - [2022-07-06 16:53:48,099] {dagbag.py:507} INFO - Filling up the DagBag from /Users/joyang0419/opt/anaconda3/envs/AirFlowBasicExample/lib/python3.8/site-packages/airflow/example_dags/example_latest_only.py
[2022-07-06 16:53:48,106] {processor.py:651} INFO - DAG(s) dict_keys(['latest_only']) retrieved from /Users/joyang0419/opt/anaconda3/envs/AirFlowBasicExample/lib/python3.8/site-packages/airflow/example_dags/example_latest_only.py
[2022-07-06 16:53:48,157] {logging_mixin.py:115} INFO - [2022-07-06 16:53:48,157] {dag.py:2379} INFO - Sync 1 DAGs
[2022-07-06 16:53:48,170] {logging_mixin.py:115} INFO - [2022-07-06 16:53:48,170] {dag.py:2927} INFO - Setting next_dagrun for latest_only to 2022-07-06T04:53:48.170002+00:00, run_after=2022-07-06T08:53:48.170002+00:00
[2022-07-06 16:53:48,186] {processor.py:161} INFO - Processing /Users/joyang0419/opt/anaconda3/envs/AirFlowBasicExample/lib/python3.8/site-packages/airflow/example_dags/example_latest_only.py took 0.088 seconds
[2022-07-06 16:53:58,478] {processor.py:153} INFO - Started process (PID=13347) to work on /Users/joyang0419/opt/anaconda3/envs/AirFlowBasicExample/lib/python3.8/site-packages/airflow/example_dags/example_latest_only.py
[2022-07-06 16:53:58,479] {processor.py:641} INFO - Processing file /Users/joyang0419/opt/anaconda3/envs/AirFlowBasicExample/lib/python3.8/site-packages/airflow/example_dags/example_latest_only.py for tasks to queue
[2022-07-06 16:53:58,479] {logging_mixin.py:115} INFO - [2022-07-06 16:53:58,479] {dagbag.py:507} INFO - Filling up the DagBag from /Users/joyang0419/opt/anaconda3/envs/AirFlowBasicExample/lib/python3.8/site-packages/airflow/example_dags/example_latest_only.py
[2022-07-06 16:53:58,485] {processor.py:651} INFO - DAG(s) dict_keys(['latest_only']) retrieved from /Users/joyang0419/opt/anaconda3/envs/AirFlowBasicExample/lib/python3.8/site-packages/airflow/example_dags/example_latest_only.py
[2022-07-06 16:53:58,545] {logging_mixin.py:115} INFO - [2022-07-06 16:53:58,545] {dag.py:2379} INFO - Sync 1 DAGs
[2022-07-06 16:53:58,559] {logging_mixin.py:115} INFO - [2022-07-06 16:53:58,558] {dag.py:2927} INFO - Setting next_dagrun for latest_only to 2022-07-06T04:53:58.558863+00:00, run_after=2022-07-06T08:53:58.558863+00:00
[2022-07-06 16:53:58,584] {processor.py:161} INFO - Processing /Users/joyang0419/opt/anaconda3/envs/AirFlowBasicExample/lib/python3.8/site-packages/airflow/example_dags/example_latest_only.py took 0.106 seconds
[2022-07-06 16:54:10,978] {processor.py:153} INFO - Started process (PID=13429) to work on /Users/joyang0419/opt/anaconda3/envs/AirFlowBasicExample/lib/python3.8/site-packages/airflow/example_dags/example_latest_only.py
[2022-07-06 16:54:10,978] {processor.py:641} INFO - Processing file /Users/joyang0419/opt/anaconda3/envs/AirFlowBasicExample/lib/python3.8/site-packages/airflow/example_dags/example_latest_only.py for tasks to queue
[2022-07-06 16:54:10,978] {logging_mixin.py:115} INFO - [2022-07-06 16:54:10,978] {dagbag.py:507} INFO - Filling up the DagBag from /Users/joyang0419/opt/anaconda3/envs/AirFlowBasicExample/lib/python3.8/site-packages/airflow/example_dags/example_latest_only.py
[2022-07-06 16:54:10,986] {processor.py:651} INFO - DAG(s) dict_keys(['latest_only']) retrieved from /Users/joyang0419/opt/anaconda3/envs/AirFlowBasicExample/lib/python3.8/site-packages/airflow/example_dags/example_latest_only.py
[2022-07-06 16:54:11,057] {logging_mixin.py:115} INFO - [2022-07-06 16:54:11,057] {dag.py:2379} INFO - Sync 1 DAGs
[2022-07-06 16:54:11,075] {logging_mixin.py:115} INFO - [2022-07-06 16:54:11,075] {dag.py:2927} INFO - Setting next_dagrun for latest_only to 2022-07-06T04:54:11.075286+00:00, run_after=2022-07-06T08:54:11.075286+00:00
[2022-07-06 16:54:11,108] {processor.py:161} INFO - Processing /Users/joyang0419/opt/anaconda3/envs/AirFlowBasicExample/lib/python3.8/site-packages/airflow/example_dags/example_latest_only.py took 0.131 seconds
