[2022-07-06 16:48:54,386] {processor.py:153} INFO - Started process (PID=12149) to work on /Users/joyang0419/opt/anaconda3/envs/AirFlowBasicExample/lib/python3.8/site-packages/airflow/example_dags/example_trigger_controller_dag.py
[2022-07-06 16:48:54,386] {processor.py:641} INFO - Processing file /Users/joyang0419/opt/anaconda3/envs/AirFlowBasicExample/lib/python3.8/site-packages/airflow/example_dags/example_trigger_controller_dag.py for tasks to queue
[2022-07-06 16:48:54,386] {logging_mixin.py:115} INFO - [2022-07-06 16:48:54,386] {dagbag.py:507} INFO - Filling up the DagBag from /Users/joyang0419/opt/anaconda3/envs/AirFlowBasicExample/lib/python3.8/site-packages/airflow/example_dags/example_trigger_controller_dag.py
[2022-07-06 16:48:54,396] {processor.py:651} INFO - DAG(s) dict_keys(['example_trigger_controller_dag']) retrieved from /Users/joyang0419/opt/anaconda3/envs/AirFlowBasicExample/lib/python3.8/site-packages/airflow/example_dags/example_trigger_controller_dag.py
[2022-07-06 16:48:55,210] {logging_mixin.py:115} INFO - [2022-07-06 16:48:55,210] {manager.py:508} INFO - Created Permission View: can delete on DAG:example_trigger_controller_dag
[2022-07-06 16:48:55,248] {logging_mixin.py:115} INFO - [2022-07-06 16:48:55,248] {manager.py:508} INFO - Created Permission View: can read on DAG:example_trigger_controller_dag
[2022-07-06 16:48:55,281] {logging_mixin.py:115} INFO - [2022-07-06 16:48:55,281] {manager.py:508} INFO - Created Permission View: can edit on DAG:example_trigger_controller_dag
[2022-07-06 16:48:55,282] {logging_mixin.py:115} INFO - [2022-07-06 16:48:55,281] {dag.py:2379} INFO - Sync 1 DAGs
[2022-07-06 16:48:55,297] {logging_mixin.py:115} INFO - [2022-07-06 16:48:55,297] {dag.py:2398} INFO - Creating ORM DAG for example_trigger_controller_dag
[2022-07-06 16:48:55,313] {logging_mixin.py:115} INFO - [2022-07-06 16:48:55,312] {dag.py:2927} INFO - Setting next_dagrun for example_trigger_controller_dag to 2021-01-01T00:00:00+00:00, run_after=2021-01-01T00:00:00+00:00
[2022-07-06 16:48:55,362] {processor.py:161} INFO - Processing /Users/joyang0419/opt/anaconda3/envs/AirFlowBasicExample/lib/python3.8/site-packages/airflow/example_dags/example_trigger_controller_dag.py took 0.977 seconds
[2022-07-06 16:50:05,390] {processor.py:153} INFO - Started process (PID=12442) to work on /Users/joyang0419/opt/anaconda3/envs/AirFlowBasicExample/lib/python3.8/site-packages/airflow/example_dags/example_trigger_controller_dag.py
[2022-07-06 16:50:05,391] {processor.py:641} INFO - Processing file /Users/joyang0419/opt/anaconda3/envs/AirFlowBasicExample/lib/python3.8/site-packages/airflow/example_dags/example_trigger_controller_dag.py for tasks to queue
[2022-07-06 16:50:05,391] {logging_mixin.py:115} INFO - [2022-07-06 16:50:05,391] {dagbag.py:507} INFO - Filling up the DagBag from /Users/joyang0419/opt/anaconda3/envs/AirFlowBasicExample/lib/python3.8/site-packages/airflow/example_dags/example_trigger_controller_dag.py
[2022-07-06 16:50:05,397] {processor.py:651} INFO - DAG(s) dict_keys(['example_trigger_controller_dag']) retrieved from /Users/joyang0419/opt/anaconda3/envs/AirFlowBasicExample/lib/python3.8/site-packages/airflow/example_dags/example_trigger_controller_dag.py
[2022-07-06 16:50:05,452] {logging_mixin.py:115} INFO - [2022-07-06 16:50:05,452] {dag.py:2379} INFO - Sync 1 DAGs
[2022-07-06 16:50:05,463] {logging_mixin.py:115} INFO - [2022-07-06 16:50:05,463] {dag.py:2927} INFO - Setting next_dagrun for example_trigger_controller_dag to 2021-01-01T00:00:00+00:00, run_after=2021-01-01T00:00:00+00:00
[2022-07-06 16:50:05,479] {processor.py:161} INFO - Processing /Users/joyang0419/opt/anaconda3/envs/AirFlowBasicExample/lib/python3.8/site-packages/airflow/example_dags/example_trigger_controller_dag.py took 0.090 seconds
[2022-07-06 16:50:20,812] {processor.py:153} INFO - Started process (PID=12511) to work on /Users/joyang0419/opt/anaconda3/envs/AirFlowBasicExample/lib/python3.8/site-packages/airflow/example_dags/example_trigger_controller_dag.py
[2022-07-06 16:50:20,812] {processor.py:641} INFO - Processing file /Users/joyang0419/opt/anaconda3/envs/AirFlowBasicExample/lib/python3.8/site-packages/airflow/example_dags/example_trigger_controller_dag.py for tasks to queue
[2022-07-06 16:50:20,813] {logging_mixin.py:115} INFO - [2022-07-06 16:50:20,813] {dagbag.py:507} INFO - Filling up the DagBag from /Users/joyang0419/opt/anaconda3/envs/AirFlowBasicExample/lib/python3.8/site-packages/airflow/example_dags/example_trigger_controller_dag.py
[2022-07-06 16:50:20,819] {processor.py:651} INFO - DAG(s) dict_keys(['example_trigger_controller_dag']) retrieved from /Users/joyang0419/opt/anaconda3/envs/AirFlowBasicExample/lib/python3.8/site-packages/airflow/example_dags/example_trigger_controller_dag.py
[2022-07-06 16:50:20,870] {logging_mixin.py:115} INFO - [2022-07-06 16:50:20,870] {dag.py:2379} INFO - Sync 1 DAGs
[2022-07-06 16:50:20,881] {logging_mixin.py:115} INFO - [2022-07-06 16:50:20,881] {dag.py:2927} INFO - Setting next_dagrun for example_trigger_controller_dag to 2021-01-01T00:00:00+00:00, run_after=2021-01-01T00:00:00+00:00
[2022-07-06 16:50:20,901] {processor.py:161} INFO - Processing /Users/joyang0419/opt/anaconda3/envs/AirFlowBasicExample/lib/python3.8/site-packages/airflow/example_dags/example_trigger_controller_dag.py took 0.090 seconds
[2022-07-06 16:50:30,805] {processor.py:153} INFO - Started process (PID=12575) to work on /Users/joyang0419/opt/anaconda3/envs/AirFlowBasicExample/lib/python3.8/site-packages/airflow/example_dags/example_trigger_controller_dag.py
[2022-07-06 16:50:30,805] {processor.py:641} INFO - Processing file /Users/joyang0419/opt/anaconda3/envs/AirFlowBasicExample/lib/python3.8/site-packages/airflow/example_dags/example_trigger_controller_dag.py for tasks to queue
[2022-07-06 16:50:30,805] {logging_mixin.py:115} INFO - [2022-07-06 16:50:30,805] {dagbag.py:507} INFO - Filling up the DagBag from /Users/joyang0419/opt/anaconda3/envs/AirFlowBasicExample/lib/python3.8/site-packages/airflow/example_dags/example_trigger_controller_dag.py
[2022-07-06 16:50:30,811] {processor.py:651} INFO - DAG(s) dict_keys(['example_trigger_controller_dag']) retrieved from /Users/joyang0419/opt/anaconda3/envs/AirFlowBasicExample/lib/python3.8/site-packages/airflow/example_dags/example_trigger_controller_dag.py
[2022-07-06 16:50:30,861] {logging_mixin.py:115} INFO - [2022-07-06 16:50:30,861] {dag.py:2379} INFO - Sync 1 DAGs
[2022-07-06 16:50:30,872] {logging_mixin.py:115} INFO - [2022-07-06 16:50:30,872] {dag.py:2927} INFO - Setting next_dagrun for example_trigger_controller_dag to 2021-01-01T00:00:00+00:00, run_after=2021-01-01T00:00:00+00:00
[2022-07-06 16:50:30,890] {processor.py:161} INFO - Processing /Users/joyang0419/opt/anaconda3/envs/AirFlowBasicExample/lib/python3.8/site-packages/airflow/example_dags/example_trigger_controller_dag.py took 0.085 seconds
[2022-07-06 16:50:42,283] {processor.py:153} INFO - Started process (PID=12642) to work on /Users/joyang0419/opt/anaconda3/envs/AirFlowBasicExample/lib/python3.8/site-packages/airflow/example_dags/example_trigger_controller_dag.py
[2022-07-06 16:50:42,283] {processor.py:641} INFO - Processing file /Users/joyang0419/opt/anaconda3/envs/AirFlowBasicExample/lib/python3.8/site-packages/airflow/example_dags/example_trigger_controller_dag.py for tasks to queue
[2022-07-06 16:50:42,283] {logging_mixin.py:115} INFO - [2022-07-06 16:50:42,283] {dagbag.py:507} INFO - Filling up the DagBag from /Users/joyang0419/opt/anaconda3/envs/AirFlowBasicExample/lib/python3.8/site-packages/airflow/example_dags/example_trigger_controller_dag.py
[2022-07-06 16:50:42,290] {processor.py:651} INFO - DAG(s) dict_keys(['example_trigger_controller_dag']) retrieved from /Users/joyang0419/opt/anaconda3/envs/AirFlowBasicExample/lib/python3.8/site-packages/airflow/example_dags/example_trigger_controller_dag.py
[2022-07-06 16:50:42,344] {logging_mixin.py:115} INFO - [2022-07-06 16:50:42,344] {dag.py:2379} INFO - Sync 1 DAGs
[2022-07-06 16:50:42,357] {logging_mixin.py:115} INFO - [2022-07-06 16:50:42,357] {dag.py:2927} INFO - Setting next_dagrun for example_trigger_controller_dag to 2021-01-01T00:00:00+00:00, run_after=2021-01-01T00:00:00+00:00
[2022-07-06 16:50:42,377] {processor.py:161} INFO - Processing /Users/joyang0419/opt/anaconda3/envs/AirFlowBasicExample/lib/python3.8/site-packages/airflow/example_dags/example_trigger_controller_dag.py took 0.095 seconds
[2022-07-06 16:52:25,247] {processor.py:153} INFO - Started process (PID=12775) to work on /Users/joyang0419/opt/anaconda3/envs/AirFlowBasicExample/lib/python3.8/site-packages/airflow/example_dags/example_trigger_controller_dag.py
[2022-07-06 16:52:25,248] {processor.py:641} INFO - Processing file /Users/joyang0419/opt/anaconda3/envs/AirFlowBasicExample/lib/python3.8/site-packages/airflow/example_dags/example_trigger_controller_dag.py for tasks to queue
[2022-07-06 16:52:25,248] {logging_mixin.py:115} INFO - [2022-07-06 16:52:25,248] {dagbag.py:507} INFO - Filling up the DagBag from /Users/joyang0419/opt/anaconda3/envs/AirFlowBasicExample/lib/python3.8/site-packages/airflow/example_dags/example_trigger_controller_dag.py
[2022-07-06 16:52:25,254] {processor.py:651} INFO - DAG(s) dict_keys(['example_trigger_controller_dag']) retrieved from /Users/joyang0419/opt/anaconda3/envs/AirFlowBasicExample/lib/python3.8/site-packages/airflow/example_dags/example_trigger_controller_dag.py
[2022-07-06 16:52:25,304] {logging_mixin.py:115} INFO - [2022-07-06 16:52:25,304] {dag.py:2379} INFO - Sync 1 DAGs
[2022-07-06 16:52:25,315] {logging_mixin.py:115} INFO - [2022-07-06 16:52:25,315] {dag.py:2927} INFO - Setting next_dagrun for example_trigger_controller_dag to 2021-01-01T00:00:00+00:00, run_after=2021-01-01T00:00:00+00:00
[2022-07-06 16:52:25,331] {processor.py:161} INFO - Processing /Users/joyang0419/opt/anaconda3/envs/AirFlowBasicExample/lib/python3.8/site-packages/airflow/example_dags/example_trigger_controller_dag.py took 0.084 seconds
[2022-07-06 16:52:36,101] {processor.py:153} INFO - Started process (PID=12843) to work on /Users/joyang0419/opt/anaconda3/envs/AirFlowBasicExample/lib/python3.8/site-packages/airflow/example_dags/example_trigger_controller_dag.py
[2022-07-06 16:52:36,102] {processor.py:641} INFO - Processing file /Users/joyang0419/opt/anaconda3/envs/AirFlowBasicExample/lib/python3.8/site-packages/airflow/example_dags/example_trigger_controller_dag.py for tasks to queue
[2022-07-06 16:52:36,102] {logging_mixin.py:115} INFO - [2022-07-06 16:52:36,102] {dagbag.py:507} INFO - Filling up the DagBag from /Users/joyang0419/opt/anaconda3/envs/AirFlowBasicExample/lib/python3.8/site-packages/airflow/example_dags/example_trigger_controller_dag.py
[2022-07-06 16:52:36,109] {processor.py:651} INFO - DAG(s) dict_keys(['example_trigger_controller_dag']) retrieved from /Users/joyang0419/opt/anaconda3/envs/AirFlowBasicExample/lib/python3.8/site-packages/airflow/example_dags/example_trigger_controller_dag.py
[2022-07-06 16:52:36,172] {logging_mixin.py:115} INFO - [2022-07-06 16:52:36,172] {dag.py:2379} INFO - Sync 1 DAGs
[2022-07-06 16:52:36,185] {logging_mixin.py:115} INFO - [2022-07-06 16:52:36,185] {dag.py:2927} INFO - Setting next_dagrun for example_trigger_controller_dag to 2021-01-01T00:00:00+00:00, run_after=2021-01-01T00:00:00+00:00
[2022-07-06 16:52:36,202] {processor.py:161} INFO - Processing /Users/joyang0419/opt/anaconda3/envs/AirFlowBasicExample/lib/python3.8/site-packages/airflow/example_dags/example_trigger_controller_dag.py took 0.101 seconds
[2022-07-06 16:52:46,601] {processor.py:153} INFO - Started process (PID=12910) to work on /Users/joyang0419/opt/anaconda3/envs/AirFlowBasicExample/lib/python3.8/site-packages/airflow/example_dags/example_trigger_controller_dag.py
[2022-07-06 16:52:46,602] {processor.py:641} INFO - Processing file /Users/joyang0419/opt/anaconda3/envs/AirFlowBasicExample/lib/python3.8/site-packages/airflow/example_dags/example_trigger_controller_dag.py for tasks to queue
[2022-07-06 16:52:46,602] {logging_mixin.py:115} INFO - [2022-07-06 16:52:46,602] {dagbag.py:507} INFO - Filling up the DagBag from /Users/joyang0419/opt/anaconda3/envs/AirFlowBasicExample/lib/python3.8/site-packages/airflow/example_dags/example_trigger_controller_dag.py
[2022-07-06 16:52:46,608] {processor.py:651} INFO - DAG(s) dict_keys(['example_trigger_controller_dag']) retrieved from /Users/joyang0419/opt/anaconda3/envs/AirFlowBasicExample/lib/python3.8/site-packages/airflow/example_dags/example_trigger_controller_dag.py
[2022-07-06 16:52:46,670] {logging_mixin.py:115} INFO - [2022-07-06 16:52:46,670] {dag.py:2379} INFO - Sync 1 DAGs
[2022-07-06 16:52:46,684] {logging_mixin.py:115} INFO - [2022-07-06 16:52:46,684] {dag.py:2927} INFO - Setting next_dagrun for example_trigger_controller_dag to 2021-01-01T00:00:00+00:00, run_after=2021-01-01T00:00:00+00:00
[2022-07-06 16:52:46,709] {processor.py:161} INFO - Processing /Users/joyang0419/opt/anaconda3/envs/AirFlowBasicExample/lib/python3.8/site-packages/airflow/example_dags/example_trigger_controller_dag.py took 0.108 seconds
[2022-07-06 16:52:59,019] {processor.py:153} INFO - Started process (PID=12982) to work on /Users/joyang0419/opt/anaconda3/envs/AirFlowBasicExample/lib/python3.8/site-packages/airflow/example_dags/example_trigger_controller_dag.py
[2022-07-06 16:52:59,020] {processor.py:641} INFO - Processing file /Users/joyang0419/opt/anaconda3/envs/AirFlowBasicExample/lib/python3.8/site-packages/airflow/example_dags/example_trigger_controller_dag.py for tasks to queue
[2022-07-06 16:52:59,020] {logging_mixin.py:115} INFO - [2022-07-06 16:52:59,020] {dagbag.py:507} INFO - Filling up the DagBag from /Users/joyang0419/opt/anaconda3/envs/AirFlowBasicExample/lib/python3.8/site-packages/airflow/example_dags/example_trigger_controller_dag.py
[2022-07-06 16:52:59,027] {processor.py:651} INFO - DAG(s) dict_keys(['example_trigger_controller_dag']) retrieved from /Users/joyang0419/opt/anaconda3/envs/AirFlowBasicExample/lib/python3.8/site-packages/airflow/example_dags/example_trigger_controller_dag.py
[2022-07-06 16:52:59,086] {logging_mixin.py:115} INFO - [2022-07-06 16:52:59,085] {dag.py:2379} INFO - Sync 1 DAGs
[2022-07-06 16:52:59,106] {logging_mixin.py:115} INFO - [2022-07-06 16:52:59,105] {dag.py:2927} INFO - Setting next_dagrun for example_trigger_controller_dag to 2021-01-01T00:00:00+00:00, run_after=2021-01-01T00:00:00+00:00
[2022-07-06 16:52:59,139] {processor.py:161} INFO - Processing /Users/joyang0419/opt/anaconda3/envs/AirFlowBasicExample/lib/python3.8/site-packages/airflow/example_dags/example_trigger_controller_dag.py took 0.120 seconds
[2022-07-06 16:53:09,796] {processor.py:153} INFO - Started process (PID=13047) to work on /Users/joyang0419/opt/anaconda3/envs/AirFlowBasicExample/lib/python3.8/site-packages/airflow/example_dags/example_trigger_controller_dag.py
[2022-07-06 16:53:09,796] {processor.py:641} INFO - Processing file /Users/joyang0419/opt/anaconda3/envs/AirFlowBasicExample/lib/python3.8/site-packages/airflow/example_dags/example_trigger_controller_dag.py for tasks to queue
[2022-07-06 16:53:09,796] {logging_mixin.py:115} INFO - [2022-07-06 16:53:09,796] {dagbag.py:507} INFO - Filling up the DagBag from /Users/joyang0419/opt/anaconda3/envs/AirFlowBasicExample/lib/python3.8/site-packages/airflow/example_dags/example_trigger_controller_dag.py
[2022-07-06 16:53:09,803] {processor.py:651} INFO - DAG(s) dict_keys(['example_trigger_controller_dag']) retrieved from /Users/joyang0419/opt/anaconda3/envs/AirFlowBasicExample/lib/python3.8/site-packages/airflow/example_dags/example_trigger_controller_dag.py
[2022-07-06 16:53:09,863] {logging_mixin.py:115} INFO - [2022-07-06 16:53:09,863] {dag.py:2379} INFO - Sync 1 DAGs
[2022-07-06 16:53:09,878] {logging_mixin.py:115} INFO - [2022-07-06 16:53:09,878] {dag.py:2927} INFO - Setting next_dagrun for example_trigger_controller_dag to 2021-01-01T00:00:00+00:00, run_after=2021-01-01T00:00:00+00:00
[2022-07-06 16:53:09,900] {processor.py:161} INFO - Processing /Users/joyang0419/opt/anaconda3/envs/AirFlowBasicExample/lib/python3.8/site-packages/airflow/example_dags/example_trigger_controller_dag.py took 0.105 seconds
[2022-07-06 16:53:21,296] {processor.py:153} INFO - Started process (PID=13115) to work on /Users/joyang0419/opt/anaconda3/envs/AirFlowBasicExample/lib/python3.8/site-packages/airflow/example_dags/example_trigger_controller_dag.py
[2022-07-06 16:53:21,296] {processor.py:641} INFO - Processing file /Users/joyang0419/opt/anaconda3/envs/AirFlowBasicExample/lib/python3.8/site-packages/airflow/example_dags/example_trigger_controller_dag.py for tasks to queue
[2022-07-06 16:53:21,296] {logging_mixin.py:115} INFO - [2022-07-06 16:53:21,296] {dagbag.py:507} INFO - Filling up the DagBag from /Users/joyang0419/opt/anaconda3/envs/AirFlowBasicExample/lib/python3.8/site-packages/airflow/example_dags/example_trigger_controller_dag.py
[2022-07-06 16:53:21,303] {processor.py:651} INFO - DAG(s) dict_keys(['example_trigger_controller_dag']) retrieved from /Users/joyang0419/opt/anaconda3/envs/AirFlowBasicExample/lib/python3.8/site-packages/airflow/example_dags/example_trigger_controller_dag.py
[2022-07-06 16:53:21,358] {logging_mixin.py:115} INFO - [2022-07-06 16:53:21,357] {dag.py:2379} INFO - Sync 1 DAGs
[2022-07-06 16:53:21,371] {logging_mixin.py:115} INFO - [2022-07-06 16:53:21,371] {dag.py:2927} INFO - Setting next_dagrun for example_trigger_controller_dag to 2021-01-01T00:00:00+00:00, run_after=2021-01-01T00:00:00+00:00
[2022-07-06 16:53:21,388] {processor.py:161} INFO - Processing /Users/joyang0419/opt/anaconda3/envs/AirFlowBasicExample/lib/python3.8/site-packages/airflow/example_dags/example_trigger_controller_dag.py took 0.093 seconds
[2022-07-06 16:53:32,298] {processor.py:153} INFO - Started process (PID=13181) to work on /Users/joyang0419/opt/anaconda3/envs/AirFlowBasicExample/lib/python3.8/site-packages/airflow/example_dags/example_trigger_controller_dag.py
[2022-07-06 16:53:32,298] {processor.py:641} INFO - Processing file /Users/joyang0419/opt/anaconda3/envs/AirFlowBasicExample/lib/python3.8/site-packages/airflow/example_dags/example_trigger_controller_dag.py for tasks to queue
[2022-07-06 16:53:32,299] {logging_mixin.py:115} INFO - [2022-07-06 16:53:32,299] {dagbag.py:507} INFO - Filling up the DagBag from /Users/joyang0419/opt/anaconda3/envs/AirFlowBasicExample/lib/python3.8/site-packages/airflow/example_dags/example_trigger_controller_dag.py
[2022-07-06 16:53:32,306] {processor.py:651} INFO - DAG(s) dict_keys(['example_trigger_controller_dag']) retrieved from /Users/joyang0419/opt/anaconda3/envs/AirFlowBasicExample/lib/python3.8/site-packages/airflow/example_dags/example_trigger_controller_dag.py
[2022-07-06 16:53:32,360] {logging_mixin.py:115} INFO - [2022-07-06 16:53:32,360] {dag.py:2379} INFO - Sync 1 DAGs
[2022-07-06 16:53:32,375] {logging_mixin.py:115} INFO - [2022-07-06 16:53:32,375] {dag.py:2927} INFO - Setting next_dagrun for example_trigger_controller_dag to 2021-01-01T00:00:00+00:00, run_after=2021-01-01T00:00:00+00:00
[2022-07-06 16:53:32,391] {processor.py:161} INFO - Processing /Users/joyang0419/opt/anaconda3/envs/AirFlowBasicExample/lib/python3.8/site-packages/airflow/example_dags/example_trigger_controller_dag.py took 0.094 seconds
[2022-07-06 16:53:44,031] {processor.py:153} INFO - Started process (PID=13251) to work on /Users/joyang0419/opt/anaconda3/envs/AirFlowBasicExample/lib/python3.8/site-packages/airflow/example_dags/example_trigger_controller_dag.py
[2022-07-06 16:53:44,032] {processor.py:641} INFO - Processing file /Users/joyang0419/opt/anaconda3/envs/AirFlowBasicExample/lib/python3.8/site-packages/airflow/example_dags/example_trigger_controller_dag.py for tasks to queue
[2022-07-06 16:53:44,033] {logging_mixin.py:115} INFO - [2022-07-06 16:53:44,033] {dagbag.py:507} INFO - Filling up the DagBag from /Users/joyang0419/opt/anaconda3/envs/AirFlowBasicExample/lib/python3.8/site-packages/airflow/example_dags/example_trigger_controller_dag.py
[2022-07-06 16:53:44,039] {processor.py:651} INFO - DAG(s) dict_keys(['example_trigger_controller_dag']) retrieved from /Users/joyang0419/opt/anaconda3/envs/AirFlowBasicExample/lib/python3.8/site-packages/airflow/example_dags/example_trigger_controller_dag.py
[2022-07-06 16:53:44,086] {logging_mixin.py:115} INFO - [2022-07-06 16:53:44,086] {dag.py:2379} INFO - Sync 1 DAGs
[2022-07-06 16:53:44,098] {logging_mixin.py:115} INFO - [2022-07-06 16:53:44,098] {dag.py:2927} INFO - Setting next_dagrun for example_trigger_controller_dag to 2021-01-01T00:00:00+00:00, run_after=2021-01-01T00:00:00+00:00
[2022-07-06 16:53:44,115] {processor.py:161} INFO - Processing /Users/joyang0419/opt/anaconda3/envs/AirFlowBasicExample/lib/python3.8/site-packages/airflow/example_dags/example_trigger_controller_dag.py took 0.084 seconds
[2022-07-06 16:53:54,486] {processor.py:153} INFO - Started process (PID=13322) to work on /Users/joyang0419/opt/anaconda3/envs/AirFlowBasicExample/lib/python3.8/site-packages/airflow/example_dags/example_trigger_controller_dag.py
[2022-07-06 16:53:54,487] {processor.py:641} INFO - Processing file /Users/joyang0419/opt/anaconda3/envs/AirFlowBasicExample/lib/python3.8/site-packages/airflow/example_dags/example_trigger_controller_dag.py for tasks to queue
[2022-07-06 16:53:54,487] {logging_mixin.py:115} INFO - [2022-07-06 16:53:54,487] {dagbag.py:507} INFO - Filling up the DagBag from /Users/joyang0419/opt/anaconda3/envs/AirFlowBasicExample/lib/python3.8/site-packages/airflow/example_dags/example_trigger_controller_dag.py
[2022-07-06 16:53:54,494] {processor.py:651} INFO - DAG(s) dict_keys(['example_trigger_controller_dag']) retrieved from /Users/joyang0419/opt/anaconda3/envs/AirFlowBasicExample/lib/python3.8/site-packages/airflow/example_dags/example_trigger_controller_dag.py
[2022-07-06 16:53:54,565] {logging_mixin.py:115} INFO - [2022-07-06 16:53:54,565] {dag.py:2379} INFO - Sync 1 DAGs
[2022-07-06 16:53:54,582] {logging_mixin.py:115} INFO - [2022-07-06 16:53:54,582] {dag.py:2927} INFO - Setting next_dagrun for example_trigger_controller_dag to 2021-01-01T00:00:00+00:00, run_after=2021-01-01T00:00:00+00:00
[2022-07-06 16:53:54,613] {processor.py:161} INFO - Processing /Users/joyang0419/opt/anaconda3/envs/AirFlowBasicExample/lib/python3.8/site-packages/airflow/example_dags/example_trigger_controller_dag.py took 0.127 seconds
[2022-07-06 16:54:06,463] {processor.py:153} INFO - Started process (PID=13403) to work on /Users/joyang0419/opt/anaconda3/envs/AirFlowBasicExample/lib/python3.8/site-packages/airflow/example_dags/example_trigger_controller_dag.py
[2022-07-06 16:54:06,463] {processor.py:641} INFO - Processing file /Users/joyang0419/opt/anaconda3/envs/AirFlowBasicExample/lib/python3.8/site-packages/airflow/example_dags/example_trigger_controller_dag.py for tasks to queue
[2022-07-06 16:54:06,463] {logging_mixin.py:115} INFO - [2022-07-06 16:54:06,463] {dagbag.py:507} INFO - Filling up the DagBag from /Users/joyang0419/opt/anaconda3/envs/AirFlowBasicExample/lib/python3.8/site-packages/airflow/example_dags/example_trigger_controller_dag.py
[2022-07-06 16:54:06,470] {processor.py:651} INFO - DAG(s) dict_keys(['example_trigger_controller_dag']) retrieved from /Users/joyang0419/opt/anaconda3/envs/AirFlowBasicExample/lib/python3.8/site-packages/airflow/example_dags/example_trigger_controller_dag.py
[2022-07-06 16:54:06,522] {logging_mixin.py:115} INFO - [2022-07-06 16:54:06,522] {dag.py:2379} INFO - Sync 1 DAGs
[2022-07-06 16:54:06,534] {logging_mixin.py:115} INFO - [2022-07-06 16:54:06,534] {dag.py:2927} INFO - Setting next_dagrun for example_trigger_controller_dag to 2021-01-01T00:00:00+00:00, run_after=2021-01-01T00:00:00+00:00
[2022-07-06 16:54:06,552] {processor.py:161} INFO - Processing /Users/joyang0419/opt/anaconda3/envs/AirFlowBasicExample/lib/python3.8/site-packages/airflow/example_dags/example_trigger_controller_dag.py took 0.090 seconds
