[2022-07-06 16:50:17,197] {processor.py:153} INFO - Started process (PID=12491) to work on /Users/joyang0419/opt/anaconda3/envs/AirFlowBasicExample/lib/python3.8/site-packages/airflow/example_dags/example_bash_operator.py
[2022-07-06 16:50:17,197] {processor.py:641} INFO - Processing file /Users/joyang0419/opt/anaconda3/envs/AirFlowBasicExample/lib/python3.8/site-packages/airflow/example_dags/example_bash_operator.py for tasks to queue
[2022-07-06 16:50:17,197] {logging_mixin.py:115} INFO - [2022-07-06 16:50:17,197] {dagbag.py:507} INFO - Filling up the DagBag from /Users/joyang0419/opt/anaconda3/envs/AirFlowBasicExample/lib/python3.8/site-packages/airflow/example_dags/example_bash_operator.py
[2022-07-06 16:50:17,206] {processor.py:651} INFO - DAG(s) dict_keys(['example_bash_operator']) retrieved from /Users/joyang0419/opt/anaconda3/envs/AirFlowBasicExample/lib/python3.8/site-packages/airflow/example_dags/example_bash_operator.py
[2022-07-06 16:50:17,748] {logging_mixin.py:115} INFO - [2022-07-06 16:50:17,747] {manager.py:508} INFO - Created Permission View: can delete on DAG:example_bash_operator
[2022-07-06 16:50:17,761] {logging_mixin.py:115} INFO - [2022-07-06 16:50:17,761] {manager.py:508} INFO - Created Permission View: can edit on DAG:example_bash_operator
[2022-07-06 16:50:17,774] {logging_mixin.py:115} INFO - [2022-07-06 16:50:17,774] {manager.py:508} INFO - Created Permission View: can read on DAG:example_bash_operator
[2022-07-06 16:50:17,774] {logging_mixin.py:115} INFO - [2022-07-06 16:50:17,774] {dag.py:2379} INFO - Sync 1 DAGs
[2022-07-06 16:50:17,780] {logging_mixin.py:115} INFO - [2022-07-06 16:50:17,780] {dag.py:2398} INFO - Creating ORM DAG for example_bash_operator
[2022-07-06 16:50:17,788] {logging_mixin.py:115} INFO - [2022-07-06 16:50:17,788] {dag.py:2927} INFO - Setting next_dagrun for example_bash_operator to 2022-07-05T00:00:00+00:00, run_after=2022-07-06T00:00:00+00:00
[2022-07-06 16:50:17,808] {processor.py:161} INFO - Processing /Users/joyang0419/opt/anaconda3/envs/AirFlowBasicExample/lib/python3.8/site-packages/airflow/example_dags/example_bash_operator.py took 0.612 seconds
[2022-07-06 16:50:38,199] {processor.py:153} INFO - Started process (PID=12621) to work on /Users/joyang0419/opt/anaconda3/envs/AirFlowBasicExample/lib/python3.8/site-packages/airflow/example_dags/example_bash_operator.py
[2022-07-06 16:50:38,199] {processor.py:641} INFO - Processing file /Users/joyang0419/opt/anaconda3/envs/AirFlowBasicExample/lib/python3.8/site-packages/airflow/example_dags/example_bash_operator.py for tasks to queue
[2022-07-06 16:50:38,199] {logging_mixin.py:115} INFO - [2022-07-06 16:50:38,199] {dagbag.py:507} INFO - Filling up the DagBag from /Users/joyang0419/opt/anaconda3/envs/AirFlowBasicExample/lib/python3.8/site-packages/airflow/example_dags/example_bash_operator.py
[2022-07-06 16:50:38,208] {processor.py:651} INFO - DAG(s) dict_keys(['example_bash_operator']) retrieved from /Users/joyang0419/opt/anaconda3/envs/AirFlowBasicExample/lib/python3.8/site-packages/airflow/example_dags/example_bash_operator.py
[2022-07-06 16:50:38,249] {logging_mixin.py:115} INFO - [2022-07-06 16:50:38,248] {dag.py:2379} INFO - Sync 1 DAGs
[2022-07-06 16:50:38,281] {logging_mixin.py:115} INFO - [2022-07-06 16:50:38,281] {dag.py:2927} INFO - Setting next_dagrun for example_bash_operator to 2022-07-05T00:00:00+00:00, run_after=2022-07-06T00:00:00+00:00
[2022-07-06 16:50:38,298] {processor.py:161} INFO - Processing /Users/joyang0419/opt/anaconda3/envs/AirFlowBasicExample/lib/python3.8/site-packages/airflow/example_dags/example_bash_operator.py took 0.099 seconds
[2022-07-06 16:52:33,119] {processor.py:153} INFO - Started process (PID=12823) to work on /Users/joyang0419/opt/anaconda3/envs/AirFlowBasicExample/lib/python3.8/site-packages/airflow/example_dags/example_bash_operator.py
[2022-07-06 16:52:33,119] {processor.py:641} INFO - Processing file /Users/joyang0419/opt/anaconda3/envs/AirFlowBasicExample/lib/python3.8/site-packages/airflow/example_dags/example_bash_operator.py for tasks to queue
[2022-07-06 16:52:33,120] {logging_mixin.py:115} INFO - [2022-07-06 16:52:33,120] {dagbag.py:507} INFO - Filling up the DagBag from /Users/joyang0419/opt/anaconda3/envs/AirFlowBasicExample/lib/python3.8/site-packages/airflow/example_dags/example_bash_operator.py
[2022-07-06 16:52:33,129] {processor.py:651} INFO - DAG(s) dict_keys(['example_bash_operator']) retrieved from /Users/joyang0419/opt/anaconda3/envs/AirFlowBasicExample/lib/python3.8/site-packages/airflow/example_dags/example_bash_operator.py
[2022-07-06 16:52:33,186] {logging_mixin.py:115} INFO - [2022-07-06 16:52:33,186] {dag.py:2379} INFO - Sync 1 DAGs
[2022-07-06 16:52:33,200] {logging_mixin.py:115} INFO - [2022-07-06 16:52:33,199] {dag.py:2927} INFO - Setting next_dagrun for example_bash_operator to 2022-07-05T00:00:00+00:00, run_after=2022-07-06T00:00:00+00:00
[2022-07-06 16:52:33,215] {processor.py:161} INFO - Processing /Users/joyang0419/opt/anaconda3/envs/AirFlowBasicExample/lib/python3.8/site-packages/airflow/example_dags/example_bash_operator.py took 0.097 seconds
[2022-07-06 16:52:54,728] {processor.py:153} INFO - Started process (PID=12960) to work on /Users/joyang0419/opt/anaconda3/envs/AirFlowBasicExample/lib/python3.8/site-packages/airflow/example_dags/example_bash_operator.py
[2022-07-06 16:52:54,729] {processor.py:641} INFO - Processing file /Users/joyang0419/opt/anaconda3/envs/AirFlowBasicExample/lib/python3.8/site-packages/airflow/example_dags/example_bash_operator.py for tasks to queue
[2022-07-06 16:52:54,729] {logging_mixin.py:115} INFO - [2022-07-06 16:52:54,729] {dagbag.py:507} INFO - Filling up the DagBag from /Users/joyang0419/opt/anaconda3/envs/AirFlowBasicExample/lib/python3.8/site-packages/airflow/example_dags/example_bash_operator.py
[2022-07-06 16:52:54,740] {processor.py:651} INFO - DAG(s) dict_keys(['example_bash_operator']) retrieved from /Users/joyang0419/opt/anaconda3/envs/AirFlowBasicExample/lib/python3.8/site-packages/airflow/example_dags/example_bash_operator.py
[2022-07-06 16:52:54,801] {logging_mixin.py:115} INFO - [2022-07-06 16:52:54,801] {dag.py:2379} INFO - Sync 1 DAGs
[2022-07-06 16:52:54,815] {logging_mixin.py:115} INFO - [2022-07-06 16:52:54,815] {dag.py:2927} INFO - Setting next_dagrun for example_bash_operator to 2022-07-05T00:00:00+00:00, run_after=2022-07-06T00:00:00+00:00
[2022-07-06 16:52:54,839] {processor.py:161} INFO - Processing /Users/joyang0419/opt/anaconda3/envs/AirFlowBasicExample/lib/python3.8/site-packages/airflow/example_dags/example_bash_operator.py took 0.111 seconds
[2022-07-06 16:53:18,190] {processor.py:153} INFO - Started process (PID=13094) to work on /Users/joyang0419/opt/anaconda3/envs/AirFlowBasicExample/lib/python3.8/site-packages/airflow/example_dags/example_bash_operator.py
[2022-07-06 16:53:18,191] {processor.py:641} INFO - Processing file /Users/joyang0419/opt/anaconda3/envs/AirFlowBasicExample/lib/python3.8/site-packages/airflow/example_dags/example_bash_operator.py for tasks to queue
[2022-07-06 16:53:18,191] {logging_mixin.py:115} INFO - [2022-07-06 16:53:18,191] {dagbag.py:507} INFO - Filling up the DagBag from /Users/joyang0419/opt/anaconda3/envs/AirFlowBasicExample/lib/python3.8/site-packages/airflow/example_dags/example_bash_operator.py
[2022-07-06 16:53:18,200] {processor.py:651} INFO - DAG(s) dict_keys(['example_bash_operator']) retrieved from /Users/joyang0419/opt/anaconda3/envs/AirFlowBasicExample/lib/python3.8/site-packages/airflow/example_dags/example_bash_operator.py
[2022-07-06 16:53:18,264] {logging_mixin.py:115} INFO - [2022-07-06 16:53:18,264] {dag.py:2379} INFO - Sync 1 DAGs
[2022-07-06 16:53:18,280] {logging_mixin.py:115} INFO - [2022-07-06 16:53:18,280] {dag.py:2927} INFO - Setting next_dagrun for example_bash_operator to 2022-07-05T00:00:00+00:00, run_after=2022-07-06T00:00:00+00:00
[2022-07-06 16:53:18,303] {processor.py:161} INFO - Processing /Users/joyang0419/opt/anaconda3/envs/AirFlowBasicExample/lib/python3.8/site-packages/airflow/example_dags/example_bash_operator.py took 0.114 seconds
[2022-07-06 16:53:40,733] {processor.py:153} INFO - Started process (PID=13227) to work on /Users/joyang0419/opt/anaconda3/envs/AirFlowBasicExample/lib/python3.8/site-packages/airflow/example_dags/example_bash_operator.py
[2022-07-06 16:53:40,734] {processor.py:641} INFO - Processing file /Users/joyang0419/opt/anaconda3/envs/AirFlowBasicExample/lib/python3.8/site-packages/airflow/example_dags/example_bash_operator.py for tasks to queue
[2022-07-06 16:53:40,734] {logging_mixin.py:115} INFO - [2022-07-06 16:53:40,734] {dagbag.py:507} INFO - Filling up the DagBag from /Users/joyang0419/opt/anaconda3/envs/AirFlowBasicExample/lib/python3.8/site-packages/airflow/example_dags/example_bash_operator.py
[2022-07-06 16:53:40,743] {processor.py:651} INFO - DAG(s) dict_keys(['example_bash_operator']) retrieved from /Users/joyang0419/opt/anaconda3/envs/AirFlowBasicExample/lib/python3.8/site-packages/airflow/example_dags/example_bash_operator.py
[2022-07-06 16:53:41,153] {logging_mixin.py:115} INFO - [2022-07-06 16:53:41,153] {dag.py:2379} INFO - Sync 1 DAGs
[2022-07-06 16:53:41,160] {logging_mixin.py:115} INFO - [2022-07-06 16:53:41,160] {dag.py:2398} INFO - Creating ORM DAG for example_bash_operator
[2022-07-06 16:53:41,169] {logging_mixin.py:115} INFO - [2022-07-06 16:53:41,169] {dag.py:2927} INFO - Setting next_dagrun for example_bash_operator to 2022-07-05T00:00:00+00:00, run_after=2022-07-06T00:00:00+00:00
[2022-07-06 16:53:41,224] {processor.py:161} INFO - Processing /Users/joyang0419/opt/anaconda3/envs/AirFlowBasicExample/lib/python3.8/site-packages/airflow/example_dags/example_bash_operator.py took 0.492 seconds
[2022-07-06 16:54:01,963] {processor.py:153} INFO - Started process (PID=13377) to work on /Users/joyang0419/opt/anaconda3/envs/AirFlowBasicExample/lib/python3.8/site-packages/airflow/example_dags/example_bash_operator.py
[2022-07-06 16:54:01,963] {processor.py:641} INFO - Processing file /Users/joyang0419/opt/anaconda3/envs/AirFlowBasicExample/lib/python3.8/site-packages/airflow/example_dags/example_bash_operator.py for tasks to queue
[2022-07-06 16:54:01,963] {logging_mixin.py:115} INFO - [2022-07-06 16:54:01,963] {dagbag.py:507} INFO - Filling up the DagBag from /Users/joyang0419/opt/anaconda3/envs/AirFlowBasicExample/lib/python3.8/site-packages/airflow/example_dags/example_bash_operator.py
[2022-07-06 16:54:01,973] {processor.py:651} INFO - DAG(s) dict_keys(['example_bash_operator']) retrieved from /Users/joyang0419/opt/anaconda3/envs/AirFlowBasicExample/lib/python3.8/site-packages/airflow/example_dags/example_bash_operator.py
[2022-07-06 16:54:02,010] {logging_mixin.py:115} INFO - [2022-07-06 16:54:02,009] {dag.py:2379} INFO - Sync 1 DAGs
[2022-07-06 16:54:02,042] {logging_mixin.py:115} INFO - [2022-07-06 16:54:02,042] {dag.py:2927} INFO - Setting next_dagrun for example_bash_operator to 2022-07-05T00:00:00+00:00, run_after=2022-07-06T00:00:00+00:00
[2022-07-06 16:54:02,067] {processor.py:161} INFO - Processing /Users/joyang0419/opt/anaconda3/envs/AirFlowBasicExample/lib/python3.8/site-packages/airflow/example_dags/example_bash_operator.py took 0.104 seconds
