[2022-07-06 16:49:01,196] {processor.py:153} INFO - Started process (PID=12175) to work on /Users/joyang0419/opt/anaconda3/envs/AirFlowBasicExample/lib/python3.8/site-packages/airflow/example_dags/example_short_circuit_operator.py
[2022-07-06 16:49:01,196] {processor.py:641} INFO - Processing file /Users/joyang0419/opt/anaconda3/envs/AirFlowBasicExample/lib/python3.8/site-packages/airflow/example_dags/example_short_circuit_operator.py for tasks to queue
[2022-07-06 16:49:01,196] {logging_mixin.py:115} INFO - [2022-07-06 16:49:01,196] {dagbag.py:507} INFO - Filling up the DagBag from /Users/joyang0419/opt/anaconda3/envs/AirFlowBasicExample/lib/python3.8/site-packages/airflow/example_dags/example_short_circuit_operator.py
[2022-07-06 16:49:01,221] {processor.py:651} INFO - DAG(s) dict_keys(['example_short_circuit_operator']) retrieved from /Users/joyang0419/opt/anaconda3/envs/AirFlowBasicExample/lib/python3.8/site-packages/airflow/example_dags/example_short_circuit_operator.py
[2022-07-06 16:50:07,668] {processor.py:153} INFO - Started process (PID=12456) to work on /Users/joyang0419/opt/anaconda3/envs/AirFlowBasicExample/lib/python3.8/site-packages/airflow/example_dags/example_short_circuit_operator.py
[2022-07-06 16:50:07,669] {processor.py:641} INFO - Processing file /Users/joyang0419/opt/anaconda3/envs/AirFlowBasicExample/lib/python3.8/site-packages/airflow/example_dags/example_short_circuit_operator.py for tasks to queue
[2022-07-06 16:50:07,669] {logging_mixin.py:115} INFO - [2022-07-06 16:50:07,669] {dagbag.py:507} INFO - Filling up the DagBag from /Users/joyang0419/opt/anaconda3/envs/AirFlowBasicExample/lib/python3.8/site-packages/airflow/example_dags/example_short_circuit_operator.py
[2022-07-06 16:50:07,685] {processor.py:651} INFO - DAG(s) dict_keys(['example_short_circuit_operator']) retrieved from /Users/joyang0419/opt/anaconda3/envs/AirFlowBasicExample/lib/python3.8/site-packages/airflow/example_dags/example_short_circuit_operator.py
[2022-07-06 16:50:08,236] {logging_mixin.py:115} INFO - [2022-07-06 16:50:08,235] {manager.py:508} INFO - Created Permission View: can delete on DAG:example_short_circuit_operator
[2022-07-06 16:50:08,249] {logging_mixin.py:115} INFO - [2022-07-06 16:50:08,249] {manager.py:508} INFO - Created Permission View: can edit on DAG:example_short_circuit_operator
[2022-07-06 16:50:08,261] {logging_mixin.py:115} INFO - [2022-07-06 16:50:08,260] {manager.py:508} INFO - Created Permission View: can read on DAG:example_short_circuit_operator
[2022-07-06 16:50:08,261] {logging_mixin.py:115} INFO - [2022-07-06 16:50:08,261] {dag.py:2379} INFO - Sync 1 DAGs
[2022-07-06 16:50:08,267] {logging_mixin.py:115} INFO - [2022-07-06 16:50:08,267] {dag.py:2398} INFO - Creating ORM DAG for example_short_circuit_operator
[2022-07-06 16:50:08,273] {logging_mixin.py:115} INFO - [2022-07-06 16:50:08,273] {dag.py:2927} INFO - Setting next_dagrun for example_short_circuit_operator to 2022-07-05T08:50:08.273600+00:00, run_after=2022-07-06T08:50:08.273600+00:00
[2022-07-06 16:50:08,290] {processor.py:161} INFO - Processing /Users/joyang0419/opt/anaconda3/envs/AirFlowBasicExample/lib/python3.8/site-packages/airflow/example_dags/example_short_circuit_operator.py took 0.622 seconds
[2022-07-06 16:50:23,092] {processor.py:153} INFO - Started process (PID=12525) to work on /Users/joyang0419/opt/anaconda3/envs/AirFlowBasicExample/lib/python3.8/site-packages/airflow/example_dags/example_short_circuit_operator.py
[2022-07-06 16:50:23,092] {processor.py:641} INFO - Processing file /Users/joyang0419/opt/anaconda3/envs/AirFlowBasicExample/lib/python3.8/site-packages/airflow/example_dags/example_short_circuit_operator.py for tasks to queue
[2022-07-06 16:50:23,092] {logging_mixin.py:115} INFO - [2022-07-06 16:50:23,092] {dagbag.py:507} INFO - Filling up the DagBag from /Users/joyang0419/opt/anaconda3/envs/AirFlowBasicExample/lib/python3.8/site-packages/airflow/example_dags/example_short_circuit_operator.py
[2022-07-06 16:50:23,107] {processor.py:651} INFO - DAG(s) dict_keys(['example_short_circuit_operator']) retrieved from /Users/joyang0419/opt/anaconda3/envs/AirFlowBasicExample/lib/python3.8/site-packages/airflow/example_dags/example_short_circuit_operator.py
[2022-07-06 16:50:23,151] {logging_mixin.py:115} INFO - [2022-07-06 16:50:23,151] {dag.py:2379} INFO - Sync 1 DAGs
[2022-07-06 16:50:23,181] {logging_mixin.py:115} INFO - [2022-07-06 16:50:23,181] {dag.py:2927} INFO - Setting next_dagrun for example_short_circuit_operator to 2022-07-05T08:50:23.181736+00:00, run_after=2022-07-06T08:50:23.181736+00:00
[2022-07-06 16:50:23,198] {processor.py:161} INFO - Processing /Users/joyang0419/opt/anaconda3/envs/AirFlowBasicExample/lib/python3.8/site-packages/airflow/example_dags/example_short_circuit_operator.py took 0.106 seconds
[2022-07-06 16:50:32,841] {processor.py:153} INFO - Started process (PID=12589) to work on /Users/joyang0419/opt/anaconda3/envs/AirFlowBasicExample/lib/python3.8/site-packages/airflow/example_dags/example_short_circuit_operator.py
[2022-07-06 16:50:32,841] {processor.py:641} INFO - Processing file /Users/joyang0419/opt/anaconda3/envs/AirFlowBasicExample/lib/python3.8/site-packages/airflow/example_dags/example_short_circuit_operator.py for tasks to queue
[2022-07-06 16:50:32,841] {logging_mixin.py:115} INFO - [2022-07-06 16:50:32,841] {dagbag.py:507} INFO - Filling up the DagBag from /Users/joyang0419/opt/anaconda3/envs/AirFlowBasicExample/lib/python3.8/site-packages/airflow/example_dags/example_short_circuit_operator.py
[2022-07-06 16:50:32,857] {processor.py:651} INFO - DAG(s) dict_keys(['example_short_circuit_operator']) retrieved from /Users/joyang0419/opt/anaconda3/envs/AirFlowBasicExample/lib/python3.8/site-packages/airflow/example_dags/example_short_circuit_operator.py
[2022-07-06 16:50:32,885] {logging_mixin.py:115} INFO - [2022-07-06 16:50:32,885] {dag.py:2379} INFO - Sync 1 DAGs
[2022-07-06 16:50:32,914] {logging_mixin.py:115} INFO - [2022-07-06 16:50:32,914] {dag.py:2927} INFO - Setting next_dagrun for example_short_circuit_operator to 2022-07-05T08:50:32.914575+00:00, run_after=2022-07-06T08:50:32.914575+00:00
[2022-07-06 16:50:32,932] {processor.py:161} INFO - Processing /Users/joyang0419/opt/anaconda3/envs/AirFlowBasicExample/lib/python3.8/site-packages/airflow/example_dags/example_short_circuit_operator.py took 0.091 seconds
[2022-07-06 16:50:44,927] {processor.py:153} INFO - Started process (PID=12659) to work on /Users/joyang0419/opt/anaconda3/envs/AirFlowBasicExample/lib/python3.8/site-packages/airflow/example_dags/example_short_circuit_operator.py
[2022-07-06 16:50:44,927] {processor.py:641} INFO - Processing file /Users/joyang0419/opt/anaconda3/envs/AirFlowBasicExample/lib/python3.8/site-packages/airflow/example_dags/example_short_circuit_operator.py for tasks to queue
[2022-07-06 16:50:44,927] {logging_mixin.py:115} INFO - [2022-07-06 16:50:44,927] {dagbag.py:507} INFO - Filling up the DagBag from /Users/joyang0419/opt/anaconda3/envs/AirFlowBasicExample/lib/python3.8/site-packages/airflow/example_dags/example_short_circuit_operator.py
[2022-07-06 16:50:44,946] {processor.py:651} INFO - DAG(s) dict_keys(['example_short_circuit_operator']) retrieved from /Users/joyang0419/opt/anaconda3/envs/AirFlowBasicExample/lib/python3.8/site-packages/airflow/example_dags/example_short_circuit_operator.py
[2022-07-06 16:50:45,021] {logging_mixin.py:115} INFO - [2022-07-06 16:50:45,020] {dag.py:2379} INFO - Sync 1 DAGs
[2022-07-06 16:50:45,035] {logging_mixin.py:115} INFO - [2022-07-06 16:50:45,035] {dag.py:2927} INFO - Setting next_dagrun for example_short_circuit_operator to 2022-07-05T08:50:45.035347+00:00, run_after=2022-07-06T08:50:45.035347+00:00
[2022-07-06 16:50:45,063] {processor.py:161} INFO - Processing /Users/joyang0419/opt/anaconda3/envs/AirFlowBasicExample/lib/python3.8/site-packages/airflow/example_dags/example_short_circuit_operator.py took 0.137 seconds
[2022-07-06 16:52:27,608] {processor.py:153} INFO - Started process (PID=12789) to work on /Users/joyang0419/opt/anaconda3/envs/AirFlowBasicExample/lib/python3.8/site-packages/airflow/example_dags/example_short_circuit_operator.py
[2022-07-06 16:52:27,609] {processor.py:641} INFO - Processing file /Users/joyang0419/opt/anaconda3/envs/AirFlowBasicExample/lib/python3.8/site-packages/airflow/example_dags/example_short_circuit_operator.py for tasks to queue
[2022-07-06 16:52:27,609] {logging_mixin.py:115} INFO - [2022-07-06 16:52:27,609] {dagbag.py:507} INFO - Filling up the DagBag from /Users/joyang0419/opt/anaconda3/envs/AirFlowBasicExample/lib/python3.8/site-packages/airflow/example_dags/example_short_circuit_operator.py
[2022-07-06 16:52:27,623] {processor.py:651} INFO - DAG(s) dict_keys(['example_short_circuit_operator']) retrieved from /Users/joyang0419/opt/anaconda3/envs/AirFlowBasicExample/lib/python3.8/site-packages/airflow/example_dags/example_short_circuit_operator.py
[2022-07-06 16:52:27,687] {logging_mixin.py:115} INFO - [2022-07-06 16:52:27,687] {dag.py:2379} INFO - Sync 1 DAGs
[2022-07-06 16:52:27,702] {logging_mixin.py:115} INFO - [2022-07-06 16:52:27,702] {dag.py:2927} INFO - Setting next_dagrun for example_short_circuit_operator to 2022-07-05T08:52:27.701894+00:00, run_after=2022-07-06T08:52:27.701894+00:00
[2022-07-06 16:52:27,726] {processor.py:161} INFO - Processing /Users/joyang0419/opt/anaconda3/envs/AirFlowBasicExample/lib/python3.8/site-packages/airflow/example_dags/example_short_circuit_operator.py took 0.118 seconds
[2022-07-06 16:52:38,402] {processor.py:153} INFO - Started process (PID=12857) to work on /Users/joyang0419/opt/anaconda3/envs/AirFlowBasicExample/lib/python3.8/site-packages/airflow/example_dags/example_short_circuit_operator.py
[2022-07-06 16:52:38,402] {processor.py:641} INFO - Processing file /Users/joyang0419/opt/anaconda3/envs/AirFlowBasicExample/lib/python3.8/site-packages/airflow/example_dags/example_short_circuit_operator.py for tasks to queue
[2022-07-06 16:52:38,403] {logging_mixin.py:115} INFO - [2022-07-06 16:52:38,403] {dagbag.py:507} INFO - Filling up the DagBag from /Users/joyang0419/opt/anaconda3/envs/AirFlowBasicExample/lib/python3.8/site-packages/airflow/example_dags/example_short_circuit_operator.py
[2022-07-06 16:52:38,416] {processor.py:651} INFO - DAG(s) dict_keys(['example_short_circuit_operator']) retrieved from /Users/joyang0419/opt/anaconda3/envs/AirFlowBasicExample/lib/python3.8/site-packages/airflow/example_dags/example_short_circuit_operator.py
[2022-07-06 16:52:38,484] {logging_mixin.py:115} INFO - [2022-07-06 16:52:38,484] {dag.py:2379} INFO - Sync 1 DAGs
[2022-07-06 16:52:38,500] {logging_mixin.py:115} INFO - [2022-07-06 16:52:38,500] {dag.py:2927} INFO - Setting next_dagrun for example_short_circuit_operator to 2022-07-05T08:52:38.500254+00:00, run_after=2022-07-06T08:52:38.500254+00:00
[2022-07-06 16:52:38,530] {processor.py:161} INFO - Processing /Users/joyang0419/opt/anaconda3/envs/AirFlowBasicExample/lib/python3.8/site-packages/airflow/example_dags/example_short_circuit_operator.py took 0.128 seconds
[2022-07-06 16:52:49,001] {processor.py:153} INFO - Started process (PID=12924) to work on /Users/joyang0419/opt/anaconda3/envs/AirFlowBasicExample/lib/python3.8/site-packages/airflow/example_dags/example_short_circuit_operator.py
[2022-07-06 16:52:49,002] {processor.py:641} INFO - Processing file /Users/joyang0419/opt/anaconda3/envs/AirFlowBasicExample/lib/python3.8/site-packages/airflow/example_dags/example_short_circuit_operator.py for tasks to queue
[2022-07-06 16:52:49,002] {logging_mixin.py:115} INFO - [2022-07-06 16:52:49,002] {dagbag.py:507} INFO - Filling up the DagBag from /Users/joyang0419/opt/anaconda3/envs/AirFlowBasicExample/lib/python3.8/site-packages/airflow/example_dags/example_short_circuit_operator.py
[2022-07-06 16:52:49,016] {processor.py:651} INFO - DAG(s) dict_keys(['example_short_circuit_operator']) retrieved from /Users/joyang0419/opt/anaconda3/envs/AirFlowBasicExample/lib/python3.8/site-packages/airflow/example_dags/example_short_circuit_operator.py
[2022-07-06 16:52:49,082] {logging_mixin.py:115} INFO - [2022-07-06 16:52:49,082] {dag.py:2379} INFO - Sync 1 DAGs
[2022-07-06 16:52:49,097] {logging_mixin.py:115} INFO - [2022-07-06 16:52:49,097] {dag.py:2927} INFO - Setting next_dagrun for example_short_circuit_operator to 2022-07-05T08:52:49.097675+00:00, run_after=2022-07-06T08:52:49.097675+00:00
[2022-07-06 16:52:49,122] {processor.py:161} INFO - Processing /Users/joyang0419/opt/anaconda3/envs/AirFlowBasicExample/lib/python3.8/site-packages/airflow/example_dags/example_short_circuit_operator.py took 0.121 seconds
[2022-07-06 16:53:01,680] {processor.py:153} INFO - Started process (PID=12996) to work on /Users/joyang0419/opt/anaconda3/envs/AirFlowBasicExample/lib/python3.8/site-packages/airflow/example_dags/example_short_circuit_operator.py
[2022-07-06 16:53:01,680] {processor.py:641} INFO - Processing file /Users/joyang0419/opt/anaconda3/envs/AirFlowBasicExample/lib/python3.8/site-packages/airflow/example_dags/example_short_circuit_operator.py for tasks to queue
[2022-07-06 16:53:01,680] {logging_mixin.py:115} INFO - [2022-07-06 16:53:01,680] {dagbag.py:507} INFO - Filling up the DagBag from /Users/joyang0419/opt/anaconda3/envs/AirFlowBasicExample/lib/python3.8/site-packages/airflow/example_dags/example_short_circuit_operator.py
[2022-07-06 16:53:01,694] {processor.py:651} INFO - DAG(s) dict_keys(['example_short_circuit_operator']) retrieved from /Users/joyang0419/opt/anaconda3/envs/AirFlowBasicExample/lib/python3.8/site-packages/airflow/example_dags/example_short_circuit_operator.py
[2022-07-06 16:53:01,753] {logging_mixin.py:115} INFO - [2022-07-06 16:53:01,752] {dag.py:2379} INFO - Sync 1 DAGs
[2022-07-06 16:53:01,768] {logging_mixin.py:115} INFO - [2022-07-06 16:53:01,768] {dag.py:2927} INFO - Setting next_dagrun for example_short_circuit_operator to 2022-07-05T08:53:01.768229+00:00, run_after=2022-07-06T08:53:01.768229+00:00
[2022-07-06 16:53:01,790] {processor.py:161} INFO - Processing /Users/joyang0419/opt/anaconda3/envs/AirFlowBasicExample/lib/python3.8/site-packages/airflow/example_dags/example_short_circuit_operator.py took 0.111 seconds
[2022-07-06 16:53:12,742] {processor.py:153} INFO - Started process (PID=13062) to work on /Users/joyang0419/opt/anaconda3/envs/AirFlowBasicExample/lib/python3.8/site-packages/airflow/example_dags/example_short_circuit_operator.py
[2022-07-06 16:53:12,743] {processor.py:641} INFO - Processing file /Users/joyang0419/opt/anaconda3/envs/AirFlowBasicExample/lib/python3.8/site-packages/airflow/example_dags/example_short_circuit_operator.py for tasks to queue
[2022-07-06 16:53:12,743] {logging_mixin.py:115} INFO - [2022-07-06 16:53:12,743] {dagbag.py:507} INFO - Filling up the DagBag from /Users/joyang0419/opt/anaconda3/envs/AirFlowBasicExample/lib/python3.8/site-packages/airflow/example_dags/example_short_circuit_operator.py
[2022-07-06 16:53:12,772] {processor.py:651} INFO - DAG(s) dict_keys(['example_short_circuit_operator']) retrieved from /Users/joyang0419/opt/anaconda3/envs/AirFlowBasicExample/lib/python3.8/site-packages/airflow/example_dags/example_short_circuit_operator.py
[2022-07-06 16:53:12,833] {logging_mixin.py:115} INFO - [2022-07-06 16:53:12,833] {dag.py:2379} INFO - Sync 1 DAGs
[2022-07-06 16:53:12,849] {logging_mixin.py:115} INFO - [2022-07-06 16:53:12,849] {dag.py:2927} INFO - Setting next_dagrun for example_short_circuit_operator to 2022-07-05T08:53:12.848882+00:00, run_after=2022-07-06T08:53:12.848882+00:00
[2022-07-06 16:53:12,872] {processor.py:161} INFO - Processing /Users/joyang0419/opt/anaconda3/envs/AirFlowBasicExample/lib/python3.8/site-packages/airflow/example_dags/example_short_circuit_operator.py took 0.131 seconds
[2022-07-06 16:53:23,703] {processor.py:153} INFO - Started process (PID=13129) to work on /Users/joyang0419/opt/anaconda3/envs/AirFlowBasicExample/lib/python3.8/site-packages/airflow/example_dags/example_short_circuit_operator.py
[2022-07-06 16:53:23,703] {processor.py:641} INFO - Processing file /Users/joyang0419/opt/anaconda3/envs/AirFlowBasicExample/lib/python3.8/site-packages/airflow/example_dags/example_short_circuit_operator.py for tasks to queue
[2022-07-06 16:53:23,703] {logging_mixin.py:115} INFO - [2022-07-06 16:53:23,703] {dagbag.py:507} INFO - Filling up the DagBag from /Users/joyang0419/opt/anaconda3/envs/AirFlowBasicExample/lib/python3.8/site-packages/airflow/example_dags/example_short_circuit_operator.py
[2022-07-06 16:53:23,717] {processor.py:651} INFO - DAG(s) dict_keys(['example_short_circuit_operator']) retrieved from /Users/joyang0419/opt/anaconda3/envs/AirFlowBasicExample/lib/python3.8/site-packages/airflow/example_dags/example_short_circuit_operator.py
[2022-07-06 16:53:23,779] {logging_mixin.py:115} INFO - [2022-07-06 16:53:23,779] {dag.py:2379} INFO - Sync 1 DAGs
[2022-07-06 16:53:23,796] {logging_mixin.py:115} INFO - [2022-07-06 16:53:23,796] {dag.py:2927} INFO - Setting next_dagrun for example_short_circuit_operator to 2022-07-05T08:53:23.796439+00:00, run_after=2022-07-06T08:53:23.796439+00:00
[2022-07-06 16:53:23,823] {processor.py:161} INFO - Processing /Users/joyang0419/opt/anaconda3/envs/AirFlowBasicExample/lib/python3.8/site-packages/airflow/example_dags/example_short_circuit_operator.py took 0.121 seconds
[2022-07-06 16:53:34,692] {processor.py:153} INFO - Started process (PID=13194) to work on /Users/joyang0419/opt/anaconda3/envs/AirFlowBasicExample/lib/python3.8/site-packages/airflow/example_dags/example_short_circuit_operator.py
[2022-07-06 16:53:34,693] {processor.py:641} INFO - Processing file /Users/joyang0419/opt/anaconda3/envs/AirFlowBasicExample/lib/python3.8/site-packages/airflow/example_dags/example_short_circuit_operator.py for tasks to queue
[2022-07-06 16:53:34,693] {logging_mixin.py:115} INFO - [2022-07-06 16:53:34,693] {dagbag.py:507} INFO - Filling up the DagBag from /Users/joyang0419/opt/anaconda3/envs/AirFlowBasicExample/lib/python3.8/site-packages/airflow/example_dags/example_short_circuit_operator.py
[2022-07-06 16:53:34,707] {processor.py:651} INFO - DAG(s) dict_keys(['example_short_circuit_operator']) retrieved from /Users/joyang0419/opt/anaconda3/envs/AirFlowBasicExample/lib/python3.8/site-packages/airflow/example_dags/example_short_circuit_operator.py
[2022-07-06 16:53:34,769] {logging_mixin.py:115} INFO - [2022-07-06 16:53:34,769] {dag.py:2379} INFO - Sync 1 DAGs
[2022-07-06 16:53:34,783] {logging_mixin.py:115} INFO - [2022-07-06 16:53:34,783] {dag.py:2927} INFO - Setting next_dagrun for example_short_circuit_operator to 2022-07-05T08:53:34.783275+00:00, run_after=2022-07-06T08:53:34.783275+00:00
[2022-07-06 16:53:34,801] {processor.py:161} INFO - Processing /Users/joyang0419/opt/anaconda3/envs/AirFlowBasicExample/lib/python3.8/site-packages/airflow/example_dags/example_short_circuit_operator.py took 0.110 seconds
[2022-07-06 16:53:46,232] {processor.py:153} INFO - Started process (PID=13265) to work on /Users/joyang0419/opt/anaconda3/envs/AirFlowBasicExample/lib/python3.8/site-packages/airflow/example_dags/example_short_circuit_operator.py
[2022-07-06 16:53:46,233] {processor.py:641} INFO - Processing file /Users/joyang0419/opt/anaconda3/envs/AirFlowBasicExample/lib/python3.8/site-packages/airflow/example_dags/example_short_circuit_operator.py for tasks to queue
[2022-07-06 16:53:46,233] {logging_mixin.py:115} INFO - [2022-07-06 16:53:46,233] {dagbag.py:507} INFO - Filling up the DagBag from /Users/joyang0419/opt/anaconda3/envs/AirFlowBasicExample/lib/python3.8/site-packages/airflow/example_dags/example_short_circuit_operator.py
[2022-07-06 16:53:46,247] {processor.py:651} INFO - DAG(s) dict_keys(['example_short_circuit_operator']) retrieved from /Users/joyang0419/opt/anaconda3/envs/AirFlowBasicExample/lib/python3.8/site-packages/airflow/example_dags/example_short_circuit_operator.py
[2022-07-06 16:53:46,312] {logging_mixin.py:115} INFO - [2022-07-06 16:53:46,312] {dag.py:2379} INFO - Sync 1 DAGs
[2022-07-06 16:53:46,328] {logging_mixin.py:115} INFO - [2022-07-06 16:53:46,328] {dag.py:2927} INFO - Setting next_dagrun for example_short_circuit_operator to 2022-07-05T08:53:46.328517+00:00, run_after=2022-07-06T08:53:46.328517+00:00
[2022-07-06 16:53:46,355] {processor.py:161} INFO - Processing /Users/joyang0419/opt/anaconda3/envs/AirFlowBasicExample/lib/python3.8/site-packages/airflow/example_dags/example_short_circuit_operator.py took 0.124 seconds
[2022-07-06 16:53:56,621] {processor.py:153} INFO - Started process (PID=13335) to work on /Users/joyang0419/opt/anaconda3/envs/AirFlowBasicExample/lib/python3.8/site-packages/airflow/example_dags/example_short_circuit_operator.py
[2022-07-06 16:53:56,621] {processor.py:641} INFO - Processing file /Users/joyang0419/opt/anaconda3/envs/AirFlowBasicExample/lib/python3.8/site-packages/airflow/example_dags/example_short_circuit_operator.py for tasks to queue
[2022-07-06 16:53:56,621] {logging_mixin.py:115} INFO - [2022-07-06 16:53:56,621] {dagbag.py:507} INFO - Filling up the DagBag from /Users/joyang0419/opt/anaconda3/envs/AirFlowBasicExample/lib/python3.8/site-packages/airflow/example_dags/example_short_circuit_operator.py
[2022-07-06 16:53:56,636] {processor.py:651} INFO - DAG(s) dict_keys(['example_short_circuit_operator']) retrieved from /Users/joyang0419/opt/anaconda3/envs/AirFlowBasicExample/lib/python3.8/site-packages/airflow/example_dags/example_short_circuit_operator.py
[2022-07-06 16:53:56,690] {logging_mixin.py:115} INFO - [2022-07-06 16:53:56,690] {dag.py:2379} INFO - Sync 1 DAGs
[2022-07-06 16:53:56,704] {logging_mixin.py:115} INFO - [2022-07-06 16:53:56,704] {dag.py:2927} INFO - Setting next_dagrun for example_short_circuit_operator to 2022-07-05T08:53:56.704231+00:00, run_after=2022-07-06T08:53:56.704231+00:00
[2022-07-06 16:53:56,723] {processor.py:161} INFO - Processing /Users/joyang0419/opt/anaconda3/envs/AirFlowBasicExample/lib/python3.8/site-packages/airflow/example_dags/example_short_circuit_operator.py took 0.103 seconds
[2022-07-06 16:54:08,906] {processor.py:153} INFO - Started process (PID=13417) to work on /Users/joyang0419/opt/anaconda3/envs/AirFlowBasicExample/lib/python3.8/site-packages/airflow/example_dags/example_short_circuit_operator.py
[2022-07-06 16:54:08,906] {processor.py:641} INFO - Processing file /Users/joyang0419/opt/anaconda3/envs/AirFlowBasicExample/lib/python3.8/site-packages/airflow/example_dags/example_short_circuit_operator.py for tasks to queue
[2022-07-06 16:54:08,906] {logging_mixin.py:115} INFO - [2022-07-06 16:54:08,906] {dagbag.py:507} INFO - Filling up the DagBag from /Users/joyang0419/opt/anaconda3/envs/AirFlowBasicExample/lib/python3.8/site-packages/airflow/example_dags/example_short_circuit_operator.py
[2022-07-06 16:54:08,923] {processor.py:651} INFO - DAG(s) dict_keys(['example_short_circuit_operator']) retrieved from /Users/joyang0419/opt/anaconda3/envs/AirFlowBasicExample/lib/python3.8/site-packages/airflow/example_dags/example_short_circuit_operator.py
[2022-07-06 16:54:08,987] {logging_mixin.py:115} INFO - [2022-07-06 16:54:08,987] {dag.py:2379} INFO - Sync 1 DAGs
[2022-07-06 16:54:08,999] {logging_mixin.py:115} INFO - [2022-07-06 16:54:08,999] {dag.py:2927} INFO - Setting next_dagrun for example_short_circuit_operator to 2022-07-05T08:54:08.999224+00:00, run_after=2022-07-06T08:54:08.999224+00:00
[2022-07-06 16:54:09,016] {processor.py:161} INFO - Processing /Users/joyang0419/opt/anaconda3/envs/AirFlowBasicExample/lib/python3.8/site-packages/airflow/example_dags/example_short_circuit_operator.py took 0.111 seconds
