[2022-07-06 16:48:58,271] {processor.py:153} INFO - Started process (PID=12165) to work on /Users/joyang0419/opt/anaconda3/envs/AirFlowBasicExample/lib/python3.8/site-packages/airflow/example_dags/example_subdag_operator.py
[2022-07-06 16:48:58,271] {processor.py:641} INFO - Processing file /Users/joyang0419/opt/anaconda3/envs/AirFlowBasicExample/lib/python3.8/site-packages/airflow/example_dags/example_subdag_operator.py for tasks to queue
[2022-07-06 16:48:58,271] {logging_mixin.py:115} INFO - [2022-07-06 16:48:58,271] {dagbag.py:507} INFO - Filling up the DagBag from /Users/joyang0419/opt/anaconda3/envs/AirFlowBasicExample/lib/python3.8/site-packages/airflow/example_dags/example_subdag_operator.py
[2022-07-06 16:48:58,383] {processor.py:651} INFO - DAG(s) dict_keys(['example_subdag_operator.section-1', 'example_subdag_operator.section-2', 'example_subdag_operator']) retrieved from /Users/joyang0419/opt/anaconda3/envs/AirFlowBasicExample/lib/python3.8/site-packages/airflow/example_dags/example_subdag_operator.py
[2022-07-06 16:48:59,124] {logging_mixin.py:115} INFO - [2022-07-06 16:48:59,124] {manager.py:508} INFO - Created Permission View: can edit on DAG:example_subdag_operator
[2022-07-06 16:48:59,162] {logging_mixin.py:115} INFO - [2022-07-06 16:48:59,162] {manager.py:508} INFO - Created Permission View: can delete on DAG:example_subdag_operator
[2022-07-06 16:48:59,198] {logging_mixin.py:115} INFO - [2022-07-06 16:48:59,198] {manager.py:508} INFO - Created Permission View: can read on DAG:example_subdag_operator
[2022-07-06 16:48:59,199] {logging_mixin.py:115} INFO - [2022-07-06 16:48:59,199] {dag.py:2379} INFO - Sync 3 DAGs
[2022-07-06 16:48:59,219] {logging_mixin.py:115} INFO - [2022-07-06 16:48:59,219] {dag.py:2398} INFO - Creating ORM DAG for example_subdag_operator.section-2
[2022-07-06 16:48:59,220] {logging_mixin.py:115} INFO - [2022-07-06 16:48:59,220] {dag.py:2398} INFO - Creating ORM DAG for example_subdag_operator.section-1
[2022-07-06 16:48:59,220] {logging_mixin.py:115} INFO - [2022-07-06 16:48:59,220] {dag.py:2398} INFO - Creating ORM DAG for example_subdag_operator
[2022-07-06 16:48:59,234] {logging_mixin.py:115} INFO - [2022-07-06 16:48:59,234] {dag.py:2927} INFO - Setting next_dagrun for example_subdag_operator to 2022-01-01T00:00:00+00:00, run_after=2022-01-01T00:00:00+00:00
[2022-07-06 16:48:59,235] {logging_mixin.py:115} INFO - [2022-07-06 16:48:59,235] {dag.py:2927} INFO - Setting next_dagrun for example_subdag_operator.section-1 to None, run_after=None
[2022-07-06 16:48:59,235] {logging_mixin.py:115} INFO - [2022-07-06 16:48:59,235] {dag.py:2927} INFO - Setting next_dagrun for example_subdag_operator.section-2 to None, run_after=None
[2022-07-06 16:48:59,259] {logging_mixin.py:115} INFO - [2022-07-06 16:48:59,258] {dag.py:2379} INFO - Sync 2 DAGs
[2022-07-06 16:48:59,274] {logging_mixin.py:115} INFO - [2022-07-06 16:48:59,274] {dag.py:2927} INFO - Setting next_dagrun for example_subdag_operator.section-1 to None, run_after=None
[2022-07-06 16:48:59,275] {logging_mixin.py:115} INFO - [2022-07-06 16:48:59,275] {dag.py:2927} INFO - Setting next_dagrun for example_subdag_operator.section-2 to None, run_after=None
[2022-07-06 16:48:59,327] {processor.py:161} INFO - Processing /Users/joyang0419/opt/anaconda3/envs/AirFlowBasicExample/lib/python3.8/site-packages/airflow/example_dags/example_subdag_operator.py took 1.058 seconds
[2022-07-06 16:50:06,773] {processor.py:153} INFO - Started process (PID=12450) to work on /Users/joyang0419/opt/anaconda3/envs/AirFlowBasicExample/lib/python3.8/site-packages/airflow/example_dags/example_subdag_operator.py
[2022-07-06 16:50:06,774] {processor.py:641} INFO - Processing file /Users/joyang0419/opt/anaconda3/envs/AirFlowBasicExample/lib/python3.8/site-packages/airflow/example_dags/example_subdag_operator.py for tasks to queue
[2022-07-06 16:50:06,774] {logging_mixin.py:115} INFO - [2022-07-06 16:50:06,774] {dagbag.py:507} INFO - Filling up the DagBag from /Users/joyang0419/opt/anaconda3/envs/AirFlowBasicExample/lib/python3.8/site-packages/airflow/example_dags/example_subdag_operator.py
[2022-07-06 16:50:06,844] {processor.py:651} INFO - DAG(s) dict_keys(['example_subdag_operator.section-1', 'example_subdag_operator.section-2', 'example_subdag_operator']) retrieved from /Users/joyang0419/opt/anaconda3/envs/AirFlowBasicExample/lib/python3.8/site-packages/airflow/example_dags/example_subdag_operator.py
[2022-07-06 16:50:06,868] {logging_mixin.py:115} INFO - [2022-07-06 16:50:06,868] {dag.py:2379} INFO - Sync 3 DAGs
[2022-07-06 16:50:06,885] {logging_mixin.py:115} INFO - [2022-07-06 16:50:06,885] {dag.py:2927} INFO - Setting next_dagrun for example_subdag_operator to 2022-01-01T00:00:00+00:00, run_after=2022-01-01T00:00:00+00:00
[2022-07-06 16:50:06,886] {logging_mixin.py:115} INFO - [2022-07-06 16:50:06,886] {dag.py:2927} INFO - Setting next_dagrun for example_subdag_operator.section-1 to None, run_after=None
[2022-07-06 16:50:06,886] {logging_mixin.py:115} INFO - [2022-07-06 16:50:06,886] {dag.py:2927} INFO - Setting next_dagrun for example_subdag_operator.section-2 to None, run_after=None
[2022-07-06 16:50:06,900] {logging_mixin.py:115} INFO - [2022-07-06 16:50:06,900] {dag.py:2379} INFO - Sync 2 DAGs
[2022-07-06 16:50:06,909] {logging_mixin.py:115} INFO - [2022-07-06 16:50:06,909] {dag.py:2927} INFO - Setting next_dagrun for example_subdag_operator.section-1 to None, run_after=None
[2022-07-06 16:50:06,909] {logging_mixin.py:115} INFO - [2022-07-06 16:50:06,909] {dag.py:2927} INFO - Setting next_dagrun for example_subdag_operator.section-2 to None, run_after=None
[2022-07-06 16:50:06,926] {processor.py:161} INFO - Processing /Users/joyang0419/opt/anaconda3/envs/AirFlowBasicExample/lib/python3.8/site-packages/airflow/example_dags/example_subdag_operator.py took 0.153 seconds
[2022-07-06 16:50:22,030] {processor.py:153} INFO - Started process (PID=12519) to work on /Users/joyang0419/opt/anaconda3/envs/AirFlowBasicExample/lib/python3.8/site-packages/airflow/example_dags/example_subdag_operator.py
[2022-07-06 16:50:22,030] {processor.py:641} INFO - Processing file /Users/joyang0419/opt/anaconda3/envs/AirFlowBasicExample/lib/python3.8/site-packages/airflow/example_dags/example_subdag_operator.py for tasks to queue
[2022-07-06 16:50:22,030] {logging_mixin.py:115} INFO - [2022-07-06 16:50:22,030] {dagbag.py:507} INFO - Filling up the DagBag from /Users/joyang0419/opt/anaconda3/envs/AirFlowBasicExample/lib/python3.8/site-packages/airflow/example_dags/example_subdag_operator.py
[2022-07-06 16:50:22,091] {processor.py:651} INFO - DAG(s) dict_keys(['example_subdag_operator.section-1', 'example_subdag_operator.section-2', 'example_subdag_operator']) retrieved from /Users/joyang0419/opt/anaconda3/envs/AirFlowBasicExample/lib/python3.8/site-packages/airflow/example_dags/example_subdag_operator.py
[2022-07-06 16:50:22,113] {logging_mixin.py:115} INFO - [2022-07-06 16:50:22,113] {dag.py:2379} INFO - Sync 3 DAGs
[2022-07-06 16:50:22,127] {logging_mixin.py:115} INFO - [2022-07-06 16:50:22,127] {dag.py:2927} INFO - Setting next_dagrun for example_subdag_operator to 2022-01-01T00:00:00+00:00, run_after=2022-01-01T00:00:00+00:00
[2022-07-06 16:50:22,127] {logging_mixin.py:115} INFO - [2022-07-06 16:50:22,127] {dag.py:2927} INFO - Setting next_dagrun for example_subdag_operator.section-1 to None, run_after=None
[2022-07-06 16:50:22,127] {logging_mixin.py:115} INFO - [2022-07-06 16:50:22,127] {dag.py:2927} INFO - Setting next_dagrun for example_subdag_operator.section-2 to None, run_after=None
[2022-07-06 16:50:22,133] {logging_mixin.py:115} INFO - [2022-07-06 16:50:22,133] {dag.py:2379} INFO - Sync 2 DAGs
[2022-07-06 16:50:22,139] {logging_mixin.py:115} INFO - [2022-07-06 16:50:22,138] {dag.py:2927} INFO - Setting next_dagrun for example_subdag_operator.section-1 to None, run_after=None
[2022-07-06 16:50:22,139] {logging_mixin.py:115} INFO - [2022-07-06 16:50:22,139] {dag.py:2927} INFO - Setting next_dagrun for example_subdag_operator.section-2 to None, run_after=None
[2022-07-06 16:50:22,152] {processor.py:161} INFO - Processing /Users/joyang0419/opt/anaconda3/envs/AirFlowBasicExample/lib/python3.8/site-packages/airflow/example_dags/example_subdag_operator.py took 0.123 seconds
[2022-07-06 16:50:32,022] {processor.py:153} INFO - Started process (PID=12583) to work on /Users/joyang0419/opt/anaconda3/envs/AirFlowBasicExample/lib/python3.8/site-packages/airflow/example_dags/example_subdag_operator.py
[2022-07-06 16:50:32,022] {processor.py:641} INFO - Processing file /Users/joyang0419/opt/anaconda3/envs/AirFlowBasicExample/lib/python3.8/site-packages/airflow/example_dags/example_subdag_operator.py for tasks to queue
[2022-07-06 16:50:32,022] {logging_mixin.py:115} INFO - [2022-07-06 16:50:32,022] {dagbag.py:507} INFO - Filling up the DagBag from /Users/joyang0419/opt/anaconda3/envs/AirFlowBasicExample/lib/python3.8/site-packages/airflow/example_dags/example_subdag_operator.py
[2022-07-06 16:50:32,087] {processor.py:651} INFO - DAG(s) dict_keys(['example_subdag_operator.section-1', 'example_subdag_operator.section-2', 'example_subdag_operator']) retrieved from /Users/joyang0419/opt/anaconda3/envs/AirFlowBasicExample/lib/python3.8/site-packages/airflow/example_dags/example_subdag_operator.py
[2022-07-06 16:50:32,109] {logging_mixin.py:115} INFO - [2022-07-06 16:50:32,109] {dag.py:2379} INFO - Sync 3 DAGs
[2022-07-06 16:50:32,121] {logging_mixin.py:115} INFO - [2022-07-06 16:50:32,121] {dag.py:2927} INFO - Setting next_dagrun for example_subdag_operator to 2022-01-01T00:00:00+00:00, run_after=2022-01-01T00:00:00+00:00
[2022-07-06 16:50:32,121] {logging_mixin.py:115} INFO - [2022-07-06 16:50:32,121] {dag.py:2927} INFO - Setting next_dagrun for example_subdag_operator.section-1 to None, run_after=None
[2022-07-06 16:50:32,121] {logging_mixin.py:115} INFO - [2022-07-06 16:50:32,121] {dag.py:2927} INFO - Setting next_dagrun for example_subdag_operator.section-2 to None, run_after=None
[2022-07-06 16:50:32,128] {logging_mixin.py:115} INFO - [2022-07-06 16:50:32,128] {dag.py:2379} INFO - Sync 2 DAGs
[2022-07-06 16:50:32,134] {logging_mixin.py:115} INFO - [2022-07-06 16:50:32,134] {dag.py:2927} INFO - Setting next_dagrun for example_subdag_operator.section-1 to None, run_after=None
[2022-07-06 16:50:32,134] {logging_mixin.py:115} INFO - [2022-07-06 16:50:32,134] {dag.py:2927} INFO - Setting next_dagrun for example_subdag_operator.section-2 to None, run_after=None
[2022-07-06 16:50:32,150] {processor.py:161} INFO - Processing /Users/joyang0419/opt/anaconda3/envs/AirFlowBasicExample/lib/python3.8/site-packages/airflow/example_dags/example_subdag_operator.py took 0.128 seconds
[2022-07-06 16:50:44,090] {processor.py:153} INFO - Started process (PID=12654) to work on /Users/joyang0419/opt/anaconda3/envs/AirFlowBasicExample/lib/python3.8/site-packages/airflow/example_dags/example_subdag_operator.py
[2022-07-06 16:50:44,090] {processor.py:641} INFO - Processing file /Users/joyang0419/opt/anaconda3/envs/AirFlowBasicExample/lib/python3.8/site-packages/airflow/example_dags/example_subdag_operator.py for tasks to queue
[2022-07-06 16:50:44,090] {logging_mixin.py:115} INFO - [2022-07-06 16:50:44,090] {dagbag.py:507} INFO - Filling up the DagBag from /Users/joyang0419/opt/anaconda3/envs/AirFlowBasicExample/lib/python3.8/site-packages/airflow/example_dags/example_subdag_operator.py
[2022-07-06 16:50:44,169] {processor.py:651} INFO - DAG(s) dict_keys(['example_subdag_operator.section-1', 'example_subdag_operator.section-2', 'example_subdag_operator']) retrieved from /Users/joyang0419/opt/anaconda3/envs/AirFlowBasicExample/lib/python3.8/site-packages/airflow/example_dags/example_subdag_operator.py
[2022-07-06 16:50:44,196] {logging_mixin.py:115} INFO - [2022-07-06 16:50:44,196] {dag.py:2379} INFO - Sync 3 DAGs
[2022-07-06 16:50:44,213] {logging_mixin.py:115} INFO - [2022-07-06 16:50:44,213] {dag.py:2927} INFO - Setting next_dagrun for example_subdag_operator to 2022-01-01T00:00:00+00:00, run_after=2022-01-01T00:00:00+00:00
[2022-07-06 16:50:44,213] {logging_mixin.py:115} INFO - [2022-07-06 16:50:44,213] {dag.py:2927} INFO - Setting next_dagrun for example_subdag_operator.section-1 to None, run_after=None
[2022-07-06 16:50:44,213] {logging_mixin.py:115} INFO - [2022-07-06 16:50:44,213] {dag.py:2927} INFO - Setting next_dagrun for example_subdag_operator.section-2 to None, run_after=None
[2022-07-06 16:50:44,222] {logging_mixin.py:115} INFO - [2022-07-06 16:50:44,222] {dag.py:2379} INFO - Sync 2 DAGs
[2022-07-06 16:50:44,229] {logging_mixin.py:115} INFO - [2022-07-06 16:50:44,229] {dag.py:2927} INFO - Setting next_dagrun for example_subdag_operator.section-1 to None, run_after=None
[2022-07-06 16:50:44,230] {logging_mixin.py:115} INFO - [2022-07-06 16:50:44,230] {dag.py:2927} INFO - Setting next_dagrun for example_subdag_operator.section-2 to None, run_after=None
[2022-07-06 16:50:44,255] {processor.py:161} INFO - Processing /Users/joyang0419/opt/anaconda3/envs/AirFlowBasicExample/lib/python3.8/site-packages/airflow/example_dags/example_subdag_operator.py took 0.165 seconds
[2022-07-06 16:52:26,514] {processor.py:153} INFO - Started process (PID=12783) to work on /Users/joyang0419/opt/anaconda3/envs/AirFlowBasicExample/lib/python3.8/site-packages/airflow/example_dags/example_subdag_operator.py
[2022-07-06 16:52:26,515] {processor.py:641} INFO - Processing file /Users/joyang0419/opt/anaconda3/envs/AirFlowBasicExample/lib/python3.8/site-packages/airflow/example_dags/example_subdag_operator.py for tasks to queue
[2022-07-06 16:52:26,515] {logging_mixin.py:115} INFO - [2022-07-06 16:52:26,515] {dagbag.py:507} INFO - Filling up the DagBag from /Users/joyang0419/opt/anaconda3/envs/AirFlowBasicExample/lib/python3.8/site-packages/airflow/example_dags/example_subdag_operator.py
[2022-07-06 16:52:26,587] {processor.py:651} INFO - DAG(s) dict_keys(['example_subdag_operator.section-1', 'example_subdag_operator.section-2', 'example_subdag_operator']) retrieved from /Users/joyang0419/opt/anaconda3/envs/AirFlowBasicExample/lib/python3.8/site-packages/airflow/example_dags/example_subdag_operator.py
[2022-07-06 16:52:26,612] {logging_mixin.py:115} INFO - [2022-07-06 16:52:26,612] {dag.py:2379} INFO - Sync 3 DAGs
[2022-07-06 16:52:26,631] {logging_mixin.py:115} INFO - [2022-07-06 16:52:26,631] {dag.py:2927} INFO - Setting next_dagrun for example_subdag_operator to 2022-01-01T00:00:00+00:00, run_after=2022-01-01T00:00:00+00:00
[2022-07-06 16:52:26,631] {logging_mixin.py:115} INFO - [2022-07-06 16:52:26,631] {dag.py:2927} INFO - Setting next_dagrun for example_subdag_operator.section-1 to None, run_after=None
[2022-07-06 16:52:26,631] {logging_mixin.py:115} INFO - [2022-07-06 16:52:26,631] {dag.py:2927} INFO - Setting next_dagrun for example_subdag_operator.section-2 to None, run_after=None
[2022-07-06 16:52:26,643] {logging_mixin.py:115} INFO - [2022-07-06 16:52:26,643] {dag.py:2379} INFO - Sync 2 DAGs
[2022-07-06 16:52:26,652] {logging_mixin.py:115} INFO - [2022-07-06 16:52:26,652] {dag.py:2927} INFO - Setting next_dagrun for example_subdag_operator.section-1 to None, run_after=None
[2022-07-06 16:52:26,653] {logging_mixin.py:115} INFO - [2022-07-06 16:52:26,652] {dag.py:2927} INFO - Setting next_dagrun for example_subdag_operator.section-2 to None, run_after=None
[2022-07-06 16:52:26,676] {processor.py:161} INFO - Processing /Users/joyang0419/opt/anaconda3/envs/AirFlowBasicExample/lib/python3.8/site-packages/airflow/example_dags/example_subdag_operator.py took 0.163 seconds
[2022-07-06 16:52:37,310] {processor.py:153} INFO - Started process (PID=12851) to work on /Users/joyang0419/opt/anaconda3/envs/AirFlowBasicExample/lib/python3.8/site-packages/airflow/example_dags/example_subdag_operator.py
[2022-07-06 16:52:37,310] {processor.py:641} INFO - Processing file /Users/joyang0419/opt/anaconda3/envs/AirFlowBasicExample/lib/python3.8/site-packages/airflow/example_dags/example_subdag_operator.py for tasks to queue
[2022-07-06 16:52:37,310] {logging_mixin.py:115} INFO - [2022-07-06 16:52:37,310] {dagbag.py:507} INFO - Filling up the DagBag from /Users/joyang0419/opt/anaconda3/envs/AirFlowBasicExample/lib/python3.8/site-packages/airflow/example_dags/example_subdag_operator.py
[2022-07-06 16:52:37,366] {processor.py:651} INFO - DAG(s) dict_keys(['example_subdag_operator.section-1', 'example_subdag_operator.section-2', 'example_subdag_operator']) retrieved from /Users/joyang0419/opt/anaconda3/envs/AirFlowBasicExample/lib/python3.8/site-packages/airflow/example_dags/example_subdag_operator.py
[2022-07-06 16:52:37,386] {logging_mixin.py:115} INFO - [2022-07-06 16:52:37,386] {dag.py:2379} INFO - Sync 3 DAGs
[2022-07-06 16:52:37,399] {logging_mixin.py:115} INFO - [2022-07-06 16:52:37,399] {dag.py:2927} INFO - Setting next_dagrun for example_subdag_operator to 2022-01-01T00:00:00+00:00, run_after=2022-01-01T00:00:00+00:00
[2022-07-06 16:52:37,399] {logging_mixin.py:115} INFO - [2022-07-06 16:52:37,399] {dag.py:2927} INFO - Setting next_dagrun for example_subdag_operator.section-1 to None, run_after=None
[2022-07-06 16:52:37,399] {logging_mixin.py:115} INFO - [2022-07-06 16:52:37,399] {dag.py:2927} INFO - Setting next_dagrun for example_subdag_operator.section-2 to None, run_after=None
[2022-07-06 16:52:37,406] {logging_mixin.py:115} INFO - [2022-07-06 16:52:37,406] {dag.py:2379} INFO - Sync 2 DAGs
[2022-07-06 16:52:37,412] {logging_mixin.py:115} INFO - [2022-07-06 16:52:37,412] {dag.py:2927} INFO - Setting next_dagrun for example_subdag_operator.section-1 to None, run_after=None
[2022-07-06 16:52:37,412] {logging_mixin.py:115} INFO - [2022-07-06 16:52:37,412] {dag.py:2927} INFO - Setting next_dagrun for example_subdag_operator.section-2 to None, run_after=None
[2022-07-06 16:52:37,426] {processor.py:161} INFO - Processing /Users/joyang0419/opt/anaconda3/envs/AirFlowBasicExample/lib/python3.8/site-packages/airflow/example_dags/example_subdag_operator.py took 0.116 seconds
[2022-07-06 16:52:47,847] {processor.py:153} INFO - Started process (PID=12918) to work on /Users/joyang0419/opt/anaconda3/envs/AirFlowBasicExample/lib/python3.8/site-packages/airflow/example_dags/example_subdag_operator.py
[2022-07-06 16:52:47,847] {processor.py:641} INFO - Processing file /Users/joyang0419/opt/anaconda3/envs/AirFlowBasicExample/lib/python3.8/site-packages/airflow/example_dags/example_subdag_operator.py for tasks to queue
[2022-07-06 16:52:47,847] {logging_mixin.py:115} INFO - [2022-07-06 16:52:47,847] {dagbag.py:507} INFO - Filling up the DagBag from /Users/joyang0419/opt/anaconda3/envs/AirFlowBasicExample/lib/python3.8/site-packages/airflow/example_dags/example_subdag_operator.py
[2022-07-06 16:52:47,898] {processor.py:651} INFO - DAG(s) dict_keys(['example_subdag_operator.section-1', 'example_subdag_operator.section-2', 'example_subdag_operator']) retrieved from /Users/joyang0419/opt/anaconda3/envs/AirFlowBasicExample/lib/python3.8/site-packages/airflow/example_dags/example_subdag_operator.py
[2022-07-06 16:52:47,919] {logging_mixin.py:115} INFO - [2022-07-06 16:52:47,919] {dag.py:2379} INFO - Sync 3 DAGs
[2022-07-06 16:52:47,932] {logging_mixin.py:115} INFO - [2022-07-06 16:52:47,932] {dag.py:2927} INFO - Setting next_dagrun for example_subdag_operator to 2022-01-01T00:00:00+00:00, run_after=2022-01-01T00:00:00+00:00
[2022-07-06 16:52:47,932] {logging_mixin.py:115} INFO - [2022-07-06 16:52:47,932] {dag.py:2927} INFO - Setting next_dagrun for example_subdag_operator.section-1 to None, run_after=None
[2022-07-06 16:52:47,932] {logging_mixin.py:115} INFO - [2022-07-06 16:52:47,932] {dag.py:2927} INFO - Setting next_dagrun for example_subdag_operator.section-2 to None, run_after=None
[2022-07-06 16:52:47,940] {logging_mixin.py:115} INFO - [2022-07-06 16:52:47,940] {dag.py:2379} INFO - Sync 2 DAGs
[2022-07-06 16:52:47,948] {logging_mixin.py:115} INFO - [2022-07-06 16:52:47,948] {dag.py:2927} INFO - Setting next_dagrun for example_subdag_operator.section-1 to None, run_after=None
[2022-07-06 16:52:47,949] {logging_mixin.py:115} INFO - [2022-07-06 16:52:47,948] {dag.py:2927} INFO - Setting next_dagrun for example_subdag_operator.section-2 to None, run_after=None
[2022-07-06 16:52:47,965] {processor.py:161} INFO - Processing /Users/joyang0419/opt/anaconda3/envs/AirFlowBasicExample/lib/python3.8/site-packages/airflow/example_dags/example_subdag_operator.py took 0.119 seconds
[2022-07-06 16:53:00,787] {processor.py:153} INFO - Started process (PID=12990) to work on /Users/joyang0419/opt/anaconda3/envs/AirFlowBasicExample/lib/python3.8/site-packages/airflow/example_dags/example_subdag_operator.py
[2022-07-06 16:53:00,787] {processor.py:641} INFO - Processing file /Users/joyang0419/opt/anaconda3/envs/AirFlowBasicExample/lib/python3.8/site-packages/airflow/example_dags/example_subdag_operator.py for tasks to queue
[2022-07-06 16:53:00,787] {logging_mixin.py:115} INFO - [2022-07-06 16:53:00,787] {dagbag.py:507} INFO - Filling up the DagBag from /Users/joyang0419/opt/anaconda3/envs/AirFlowBasicExample/lib/python3.8/site-packages/airflow/example_dags/example_subdag_operator.py
[2022-07-06 16:53:00,843] {processor.py:651} INFO - DAG(s) dict_keys(['example_subdag_operator.section-1', 'example_subdag_operator.section-2', 'example_subdag_operator']) retrieved from /Users/joyang0419/opt/anaconda3/envs/AirFlowBasicExample/lib/python3.8/site-packages/airflow/example_dags/example_subdag_operator.py
[2022-07-06 16:53:00,864] {logging_mixin.py:115} INFO - [2022-07-06 16:53:00,864] {dag.py:2379} INFO - Sync 3 DAGs
[2022-07-06 16:53:00,876] {logging_mixin.py:115} INFO - [2022-07-06 16:53:00,876] {dag.py:2927} INFO - Setting next_dagrun for example_subdag_operator to 2022-01-01T00:00:00+00:00, run_after=2022-01-01T00:00:00+00:00
[2022-07-06 16:53:00,876] {logging_mixin.py:115} INFO - [2022-07-06 16:53:00,876] {dag.py:2927} INFO - Setting next_dagrun for example_subdag_operator.section-1 to None, run_after=None
[2022-07-06 16:53:00,876] {logging_mixin.py:115} INFO - [2022-07-06 16:53:00,876] {dag.py:2927} INFO - Setting next_dagrun for example_subdag_operator.section-2 to None, run_after=None
[2022-07-06 16:53:00,883] {logging_mixin.py:115} INFO - [2022-07-06 16:53:00,883] {dag.py:2379} INFO - Sync 2 DAGs
[2022-07-06 16:53:00,889] {logging_mixin.py:115} INFO - [2022-07-06 16:53:00,889] {dag.py:2927} INFO - Setting next_dagrun for example_subdag_operator.section-1 to None, run_after=None
[2022-07-06 16:53:00,890] {logging_mixin.py:115} INFO - [2022-07-06 16:53:00,890] {dag.py:2927} INFO - Setting next_dagrun for example_subdag_operator.section-2 to None, run_after=None
[2022-07-06 16:53:00,905] {processor.py:161} INFO - Processing /Users/joyang0419/opt/anaconda3/envs/AirFlowBasicExample/lib/python3.8/site-packages/airflow/example_dags/example_subdag_operator.py took 0.118 seconds
[2022-07-06 16:53:11,107] {processor.py:153} INFO - Started process (PID=13055) to work on /Users/joyang0419/opt/anaconda3/envs/AirFlowBasicExample/lib/python3.8/site-packages/airflow/example_dags/example_subdag_operator.py
[2022-07-06 16:53:11,107] {processor.py:641} INFO - Processing file /Users/joyang0419/opt/anaconda3/envs/AirFlowBasicExample/lib/python3.8/site-packages/airflow/example_dags/example_subdag_operator.py for tasks to queue
[2022-07-06 16:53:11,108] {logging_mixin.py:115} INFO - [2022-07-06 16:53:11,108] {dagbag.py:507} INFO - Filling up the DagBag from /Users/joyang0419/opt/anaconda3/envs/AirFlowBasicExample/lib/python3.8/site-packages/airflow/example_dags/example_subdag_operator.py
[2022-07-06 16:53:11,168] {processor.py:651} INFO - DAG(s) dict_keys(['example_subdag_operator.section-1', 'example_subdag_operator.section-2', 'example_subdag_operator']) retrieved from /Users/joyang0419/opt/anaconda3/envs/AirFlowBasicExample/lib/python3.8/site-packages/airflow/example_dags/example_subdag_operator.py
[2022-07-06 16:53:11,193] {logging_mixin.py:115} INFO - [2022-07-06 16:53:11,193] {dag.py:2379} INFO - Sync 3 DAGs
[2022-07-06 16:53:11,207] {logging_mixin.py:115} INFO - [2022-07-06 16:53:11,207] {dag.py:2927} INFO - Setting next_dagrun for example_subdag_operator to 2022-01-01T00:00:00+00:00, run_after=2022-01-01T00:00:00+00:00
[2022-07-06 16:53:11,207] {logging_mixin.py:115} INFO - [2022-07-06 16:53:11,207] {dag.py:2927} INFO - Setting next_dagrun for example_subdag_operator.section-1 to None, run_after=None
[2022-07-06 16:53:11,207] {logging_mixin.py:115} INFO - [2022-07-06 16:53:11,207] {dag.py:2927} INFO - Setting next_dagrun for example_subdag_operator.section-2 to None, run_after=None
[2022-07-06 16:53:11,215] {logging_mixin.py:115} INFO - [2022-07-06 16:53:11,215] {dag.py:2379} INFO - Sync 2 DAGs
[2022-07-06 16:53:11,222] {logging_mixin.py:115} INFO - [2022-07-06 16:53:11,222] {dag.py:2927} INFO - Setting next_dagrun for example_subdag_operator.section-1 to None, run_after=None
[2022-07-06 16:53:11,222] {logging_mixin.py:115} INFO - [2022-07-06 16:53:11,222] {dag.py:2927} INFO - Setting next_dagrun for example_subdag_operator.section-2 to None, run_after=None
[2022-07-06 16:53:11,237] {processor.py:161} INFO - Processing /Users/joyang0419/opt/anaconda3/envs/AirFlowBasicExample/lib/python3.8/site-packages/airflow/example_dags/example_subdag_operator.py took 0.130 seconds
[2022-07-06 16:53:22,517] {processor.py:153} INFO - Started process (PID=13123) to work on /Users/joyang0419/opt/anaconda3/envs/AirFlowBasicExample/lib/python3.8/site-packages/airflow/example_dags/example_subdag_operator.py
[2022-07-06 16:53:22,517] {processor.py:641} INFO - Processing file /Users/joyang0419/opt/anaconda3/envs/AirFlowBasicExample/lib/python3.8/site-packages/airflow/example_dags/example_subdag_operator.py for tasks to queue
[2022-07-06 16:53:22,517] {logging_mixin.py:115} INFO - [2022-07-06 16:53:22,517] {dagbag.py:507} INFO - Filling up the DagBag from /Users/joyang0419/opt/anaconda3/envs/AirFlowBasicExample/lib/python3.8/site-packages/airflow/example_dags/example_subdag_operator.py
[2022-07-06 16:53:22,573] {processor.py:651} INFO - DAG(s) dict_keys(['example_subdag_operator.section-1', 'example_subdag_operator.section-2', 'example_subdag_operator']) retrieved from /Users/joyang0419/opt/anaconda3/envs/AirFlowBasicExample/lib/python3.8/site-packages/airflow/example_dags/example_subdag_operator.py
[2022-07-06 16:53:22,598] {logging_mixin.py:115} INFO - [2022-07-06 16:53:22,597] {dag.py:2379} INFO - Sync 3 DAGs
[2022-07-06 16:53:22,614] {logging_mixin.py:115} INFO - [2022-07-06 16:53:22,614] {dag.py:2927} INFO - Setting next_dagrun for example_subdag_operator to 2022-01-01T00:00:00+00:00, run_after=2022-01-01T00:00:00+00:00
[2022-07-06 16:53:22,615] {logging_mixin.py:115} INFO - [2022-07-06 16:53:22,615] {dag.py:2927} INFO - Setting next_dagrun for example_subdag_operator.section-1 to None, run_after=None
[2022-07-06 16:53:22,615] {logging_mixin.py:115} INFO - [2022-07-06 16:53:22,615] {dag.py:2927} INFO - Setting next_dagrun for example_subdag_operator.section-2 to None, run_after=None
[2022-07-06 16:53:22,623] {logging_mixin.py:115} INFO - [2022-07-06 16:53:22,623] {dag.py:2379} INFO - Sync 2 DAGs
[2022-07-06 16:53:22,630] {logging_mixin.py:115} INFO - [2022-07-06 16:53:22,630] {dag.py:2927} INFO - Setting next_dagrun for example_subdag_operator.section-1 to None, run_after=None
[2022-07-06 16:53:22,630] {logging_mixin.py:115} INFO - [2022-07-06 16:53:22,630] {dag.py:2927} INFO - Setting next_dagrun for example_subdag_operator.section-2 to None, run_after=None
[2022-07-06 16:53:22,645] {processor.py:161} INFO - Processing /Users/joyang0419/opt/anaconda3/envs/AirFlowBasicExample/lib/python3.8/site-packages/airflow/example_dags/example_subdag_operator.py took 0.129 seconds
[2022-07-06 16:53:33,945] {processor.py:153} INFO - Started process (PID=13189) to work on /Users/joyang0419/opt/anaconda3/envs/AirFlowBasicExample/lib/python3.8/site-packages/airflow/example_dags/example_subdag_operator.py
[2022-07-06 16:53:33,945] {processor.py:641} INFO - Processing file /Users/joyang0419/opt/anaconda3/envs/AirFlowBasicExample/lib/python3.8/site-packages/airflow/example_dags/example_subdag_operator.py for tasks to queue
[2022-07-06 16:53:33,945] {logging_mixin.py:115} INFO - [2022-07-06 16:53:33,945] {dagbag.py:507} INFO - Filling up the DagBag from /Users/joyang0419/opt/anaconda3/envs/AirFlowBasicExample/lib/python3.8/site-packages/airflow/example_dags/example_subdag_operator.py
[2022-07-06 16:53:34,014] {processor.py:651} INFO - DAG(s) dict_keys(['example_subdag_operator.section-1', 'example_subdag_operator.section-2', 'example_subdag_operator']) retrieved from /Users/joyang0419/opt/anaconda3/envs/AirFlowBasicExample/lib/python3.8/site-packages/airflow/example_dags/example_subdag_operator.py
[2022-07-06 16:53:34,038] {logging_mixin.py:115} INFO - [2022-07-06 16:53:34,038] {dag.py:2379} INFO - Sync 3 DAGs
[2022-07-06 16:53:34,054] {logging_mixin.py:115} INFO - [2022-07-06 16:53:34,054] {dag.py:2927} INFO - Setting next_dagrun for example_subdag_operator to 2022-01-01T00:00:00+00:00, run_after=2022-01-01T00:00:00+00:00
[2022-07-06 16:53:34,054] {logging_mixin.py:115} INFO - [2022-07-06 16:53:34,054] {dag.py:2927} INFO - Setting next_dagrun for example_subdag_operator.section-1 to None, run_after=None
[2022-07-06 16:53:34,054] {logging_mixin.py:115} INFO - [2022-07-06 16:53:34,054] {dag.py:2927} INFO - Setting next_dagrun for example_subdag_operator.section-2 to None, run_after=None
[2022-07-06 16:53:34,064] {logging_mixin.py:115} INFO - [2022-07-06 16:53:34,064] {dag.py:2379} INFO - Sync 2 DAGs
[2022-07-06 16:53:34,072] {logging_mixin.py:115} INFO - [2022-07-06 16:53:34,072] {dag.py:2927} INFO - Setting next_dagrun for example_subdag_operator.section-1 to None, run_after=None
[2022-07-06 16:53:34,072] {logging_mixin.py:115} INFO - [2022-07-06 16:53:34,072] {dag.py:2927} INFO - Setting next_dagrun for example_subdag_operator.section-2 to None, run_after=None
[2022-07-06 16:53:34,098] {processor.py:161} INFO - Processing /Users/joyang0419/opt/anaconda3/envs/AirFlowBasicExample/lib/python3.8/site-packages/airflow/example_dags/example_subdag_operator.py took 0.154 seconds
[2022-07-06 16:53:45,245] {processor.py:153} INFO - Started process (PID=13259) to work on /Users/joyang0419/opt/anaconda3/envs/AirFlowBasicExample/lib/python3.8/site-packages/airflow/example_dags/example_subdag_operator.py
[2022-07-06 16:53:45,245] {processor.py:641} INFO - Processing file /Users/joyang0419/opt/anaconda3/envs/AirFlowBasicExample/lib/python3.8/site-packages/airflow/example_dags/example_subdag_operator.py for tasks to queue
[2022-07-06 16:53:45,246] {logging_mixin.py:115} INFO - [2022-07-06 16:53:45,246] {dagbag.py:507} INFO - Filling up the DagBag from /Users/joyang0419/opt/anaconda3/envs/AirFlowBasicExample/lib/python3.8/site-packages/airflow/example_dags/example_subdag_operator.py
[2022-07-06 16:53:45,296] {processor.py:651} INFO - DAG(s) dict_keys(['example_subdag_operator.section-1', 'example_subdag_operator.section-2', 'example_subdag_operator']) retrieved from /Users/joyang0419/opt/anaconda3/envs/AirFlowBasicExample/lib/python3.8/site-packages/airflow/example_dags/example_subdag_operator.py
[2022-07-06 16:53:45,316] {logging_mixin.py:115} INFO - [2022-07-06 16:53:45,316] {dag.py:2379} INFO - Sync 3 DAGs
[2022-07-06 16:53:45,327] {logging_mixin.py:115} INFO - [2022-07-06 16:53:45,327] {dag.py:2927} INFO - Setting next_dagrun for example_subdag_operator to 2022-01-01T00:00:00+00:00, run_after=2022-01-01T00:00:00+00:00
[2022-07-06 16:53:45,328] {logging_mixin.py:115} INFO - [2022-07-06 16:53:45,328] {dag.py:2927} INFO - Setting next_dagrun for example_subdag_operator.section-1 to None, run_after=None
[2022-07-06 16:53:45,328] {logging_mixin.py:115} INFO - [2022-07-06 16:53:45,328] {dag.py:2927} INFO - Setting next_dagrun for example_subdag_operator.section-2 to None, run_after=None
[2022-07-06 16:53:45,334] {logging_mixin.py:115} INFO - [2022-07-06 16:53:45,334] {dag.py:2379} INFO - Sync 2 DAGs
[2022-07-06 16:53:45,339] {logging_mixin.py:115} INFO - [2022-07-06 16:53:45,339] {dag.py:2927} INFO - Setting next_dagrun for example_subdag_operator.section-1 to None, run_after=None
[2022-07-06 16:53:45,339] {logging_mixin.py:115} INFO - [2022-07-06 16:53:45,339] {dag.py:2927} INFO - Setting next_dagrun for example_subdag_operator.section-2 to None, run_after=None
[2022-07-06 16:53:45,356] {processor.py:161} INFO - Processing /Users/joyang0419/opt/anaconda3/envs/AirFlowBasicExample/lib/python3.8/site-packages/airflow/example_dags/example_subdag_operator.py took 0.112 seconds
[2022-07-06 16:53:55,905] {processor.py:153} INFO - Started process (PID=13330) to work on /Users/joyang0419/opt/anaconda3/envs/AirFlowBasicExample/lib/python3.8/site-packages/airflow/example_dags/example_subdag_operator.py
[2022-07-06 16:53:55,906] {processor.py:641} INFO - Processing file /Users/joyang0419/opt/anaconda3/envs/AirFlowBasicExample/lib/python3.8/site-packages/airflow/example_dags/example_subdag_operator.py for tasks to queue
[2022-07-06 16:53:55,906] {logging_mixin.py:115} INFO - [2022-07-06 16:53:55,906] {dagbag.py:507} INFO - Filling up the DagBag from /Users/joyang0419/opt/anaconda3/envs/AirFlowBasicExample/lib/python3.8/site-packages/airflow/example_dags/example_subdag_operator.py
[2022-07-06 16:53:55,975] {processor.py:651} INFO - DAG(s) dict_keys(['example_subdag_operator.section-1', 'example_subdag_operator.section-2', 'example_subdag_operator']) retrieved from /Users/joyang0419/opt/anaconda3/envs/AirFlowBasicExample/lib/python3.8/site-packages/airflow/example_dags/example_subdag_operator.py
[2022-07-06 16:53:55,998] {logging_mixin.py:115} INFO - [2022-07-06 16:53:55,997] {dag.py:2379} INFO - Sync 3 DAGs
[2022-07-06 16:53:56,011] {logging_mixin.py:115} INFO - [2022-07-06 16:53:56,010] {dag.py:2927} INFO - Setting next_dagrun for example_subdag_operator to 2022-01-01T00:00:00+00:00, run_after=2022-01-01T00:00:00+00:00
[2022-07-06 16:53:56,011] {logging_mixin.py:115} INFO - [2022-07-06 16:53:56,011] {dag.py:2927} INFO - Setting next_dagrun for example_subdag_operator.section-1 to None, run_after=None
[2022-07-06 16:53:56,011] {logging_mixin.py:115} INFO - [2022-07-06 16:53:56,011] {dag.py:2927} INFO - Setting next_dagrun for example_subdag_operator.section-2 to None, run_after=None
[2022-07-06 16:53:56,018] {logging_mixin.py:115} INFO - [2022-07-06 16:53:56,018] {dag.py:2379} INFO - Sync 2 DAGs
[2022-07-06 16:53:56,024] {logging_mixin.py:115} INFO - [2022-07-06 16:53:56,024] {dag.py:2927} INFO - Setting next_dagrun for example_subdag_operator.section-1 to None, run_after=None
[2022-07-06 16:53:56,024] {logging_mixin.py:115} INFO - [2022-07-06 16:53:56,024] {dag.py:2927} INFO - Setting next_dagrun for example_subdag_operator.section-2 to None, run_after=None
[2022-07-06 16:53:56,039] {processor.py:161} INFO - Processing /Users/joyang0419/opt/anaconda3/envs/AirFlowBasicExample/lib/python3.8/site-packages/airflow/example_dags/example_subdag_operator.py took 0.134 seconds
[2022-07-06 16:54:08,002] {processor.py:153} INFO - Started process (PID=13411) to work on /Users/joyang0419/opt/anaconda3/envs/AirFlowBasicExample/lib/python3.8/site-packages/airflow/example_dags/example_subdag_operator.py
[2022-07-06 16:54:08,002] {processor.py:641} INFO - Processing file /Users/joyang0419/opt/anaconda3/envs/AirFlowBasicExample/lib/python3.8/site-packages/airflow/example_dags/example_subdag_operator.py for tasks to queue
[2022-07-06 16:54:08,002] {logging_mixin.py:115} INFO - [2022-07-06 16:54:08,002] {dagbag.py:507} INFO - Filling up the DagBag from /Users/joyang0419/opt/anaconda3/envs/AirFlowBasicExample/lib/python3.8/site-packages/airflow/example_dags/example_subdag_operator.py
[2022-07-06 16:54:08,058] {processor.py:651} INFO - DAG(s) dict_keys(['example_subdag_operator.section-1', 'example_subdag_operator.section-2', 'example_subdag_operator']) retrieved from /Users/joyang0419/opt/anaconda3/envs/AirFlowBasicExample/lib/python3.8/site-packages/airflow/example_dags/example_subdag_operator.py
[2022-07-06 16:54:08,080] {logging_mixin.py:115} INFO - [2022-07-06 16:54:08,080] {dag.py:2379} INFO - Sync 3 DAGs
[2022-07-06 16:54:08,091] {logging_mixin.py:115} INFO - [2022-07-06 16:54:08,091] {dag.py:2927} INFO - Setting next_dagrun for example_subdag_operator to 2022-01-01T00:00:00+00:00, run_after=2022-01-01T00:00:00+00:00
[2022-07-06 16:54:08,091] {logging_mixin.py:115} INFO - [2022-07-06 16:54:08,091] {dag.py:2927} INFO - Setting next_dagrun for example_subdag_operator.section-1 to None, run_after=None
[2022-07-06 16:54:08,091] {logging_mixin.py:115} INFO - [2022-07-06 16:54:08,091] {dag.py:2927} INFO - Setting next_dagrun for example_subdag_operator.section-2 to None, run_after=None
[2022-07-06 16:54:08,099] {logging_mixin.py:115} INFO - [2022-07-06 16:54:08,099] {dag.py:2379} INFO - Sync 2 DAGs
[2022-07-06 16:54:08,105] {logging_mixin.py:115} INFO - [2022-07-06 16:54:08,105] {dag.py:2927} INFO - Setting next_dagrun for example_subdag_operator.section-1 to None, run_after=None
[2022-07-06 16:54:08,105] {logging_mixin.py:115} INFO - [2022-07-06 16:54:08,105] {dag.py:2927} INFO - Setting next_dagrun for example_subdag_operator.section-2 to None, run_after=None
[2022-07-06 16:54:08,119] {processor.py:161} INFO - Processing /Users/joyang0419/opt/anaconda3/envs/AirFlowBasicExample/lib/python3.8/site-packages/airflow/example_dags/example_subdag_operator.py took 0.118 seconds
