[2022-07-06 16:48:56,333] {processor.py:153} INFO - Started process (PID=12157) to work on /Users/joyang0419/opt/anaconda3/envs/AirFlowBasicExample/lib/python3.8/site-packages/airflow/example_dags/example_task_group_decorator.py
[2022-07-06 16:48:56,333] {processor.py:641} INFO - Processing file /Users/joyang0419/opt/anaconda3/envs/AirFlowBasicExample/lib/python3.8/site-packages/airflow/example_dags/example_task_group_decorator.py for tasks to queue
[2022-07-06 16:48:56,333] {logging_mixin.py:115} INFO - [2022-07-06 16:48:56,333] {dagbag.py:507} INFO - Filling up the DagBag from /Users/joyang0419/opt/anaconda3/envs/AirFlowBasicExample/lib/python3.8/site-packages/airflow/example_dags/example_task_group_decorator.py
[2022-07-06 16:48:56,371] {processor.py:651} INFO - DAG(s) dict_keys(['example_task_group_decorator']) retrieved from /Users/joyang0419/opt/anaconda3/envs/AirFlowBasicExample/lib/python3.8/site-packages/airflow/example_dags/example_task_group_decorator.py
[2022-07-06 16:48:57,149] {logging_mixin.py:115} INFO - [2022-07-06 16:48:57,149] {manager.py:508} INFO - Created Permission View: can delete on DAG:example_task_group_decorator
[2022-07-06 16:48:57,197] {logging_mixin.py:115} INFO - [2022-07-06 16:48:57,197] {manager.py:508} INFO - Created Permission View: can edit on DAG:example_task_group_decorator
[2022-07-06 16:48:57,237] {logging_mixin.py:115} INFO - [2022-07-06 16:48:57,237] {manager.py:508} INFO - Created Permission View: can read on DAG:example_task_group_decorator
[2022-07-06 16:48:57,238] {logging_mixin.py:115} INFO - [2022-07-06 16:48:57,238] {dag.py:2379} INFO - Sync 1 DAGs
[2022-07-06 16:48:57,256] {logging_mixin.py:115} INFO - [2022-07-06 16:48:57,255] {dag.py:2398} INFO - Creating ORM DAG for example_task_group_decorator
[2022-07-06 16:48:57,275] {logging_mixin.py:115} INFO - [2022-07-06 16:48:57,274] {dag.py:2927} INFO - Setting next_dagrun for example_task_group_decorator to 2022-07-05T08:48:57.274503+00:00, run_after=2022-07-06T08:48:57.274503+00:00
[2022-07-06 16:48:57,336] {processor.py:161} INFO - Processing /Users/joyang0419/opt/anaconda3/envs/AirFlowBasicExample/lib/python3.8/site-packages/airflow/example_dags/example_task_group_decorator.py took 1.003 seconds
[2022-07-06 16:50:05,988] {processor.py:153} INFO - Started process (PID=12446) to work on /Users/joyang0419/opt/anaconda3/envs/AirFlowBasicExample/lib/python3.8/site-packages/airflow/example_dags/example_task_group_decorator.py
[2022-07-06 16:50:05,989] {processor.py:641} INFO - Processing file /Users/joyang0419/opt/anaconda3/envs/AirFlowBasicExample/lib/python3.8/site-packages/airflow/example_dags/example_task_group_decorator.py for tasks to queue
[2022-07-06 16:50:05,989] {logging_mixin.py:115} INFO - [2022-07-06 16:50:05,989] {dagbag.py:507} INFO - Filling up the DagBag from /Users/joyang0419/opt/anaconda3/envs/AirFlowBasicExample/lib/python3.8/site-packages/airflow/example_dags/example_task_group_decorator.py
[2022-07-06 16:50:06,010] {processor.py:651} INFO - DAG(s) dict_keys(['example_task_group_decorator']) retrieved from /Users/joyang0419/opt/anaconda3/envs/AirFlowBasicExample/lib/python3.8/site-packages/airflow/example_dags/example_task_group_decorator.py
[2022-07-06 16:50:06,420] {logging_mixin.py:115} INFO - [2022-07-06 16:50:06,420] {dag.py:2379} INFO - Sync 1 DAGs
[2022-07-06 16:50:06,437] {logging_mixin.py:115} INFO - [2022-07-06 16:50:06,437] {dag.py:2927} INFO - Setting next_dagrun for example_task_group_decorator to 2022-07-05T08:50:06.437364+00:00, run_after=2022-07-06T08:50:06.437364+00:00
[2022-07-06 16:50:06,473] {processor.py:161} INFO - Processing /Users/joyang0419/opt/anaconda3/envs/AirFlowBasicExample/lib/python3.8/site-packages/airflow/example_dags/example_task_group_decorator.py took 0.486 seconds
[2022-07-06 16:50:21,417] {processor.py:153} INFO - Started process (PID=12515) to work on /Users/joyang0419/opt/anaconda3/envs/AirFlowBasicExample/lib/python3.8/site-packages/airflow/example_dags/example_task_group_decorator.py
[2022-07-06 16:50:21,417] {processor.py:641} INFO - Processing file /Users/joyang0419/opt/anaconda3/envs/AirFlowBasicExample/lib/python3.8/site-packages/airflow/example_dags/example_task_group_decorator.py for tasks to queue
[2022-07-06 16:50:21,417] {logging_mixin.py:115} INFO - [2022-07-06 16:50:21,417] {dagbag.py:507} INFO - Filling up the DagBag from /Users/joyang0419/opt/anaconda3/envs/AirFlowBasicExample/lib/python3.8/site-packages/airflow/example_dags/example_task_group_decorator.py
[2022-07-06 16:50:21,438] {processor.py:651} INFO - DAG(s) dict_keys(['example_task_group_decorator']) retrieved from /Users/joyang0419/opt/anaconda3/envs/AirFlowBasicExample/lib/python3.8/site-packages/airflow/example_dags/example_task_group_decorator.py
[2022-07-06 16:50:21,467] {logging_mixin.py:115} INFO - [2022-07-06 16:50:21,467] {dag.py:2379} INFO - Sync 1 DAGs
[2022-07-06 16:50:21,501] {logging_mixin.py:115} INFO - [2022-07-06 16:50:21,501] {dag.py:2927} INFO - Setting next_dagrun for example_task_group_decorator to 2022-07-05T08:50:21.501150+00:00, run_after=2022-07-06T08:50:21.501150+00:00
[2022-07-06 16:50:21,524] {processor.py:161} INFO - Processing /Users/joyang0419/opt/anaconda3/envs/AirFlowBasicExample/lib/python3.8/site-packages/airflow/example_dags/example_task_group_decorator.py took 0.108 seconds
[2022-07-06 16:50:31,389] {processor.py:153} INFO - Started process (PID=12579) to work on /Users/joyang0419/opt/anaconda3/envs/AirFlowBasicExample/lib/python3.8/site-packages/airflow/example_dags/example_task_group_decorator.py
[2022-07-06 16:50:31,389] {processor.py:641} INFO - Processing file /Users/joyang0419/opt/anaconda3/envs/AirFlowBasicExample/lib/python3.8/site-packages/airflow/example_dags/example_task_group_decorator.py for tasks to queue
[2022-07-06 16:50:31,389] {logging_mixin.py:115} INFO - [2022-07-06 16:50:31,389] {dagbag.py:507} INFO - Filling up the DagBag from /Users/joyang0419/opt/anaconda3/envs/AirFlowBasicExample/lib/python3.8/site-packages/airflow/example_dags/example_task_group_decorator.py
[2022-07-06 16:50:31,410] {processor.py:651} INFO - DAG(s) dict_keys(['example_task_group_decorator']) retrieved from /Users/joyang0419/opt/anaconda3/envs/AirFlowBasicExample/lib/python3.8/site-packages/airflow/example_dags/example_task_group_decorator.py
[2022-07-06 16:50:31,455] {logging_mixin.py:115} INFO - [2022-07-06 16:50:31,455] {dag.py:2379} INFO - Sync 1 DAGs
[2022-07-06 16:50:31,486] {logging_mixin.py:115} INFO - [2022-07-06 16:50:31,486] {dag.py:2927} INFO - Setting next_dagrun for example_task_group_decorator to 2022-07-05T08:50:31.486365+00:00, run_after=2022-07-06T08:50:31.486365+00:00
[2022-07-06 16:50:31,505] {processor.py:161} INFO - Processing /Users/joyang0419/opt/anaconda3/envs/AirFlowBasicExample/lib/python3.8/site-packages/airflow/example_dags/example_task_group_decorator.py took 0.116 seconds
[2022-07-06 16:50:42,942] {processor.py:153} INFO - Started process (PID=12648) to work on /Users/joyang0419/opt/anaconda3/envs/AirFlowBasicExample/lib/python3.8/site-packages/airflow/example_dags/example_task_group_decorator.py
[2022-07-06 16:50:42,943] {processor.py:641} INFO - Processing file /Users/joyang0419/opt/anaconda3/envs/AirFlowBasicExample/lib/python3.8/site-packages/airflow/example_dags/example_task_group_decorator.py for tasks to queue
[2022-07-06 16:50:42,943] {logging_mixin.py:115} INFO - [2022-07-06 16:50:42,943] {dagbag.py:507} INFO - Filling up the DagBag from /Users/joyang0419/opt/anaconda3/envs/AirFlowBasicExample/lib/python3.8/site-packages/airflow/example_dags/example_task_group_decorator.py
[2022-07-06 16:50:42,967] {processor.py:651} INFO - DAG(s) dict_keys(['example_task_group_decorator']) retrieved from /Users/joyang0419/opt/anaconda3/envs/AirFlowBasicExample/lib/python3.8/site-packages/airflow/example_dags/example_task_group_decorator.py
[2022-07-06 16:50:43,440] {logging_mixin.py:115} INFO - [2022-07-06 16:50:43,439] {dag.py:2379} INFO - Sync 1 DAGs
[2022-07-06 16:50:43,457] {logging_mixin.py:115} INFO - [2022-07-06 16:50:43,457] {dag.py:2927} INFO - Setting next_dagrun for example_task_group_decorator to 2022-07-05T08:50:43.457405+00:00, run_after=2022-07-06T08:50:43.457405+00:00
[2022-07-06 16:50:43,499] {processor.py:161} INFO - Processing /Users/joyang0419/opt/anaconda3/envs/AirFlowBasicExample/lib/python3.8/site-packages/airflow/example_dags/example_task_group_decorator.py took 0.557 seconds
[2022-07-06 16:52:25,844] {processor.py:153} INFO - Started process (PID=12779) to work on /Users/joyang0419/opt/anaconda3/envs/AirFlowBasicExample/lib/python3.8/site-packages/airflow/example_dags/example_task_group_decorator.py
[2022-07-06 16:52:25,845] {processor.py:641} INFO - Processing file /Users/joyang0419/opt/anaconda3/envs/AirFlowBasicExample/lib/python3.8/site-packages/airflow/example_dags/example_task_group_decorator.py for tasks to queue
[2022-07-06 16:52:25,845] {logging_mixin.py:115} INFO - [2022-07-06 16:52:25,845] {dagbag.py:507} INFO - Filling up the DagBag from /Users/joyang0419/opt/anaconda3/envs/AirFlowBasicExample/lib/python3.8/site-packages/airflow/example_dags/example_task_group_decorator.py
[2022-07-06 16:52:25,867] {processor.py:651} INFO - DAG(s) dict_keys(['example_task_group_decorator']) retrieved from /Users/joyang0419/opt/anaconda3/envs/AirFlowBasicExample/lib/python3.8/site-packages/airflow/example_dags/example_task_group_decorator.py
[2022-07-06 16:52:26,285] {logging_mixin.py:115} INFO - [2022-07-06 16:52:26,285] {dag.py:2379} INFO - Sync 1 DAGs
[2022-07-06 16:52:26,299] {logging_mixin.py:115} INFO - [2022-07-06 16:52:26,299] {dag.py:2927} INFO - Setting next_dagrun for example_task_group_decorator to 2022-07-05T08:52:26.299354+00:00, run_after=2022-07-06T08:52:26.299354+00:00
[2022-07-06 16:52:26,332] {processor.py:161} INFO - Processing /Users/joyang0419/opt/anaconda3/envs/AirFlowBasicExample/lib/python3.8/site-packages/airflow/example_dags/example_task_group_decorator.py took 0.488 seconds
[2022-07-06 16:52:36,700] {processor.py:153} INFO - Started process (PID=12847) to work on /Users/joyang0419/opt/anaconda3/envs/AirFlowBasicExample/lib/python3.8/site-packages/airflow/example_dags/example_task_group_decorator.py
[2022-07-06 16:52:36,700] {processor.py:641} INFO - Processing file /Users/joyang0419/opt/anaconda3/envs/AirFlowBasicExample/lib/python3.8/site-packages/airflow/example_dags/example_task_group_decorator.py for tasks to queue
[2022-07-06 16:52:36,700] {logging_mixin.py:115} INFO - [2022-07-06 16:52:36,700] {dagbag.py:507} INFO - Filling up the DagBag from /Users/joyang0419/opt/anaconda3/envs/AirFlowBasicExample/lib/python3.8/site-packages/airflow/example_dags/example_task_group_decorator.py
[2022-07-06 16:52:36,723] {processor.py:651} INFO - DAG(s) dict_keys(['example_task_group_decorator']) retrieved from /Users/joyang0419/opt/anaconda3/envs/AirFlowBasicExample/lib/python3.8/site-packages/airflow/example_dags/example_task_group_decorator.py
[2022-07-06 16:52:36,761] {logging_mixin.py:115} INFO - [2022-07-06 16:52:36,761] {dag.py:2379} INFO - Sync 1 DAGs
[2022-07-06 16:52:36,790] {logging_mixin.py:115} INFO - [2022-07-06 16:52:36,790] {dag.py:2927} INFO - Setting next_dagrun for example_task_group_decorator to 2022-07-05T08:52:36.790184+00:00, run_after=2022-07-06T08:52:36.790184+00:00
[2022-07-06 16:52:36,805] {processor.py:161} INFO - Processing /Users/joyang0419/opt/anaconda3/envs/AirFlowBasicExample/lib/python3.8/site-packages/airflow/example_dags/example_task_group_decorator.py took 0.105 seconds
[2022-07-06 16:52:47,220] {processor.py:153} INFO - Started process (PID=12914) to work on /Users/joyang0419/opt/anaconda3/envs/AirFlowBasicExample/lib/python3.8/site-packages/airflow/example_dags/example_task_group_decorator.py
[2022-07-06 16:52:47,220] {processor.py:641} INFO - Processing file /Users/joyang0419/opt/anaconda3/envs/AirFlowBasicExample/lib/python3.8/site-packages/airflow/example_dags/example_task_group_decorator.py for tasks to queue
[2022-07-06 16:52:47,220] {logging_mixin.py:115} INFO - [2022-07-06 16:52:47,220] {dagbag.py:507} INFO - Filling up the DagBag from /Users/joyang0419/opt/anaconda3/envs/AirFlowBasicExample/lib/python3.8/site-packages/airflow/example_dags/example_task_group_decorator.py
[2022-07-06 16:52:47,242] {processor.py:651} INFO - DAG(s) dict_keys(['example_task_group_decorator']) retrieved from /Users/joyang0419/opt/anaconda3/envs/AirFlowBasicExample/lib/python3.8/site-packages/airflow/example_dags/example_task_group_decorator.py
[2022-07-06 16:52:47,272] {logging_mixin.py:115} INFO - [2022-07-06 16:52:47,272] {dag.py:2379} INFO - Sync 1 DAGs
[2022-07-06 16:52:47,301] {logging_mixin.py:115} INFO - [2022-07-06 16:52:47,301] {dag.py:2927} INFO - Setting next_dagrun for example_task_group_decorator to 2022-07-05T08:52:47.301614+00:00, run_after=2022-07-06T08:52:47.301614+00:00
[2022-07-06 16:52:47,320] {processor.py:161} INFO - Processing /Users/joyang0419/opt/anaconda3/envs/AirFlowBasicExample/lib/python3.8/site-packages/airflow/example_dags/example_task_group_decorator.py took 0.100 seconds
[2022-07-06 16:52:59,934] {processor.py:153} INFO - Started process (PID=12986) to work on /Users/joyang0419/opt/anaconda3/envs/AirFlowBasicExample/lib/python3.8/site-packages/airflow/example_dags/example_task_group_decorator.py
[2022-07-06 16:52:59,934] {processor.py:641} INFO - Processing file /Users/joyang0419/opt/anaconda3/envs/AirFlowBasicExample/lib/python3.8/site-packages/airflow/example_dags/example_task_group_decorator.py for tasks to queue
[2022-07-06 16:52:59,934] {logging_mixin.py:115} INFO - [2022-07-06 16:52:59,934] {dagbag.py:507} INFO - Filling up the DagBag from /Users/joyang0419/opt/anaconda3/envs/AirFlowBasicExample/lib/python3.8/site-packages/airflow/example_dags/example_task_group_decorator.py
[2022-07-06 16:52:59,959] {processor.py:651} INFO - DAG(s) dict_keys(['example_task_group_decorator']) retrieved from /Users/joyang0419/opt/anaconda3/envs/AirFlowBasicExample/lib/python3.8/site-packages/airflow/example_dags/example_task_group_decorator.py
[2022-07-06 16:53:00,408] {logging_mixin.py:115} INFO - [2022-07-06 16:53:00,408] {dag.py:2379} INFO - Sync 1 DAGs
[2022-07-06 16:53:00,423] {logging_mixin.py:115} INFO - [2022-07-06 16:53:00,423] {dag.py:2927} INFO - Setting next_dagrun for example_task_group_decorator to 2022-07-05T08:53:00.423377+00:00, run_after=2022-07-06T08:53:00.423377+00:00
[2022-07-06 16:53:00,470] {processor.py:161} INFO - Processing /Users/joyang0419/opt/anaconda3/envs/AirFlowBasicExample/lib/python3.8/site-packages/airflow/example_dags/example_task_group_decorator.py took 0.537 seconds
[2022-07-06 16:53:10,480] {processor.py:153} INFO - Started process (PID=13051) to work on /Users/joyang0419/opt/anaconda3/envs/AirFlowBasicExample/lib/python3.8/site-packages/airflow/example_dags/example_task_group_decorator.py
[2022-07-06 16:53:10,480] {processor.py:641} INFO - Processing file /Users/joyang0419/opt/anaconda3/envs/AirFlowBasicExample/lib/python3.8/site-packages/airflow/example_dags/example_task_group_decorator.py for tasks to queue
[2022-07-06 16:53:10,481] {logging_mixin.py:115} INFO - [2022-07-06 16:53:10,481] {dagbag.py:507} INFO - Filling up the DagBag from /Users/joyang0419/opt/anaconda3/envs/AirFlowBasicExample/lib/python3.8/site-packages/airflow/example_dags/example_task_group_decorator.py
[2022-07-06 16:53:10,502] {processor.py:651} INFO - DAG(s) dict_keys(['example_task_group_decorator']) retrieved from /Users/joyang0419/opt/anaconda3/envs/AirFlowBasicExample/lib/python3.8/site-packages/airflow/example_dags/example_task_group_decorator.py
[2022-07-06 16:53:10,532] {logging_mixin.py:115} INFO - [2022-07-06 16:53:10,532] {dag.py:2379} INFO - Sync 1 DAGs
[2022-07-06 16:53:10,566] {logging_mixin.py:115} INFO - [2022-07-06 16:53:10,566] {dag.py:2927} INFO - Setting next_dagrun for example_task_group_decorator to 2022-07-05T08:53:10.566523+00:00, run_after=2022-07-06T08:53:10.566523+00:00
[2022-07-06 16:53:10,584] {processor.py:161} INFO - Processing /Users/joyang0419/opt/anaconda3/envs/AirFlowBasicExample/lib/python3.8/site-packages/airflow/example_dags/example_task_group_decorator.py took 0.104 seconds
[2022-07-06 16:53:21,896] {processor.py:153} INFO - Started process (PID=13119) to work on /Users/joyang0419/opt/anaconda3/envs/AirFlowBasicExample/lib/python3.8/site-packages/airflow/example_dags/example_task_group_decorator.py
[2022-07-06 16:53:21,896] {processor.py:641} INFO - Processing file /Users/joyang0419/opt/anaconda3/envs/AirFlowBasicExample/lib/python3.8/site-packages/airflow/example_dags/example_task_group_decorator.py for tasks to queue
[2022-07-06 16:53:21,896] {logging_mixin.py:115} INFO - [2022-07-06 16:53:21,896] {dagbag.py:507} INFO - Filling up the DagBag from /Users/joyang0419/opt/anaconda3/envs/AirFlowBasicExample/lib/python3.8/site-packages/airflow/example_dags/example_task_group_decorator.py
[2022-07-06 16:53:21,921] {processor.py:651} INFO - DAG(s) dict_keys(['example_task_group_decorator']) retrieved from /Users/joyang0419/opt/anaconda3/envs/AirFlowBasicExample/lib/python3.8/site-packages/airflow/example_dags/example_task_group_decorator.py
[2022-07-06 16:53:21,959] {logging_mixin.py:115} INFO - [2022-07-06 16:53:21,959] {dag.py:2379} INFO - Sync 1 DAGs
[2022-07-06 16:53:21,991] {logging_mixin.py:115} INFO - [2022-07-06 16:53:21,991] {dag.py:2927} INFO - Setting next_dagrun for example_task_group_decorator to 2022-07-05T08:53:21.991287+00:00, run_after=2022-07-06T08:53:21.991287+00:00
[2022-07-06 16:53:22,008] {processor.py:161} INFO - Processing /Users/joyang0419/opt/anaconda3/envs/AirFlowBasicExample/lib/python3.8/site-packages/airflow/example_dags/example_task_group_decorator.py took 0.113 seconds
[2022-07-06 16:53:32,893] {processor.py:153} INFO - Started process (PID=13185) to work on /Users/joyang0419/opt/anaconda3/envs/AirFlowBasicExample/lib/python3.8/site-packages/airflow/example_dags/example_task_group_decorator.py
[2022-07-06 16:53:32,893] {processor.py:641} INFO - Processing file /Users/joyang0419/opt/anaconda3/envs/AirFlowBasicExample/lib/python3.8/site-packages/airflow/example_dags/example_task_group_decorator.py for tasks to queue
[2022-07-06 16:53:32,894] {logging_mixin.py:115} INFO - [2022-07-06 16:53:32,894] {dagbag.py:507} INFO - Filling up the DagBag from /Users/joyang0419/opt/anaconda3/envs/AirFlowBasicExample/lib/python3.8/site-packages/airflow/example_dags/example_task_group_decorator.py
[2022-07-06 16:53:32,915] {processor.py:651} INFO - DAG(s) dict_keys(['example_task_group_decorator']) retrieved from /Users/joyang0419/opt/anaconda3/envs/AirFlowBasicExample/lib/python3.8/site-packages/airflow/example_dags/example_task_group_decorator.py
[2022-07-06 16:53:33,318] {logging_mixin.py:115} INFO - [2022-07-06 16:53:33,318] {dag.py:2379} INFO - Sync 1 DAGs
[2022-07-06 16:53:33,331] {logging_mixin.py:115} INFO - [2022-07-06 16:53:33,331] {dag.py:2927} INFO - Setting next_dagrun for example_task_group_decorator to 2022-07-05T08:53:33.331707+00:00, run_after=2022-07-06T08:53:33.331707+00:00
[2022-07-06 16:53:33,355] {processor.py:161} INFO - Processing /Users/joyang0419/opt/anaconda3/envs/AirFlowBasicExample/lib/python3.8/site-packages/airflow/example_dags/example_task_group_decorator.py took 0.462 seconds
[2022-07-06 16:53:44,620] {processor.py:153} INFO - Started process (PID=13255) to work on /Users/joyang0419/opt/anaconda3/envs/AirFlowBasicExample/lib/python3.8/site-packages/airflow/example_dags/example_task_group_decorator.py
[2022-07-06 16:53:44,621] {processor.py:641} INFO - Processing file /Users/joyang0419/opt/anaconda3/envs/AirFlowBasicExample/lib/python3.8/site-packages/airflow/example_dags/example_task_group_decorator.py for tasks to queue
[2022-07-06 16:53:44,621] {logging_mixin.py:115} INFO - [2022-07-06 16:53:44,621] {dagbag.py:507} INFO - Filling up the DagBag from /Users/joyang0419/opt/anaconda3/envs/AirFlowBasicExample/lib/python3.8/site-packages/airflow/example_dags/example_task_group_decorator.py
[2022-07-06 16:53:44,643] {processor.py:651} INFO - DAG(s) dict_keys(['example_task_group_decorator']) retrieved from /Users/joyang0419/opt/anaconda3/envs/AirFlowBasicExample/lib/python3.8/site-packages/airflow/example_dags/example_task_group_decorator.py
[2022-07-06 16:53:44,674] {logging_mixin.py:115} INFO - [2022-07-06 16:53:44,674] {dag.py:2379} INFO - Sync 1 DAGs
[2022-07-06 16:53:44,705] {logging_mixin.py:115} INFO - [2022-07-06 16:53:44,705] {dag.py:2927} INFO - Setting next_dagrun for example_task_group_decorator to 2022-07-05T08:53:44.705320+00:00, run_after=2022-07-06T08:53:44.705320+00:00
[2022-07-06 16:53:44,723] {processor.py:161} INFO - Processing /Users/joyang0419/opt/anaconda3/envs/AirFlowBasicExample/lib/python3.8/site-packages/airflow/example_dags/example_task_group_decorator.py took 0.103 seconds
[2022-07-06 16:53:55,193] {processor.py:153} INFO - Started process (PID=13326) to work on /Users/joyang0419/opt/anaconda3/envs/AirFlowBasicExample/lib/python3.8/site-packages/airflow/example_dags/example_task_group_decorator.py
[2022-07-06 16:53:55,193] {processor.py:641} INFO - Processing file /Users/joyang0419/opt/anaconda3/envs/AirFlowBasicExample/lib/python3.8/site-packages/airflow/example_dags/example_task_group_decorator.py for tasks to queue
[2022-07-06 16:53:55,193] {logging_mixin.py:115} INFO - [2022-07-06 16:53:55,193] {dagbag.py:507} INFO - Filling up the DagBag from /Users/joyang0419/opt/anaconda3/envs/AirFlowBasicExample/lib/python3.8/site-packages/airflow/example_dags/example_task_group_decorator.py
[2022-07-06 16:53:55,219] {processor.py:651} INFO - DAG(s) dict_keys(['example_task_group_decorator']) retrieved from /Users/joyang0419/opt/anaconda3/envs/AirFlowBasicExample/lib/python3.8/site-packages/airflow/example_dags/example_task_group_decorator.py
[2022-07-06 16:53:55,264] {logging_mixin.py:115} INFO - [2022-07-06 16:53:55,264] {dag.py:2379} INFO - Sync 1 DAGs
[2022-07-06 16:53:55,300] {logging_mixin.py:115} INFO - [2022-07-06 16:53:55,300] {dag.py:2927} INFO - Setting next_dagrun for example_task_group_decorator to 2022-07-05T08:53:55.300021+00:00, run_after=2022-07-06T08:53:55.300021+00:00
[2022-07-06 16:53:55,322] {processor.py:161} INFO - Processing /Users/joyang0419/opt/anaconda3/envs/AirFlowBasicExample/lib/python3.8/site-packages/airflow/example_dags/example_task_group_decorator.py took 0.130 seconds
[2022-07-06 16:54:07,088] {processor.py:153} INFO - Started process (PID=13407) to work on /Users/joyang0419/opt/anaconda3/envs/AirFlowBasicExample/lib/python3.8/site-packages/airflow/example_dags/example_task_group_decorator.py
[2022-07-06 16:54:07,088] {processor.py:641} INFO - Processing file /Users/joyang0419/opt/anaconda3/envs/AirFlowBasicExample/lib/python3.8/site-packages/airflow/example_dags/example_task_group_decorator.py for tasks to queue
[2022-07-06 16:54:07,089] {logging_mixin.py:115} INFO - [2022-07-06 16:54:07,089] {dagbag.py:507} INFO - Filling up the DagBag from /Users/joyang0419/opt/anaconda3/envs/AirFlowBasicExample/lib/python3.8/site-packages/airflow/example_dags/example_task_group_decorator.py
[2022-07-06 16:54:07,111] {processor.py:651} INFO - DAG(s) dict_keys(['example_task_group_decorator']) retrieved from /Users/joyang0419/opt/anaconda3/envs/AirFlowBasicExample/lib/python3.8/site-packages/airflow/example_dags/example_task_group_decorator.py
[2022-07-06 16:54:07,542] {logging_mixin.py:115} INFO - [2022-07-06 16:54:07,542] {dag.py:2379} INFO - Sync 1 DAGs
[2022-07-06 16:54:07,557] {logging_mixin.py:115} INFO - [2022-07-06 16:54:07,557] {dag.py:2927} INFO - Setting next_dagrun for example_task_group_decorator to 2022-07-05T08:54:07.557594+00:00, run_after=2022-07-06T08:54:07.557594+00:00
[2022-07-06 16:54:07,584] {processor.py:161} INFO - Processing /Users/joyang0419/opt/anaconda3/envs/AirFlowBasicExample/lib/python3.8/site-packages/airflow/example_dags/example_task_group_decorator.py took 0.496 seconds
