[2022-07-06 16:50:17,000] {processor.py:153} INFO - Started process (PID=12489) to work on /Users/joyang0419/opt/anaconda3/envs/AirFlowBasicExample/lib/python3.8/site-packages/airflow/example_dags/example_branch_datetime_operator.py
[2022-07-06 16:50:17,000] {processor.py:641} INFO - Processing file /Users/joyang0419/opt/anaconda3/envs/AirFlowBasicExample/lib/python3.8/site-packages/airflow/example_dags/example_branch_datetime_operator.py for tasks to queue
[2022-07-06 16:50:17,000] {logging_mixin.py:115} INFO - [2022-07-06 16:50:17,000] {dagbag.py:507} INFO - Filling up the DagBag from /Users/joyang0419/opt/anaconda3/envs/AirFlowBasicExample/lib/python3.8/site-packages/airflow/example_dags/example_branch_datetime_operator.py
[2022-07-06 16:50:17,009] {processor.py:651} INFO - DAG(s) dict_keys(['example_branch_datetime_operator_2']) retrieved from /Users/joyang0419/opt/anaconda3/envs/AirFlowBasicExample/lib/python3.8/site-packages/airflow/example_dags/example_branch_datetime_operator.py
[2022-07-06 16:50:17,543] {logging_mixin.py:115} INFO - [2022-07-06 16:50:17,543] {manager.py:508} INFO - Created Permission View: can read on DAG:example_branch_datetime_operator_2
[2022-07-06 16:50:17,554] {logging_mixin.py:115} INFO - [2022-07-06 16:50:17,554] {manager.py:508} INFO - Created Permission View: can edit on DAG:example_branch_datetime_operator_2
[2022-07-06 16:50:17,567] {logging_mixin.py:115} INFO - [2022-07-06 16:50:17,567] {manager.py:508} INFO - Created Permission View: can delete on DAG:example_branch_datetime_operator_2
[2022-07-06 16:50:17,567] {logging_mixin.py:115} INFO - [2022-07-06 16:50:17,567] {dag.py:2379} INFO - Sync 1 DAGs
[2022-07-06 16:50:17,572] {logging_mixin.py:115} INFO - [2022-07-06 16:50:17,572] {dag.py:2398} INFO - Creating ORM DAG for example_branch_datetime_operator_2
[2022-07-06 16:50:17,580] {logging_mixin.py:115} INFO - [2022-07-06 16:50:17,580] {dag.py:2927} INFO - Setting next_dagrun for example_branch_datetime_operator_2 to 2022-07-05T00:00:00+00:00, run_after=2022-07-06T00:00:00+00:00
[2022-07-06 16:50:17,599] {processor.py:161} INFO - Processing /Users/joyang0419/opt/anaconda3/envs/AirFlowBasicExample/lib/python3.8/site-packages/airflow/example_dags/example_branch_datetime_operator.py took 0.600 seconds
[2022-07-06 16:50:37,808] {processor.py:153} INFO - Started process (PID=12619) to work on /Users/joyang0419/opt/anaconda3/envs/AirFlowBasicExample/lib/python3.8/site-packages/airflow/example_dags/example_branch_datetime_operator.py
[2022-07-06 16:50:37,808] {processor.py:641} INFO - Processing file /Users/joyang0419/opt/anaconda3/envs/AirFlowBasicExample/lib/python3.8/site-packages/airflow/example_dags/example_branch_datetime_operator.py for tasks to queue
[2022-07-06 16:50:37,808] {logging_mixin.py:115} INFO - [2022-07-06 16:50:37,808] {dagbag.py:507} INFO - Filling up the DagBag from /Users/joyang0419/opt/anaconda3/envs/AirFlowBasicExample/lib/python3.8/site-packages/airflow/example_dags/example_branch_datetime_operator.py
[2022-07-06 16:50:37,816] {processor.py:651} INFO - DAG(s) dict_keys(['example_branch_datetime_operator_2']) retrieved from /Users/joyang0419/opt/anaconda3/envs/AirFlowBasicExample/lib/python3.8/site-packages/airflow/example_dags/example_branch_datetime_operator.py
[2022-07-06 16:50:37,850] {logging_mixin.py:115} INFO - [2022-07-06 16:50:37,850] {dag.py:2379} INFO - Sync 1 DAGs
[2022-07-06 16:50:37,883] {logging_mixin.py:115} INFO - [2022-07-06 16:50:37,883] {dag.py:2927} INFO - Setting next_dagrun for example_branch_datetime_operator_2 to 2022-07-05T00:00:00+00:00, run_after=2022-07-06T00:00:00+00:00
[2022-07-06 16:50:37,903] {processor.py:161} INFO - Processing /Users/joyang0419/opt/anaconda3/envs/AirFlowBasicExample/lib/python3.8/site-packages/airflow/example_dags/example_branch_datetime_operator.py took 0.096 seconds
[2022-07-06 16:52:32,917] {processor.py:153} INFO - Started process (PID=12821) to work on /Users/joyang0419/opt/anaconda3/envs/AirFlowBasicExample/lib/python3.8/site-packages/airflow/example_dags/example_branch_datetime_operator.py
[2022-07-06 16:52:32,918] {processor.py:641} INFO - Processing file /Users/joyang0419/opt/anaconda3/envs/AirFlowBasicExample/lib/python3.8/site-packages/airflow/example_dags/example_branch_datetime_operator.py for tasks to queue
[2022-07-06 16:52:32,918] {logging_mixin.py:115} INFO - [2022-07-06 16:52:32,918] {dagbag.py:507} INFO - Filling up the DagBag from /Users/joyang0419/opt/anaconda3/envs/AirFlowBasicExample/lib/python3.8/site-packages/airflow/example_dags/example_branch_datetime_operator.py
[2022-07-06 16:52:32,926] {processor.py:651} INFO - DAG(s) dict_keys(['example_branch_datetime_operator_2']) retrieved from /Users/joyang0419/opt/anaconda3/envs/AirFlowBasicExample/lib/python3.8/site-packages/airflow/example_dags/example_branch_datetime_operator.py
[2022-07-06 16:52:32,988] {logging_mixin.py:115} INFO - [2022-07-06 16:52:32,988] {dag.py:2379} INFO - Sync 1 DAGs
[2022-07-06 16:52:33,006] {logging_mixin.py:115} INFO - [2022-07-06 16:52:33,006] {dag.py:2927} INFO - Setting next_dagrun for example_branch_datetime_operator_2 to 2022-07-05T00:00:00+00:00, run_after=2022-07-06T00:00:00+00:00
[2022-07-06 16:52:33,028] {processor.py:161} INFO - Processing /Users/joyang0419/opt/anaconda3/envs/AirFlowBasicExample/lib/python3.8/site-packages/airflow/example_dags/example_branch_datetime_operator.py took 0.112 seconds
[2022-07-06 16:52:43,440] {processor.py:153} INFO - Started process (PID=12889) to work on /Users/joyang0419/opt/anaconda3/envs/AirFlowBasicExample/lib/python3.8/site-packages/airflow/example_dags/example_branch_datetime_operator.py
[2022-07-06 16:52:43,440] {processor.py:641} INFO - Processing file /Users/joyang0419/opt/anaconda3/envs/AirFlowBasicExample/lib/python3.8/site-packages/airflow/example_dags/example_branch_datetime_operator.py for tasks to queue
[2022-07-06 16:52:43,440] {logging_mixin.py:115} INFO - [2022-07-06 16:52:43,440] {dagbag.py:507} INFO - Filling up the DagBag from /Users/joyang0419/opt/anaconda3/envs/AirFlowBasicExample/lib/python3.8/site-packages/airflow/example_dags/example_branch_datetime_operator.py
[2022-07-06 16:52:43,448] {processor.py:651} INFO - DAG(s) dict_keys(['example_branch_datetime_operator_2']) retrieved from /Users/joyang0419/opt/anaconda3/envs/AirFlowBasicExample/lib/python3.8/site-packages/airflow/example_dags/example_branch_datetime_operator.py
[2022-07-06 16:52:43,513] {logging_mixin.py:115} INFO - [2022-07-06 16:52:43,512] {dag.py:2379} INFO - Sync 1 DAGs
[2022-07-06 16:52:43,526] {logging_mixin.py:115} INFO - [2022-07-06 16:52:43,526] {dag.py:2927} INFO - Setting next_dagrun for example_branch_datetime_operator_2 to 2022-07-05T00:00:00+00:00, run_after=2022-07-06T00:00:00+00:00
[2022-07-06 16:52:43,543] {processor.py:161} INFO - Processing /Users/joyang0419/opt/anaconda3/envs/AirFlowBasicExample/lib/python3.8/site-packages/airflow/example_dags/example_branch_datetime_operator.py took 0.104 seconds
[2022-07-06 16:53:06,791] {processor.py:153} INFO - Started process (PID=13028) to work on /Users/joyang0419/opt/anaconda3/envs/AirFlowBasicExample/lib/python3.8/site-packages/airflow/example_dags/example_branch_datetime_operator.py
[2022-07-06 16:53:06,792] {processor.py:641} INFO - Processing file /Users/joyang0419/opt/anaconda3/envs/AirFlowBasicExample/lib/python3.8/site-packages/airflow/example_dags/example_branch_datetime_operator.py for tasks to queue
[2022-07-06 16:53:06,792] {logging_mixin.py:115} INFO - [2022-07-06 16:53:06,792] {dagbag.py:507} INFO - Filling up the DagBag from /Users/joyang0419/opt/anaconda3/envs/AirFlowBasicExample/lib/python3.8/site-packages/airflow/example_dags/example_branch_datetime_operator.py
[2022-07-06 16:53:06,801] {processor.py:651} INFO - DAG(s) dict_keys(['example_branch_datetime_operator_2']) retrieved from /Users/joyang0419/opt/anaconda3/envs/AirFlowBasicExample/lib/python3.8/site-packages/airflow/example_dags/example_branch_datetime_operator.py
[2022-07-06 16:53:06,856] {logging_mixin.py:115} INFO - [2022-07-06 16:53:06,855] {dag.py:2379} INFO - Sync 1 DAGs
[2022-07-06 16:53:06,868] {logging_mixin.py:115} INFO - [2022-07-06 16:53:06,868] {dag.py:2927} INFO - Setting next_dagrun for example_branch_datetime_operator_2 to 2022-07-05T00:00:00+00:00, run_after=2022-07-06T00:00:00+00:00
[2022-07-06 16:53:06,885] {processor.py:161} INFO - Processing /Users/joyang0419/opt/anaconda3/envs/AirFlowBasicExample/lib/python3.8/site-packages/airflow/example_dags/example_branch_datetime_operator.py took 0.094 seconds
[2022-07-06 16:53:28,795] {processor.py:153} INFO - Started process (PID=13161) to work on /Users/joyang0419/opt/anaconda3/envs/AirFlowBasicExample/lib/python3.8/site-packages/airflow/example_dags/example_branch_datetime_operator.py
[2022-07-06 16:53:28,795] {processor.py:641} INFO - Processing file /Users/joyang0419/opt/anaconda3/envs/AirFlowBasicExample/lib/python3.8/site-packages/airflow/example_dags/example_branch_datetime_operator.py for tasks to queue
[2022-07-06 16:53:28,795] {logging_mixin.py:115} INFO - [2022-07-06 16:53:28,795] {dagbag.py:507} INFO - Filling up the DagBag from /Users/joyang0419/opt/anaconda3/envs/AirFlowBasicExample/lib/python3.8/site-packages/airflow/example_dags/example_branch_datetime_operator.py
[2022-07-06 16:53:28,804] {processor.py:651} INFO - DAG(s) dict_keys(['example_branch_datetime_operator_2']) retrieved from /Users/joyang0419/opt/anaconda3/envs/AirFlowBasicExample/lib/python3.8/site-packages/airflow/example_dags/example_branch_datetime_operator.py
[2022-07-06 16:53:28,867] {logging_mixin.py:115} INFO - [2022-07-06 16:53:28,867] {dag.py:2379} INFO - Sync 1 DAGs
[2022-07-06 16:53:28,881] {logging_mixin.py:115} INFO - [2022-07-06 16:53:28,881] {dag.py:2927} INFO - Setting next_dagrun for example_branch_datetime_operator_2 to 2022-07-05T00:00:00+00:00, run_after=2022-07-06T00:00:00+00:00
[2022-07-06 16:53:28,902] {processor.py:161} INFO - Processing /Users/joyang0419/opt/anaconda3/envs/AirFlowBasicExample/lib/python3.8/site-packages/airflow/example_dags/example_branch_datetime_operator.py took 0.107 seconds
[2022-07-06 16:53:51,237] {processor.py:153} INFO - Started process (PID=13300) to work on /Users/joyang0419/opt/anaconda3/envs/AirFlowBasicExample/lib/python3.8/site-packages/airflow/example_dags/example_branch_datetime_operator.py
[2022-07-06 16:53:51,238] {processor.py:641} INFO - Processing file /Users/joyang0419/opt/anaconda3/envs/AirFlowBasicExample/lib/python3.8/site-packages/airflow/example_dags/example_branch_datetime_operator.py for tasks to queue
[2022-07-06 16:53:51,239] {logging_mixin.py:115} INFO - [2022-07-06 16:53:51,239] {dagbag.py:507} INFO - Filling up the DagBag from /Users/joyang0419/opt/anaconda3/envs/AirFlowBasicExample/lib/python3.8/site-packages/airflow/example_dags/example_branch_datetime_operator.py
[2022-07-06 16:53:51,247] {processor.py:651} INFO - DAG(s) dict_keys(['example_branch_datetime_operator_2']) retrieved from /Users/joyang0419/opt/anaconda3/envs/AirFlowBasicExample/lib/python3.8/site-packages/airflow/example_dags/example_branch_datetime_operator.py
[2022-07-06 16:53:51,305] {logging_mixin.py:115} INFO - [2022-07-06 16:53:51,305] {dag.py:2379} INFO - Sync 1 DAGs
[2022-07-06 16:53:51,319] {logging_mixin.py:115} INFO - [2022-07-06 16:53:51,318] {dag.py:2927} INFO - Setting next_dagrun for example_branch_datetime_operator_2 to 2022-07-05T00:00:00+00:00, run_after=2022-07-06T00:00:00+00:00
[2022-07-06 16:53:51,340] {processor.py:161} INFO - Processing /Users/joyang0419/opt/anaconda3/envs/AirFlowBasicExample/lib/python3.8/site-packages/airflow/example_dags/example_branch_datetime_operator.py took 0.103 seconds
