[2022-07-06 16:50:10,497] {processor.py:153} INFO - Started process (PID=12466) to work on /Users/joyang0419/opt/anaconda3/envs/AirFlowBasicExample/lib/python3.8/site-packages/airflow/example_dags/example_latest_only_with_trigger.py
[2022-07-06 16:50:10,497] {processor.py:641} INFO - Processing file /Users/joyang0419/opt/anaconda3/envs/AirFlowBasicExample/lib/python3.8/site-packages/airflow/example_dags/example_latest_only_with_trigger.py for tasks to queue
[2022-07-06 16:50:10,497] {logging_mixin.py:115} INFO - [2022-07-06 16:50:10,497] {dagbag.py:507} INFO - Filling up the DagBag from /Users/joyang0419/opt/anaconda3/envs/AirFlowBasicExample/lib/python3.8/site-packages/airflow/example_dags/example_latest_only_with_trigger.py
[2022-07-06 16:50:10,505] {processor.py:651} INFO - DAG(s) dict_keys(['latest_only_with_trigger']) retrieved from /Users/joyang0419/opt/anaconda3/envs/AirFlowBasicExample/lib/python3.8/site-packages/airflow/example_dags/example_latest_only_with_trigger.py
[2022-07-06 16:50:11,043] {logging_mixin.py:115} INFO - [2022-07-06 16:50:11,042] {manager.py:508} INFO - Created Permission View: can delete on DAG:latest_only_with_trigger
[2022-07-06 16:50:11,057] {logging_mixin.py:115} INFO - [2022-07-06 16:50:11,057] {manager.py:508} INFO - Created Permission View: can read on DAG:latest_only_with_trigger
[2022-07-06 16:50:11,069] {logging_mixin.py:115} INFO - [2022-07-06 16:50:11,069] {manager.py:508} INFO - Created Permission View: can edit on DAG:latest_only_with_trigger
[2022-07-06 16:50:11,069] {logging_mixin.py:115} INFO - [2022-07-06 16:50:11,069] {dag.py:2379} INFO - Sync 1 DAGs
[2022-07-06 16:50:11,074] {logging_mixin.py:115} INFO - [2022-07-06 16:50:11,074] {dag.py:2398} INFO - Creating ORM DAG for latest_only_with_trigger
[2022-07-06 16:50:11,081] {logging_mixin.py:115} INFO - [2022-07-06 16:50:11,081] {dag.py:2927} INFO - Setting next_dagrun for latest_only_with_trigger to 2022-07-06T04:50:11.081660+00:00, run_after=2022-07-06T08:50:11.081660+00:00
[2022-07-06 16:50:11,100] {processor.py:161} INFO - Processing /Users/joyang0419/opt/anaconda3/envs/AirFlowBasicExample/lib/python3.8/site-packages/airflow/example_dags/example_latest_only_with_trigger.py took 0.603 seconds
[2022-07-06 16:50:24,491] {processor.py:153} INFO - Started process (PID=12535) to work on /Users/joyang0419/opt/anaconda3/envs/AirFlowBasicExample/lib/python3.8/site-packages/airflow/example_dags/example_latest_only_with_trigger.py
[2022-07-06 16:50:24,491] {processor.py:641} INFO - Processing file /Users/joyang0419/opt/anaconda3/envs/AirFlowBasicExample/lib/python3.8/site-packages/airflow/example_dags/example_latest_only_with_trigger.py for tasks to queue
[2022-07-06 16:50:24,491] {logging_mixin.py:115} INFO - [2022-07-06 16:50:24,491] {dagbag.py:507} INFO - Filling up the DagBag from /Users/joyang0419/opt/anaconda3/envs/AirFlowBasicExample/lib/python3.8/site-packages/airflow/example_dags/example_latest_only_with_trigger.py
[2022-07-06 16:50:24,498] {processor.py:651} INFO - DAG(s) dict_keys(['latest_only_with_trigger']) retrieved from /Users/joyang0419/opt/anaconda3/envs/AirFlowBasicExample/lib/python3.8/site-packages/airflow/example_dags/example_latest_only_with_trigger.py
[2022-07-06 16:50:24,539] {logging_mixin.py:115} INFO - [2022-07-06 16:50:24,539] {dag.py:2379} INFO - Sync 1 DAGs
[2022-07-06 16:50:24,573] {logging_mixin.py:115} INFO - [2022-07-06 16:50:24,573] {dag.py:2927} INFO - Setting next_dagrun for latest_only_with_trigger to 2022-07-06T04:50:24.573461+00:00, run_after=2022-07-06T08:50:24.573461+00:00
[2022-07-06 16:50:24,598] {processor.py:161} INFO - Processing /Users/joyang0419/opt/anaconda3/envs/AirFlowBasicExample/lib/python3.8/site-packages/airflow/example_dags/example_latest_only_with_trigger.py took 0.108 seconds
[2022-07-06 16:50:34,539] {processor.py:153} INFO - Started process (PID=12599) to work on /Users/joyang0419/opt/anaconda3/envs/AirFlowBasicExample/lib/python3.8/site-packages/airflow/example_dags/example_latest_only_with_trigger.py
[2022-07-06 16:50:34,539] {processor.py:641} INFO - Processing file /Users/joyang0419/opt/anaconda3/envs/AirFlowBasicExample/lib/python3.8/site-packages/airflow/example_dags/example_latest_only_with_trigger.py for tasks to queue
[2022-07-06 16:50:34,539] {logging_mixin.py:115} INFO - [2022-07-06 16:50:34,539] {dagbag.py:507} INFO - Filling up the DagBag from /Users/joyang0419/opt/anaconda3/envs/AirFlowBasicExample/lib/python3.8/site-packages/airflow/example_dags/example_latest_only_with_trigger.py
[2022-07-06 16:50:34,549] {processor.py:651} INFO - DAG(s) dict_keys(['latest_only_with_trigger']) retrieved from /Users/joyang0419/opt/anaconda3/envs/AirFlowBasicExample/lib/python3.8/site-packages/airflow/example_dags/example_latest_only_with_trigger.py
[2022-07-06 16:50:34,592] {logging_mixin.py:115} INFO - [2022-07-06 16:50:34,591] {dag.py:2379} INFO - Sync 1 DAGs
[2022-07-06 16:50:34,629] {logging_mixin.py:115} INFO - [2022-07-06 16:50:34,629] {dag.py:2927} INFO - Setting next_dagrun for latest_only_with_trigger to 2022-07-06T04:50:34.629618+00:00, run_after=2022-07-06T08:50:34.629618+00:00
[2022-07-06 16:50:34,656] {processor.py:161} INFO - Processing /Users/joyang0419/opt/anaconda3/envs/AirFlowBasicExample/lib/python3.8/site-packages/airflow/example_dags/example_latest_only_with_trigger.py took 0.118 seconds
[2022-07-06 16:50:47,186] {processor.py:153} INFO - Started process (PID=12671) to work on /Users/joyang0419/opt/anaconda3/envs/AirFlowBasicExample/lib/python3.8/site-packages/airflow/example_dags/example_latest_only_with_trigger.py
[2022-07-06 16:50:47,186] {processor.py:641} INFO - Processing file /Users/joyang0419/opt/anaconda3/envs/AirFlowBasicExample/lib/python3.8/site-packages/airflow/example_dags/example_latest_only_with_trigger.py for tasks to queue
[2022-07-06 16:50:47,186] {logging_mixin.py:115} INFO - [2022-07-06 16:50:47,186] {dagbag.py:507} INFO - Filling up the DagBag from /Users/joyang0419/opt/anaconda3/envs/AirFlowBasicExample/lib/python3.8/site-packages/airflow/example_dags/example_latest_only_with_trigger.py
[2022-07-06 16:50:47,197] {processor.py:651} INFO - DAG(s) dict_keys(['latest_only_with_trigger']) retrieved from /Users/joyang0419/opt/anaconda3/envs/AirFlowBasicExample/lib/python3.8/site-packages/airflow/example_dags/example_latest_only_with_trigger.py
[2022-07-06 16:50:47,271] {logging_mixin.py:115} INFO - [2022-07-06 16:50:47,271] {dag.py:2379} INFO - Sync 1 DAGs
[2022-07-06 16:50:47,291] {logging_mixin.py:115} INFO - [2022-07-06 16:50:47,291] {dag.py:2927} INFO - Setting next_dagrun for latest_only_with_trigger to 2022-07-06T04:50:47.290997+00:00, run_after=2022-07-06T08:50:47.290997+00:00
[2022-07-06 16:50:47,317] {processor.py:161} INFO - Processing /Users/joyang0419/opt/anaconda3/envs/AirFlowBasicExample/lib/python3.8/site-packages/airflow/example_dags/example_latest_only_with_trigger.py took 0.131 seconds
[2022-07-06 16:52:29,049] {processor.py:153} INFO - Started process (PID=12799) to work on /Users/joyang0419/opt/anaconda3/envs/AirFlowBasicExample/lib/python3.8/site-packages/airflow/example_dags/example_latest_only_with_trigger.py
[2022-07-06 16:52:29,050] {processor.py:641} INFO - Processing file /Users/joyang0419/opt/anaconda3/envs/AirFlowBasicExample/lib/python3.8/site-packages/airflow/example_dags/example_latest_only_with_trigger.py for tasks to queue
[2022-07-06 16:52:29,050] {logging_mixin.py:115} INFO - [2022-07-06 16:52:29,050] {dagbag.py:507} INFO - Filling up the DagBag from /Users/joyang0419/opt/anaconda3/envs/AirFlowBasicExample/lib/python3.8/site-packages/airflow/example_dags/example_latest_only_with_trigger.py
[2022-07-06 16:52:29,058] {processor.py:651} INFO - DAG(s) dict_keys(['latest_only_with_trigger']) retrieved from /Users/joyang0419/opt/anaconda3/envs/AirFlowBasicExample/lib/python3.8/site-packages/airflow/example_dags/example_latest_only_with_trigger.py
[2022-07-06 16:52:29,118] {logging_mixin.py:115} INFO - [2022-07-06 16:52:29,118] {dag.py:2379} INFO - Sync 1 DAGs
[2022-07-06 16:52:29,133] {logging_mixin.py:115} INFO - [2022-07-06 16:52:29,133] {dag.py:2927} INFO - Setting next_dagrun for latest_only_with_trigger to 2022-07-06T04:52:29.133200+00:00, run_after=2022-07-06T08:52:29.133200+00:00
[2022-07-06 16:52:29,158] {processor.py:161} INFO - Processing /Users/joyang0419/opt/anaconda3/envs/AirFlowBasicExample/lib/python3.8/site-packages/airflow/example_dags/example_latest_only_with_trigger.py took 0.109 seconds
[2022-07-06 16:52:39,746] {processor.py:153} INFO - Started process (PID=12866) to work on /Users/joyang0419/opt/anaconda3/envs/AirFlowBasicExample/lib/python3.8/site-packages/airflow/example_dags/example_latest_only_with_trigger.py
[2022-07-06 16:52:39,746] {processor.py:641} INFO - Processing file /Users/joyang0419/opt/anaconda3/envs/AirFlowBasicExample/lib/python3.8/site-packages/airflow/example_dags/example_latest_only_with_trigger.py for tasks to queue
[2022-07-06 16:52:39,747] {logging_mixin.py:115} INFO - [2022-07-06 16:52:39,747] {dagbag.py:507} INFO - Filling up the DagBag from /Users/joyang0419/opt/anaconda3/envs/AirFlowBasicExample/lib/python3.8/site-packages/airflow/example_dags/example_latest_only_with_trigger.py
[2022-07-06 16:52:39,754] {processor.py:651} INFO - DAG(s) dict_keys(['latest_only_with_trigger']) retrieved from /Users/joyang0419/opt/anaconda3/envs/AirFlowBasicExample/lib/python3.8/site-packages/airflow/example_dags/example_latest_only_with_trigger.py
[2022-07-06 16:52:39,807] {logging_mixin.py:115} INFO - [2022-07-06 16:52:39,807] {dag.py:2379} INFO - Sync 1 DAGs
[2022-07-06 16:52:39,820] {logging_mixin.py:115} INFO - [2022-07-06 16:52:39,820] {dag.py:2927} INFO - Setting next_dagrun for latest_only_with_trigger to 2022-07-06T04:52:39.820653+00:00, run_after=2022-07-06T08:52:39.820653+00:00
[2022-07-06 16:52:39,838] {processor.py:161} INFO - Processing /Users/joyang0419/opt/anaconda3/envs/AirFlowBasicExample/lib/python3.8/site-packages/airflow/example_dags/example_latest_only_with_trigger.py took 0.092 seconds
[2022-07-06 16:52:50,606] {processor.py:153} INFO - Started process (PID=12934) to work on /Users/joyang0419/opt/anaconda3/envs/AirFlowBasicExample/lib/python3.8/site-packages/airflow/example_dags/example_latest_only_with_trigger.py
[2022-07-06 16:52:50,606] {processor.py:641} INFO - Processing file /Users/joyang0419/opt/anaconda3/envs/AirFlowBasicExample/lib/python3.8/site-packages/airflow/example_dags/example_latest_only_with_trigger.py for tasks to queue
[2022-07-06 16:52:50,606] {logging_mixin.py:115} INFO - [2022-07-06 16:52:50,606] {dagbag.py:507} INFO - Filling up the DagBag from /Users/joyang0419/opt/anaconda3/envs/AirFlowBasicExample/lib/python3.8/site-packages/airflow/example_dags/example_latest_only_with_trigger.py
[2022-07-06 16:52:50,613] {processor.py:651} INFO - DAG(s) dict_keys(['latest_only_with_trigger']) retrieved from /Users/joyang0419/opt/anaconda3/envs/AirFlowBasicExample/lib/python3.8/site-packages/airflow/example_dags/example_latest_only_with_trigger.py
[2022-07-06 16:52:50,663] {logging_mixin.py:115} INFO - [2022-07-06 16:52:50,662] {dag.py:2379} INFO - Sync 1 DAGs
[2022-07-06 16:52:50,682] {logging_mixin.py:115} INFO - [2022-07-06 16:52:50,682] {dag.py:2927} INFO - Setting next_dagrun for latest_only_with_trigger to 2022-07-06T04:52:50.682728+00:00, run_after=2022-07-06T08:52:50.682728+00:00
[2022-07-06 16:52:50,714] {processor.py:161} INFO - Processing /Users/joyang0419/opt/anaconda3/envs/AirFlowBasicExample/lib/python3.8/site-packages/airflow/example_dags/example_latest_only_with_trigger.py took 0.109 seconds
[2022-07-06 16:53:03,311] {processor.py:153} INFO - Started process (PID=13006) to work on /Users/joyang0419/opt/anaconda3/envs/AirFlowBasicExample/lib/python3.8/site-packages/airflow/example_dags/example_latest_only_with_trigger.py
[2022-07-06 16:53:03,311] {processor.py:641} INFO - Processing file /Users/joyang0419/opt/anaconda3/envs/AirFlowBasicExample/lib/python3.8/site-packages/airflow/example_dags/example_latest_only_with_trigger.py for tasks to queue
[2022-07-06 16:53:03,311] {logging_mixin.py:115} INFO - [2022-07-06 16:53:03,311] {dagbag.py:507} INFO - Filling up the DagBag from /Users/joyang0419/opt/anaconda3/envs/AirFlowBasicExample/lib/python3.8/site-packages/airflow/example_dags/example_latest_only_with_trigger.py
[2022-07-06 16:53:03,318] {processor.py:651} INFO - DAG(s) dict_keys(['latest_only_with_trigger']) retrieved from /Users/joyang0419/opt/anaconda3/envs/AirFlowBasicExample/lib/python3.8/site-packages/airflow/example_dags/example_latest_only_with_trigger.py
[2022-07-06 16:53:03,389] {logging_mixin.py:115} INFO - [2022-07-06 16:53:03,389] {dag.py:2379} INFO - Sync 1 DAGs
[2022-07-06 16:53:03,406] {logging_mixin.py:115} INFO - [2022-07-06 16:53:03,405] {dag.py:2927} INFO - Setting next_dagrun for latest_only_with_trigger to 2022-07-06T04:53:03.405816+00:00, run_after=2022-07-06T08:53:03.405816+00:00
[2022-07-06 16:53:03,436] {processor.py:161} INFO - Processing /Users/joyang0419/opt/anaconda3/envs/AirFlowBasicExample/lib/python3.8/site-packages/airflow/example_dags/example_latest_only_with_trigger.py took 0.125 seconds
[2022-07-06 16:53:14,240] {processor.py:153} INFO - Started process (PID=13071) to work on /Users/joyang0419/opt/anaconda3/envs/AirFlowBasicExample/lib/python3.8/site-packages/airflow/example_dags/example_latest_only_with_trigger.py
[2022-07-06 16:53:14,241] {processor.py:641} INFO - Processing file /Users/joyang0419/opt/anaconda3/envs/AirFlowBasicExample/lib/python3.8/site-packages/airflow/example_dags/example_latest_only_with_trigger.py for tasks to queue
[2022-07-06 16:53:14,241] {logging_mixin.py:115} INFO - [2022-07-06 16:53:14,241] {dagbag.py:507} INFO - Filling up the DagBag from /Users/joyang0419/opt/anaconda3/envs/AirFlowBasicExample/lib/python3.8/site-packages/airflow/example_dags/example_latest_only_with_trigger.py
[2022-07-06 16:53:14,249] {processor.py:651} INFO - DAG(s) dict_keys(['latest_only_with_trigger']) retrieved from /Users/joyang0419/opt/anaconda3/envs/AirFlowBasicExample/lib/python3.8/site-packages/airflow/example_dags/example_latest_only_with_trigger.py
[2022-07-06 16:53:14,328] {logging_mixin.py:115} INFO - [2022-07-06 16:53:14,328] {dag.py:2379} INFO - Sync 1 DAGs
[2022-07-06 16:53:14,350] {logging_mixin.py:115} INFO - [2022-07-06 16:53:14,350] {dag.py:2927} INFO - Setting next_dagrun for latest_only_with_trigger to 2022-07-06T04:53:14.350138+00:00, run_after=2022-07-06T08:53:14.350138+00:00
[2022-07-06 16:53:14,439] {processor.py:161} INFO - Processing /Users/joyang0419/opt/anaconda3/envs/AirFlowBasicExample/lib/python3.8/site-packages/airflow/example_dags/example_latest_only_with_trigger.py took 0.199 seconds
[2022-07-06 16:53:25,062] {processor.py:153} INFO - Started process (PID=13138) to work on /Users/joyang0419/opt/anaconda3/envs/AirFlowBasicExample/lib/python3.8/site-packages/airflow/example_dags/example_latest_only_with_trigger.py
[2022-07-06 16:53:25,063] {processor.py:641} INFO - Processing file /Users/joyang0419/opt/anaconda3/envs/AirFlowBasicExample/lib/python3.8/site-packages/airflow/example_dags/example_latest_only_with_trigger.py for tasks to queue
[2022-07-06 16:53:25,063] {logging_mixin.py:115} INFO - [2022-07-06 16:53:25,063] {dagbag.py:507} INFO - Filling up the DagBag from /Users/joyang0419/opt/anaconda3/envs/AirFlowBasicExample/lib/python3.8/site-packages/airflow/example_dags/example_latest_only_with_trigger.py
[2022-07-06 16:53:25,070] {processor.py:651} INFO - DAG(s) dict_keys(['latest_only_with_trigger']) retrieved from /Users/joyang0419/opt/anaconda3/envs/AirFlowBasicExample/lib/python3.8/site-packages/airflow/example_dags/example_latest_only_with_trigger.py
[2022-07-06 16:53:25,127] {logging_mixin.py:115} INFO - [2022-07-06 16:53:25,127] {dag.py:2379} INFO - Sync 1 DAGs
[2022-07-06 16:53:25,141] {logging_mixin.py:115} INFO - [2022-07-06 16:53:25,141] {dag.py:2927} INFO - Setting next_dagrun for latest_only_with_trigger to 2022-07-06T04:53:25.140950+00:00, run_after=2022-07-06T08:53:25.140950+00:00
[2022-07-06 16:53:25,160] {processor.py:161} INFO - Processing /Users/joyang0419/opt/anaconda3/envs/AirFlowBasicExample/lib/python3.8/site-packages/airflow/example_dags/example_latest_only_with_trigger.py took 0.098 seconds
[2022-07-06 16:53:36,700] {processor.py:153} INFO - Started process (PID=13205) to work on /Users/joyang0419/opt/anaconda3/envs/AirFlowBasicExample/lib/python3.8/site-packages/airflow/example_dags/example_latest_only_with_trigger.py
[2022-07-06 16:53:36,701] {processor.py:641} INFO - Processing file /Users/joyang0419/opt/anaconda3/envs/AirFlowBasicExample/lib/python3.8/site-packages/airflow/example_dags/example_latest_only_with_trigger.py for tasks to queue
[2022-07-06 16:53:36,701] {logging_mixin.py:115} INFO - [2022-07-06 16:53:36,701] {dagbag.py:507} INFO - Filling up the DagBag from /Users/joyang0419/opt/anaconda3/envs/AirFlowBasicExample/lib/python3.8/site-packages/airflow/example_dags/example_latest_only_with_trigger.py
[2022-07-06 16:53:36,708] {processor.py:651} INFO - DAG(s) dict_keys(['latest_only_with_trigger']) retrieved from /Users/joyang0419/opt/anaconda3/envs/AirFlowBasicExample/lib/python3.8/site-packages/airflow/example_dags/example_latest_only_with_trigger.py
[2022-07-06 16:53:36,767] {logging_mixin.py:115} INFO - [2022-07-06 16:53:36,767] {dag.py:2379} INFO - Sync 1 DAGs
[2022-07-06 16:53:36,782] {logging_mixin.py:115} INFO - [2022-07-06 16:53:36,782] {dag.py:2927} INFO - Setting next_dagrun for latest_only_with_trigger to 2022-07-06T04:53:36.782124+00:00, run_after=2022-07-06T08:53:36.782124+00:00
[2022-07-06 16:53:36,804] {processor.py:161} INFO - Processing /Users/joyang0419/opt/anaconda3/envs/AirFlowBasicExample/lib/python3.8/site-packages/airflow/example_dags/example_latest_only_with_trigger.py took 0.104 seconds
[2022-07-06 16:53:47,718] {processor.py:153} INFO - Started process (PID=13275) to work on /Users/joyang0419/opt/anaconda3/envs/AirFlowBasicExample/lib/python3.8/site-packages/airflow/example_dags/example_latest_only_with_trigger.py
[2022-07-06 16:53:47,718] {processor.py:641} INFO - Processing file /Users/joyang0419/opt/anaconda3/envs/AirFlowBasicExample/lib/python3.8/site-packages/airflow/example_dags/example_latest_only_with_trigger.py for tasks to queue
[2022-07-06 16:53:47,718] {logging_mixin.py:115} INFO - [2022-07-06 16:53:47,718] {dagbag.py:507} INFO - Filling up the DagBag from /Users/joyang0419/opt/anaconda3/envs/AirFlowBasicExample/lib/python3.8/site-packages/airflow/example_dags/example_latest_only_with_trigger.py
[2022-07-06 16:53:47,725] {processor.py:651} INFO - DAG(s) dict_keys(['latest_only_with_trigger']) retrieved from /Users/joyang0419/opt/anaconda3/envs/AirFlowBasicExample/lib/python3.8/site-packages/airflow/example_dags/example_latest_only_with_trigger.py
[2022-07-06 16:53:47,777] {logging_mixin.py:115} INFO - [2022-07-06 16:53:47,777] {dag.py:2379} INFO - Sync 1 DAGs
[2022-07-06 16:53:47,789] {logging_mixin.py:115} INFO - [2022-07-06 16:53:47,789] {dag.py:2927} INFO - Setting next_dagrun for latest_only_with_trigger to 2022-07-06T04:53:47.789090+00:00, run_after=2022-07-06T08:53:47.789090+00:00
[2022-07-06 16:53:47,806] {processor.py:161} INFO - Processing /Users/joyang0419/opt/anaconda3/envs/AirFlowBasicExample/lib/python3.8/site-packages/airflow/example_dags/example_latest_only_with_trigger.py took 0.088 seconds
[2022-07-06 16:53:58,453] {processor.py:153} INFO - Started process (PID=13346) to work on /Users/joyang0419/opt/anaconda3/envs/AirFlowBasicExample/lib/python3.8/site-packages/airflow/example_dags/example_latest_only_with_trigger.py
[2022-07-06 16:53:58,453] {processor.py:641} INFO - Processing file /Users/joyang0419/opt/anaconda3/envs/AirFlowBasicExample/lib/python3.8/site-packages/airflow/example_dags/example_latest_only_with_trigger.py for tasks to queue
[2022-07-06 16:53:58,453] {logging_mixin.py:115} INFO - [2022-07-06 16:53:58,453] {dagbag.py:507} INFO - Filling up the DagBag from /Users/joyang0419/opt/anaconda3/envs/AirFlowBasicExample/lib/python3.8/site-packages/airflow/example_dags/example_latest_only_with_trigger.py
[2022-07-06 16:53:58,460] {processor.py:651} INFO - DAG(s) dict_keys(['latest_only_with_trigger']) retrieved from /Users/joyang0419/opt/anaconda3/envs/AirFlowBasicExample/lib/python3.8/site-packages/airflow/example_dags/example_latest_only_with_trigger.py
[2022-07-06 16:53:58,523] {logging_mixin.py:115} INFO - [2022-07-06 16:53:58,522] {dag.py:2379} INFO - Sync 1 DAGs
[2022-07-06 16:53:58,538] {logging_mixin.py:115} INFO - [2022-07-06 16:53:58,537] {dag.py:2927} INFO - Setting next_dagrun for latest_only_with_trigger to 2022-07-06T04:53:58.537849+00:00, run_after=2022-07-06T08:53:58.537849+00:00
[2022-07-06 16:53:58,562] {processor.py:161} INFO - Processing /Users/joyang0419/opt/anaconda3/envs/AirFlowBasicExample/lib/python3.8/site-packages/airflow/example_dags/example_latest_only_with_trigger.py took 0.110 seconds
[2022-07-06 16:54:10,898] {processor.py:153} INFO - Started process (PID=13427) to work on /Users/joyang0419/opt/anaconda3/envs/AirFlowBasicExample/lib/python3.8/site-packages/airflow/example_dags/example_latest_only_with_trigger.py
[2022-07-06 16:54:10,899] {processor.py:641} INFO - Processing file /Users/joyang0419/opt/anaconda3/envs/AirFlowBasicExample/lib/python3.8/site-packages/airflow/example_dags/example_latest_only_with_trigger.py for tasks to queue
[2022-07-06 16:54:10,899] {logging_mixin.py:115} INFO - [2022-07-06 16:54:10,899] {dagbag.py:507} INFO - Filling up the DagBag from /Users/joyang0419/opt/anaconda3/envs/AirFlowBasicExample/lib/python3.8/site-packages/airflow/example_dags/example_latest_only_with_trigger.py
[2022-07-06 16:54:10,906] {processor.py:651} INFO - DAG(s) dict_keys(['latest_only_with_trigger']) retrieved from /Users/joyang0419/opt/anaconda3/envs/AirFlowBasicExample/lib/python3.8/site-packages/airflow/example_dags/example_latest_only_with_trigger.py
[2022-07-06 16:54:10,968] {logging_mixin.py:115} INFO - [2022-07-06 16:54:10,967] {dag.py:2379} INFO - Sync 1 DAGs
[2022-07-06 16:54:10,982] {logging_mixin.py:115} INFO - [2022-07-06 16:54:10,982] {dag.py:2927} INFO - Setting next_dagrun for latest_only_with_trigger to 2022-07-06T04:54:10.981877+00:00, run_after=2022-07-06T08:54:10.981877+00:00
[2022-07-06 16:54:11,008] {processor.py:161} INFO - Processing /Users/joyang0419/opt/anaconda3/envs/AirFlowBasicExample/lib/python3.8/site-packages/airflow/example_dags/example_latest_only_with_trigger.py took 0.110 seconds
