[2022-07-06 16:50:15,767] {processor.py:153} INFO - Started process (PID=12485) to work on /Users/joyang0419/opt/anaconda3/envs/AirFlowBasicExample/lib/python3.8/site-packages/airflow/example_dags/example_branch_labels.py
[2022-07-06 16:50:15,767] {processor.py:641} INFO - Processing file /Users/joyang0419/opt/anaconda3/envs/AirFlowBasicExample/lib/python3.8/site-packages/airflow/example_dags/example_branch_labels.py for tasks to queue
[2022-07-06 16:50:15,767] {logging_mixin.py:115} INFO - [2022-07-06 16:50:15,767] {dagbag.py:507} INFO - Filling up the DagBag from /Users/joyang0419/opt/anaconda3/envs/AirFlowBasicExample/lib/python3.8/site-packages/airflow/example_dags/example_branch_labels.py
[2022-07-06 16:50:15,774] {processor.py:651} INFO - DAG(s) dict_keys(['example_branch_labels']) retrieved from /Users/joyang0419/opt/anaconda3/envs/AirFlowBasicExample/lib/python3.8/site-packages/airflow/example_dags/example_branch_labels.py
[2022-07-06 16:50:16,324] {logging_mixin.py:115} INFO - [2022-07-06 16:50:16,324] {manager.py:508} INFO - Created Permission View: can read on DAG:example_branch_labels
[2022-07-06 16:50:16,342] {logging_mixin.py:115} INFO - [2022-07-06 16:50:16,342] {manager.py:508} INFO - Created Permission View: can delete on DAG:example_branch_labels
[2022-07-06 16:50:16,360] {logging_mixin.py:115} INFO - [2022-07-06 16:50:16,360] {manager.py:508} INFO - Created Permission View: can edit on DAG:example_branch_labels
[2022-07-06 16:50:16,360] {logging_mixin.py:115} INFO - [2022-07-06 16:50:16,360] {dag.py:2379} INFO - Sync 1 DAGs
[2022-07-06 16:50:16,366] {logging_mixin.py:115} INFO - [2022-07-06 16:50:16,366] {dag.py:2398} INFO - Creating ORM DAG for example_branch_labels
[2022-07-06 16:50:16,375] {logging_mixin.py:115} INFO - [2022-07-06 16:50:16,375] {dag.py:2927} INFO - Setting next_dagrun for example_branch_labels to 2022-07-05T00:00:00+00:00, run_after=2022-07-06T00:00:00+00:00
[2022-07-06 16:50:16,393] {processor.py:161} INFO - Processing /Users/joyang0419/opt/anaconda3/envs/AirFlowBasicExample/lib/python3.8/site-packages/airflow/example_dags/example_branch_labels.py took 0.627 seconds
[2022-07-06 16:50:27,372] {processor.py:153} INFO - Started process (PID=12553) to work on /Users/joyang0419/opt/anaconda3/envs/AirFlowBasicExample/lib/python3.8/site-packages/airflow/example_dags/example_branch_labels.py
[2022-07-06 16:50:27,373] {processor.py:641} INFO - Processing file /Users/joyang0419/opt/anaconda3/envs/AirFlowBasicExample/lib/python3.8/site-packages/airflow/example_dags/example_branch_labels.py for tasks to queue
[2022-07-06 16:50:27,373] {logging_mixin.py:115} INFO - [2022-07-06 16:50:27,373] {dagbag.py:507} INFO - Filling up the DagBag from /Users/joyang0419/opt/anaconda3/envs/AirFlowBasicExample/lib/python3.8/site-packages/airflow/example_dags/example_branch_labels.py
[2022-07-06 16:50:27,380] {processor.py:651} INFO - DAG(s) dict_keys(['example_branch_labels']) retrieved from /Users/joyang0419/opt/anaconda3/envs/AirFlowBasicExample/lib/python3.8/site-packages/airflow/example_dags/example_branch_labels.py
[2022-07-06 16:50:27,408] {logging_mixin.py:115} INFO - [2022-07-06 16:50:27,408] {dag.py:2379} INFO - Sync 1 DAGs
[2022-07-06 16:50:27,439] {logging_mixin.py:115} INFO - [2022-07-06 16:50:27,439] {dag.py:2927} INFO - Setting next_dagrun for example_branch_labels to 2022-07-05T00:00:00+00:00, run_after=2022-07-06T00:00:00+00:00
[2022-07-06 16:50:27,455] {processor.py:161} INFO - Processing /Users/joyang0419/opt/anaconda3/envs/AirFlowBasicExample/lib/python3.8/site-packages/airflow/example_dags/example_branch_labels.py took 0.083 seconds
[2022-07-06 16:50:37,200] {processor.py:153} INFO - Started process (PID=12616) to work on /Users/joyang0419/opt/anaconda3/envs/AirFlowBasicExample/lib/python3.8/site-packages/airflow/example_dags/example_branch_labels.py
[2022-07-06 16:50:37,201] {processor.py:641} INFO - Processing file /Users/joyang0419/opt/anaconda3/envs/AirFlowBasicExample/lib/python3.8/site-packages/airflow/example_dags/example_branch_labels.py for tasks to queue
[2022-07-06 16:50:37,201] {logging_mixin.py:115} INFO - [2022-07-06 16:50:37,201] {dagbag.py:507} INFO - Filling up the DagBag from /Users/joyang0419/opt/anaconda3/envs/AirFlowBasicExample/lib/python3.8/site-packages/airflow/example_dags/example_branch_labels.py
[2022-07-06 16:50:37,208] {processor.py:651} INFO - DAG(s) dict_keys(['example_branch_labels']) retrieved from /Users/joyang0419/opt/anaconda3/envs/AirFlowBasicExample/lib/python3.8/site-packages/airflow/example_dags/example_branch_labels.py
[2022-07-06 16:50:37,249] {logging_mixin.py:115} INFO - [2022-07-06 16:50:37,249] {dag.py:2379} INFO - Sync 1 DAGs
[2022-07-06 16:50:37,284] {logging_mixin.py:115} INFO - [2022-07-06 16:50:37,284] {dag.py:2927} INFO - Setting next_dagrun for example_branch_labels to 2022-07-05T00:00:00+00:00, run_after=2022-07-06T00:00:00+00:00
[2022-07-06 16:50:37,304] {processor.py:161} INFO - Processing /Users/joyang0419/opt/anaconda3/envs/AirFlowBasicExample/lib/python3.8/site-packages/airflow/example_dags/example_branch_labels.py took 0.104 seconds
[2022-07-06 16:52:31,900] {processor.py:153} INFO - Started process (PID=12816) to work on /Users/joyang0419/opt/anaconda3/envs/AirFlowBasicExample/lib/python3.8/site-packages/airflow/example_dags/example_branch_labels.py
[2022-07-06 16:52:31,901] {processor.py:641} INFO - Processing file /Users/joyang0419/opt/anaconda3/envs/AirFlowBasicExample/lib/python3.8/site-packages/airflow/example_dags/example_branch_labels.py for tasks to queue
[2022-07-06 16:52:31,901] {logging_mixin.py:115} INFO - [2022-07-06 16:52:31,901] {dagbag.py:507} INFO - Filling up the DagBag from /Users/joyang0419/opt/anaconda3/envs/AirFlowBasicExample/lib/python3.8/site-packages/airflow/example_dags/example_branch_labels.py
[2022-07-06 16:52:31,909] {processor.py:651} INFO - DAG(s) dict_keys(['example_branch_labels']) retrieved from /Users/joyang0419/opt/anaconda3/envs/AirFlowBasicExample/lib/python3.8/site-packages/airflow/example_dags/example_branch_labels.py
[2022-07-06 16:52:31,979] {logging_mixin.py:115} INFO - [2022-07-06 16:52:31,979] {dag.py:2379} INFO - Sync 1 DAGs
[2022-07-06 16:52:31,993] {logging_mixin.py:115} INFO - [2022-07-06 16:52:31,993] {dag.py:2927} INFO - Setting next_dagrun for example_branch_labels to 2022-07-05T00:00:00+00:00, run_after=2022-07-06T00:00:00+00:00
[2022-07-06 16:52:32,011] {processor.py:161} INFO - Processing /Users/joyang0419/opt/anaconda3/envs/AirFlowBasicExample/lib/python3.8/site-packages/airflow/example_dags/example_branch_labels.py took 0.112 seconds
[2022-07-06 16:52:42,819] {processor.py:153} INFO - Started process (PID=12885) to work on /Users/joyang0419/opt/anaconda3/envs/AirFlowBasicExample/lib/python3.8/site-packages/airflow/example_dags/example_branch_labels.py
[2022-07-06 16:52:42,819] {processor.py:641} INFO - Processing file /Users/joyang0419/opt/anaconda3/envs/AirFlowBasicExample/lib/python3.8/site-packages/airflow/example_dags/example_branch_labels.py for tasks to queue
[2022-07-06 16:52:42,819] {logging_mixin.py:115} INFO - [2022-07-06 16:52:42,819] {dagbag.py:507} INFO - Filling up the DagBag from /Users/joyang0419/opt/anaconda3/envs/AirFlowBasicExample/lib/python3.8/site-packages/airflow/example_dags/example_branch_labels.py
[2022-07-06 16:52:42,827] {processor.py:651} INFO - DAG(s) dict_keys(['example_branch_labels']) retrieved from /Users/joyang0419/opt/anaconda3/envs/AirFlowBasicExample/lib/python3.8/site-packages/airflow/example_dags/example_branch_labels.py
[2022-07-06 16:52:42,889] {logging_mixin.py:115} INFO - [2022-07-06 16:52:42,889] {dag.py:2379} INFO - Sync 1 DAGs
[2022-07-06 16:52:42,903] {logging_mixin.py:115} INFO - [2022-07-06 16:52:42,903] {dag.py:2927} INFO - Setting next_dagrun for example_branch_labels to 2022-07-05T00:00:00+00:00, run_after=2022-07-06T00:00:00+00:00
[2022-07-06 16:52:42,920] {processor.py:161} INFO - Processing /Users/joyang0419/opt/anaconda3/envs/AirFlowBasicExample/lib/python3.8/site-packages/airflow/example_dags/example_branch_labels.py took 0.101 seconds
[2022-07-06 16:52:54,022] {processor.py:153} INFO - Started process (PID=12955) to work on /Users/joyang0419/opt/anaconda3/envs/AirFlowBasicExample/lib/python3.8/site-packages/airflow/example_dags/example_branch_labels.py
[2022-07-06 16:52:54,023] {processor.py:641} INFO - Processing file /Users/joyang0419/opt/anaconda3/envs/AirFlowBasicExample/lib/python3.8/site-packages/airflow/example_dags/example_branch_labels.py for tasks to queue
[2022-07-06 16:52:54,023] {logging_mixin.py:115} INFO - [2022-07-06 16:52:54,023] {dagbag.py:507} INFO - Filling up the DagBag from /Users/joyang0419/opt/anaconda3/envs/AirFlowBasicExample/lib/python3.8/site-packages/airflow/example_dags/example_branch_labels.py
[2022-07-06 16:52:54,035] {processor.py:651} INFO - DAG(s) dict_keys(['example_branch_labels']) retrieved from /Users/joyang0419/opt/anaconda3/envs/AirFlowBasicExample/lib/python3.8/site-packages/airflow/example_dags/example_branch_labels.py
[2022-07-06 16:52:54,109] {logging_mixin.py:115} INFO - [2022-07-06 16:52:54,109] {dag.py:2379} INFO - Sync 1 DAGs
[2022-07-06 16:52:54,127] {logging_mixin.py:115} INFO - [2022-07-06 16:52:54,127] {dag.py:2927} INFO - Setting next_dagrun for example_branch_labels to 2022-07-05T00:00:00+00:00, run_after=2022-07-06T00:00:00+00:00
[2022-07-06 16:52:54,154] {processor.py:161} INFO - Processing /Users/joyang0419/opt/anaconda3/envs/AirFlowBasicExample/lib/python3.8/site-packages/airflow/example_dags/example_branch_labels.py took 0.132 seconds
[2022-07-06 16:53:06,182] {processor.py:153} INFO - Started process (PID=13024) to work on /Users/joyang0419/opt/anaconda3/envs/AirFlowBasicExample/lib/python3.8/site-packages/airflow/example_dags/example_branch_labels.py
[2022-07-06 16:53:06,182] {processor.py:641} INFO - Processing file /Users/joyang0419/opt/anaconda3/envs/AirFlowBasicExample/lib/python3.8/site-packages/airflow/example_dags/example_branch_labels.py for tasks to queue
[2022-07-06 16:53:06,182] {logging_mixin.py:115} INFO - [2022-07-06 16:53:06,182] {dagbag.py:507} INFO - Filling up the DagBag from /Users/joyang0419/opt/anaconda3/envs/AirFlowBasicExample/lib/python3.8/site-packages/airflow/example_dags/example_branch_labels.py
[2022-07-06 16:53:06,192] {processor.py:651} INFO - DAG(s) dict_keys(['example_branch_labels']) retrieved from /Users/joyang0419/opt/anaconda3/envs/AirFlowBasicExample/lib/python3.8/site-packages/airflow/example_dags/example_branch_labels.py
[2022-07-06 16:53:06,247] {logging_mixin.py:115} INFO - [2022-07-06 16:53:06,247] {dag.py:2379} INFO - Sync 1 DAGs
[2022-07-06 16:53:06,260] {logging_mixin.py:115} INFO - [2022-07-06 16:53:06,260] {dag.py:2927} INFO - Setting next_dagrun for example_branch_labels to 2022-07-05T00:00:00+00:00, run_after=2022-07-06T00:00:00+00:00
[2022-07-06 16:53:06,277] {processor.py:161} INFO - Processing /Users/joyang0419/opt/anaconda3/envs/AirFlowBasicExample/lib/python3.8/site-packages/airflow/example_dags/example_branch_labels.py took 0.096 seconds
[2022-07-06 16:53:17,547] {processor.py:153} INFO - Started process (PID=13090) to work on /Users/joyang0419/opt/anaconda3/envs/AirFlowBasicExample/lib/python3.8/site-packages/airflow/example_dags/example_branch_labels.py
[2022-07-06 16:53:17,547] {processor.py:641} INFO - Processing file /Users/joyang0419/opt/anaconda3/envs/AirFlowBasicExample/lib/python3.8/site-packages/airflow/example_dags/example_branch_labels.py for tasks to queue
[2022-07-06 16:53:17,547] {logging_mixin.py:115} INFO - [2022-07-06 16:53:17,547] {dagbag.py:507} INFO - Filling up the DagBag from /Users/joyang0419/opt/anaconda3/envs/AirFlowBasicExample/lib/python3.8/site-packages/airflow/example_dags/example_branch_labels.py
[2022-07-06 16:53:17,555] {processor.py:651} INFO - DAG(s) dict_keys(['example_branch_labels']) retrieved from /Users/joyang0419/opt/anaconda3/envs/AirFlowBasicExample/lib/python3.8/site-packages/airflow/example_dags/example_branch_labels.py
[2022-07-06 16:53:17,622] {logging_mixin.py:115} INFO - [2022-07-06 16:53:17,622] {dag.py:2379} INFO - Sync 1 DAGs
[2022-07-06 16:53:17,638] {logging_mixin.py:115} INFO - [2022-07-06 16:53:17,638] {dag.py:2927} INFO - Setting next_dagrun for example_branch_labels to 2022-07-05T00:00:00+00:00, run_after=2022-07-06T00:00:00+00:00
[2022-07-06 16:53:17,662] {processor.py:161} INFO - Processing /Users/joyang0419/opt/anaconda3/envs/AirFlowBasicExample/lib/python3.8/site-packages/airflow/example_dags/example_branch_labels.py took 0.115 seconds
[2022-07-06 16:53:28,190] {processor.py:153} INFO - Started process (PID=13157) to work on /Users/joyang0419/opt/anaconda3/envs/AirFlowBasicExample/lib/python3.8/site-packages/airflow/example_dags/example_branch_labels.py
[2022-07-06 16:53:28,190] {processor.py:641} INFO - Processing file /Users/joyang0419/opt/anaconda3/envs/AirFlowBasicExample/lib/python3.8/site-packages/airflow/example_dags/example_branch_labels.py for tasks to queue
[2022-07-06 16:53:28,190] {logging_mixin.py:115} INFO - [2022-07-06 16:53:28,190] {dagbag.py:507} INFO - Filling up the DagBag from /Users/joyang0419/opt/anaconda3/envs/AirFlowBasicExample/lib/python3.8/site-packages/airflow/example_dags/example_branch_labels.py
[2022-07-06 16:53:28,198] {processor.py:651} INFO - DAG(s) dict_keys(['example_branch_labels']) retrieved from /Users/joyang0419/opt/anaconda3/envs/AirFlowBasicExample/lib/python3.8/site-packages/airflow/example_dags/example_branch_labels.py
[2022-07-06 16:53:28,248] {logging_mixin.py:115} INFO - [2022-07-06 16:53:28,248] {dag.py:2379} INFO - Sync 1 DAGs
[2022-07-06 16:53:28,261] {logging_mixin.py:115} INFO - [2022-07-06 16:53:28,261] {dag.py:2927} INFO - Setting next_dagrun for example_branch_labels to 2022-07-05T00:00:00+00:00, run_after=2022-07-06T00:00:00+00:00
[2022-07-06 16:53:28,276] {processor.py:161} INFO - Processing /Users/joyang0419/opt/anaconda3/envs/AirFlowBasicExample/lib/python3.8/site-packages/airflow/example_dags/example_branch_labels.py took 0.087 seconds
[2022-07-06 16:53:39,729] {processor.py:153} INFO - Started process (PID=13222) to work on /Users/joyang0419/opt/anaconda3/envs/AirFlowBasicExample/lib/python3.8/site-packages/airflow/example_dags/example_branch_labels.py
[2022-07-06 16:53:39,729] {processor.py:641} INFO - Processing file /Users/joyang0419/opt/anaconda3/envs/AirFlowBasicExample/lib/python3.8/site-packages/airflow/example_dags/example_branch_labels.py for tasks to queue
[2022-07-06 16:53:39,730] {logging_mixin.py:115} INFO - [2022-07-06 16:53:39,729] {dagbag.py:507} INFO - Filling up the DagBag from /Users/joyang0419/opt/anaconda3/envs/AirFlowBasicExample/lib/python3.8/site-packages/airflow/example_dags/example_branch_labels.py
[2022-07-06 16:53:39,737] {processor.py:651} INFO - DAG(s) dict_keys(['example_branch_labels']) retrieved from /Users/joyang0419/opt/anaconda3/envs/AirFlowBasicExample/lib/python3.8/site-packages/airflow/example_dags/example_branch_labels.py
[2022-07-06 16:53:39,787] {logging_mixin.py:115} INFO - [2022-07-06 16:53:39,786] {dag.py:2379} INFO - Sync 1 DAGs
[2022-07-06 16:53:39,800] {logging_mixin.py:115} INFO - [2022-07-06 16:53:39,800] {dag.py:2927} INFO - Setting next_dagrun for example_branch_labels to 2022-07-05T00:00:00+00:00, run_after=2022-07-06T00:00:00+00:00
[2022-07-06 16:53:39,815] {processor.py:161} INFO - Processing /Users/joyang0419/opt/anaconda3/envs/AirFlowBasicExample/lib/python3.8/site-packages/airflow/example_dags/example_branch_labels.py took 0.087 seconds
[2022-07-06 16:53:50,633] {processor.py:153} INFO - Started process (PID=13296) to work on /Users/joyang0419/opt/anaconda3/envs/AirFlowBasicExample/lib/python3.8/site-packages/airflow/example_dags/example_branch_labels.py
[2022-07-06 16:53:50,634] {processor.py:641} INFO - Processing file /Users/joyang0419/opt/anaconda3/envs/AirFlowBasicExample/lib/python3.8/site-packages/airflow/example_dags/example_branch_labels.py for tasks to queue
[2022-07-06 16:53:50,635] {logging_mixin.py:115} INFO - [2022-07-06 16:53:50,635] {dagbag.py:507} INFO - Filling up the DagBag from /Users/joyang0419/opt/anaconda3/envs/AirFlowBasicExample/lib/python3.8/site-packages/airflow/example_dags/example_branch_labels.py
[2022-07-06 16:53:50,642] {processor.py:651} INFO - DAG(s) dict_keys(['example_branch_labels']) retrieved from /Users/joyang0419/opt/anaconda3/envs/AirFlowBasicExample/lib/python3.8/site-packages/airflow/example_dags/example_branch_labels.py
[2022-07-06 16:53:50,692] {logging_mixin.py:115} INFO - [2022-07-06 16:53:50,692] {dag.py:2379} INFO - Sync 1 DAGs
[2022-07-06 16:53:50,707] {logging_mixin.py:115} INFO - [2022-07-06 16:53:50,706] {dag.py:2927} INFO - Setting next_dagrun for example_branch_labels to 2022-07-05T00:00:00+00:00, run_after=2022-07-06T00:00:00+00:00
[2022-07-06 16:53:50,729] {processor.py:161} INFO - Processing /Users/joyang0419/opt/anaconda3/envs/AirFlowBasicExample/lib/python3.8/site-packages/airflow/example_dags/example_branch_labels.py took 0.097 seconds
[2022-07-06 16:54:01,265] {processor.py:153} INFO - Started process (PID=13372) to work on /Users/joyang0419/opt/anaconda3/envs/AirFlowBasicExample/lib/python3.8/site-packages/airflow/example_dags/example_branch_labels.py
[2022-07-06 16:54:01,265] {processor.py:641} INFO - Processing file /Users/joyang0419/opt/anaconda3/envs/AirFlowBasicExample/lib/python3.8/site-packages/airflow/example_dags/example_branch_labels.py for tasks to queue
[2022-07-06 16:54:01,265] {logging_mixin.py:115} INFO - [2022-07-06 16:54:01,265] {dagbag.py:507} INFO - Filling up the DagBag from /Users/joyang0419/opt/anaconda3/envs/AirFlowBasicExample/lib/python3.8/site-packages/airflow/example_dags/example_branch_labels.py
[2022-07-06 16:54:01,276] {processor.py:651} INFO - DAG(s) dict_keys(['example_branch_labels']) retrieved from /Users/joyang0419/opt/anaconda3/envs/AirFlowBasicExample/lib/python3.8/site-packages/airflow/example_dags/example_branch_labels.py
[2022-07-06 16:54:01,338] {logging_mixin.py:115} INFO - [2022-07-06 16:54:01,338] {dag.py:2379} INFO - Sync 1 DAGs
[2022-07-06 16:54:01,356] {logging_mixin.py:115} INFO - [2022-07-06 16:54:01,356] {dag.py:2927} INFO - Setting next_dagrun for example_branch_labels to 2022-07-05T00:00:00+00:00, run_after=2022-07-06T00:00:00+00:00
[2022-07-06 16:54:01,381] {processor.py:161} INFO - Processing /Users/joyang0419/opt/anaconda3/envs/AirFlowBasicExample/lib/python3.8/site-packages/airflow/example_dags/example_branch_labels.py took 0.117 seconds
