[2022-07-06 16:50:11,955] {processor.py:153} INFO - Started process (PID=12472) to work on /Users/joyang0419/opt/anaconda3/envs/AirFlowBasicExample/lib/python3.8/site-packages/airflow/example_dags/example_external_task_marker_dag.py
[2022-07-06 16:50:11,955] {processor.py:641} INFO - Processing file /Users/joyang0419/opt/anaconda3/envs/AirFlowBasicExample/lib/python3.8/site-packages/airflow/example_dags/example_external_task_marker_dag.py for tasks to queue
[2022-07-06 16:50:11,955] {logging_mixin.py:115} INFO - [2022-07-06 16:50:11,955] {dagbag.py:507} INFO - Filling up the DagBag from /Users/joyang0419/opt/anaconda3/envs/AirFlowBasicExample/lib/python3.8/site-packages/airflow/example_dags/example_external_task_marker_dag.py
[2022-07-06 16:50:11,962] {processor.py:651} INFO - DAG(s) dict_keys(['example_external_task_marker_parent', 'example_external_task_marker_child']) retrieved from /Users/joyang0419/opt/anaconda3/envs/AirFlowBasicExample/lib/python3.8/site-packages/airflow/example_dags/example_external_task_marker_dag.py
[2022-07-06 16:50:12,487] {logging_mixin.py:115} INFO - [2022-07-06 16:50:12,487] {manager.py:508} INFO - Created Permission View: can delete on DAG:example_external_task_marker_parent
[2022-07-06 16:50:12,504] {logging_mixin.py:115} INFO - [2022-07-06 16:50:12,504] {manager.py:508} INFO - Created Permission View: can edit on DAG:example_external_task_marker_parent
[2022-07-06 16:50:12,515] {logging_mixin.py:115} INFO - [2022-07-06 16:50:12,515] {manager.py:508} INFO - Created Permission View: can read on DAG:example_external_task_marker_parent
[2022-07-06 16:50:12,545] {logging_mixin.py:115} INFO - [2022-07-06 16:50:12,545] {manager.py:508} INFO - Created Permission View: can delete on DAG:example_external_task_marker_child
[2022-07-06 16:50:12,555] {logging_mixin.py:115} INFO - [2022-07-06 16:50:12,555] {manager.py:508} INFO - Created Permission View: can edit on DAG:example_external_task_marker_child
[2022-07-06 16:50:12,566] {logging_mixin.py:115} INFO - [2022-07-06 16:50:12,566] {manager.py:508} INFO - Created Permission View: can read on DAG:example_external_task_marker_child
[2022-07-06 16:50:12,566] {logging_mixin.py:115} INFO - [2022-07-06 16:50:12,566] {dag.py:2379} INFO - Sync 2 DAGs
[2022-07-06 16:50:12,573] {logging_mixin.py:115} INFO - [2022-07-06 16:50:12,573] {dag.py:2398} INFO - Creating ORM DAG for example_external_task_marker_parent
[2022-07-06 16:50:12,573] {logging_mixin.py:115} INFO - [2022-07-06 16:50:12,573] {dag.py:2398} INFO - Creating ORM DAG for example_external_task_marker_child
[2022-07-06 16:50:12,579] {logging_mixin.py:115} INFO - [2022-07-06 16:50:12,579] {dag.py:2927} INFO - Setting next_dagrun for example_external_task_marker_child to None, run_after=None
[2022-07-06 16:50:12,579] {logging_mixin.py:115} INFO - [2022-07-06 16:50:12,579] {dag.py:2927} INFO - Setting next_dagrun for example_external_task_marker_parent to None, run_after=None
[2022-07-06 16:50:12,599] {processor.py:161} INFO - Processing /Users/joyang0419/opt/anaconda3/envs/AirFlowBasicExample/lib/python3.8/site-packages/airflow/example_dags/example_external_task_marker_dag.py took 0.645 seconds
[2022-07-06 16:50:25,507] {processor.py:153} INFO - Started process (PID=12541) to work on /Users/joyang0419/opt/anaconda3/envs/AirFlowBasicExample/lib/python3.8/site-packages/airflow/example_dags/example_external_task_marker_dag.py
[2022-07-06 16:50:25,507] {processor.py:641} INFO - Processing file /Users/joyang0419/opt/anaconda3/envs/AirFlowBasicExample/lib/python3.8/site-packages/airflow/example_dags/example_external_task_marker_dag.py for tasks to queue
[2022-07-06 16:50:25,507] {logging_mixin.py:115} INFO - [2022-07-06 16:50:25,507] {dagbag.py:507} INFO - Filling up the DagBag from /Users/joyang0419/opt/anaconda3/envs/AirFlowBasicExample/lib/python3.8/site-packages/airflow/example_dags/example_external_task_marker_dag.py
[2022-07-06 16:50:25,514] {processor.py:651} INFO - DAG(s) dict_keys(['example_external_task_marker_parent', 'example_external_task_marker_child']) retrieved from /Users/joyang0419/opt/anaconda3/envs/AirFlowBasicExample/lib/python3.8/site-packages/airflow/example_dags/example_external_task_marker_dag.py
[2022-07-06 16:50:25,546] {logging_mixin.py:115} INFO - [2022-07-06 16:50:25,546] {dag.py:2379} INFO - Sync 2 DAGs
[2022-07-06 16:50:25,578] {logging_mixin.py:115} INFO - [2022-07-06 16:50:25,578] {dag.py:2927} INFO - Setting next_dagrun for example_external_task_marker_child to None, run_after=None
[2022-07-06 16:50:25,578] {logging_mixin.py:115} INFO - [2022-07-06 16:50:25,578] {dag.py:2927} INFO - Setting next_dagrun for example_external_task_marker_parent to None, run_after=None
[2022-07-06 16:50:25,599] {processor.py:161} INFO - Processing /Users/joyang0419/opt/anaconda3/envs/AirFlowBasicExample/lib/python3.8/site-packages/airflow/example_dags/example_external_task_marker_dag.py took 0.093 seconds
[2022-07-06 16:50:35,241] {processor.py:153} INFO - Started process (PID=12604) to work on /Users/joyang0419/opt/anaconda3/envs/AirFlowBasicExample/lib/python3.8/site-packages/airflow/example_dags/example_external_task_marker_dag.py
[2022-07-06 16:50:35,241] {processor.py:641} INFO - Processing file /Users/joyang0419/opt/anaconda3/envs/AirFlowBasicExample/lib/python3.8/site-packages/airflow/example_dags/example_external_task_marker_dag.py for tasks to queue
[2022-07-06 16:50:35,242] {logging_mixin.py:115} INFO - [2022-07-06 16:50:35,242] {dagbag.py:507} INFO - Filling up the DagBag from /Users/joyang0419/opt/anaconda3/envs/AirFlowBasicExample/lib/python3.8/site-packages/airflow/example_dags/example_external_task_marker_dag.py
[2022-07-06 16:50:35,249] {processor.py:651} INFO - DAG(s) dict_keys(['example_external_task_marker_parent', 'example_external_task_marker_child']) retrieved from /Users/joyang0419/opt/anaconda3/envs/AirFlowBasicExample/lib/python3.8/site-packages/airflow/example_dags/example_external_task_marker_dag.py
[2022-07-06 16:50:35,298] {logging_mixin.py:115} INFO - [2022-07-06 16:50:35,297] {dag.py:2379} INFO - Sync 2 DAGs
[2022-07-06 16:50:35,342] {logging_mixin.py:115} INFO - [2022-07-06 16:50:35,342] {dag.py:2927} INFO - Setting next_dagrun for example_external_task_marker_child to None, run_after=None
[2022-07-06 16:50:35,343] {logging_mixin.py:115} INFO - [2022-07-06 16:50:35,343] {dag.py:2927} INFO - Setting next_dagrun for example_external_task_marker_parent to None, run_after=None
[2022-07-06 16:50:35,368] {processor.py:161} INFO - Processing /Users/joyang0419/opt/anaconda3/envs/AirFlowBasicExample/lib/python3.8/site-packages/airflow/example_dags/example_external_task_marker_dag.py took 0.127 seconds
[2022-07-06 16:50:48,095] {processor.py:153} INFO - Started process (PID=12678) to work on /Users/joyang0419/opt/anaconda3/envs/AirFlowBasicExample/lib/python3.8/site-packages/airflow/example_dags/example_external_task_marker_dag.py
[2022-07-06 16:50:48,096] {processor.py:641} INFO - Processing file /Users/joyang0419/opt/anaconda3/envs/AirFlowBasicExample/lib/python3.8/site-packages/airflow/example_dags/example_external_task_marker_dag.py for tasks to queue
[2022-07-06 16:50:48,096] {logging_mixin.py:115} INFO - [2022-07-06 16:50:48,096] {dagbag.py:507} INFO - Filling up the DagBag from /Users/joyang0419/opt/anaconda3/envs/AirFlowBasicExample/lib/python3.8/site-packages/airflow/example_dags/example_external_task_marker_dag.py
[2022-07-06 16:50:48,104] {processor.py:651} INFO - DAG(s) dict_keys(['example_external_task_marker_parent', 'example_external_task_marker_child']) retrieved from /Users/joyang0419/opt/anaconda3/envs/AirFlowBasicExample/lib/python3.8/site-packages/airflow/example_dags/example_external_task_marker_dag.py
[2022-07-06 16:50:48,162] {logging_mixin.py:115} INFO - [2022-07-06 16:50:48,162] {dag.py:2379} INFO - Sync 2 DAGs
[2022-07-06 16:50:48,174] {logging_mixin.py:115} INFO - [2022-07-06 16:50:48,174] {dag.py:2927} INFO - Setting next_dagrun for example_external_task_marker_child to None, run_after=None
[2022-07-06 16:50:48,174] {logging_mixin.py:115} INFO - [2022-07-06 16:50:48,174] {dag.py:2927} INFO - Setting next_dagrun for example_external_task_marker_parent to None, run_after=None
[2022-07-06 16:50:48,192] {processor.py:161} INFO - Processing /Users/joyang0419/opt/anaconda3/envs/AirFlowBasicExample/lib/python3.8/site-packages/airflow/example_dags/example_external_task_marker_dag.py took 0.097 seconds
[2022-07-06 16:52:30,030] {processor.py:153} INFO - Started process (PID=12805) to work on /Users/joyang0419/opt/anaconda3/envs/AirFlowBasicExample/lib/python3.8/site-packages/airflow/example_dags/example_external_task_marker_dag.py
[2022-07-06 16:52:30,030] {processor.py:641} INFO - Processing file /Users/joyang0419/opt/anaconda3/envs/AirFlowBasicExample/lib/python3.8/site-packages/airflow/example_dags/example_external_task_marker_dag.py for tasks to queue
[2022-07-06 16:52:30,030] {logging_mixin.py:115} INFO - [2022-07-06 16:52:30,030] {dagbag.py:507} INFO - Filling up the DagBag from /Users/joyang0419/opt/anaconda3/envs/AirFlowBasicExample/lib/python3.8/site-packages/airflow/example_dags/example_external_task_marker_dag.py
[2022-07-06 16:52:30,038] {processor.py:651} INFO - DAG(s) dict_keys(['example_external_task_marker_parent', 'example_external_task_marker_child']) retrieved from /Users/joyang0419/opt/anaconda3/envs/AirFlowBasicExample/lib/python3.8/site-packages/airflow/example_dags/example_external_task_marker_dag.py
[2022-07-06 16:52:30,094] {logging_mixin.py:115} INFO - [2022-07-06 16:52:30,094] {dag.py:2379} INFO - Sync 2 DAGs
[2022-07-06 16:52:30,106] {logging_mixin.py:115} INFO - [2022-07-06 16:52:30,106] {dag.py:2927} INFO - Setting next_dagrun for example_external_task_marker_child to None, run_after=None
[2022-07-06 16:52:30,106] {logging_mixin.py:115} INFO - [2022-07-06 16:52:30,106] {dag.py:2927} INFO - Setting next_dagrun for example_external_task_marker_parent to None, run_after=None
[2022-07-06 16:52:30,124] {processor.py:161} INFO - Processing /Users/joyang0419/opt/anaconda3/envs/AirFlowBasicExample/lib/python3.8/site-packages/airflow/example_dags/example_external_task_marker_dag.py took 0.095 seconds
[2022-07-06 16:52:40,888] {processor.py:153} INFO - Started process (PID=12873) to work on /Users/joyang0419/opt/anaconda3/envs/AirFlowBasicExample/lib/python3.8/site-packages/airflow/example_dags/example_external_task_marker_dag.py
[2022-07-06 16:52:40,888] {processor.py:641} INFO - Processing file /Users/joyang0419/opt/anaconda3/envs/AirFlowBasicExample/lib/python3.8/site-packages/airflow/example_dags/example_external_task_marker_dag.py for tasks to queue
[2022-07-06 16:52:40,888] {logging_mixin.py:115} INFO - [2022-07-06 16:52:40,888] {dagbag.py:507} INFO - Filling up the DagBag from /Users/joyang0419/opt/anaconda3/envs/AirFlowBasicExample/lib/python3.8/site-packages/airflow/example_dags/example_external_task_marker_dag.py
[2022-07-06 16:52:40,895] {processor.py:651} INFO - DAG(s) dict_keys(['example_external_task_marker_parent', 'example_external_task_marker_child']) retrieved from /Users/joyang0419/opt/anaconda3/envs/AirFlowBasicExample/lib/python3.8/site-packages/airflow/example_dags/example_external_task_marker_dag.py
[2022-07-06 16:52:40,952] {logging_mixin.py:115} INFO - [2022-07-06 16:52:40,952] {dag.py:2379} INFO - Sync 2 DAGs
[2022-07-06 16:52:40,965] {logging_mixin.py:115} INFO - [2022-07-06 16:52:40,965] {dag.py:2927} INFO - Setting next_dagrun for example_external_task_marker_child to None, run_after=None
[2022-07-06 16:52:40,965] {logging_mixin.py:115} INFO - [2022-07-06 16:52:40,965] {dag.py:2927} INFO - Setting next_dagrun for example_external_task_marker_parent to None, run_after=None
[2022-07-06 16:52:40,983] {processor.py:161} INFO - Processing /Users/joyang0419/opt/anaconda3/envs/AirFlowBasicExample/lib/python3.8/site-packages/airflow/example_dags/example_external_task_marker_dag.py took 0.096 seconds
[2022-07-06 16:52:51,724] {processor.py:153} INFO - Started process (PID=12940) to work on /Users/joyang0419/opt/anaconda3/envs/AirFlowBasicExample/lib/python3.8/site-packages/airflow/example_dags/example_external_task_marker_dag.py
[2022-07-06 16:52:51,724] {processor.py:641} INFO - Processing file /Users/joyang0419/opt/anaconda3/envs/AirFlowBasicExample/lib/python3.8/site-packages/airflow/example_dags/example_external_task_marker_dag.py for tasks to queue
[2022-07-06 16:52:51,724] {logging_mixin.py:115} INFO - [2022-07-06 16:52:51,724] {dagbag.py:507} INFO - Filling up the DagBag from /Users/joyang0419/opt/anaconda3/envs/AirFlowBasicExample/lib/python3.8/site-packages/airflow/example_dags/example_external_task_marker_dag.py
[2022-07-06 16:52:51,732] {processor.py:651} INFO - DAG(s) dict_keys(['example_external_task_marker_parent', 'example_external_task_marker_child']) retrieved from /Users/joyang0419/opt/anaconda3/envs/AirFlowBasicExample/lib/python3.8/site-packages/airflow/example_dags/example_external_task_marker_dag.py
[2022-07-06 16:52:51,818] {logging_mixin.py:115} INFO - [2022-07-06 16:52:51,818] {dag.py:2379} INFO - Sync 2 DAGs
[2022-07-06 16:52:51,834] {logging_mixin.py:115} INFO - [2022-07-06 16:52:51,834] {dag.py:2927} INFO - Setting next_dagrun for example_external_task_marker_child to None, run_after=None
[2022-07-06 16:52:51,834] {logging_mixin.py:115} INFO - [2022-07-06 16:52:51,834] {dag.py:2927} INFO - Setting next_dagrun for example_external_task_marker_parent to None, run_after=None
[2022-07-06 16:52:51,867] {processor.py:161} INFO - Processing /Users/joyang0419/opt/anaconda3/envs/AirFlowBasicExample/lib/python3.8/site-packages/airflow/example_dags/example_external_task_marker_dag.py took 0.144 seconds
[2022-07-06 16:53:04,120] {processor.py:153} INFO - Started process (PID=13012) to work on /Users/joyang0419/opt/anaconda3/envs/AirFlowBasicExample/lib/python3.8/site-packages/airflow/example_dags/example_external_task_marker_dag.py
[2022-07-06 16:53:04,120] {processor.py:641} INFO - Processing file /Users/joyang0419/opt/anaconda3/envs/AirFlowBasicExample/lib/python3.8/site-packages/airflow/example_dags/example_external_task_marker_dag.py for tasks to queue
[2022-07-06 16:53:04,120] {logging_mixin.py:115} INFO - [2022-07-06 16:53:04,120] {dagbag.py:507} INFO - Filling up the DagBag from /Users/joyang0419/opt/anaconda3/envs/AirFlowBasicExample/lib/python3.8/site-packages/airflow/example_dags/example_external_task_marker_dag.py
[2022-07-06 16:53:04,127] {processor.py:651} INFO - DAG(s) dict_keys(['example_external_task_marker_parent', 'example_external_task_marker_child']) retrieved from /Users/joyang0419/opt/anaconda3/envs/AirFlowBasicExample/lib/python3.8/site-packages/airflow/example_dags/example_external_task_marker_dag.py
[2022-07-06 16:53:04,189] {logging_mixin.py:115} INFO - [2022-07-06 16:53:04,189] {dag.py:2379} INFO - Sync 2 DAGs
[2022-07-06 16:53:04,202] {logging_mixin.py:115} INFO - [2022-07-06 16:53:04,202] {dag.py:2927} INFO - Setting next_dagrun for example_external_task_marker_child to None, run_after=None
[2022-07-06 16:53:04,202] {logging_mixin.py:115} INFO - [2022-07-06 16:53:04,202] {dag.py:2927} INFO - Setting next_dagrun for example_external_task_marker_parent to None, run_after=None
[2022-07-06 16:53:04,219] {processor.py:161} INFO - Processing /Users/joyang0419/opt/anaconda3/envs/AirFlowBasicExample/lib/python3.8/site-packages/airflow/example_dags/example_external_task_marker_dag.py took 0.100 seconds
[2022-07-06 16:53:15,619] {processor.py:153} INFO - Started process (PID=13078) to work on /Users/joyang0419/opt/anaconda3/envs/AirFlowBasicExample/lib/python3.8/site-packages/airflow/example_dags/example_external_task_marker_dag.py
[2022-07-06 16:53:15,620] {processor.py:641} INFO - Processing file /Users/joyang0419/opt/anaconda3/envs/AirFlowBasicExample/lib/python3.8/site-packages/airflow/example_dags/example_external_task_marker_dag.py for tasks to queue
[2022-07-06 16:53:15,620] {logging_mixin.py:115} INFO - [2022-07-06 16:53:15,620] {dagbag.py:507} INFO - Filling up the DagBag from /Users/joyang0419/opt/anaconda3/envs/AirFlowBasicExample/lib/python3.8/site-packages/airflow/example_dags/example_external_task_marker_dag.py
[2022-07-06 16:53:15,628] {processor.py:651} INFO - DAG(s) dict_keys(['example_external_task_marker_parent', 'example_external_task_marker_child']) retrieved from /Users/joyang0419/opt/anaconda3/envs/AirFlowBasicExample/lib/python3.8/site-packages/airflow/example_dags/example_external_task_marker_dag.py
[2022-07-06 16:53:15,695] {logging_mixin.py:115} INFO - [2022-07-06 16:53:15,695] {dag.py:2379} INFO - Sync 2 DAGs
[2022-07-06 16:53:15,713] {logging_mixin.py:115} INFO - [2022-07-06 16:53:15,713] {dag.py:2927} INFO - Setting next_dagrun for example_external_task_marker_child to None, run_after=None
[2022-07-06 16:53:15,713] {logging_mixin.py:115} INFO - [2022-07-06 16:53:15,713] {dag.py:2927} INFO - Setting next_dagrun for example_external_task_marker_parent to None, run_after=None
[2022-07-06 16:53:15,740] {processor.py:161} INFO - Processing /Users/joyang0419/opt/anaconda3/envs/AirFlowBasicExample/lib/python3.8/site-packages/airflow/example_dags/example_external_task_marker_dag.py took 0.121 seconds
[2022-07-06 16:53:26,234] {processor.py:153} INFO - Started process (PID=13145) to work on /Users/joyang0419/opt/anaconda3/envs/AirFlowBasicExample/lib/python3.8/site-packages/airflow/example_dags/example_external_task_marker_dag.py
[2022-07-06 16:53:26,234] {processor.py:641} INFO - Processing file /Users/joyang0419/opt/anaconda3/envs/AirFlowBasicExample/lib/python3.8/site-packages/airflow/example_dags/example_external_task_marker_dag.py for tasks to queue
[2022-07-06 16:53:26,235] {logging_mixin.py:115} INFO - [2022-07-06 16:53:26,235] {dagbag.py:507} INFO - Filling up the DagBag from /Users/joyang0419/opt/anaconda3/envs/AirFlowBasicExample/lib/python3.8/site-packages/airflow/example_dags/example_external_task_marker_dag.py
[2022-07-06 16:53:26,241] {processor.py:651} INFO - DAG(s) dict_keys(['example_external_task_marker_parent', 'example_external_task_marker_child']) retrieved from /Users/joyang0419/opt/anaconda3/envs/AirFlowBasicExample/lib/python3.8/site-packages/airflow/example_dags/example_external_task_marker_dag.py
[2022-07-06 16:53:26,314] {logging_mixin.py:115} INFO - [2022-07-06 16:53:26,314] {dag.py:2379} INFO - Sync 2 DAGs
[2022-07-06 16:53:26,330] {logging_mixin.py:115} INFO - [2022-07-06 16:53:26,330] {dag.py:2927} INFO - Setting next_dagrun for example_external_task_marker_child to None, run_after=None
[2022-07-06 16:53:26,330] {logging_mixin.py:115} INFO - [2022-07-06 16:53:26,330] {dag.py:2927} INFO - Setting next_dagrun for example_external_task_marker_parent to None, run_after=None
[2022-07-06 16:53:26,364] {processor.py:161} INFO - Processing /Users/joyang0419/opt/anaconda3/envs/AirFlowBasicExample/lib/python3.8/site-packages/airflow/example_dags/example_external_task_marker_dag.py took 0.130 seconds
[2022-07-06 16:53:37,751] {processor.py:153} INFO - Started process (PID=13211) to work on /Users/joyang0419/opt/anaconda3/envs/AirFlowBasicExample/lib/python3.8/site-packages/airflow/example_dags/example_external_task_marker_dag.py
[2022-07-06 16:53:37,752] {processor.py:641} INFO - Processing file /Users/joyang0419/opt/anaconda3/envs/AirFlowBasicExample/lib/python3.8/site-packages/airflow/example_dags/example_external_task_marker_dag.py for tasks to queue
[2022-07-06 16:53:37,752] {logging_mixin.py:115} INFO - [2022-07-06 16:53:37,752] {dagbag.py:507} INFO - Filling up the DagBag from /Users/joyang0419/opt/anaconda3/envs/AirFlowBasicExample/lib/python3.8/site-packages/airflow/example_dags/example_external_task_marker_dag.py
[2022-07-06 16:53:37,758] {processor.py:651} INFO - DAG(s) dict_keys(['example_external_task_marker_parent', 'example_external_task_marker_child']) retrieved from /Users/joyang0419/opt/anaconda3/envs/AirFlowBasicExample/lib/python3.8/site-packages/airflow/example_dags/example_external_task_marker_dag.py
[2022-07-06 16:53:37,831] {logging_mixin.py:115} INFO - [2022-07-06 16:53:37,831] {dag.py:2379} INFO - Sync 2 DAGs
[2022-07-06 16:53:37,848] {logging_mixin.py:115} INFO - [2022-07-06 16:53:37,848] {dag.py:2927} INFO - Setting next_dagrun for example_external_task_marker_child to None, run_after=None
[2022-07-06 16:53:37,848] {logging_mixin.py:115} INFO - [2022-07-06 16:53:37,848] {dag.py:2927} INFO - Setting next_dagrun for example_external_task_marker_parent to None, run_after=None
[2022-07-06 16:53:37,874] {processor.py:161} INFO - Processing /Users/joyang0419/opt/anaconda3/envs/AirFlowBasicExample/lib/python3.8/site-packages/airflow/example_dags/example_external_task_marker_dag.py took 0.124 seconds
[2022-07-06 16:53:48,733] {processor.py:153} INFO - Started process (PID=13281) to work on /Users/joyang0419/opt/anaconda3/envs/AirFlowBasicExample/lib/python3.8/site-packages/airflow/example_dags/example_external_task_marker_dag.py
[2022-07-06 16:53:48,733] {processor.py:641} INFO - Processing file /Users/joyang0419/opt/anaconda3/envs/AirFlowBasicExample/lib/python3.8/site-packages/airflow/example_dags/example_external_task_marker_dag.py for tasks to queue
[2022-07-06 16:53:48,733] {logging_mixin.py:115} INFO - [2022-07-06 16:53:48,733] {dagbag.py:507} INFO - Filling up the DagBag from /Users/joyang0419/opt/anaconda3/envs/AirFlowBasicExample/lib/python3.8/site-packages/airflow/example_dags/example_external_task_marker_dag.py
[2022-07-06 16:53:48,740] {processor.py:651} INFO - DAG(s) dict_keys(['example_external_task_marker_parent', 'example_external_task_marker_child']) retrieved from /Users/joyang0419/opt/anaconda3/envs/AirFlowBasicExample/lib/python3.8/site-packages/airflow/example_dags/example_external_task_marker_dag.py
[2022-07-06 16:53:48,811] {logging_mixin.py:115} INFO - [2022-07-06 16:53:48,811] {dag.py:2379} INFO - Sync 2 DAGs
[2022-07-06 16:53:48,825] {logging_mixin.py:115} INFO - [2022-07-06 16:53:48,825] {dag.py:2927} INFO - Setting next_dagrun for example_external_task_marker_child to None, run_after=None
[2022-07-06 16:53:48,825] {logging_mixin.py:115} INFO - [2022-07-06 16:53:48,825] {dag.py:2927} INFO - Setting next_dagrun for example_external_task_marker_parent to None, run_after=None
[2022-07-06 16:53:48,854] {processor.py:161} INFO - Processing /Users/joyang0419/opt/anaconda3/envs/AirFlowBasicExample/lib/python3.8/site-packages/airflow/example_dags/example_external_task_marker_dag.py took 0.122 seconds
[2022-07-06 16:53:59,097] {processor.py:153} INFO - Started process (PID=13351) to work on /Users/joyang0419/opt/anaconda3/envs/AirFlowBasicExample/lib/python3.8/site-packages/airflow/example_dags/example_external_task_marker_dag.py
[2022-07-06 16:53:59,097] {processor.py:641} INFO - Processing file /Users/joyang0419/opt/anaconda3/envs/AirFlowBasicExample/lib/python3.8/site-packages/airflow/example_dags/example_external_task_marker_dag.py for tasks to queue
[2022-07-06 16:53:59,097] {logging_mixin.py:115} INFO - [2022-07-06 16:53:59,097] {dagbag.py:507} INFO - Filling up the DagBag from /Users/joyang0419/opt/anaconda3/envs/AirFlowBasicExample/lib/python3.8/site-packages/airflow/example_dags/example_external_task_marker_dag.py
[2022-07-06 16:53:59,104] {processor.py:651} INFO - DAG(s) dict_keys(['example_external_task_marker_parent', 'example_external_task_marker_child']) retrieved from /Users/joyang0419/opt/anaconda3/envs/AirFlowBasicExample/lib/python3.8/site-packages/airflow/example_dags/example_external_task_marker_dag.py
[2022-07-06 16:53:59,181] {logging_mixin.py:115} INFO - [2022-07-06 16:53:59,181] {dag.py:2379} INFO - Sync 2 DAGs
[2022-07-06 16:53:59,196] {logging_mixin.py:115} INFO - [2022-07-06 16:53:59,196] {dag.py:2927} INFO - Setting next_dagrun for example_external_task_marker_child to None, run_after=None
[2022-07-06 16:53:59,197] {logging_mixin.py:115} INFO - [2022-07-06 16:53:59,197] {dag.py:2927} INFO - Setting next_dagrun for example_external_task_marker_parent to None, run_after=None
[2022-07-06 16:53:59,222] {processor.py:161} INFO - Processing /Users/joyang0419/opt/anaconda3/envs/AirFlowBasicExample/lib/python3.8/site-packages/airflow/example_dags/example_external_task_marker_dag.py took 0.125 seconds
[2022-07-06 16:54:11,666] {processor.py:153} INFO - Started process (PID=13433) to work on /Users/joyang0419/opt/anaconda3/envs/AirFlowBasicExample/lib/python3.8/site-packages/airflow/example_dags/example_external_task_marker_dag.py
[2022-07-06 16:54:11,666] {processor.py:641} INFO - Processing file /Users/joyang0419/opt/anaconda3/envs/AirFlowBasicExample/lib/python3.8/site-packages/airflow/example_dags/example_external_task_marker_dag.py for tasks to queue
[2022-07-06 16:54:11,667] {logging_mixin.py:115} INFO - [2022-07-06 16:54:11,667] {dagbag.py:507} INFO - Filling up the DagBag from /Users/joyang0419/opt/anaconda3/envs/AirFlowBasicExample/lib/python3.8/site-packages/airflow/example_dags/example_external_task_marker_dag.py
[2022-07-06 16:54:11,675] {processor.py:651} INFO - DAG(s) dict_keys(['example_external_task_marker_parent', 'example_external_task_marker_child']) retrieved from /Users/joyang0419/opt/anaconda3/envs/AirFlowBasicExample/lib/python3.8/site-packages/airflow/example_dags/example_external_task_marker_dag.py
[2022-07-06 16:54:11,738] {logging_mixin.py:115} INFO - [2022-07-06 16:54:11,738] {dag.py:2379} INFO - Sync 2 DAGs
[2022-07-06 16:54:11,754] {logging_mixin.py:115} INFO - [2022-07-06 16:54:11,754] {dag.py:2927} INFO - Setting next_dagrun for example_external_task_marker_child to None, run_after=None
[2022-07-06 16:54:11,755] {logging_mixin.py:115} INFO - [2022-07-06 16:54:11,755] {dag.py:2927} INFO - Setting next_dagrun for example_external_task_marker_parent to None, run_after=None
[2022-07-06 16:54:11,776] {processor.py:161} INFO - Processing /Users/joyang0419/opt/anaconda3/envs/AirFlowBasicExample/lib/python3.8/site-packages/airflow/example_dags/example_external_task_marker_dag.py took 0.111 seconds
