[2022-07-06 16:50:14,508] {processor.py:153} INFO - Started process (PID=12481) to work on /Users/joyang0419/opt/anaconda3/envs/AirFlowBasicExample/lib/python3.8/site-packages/airflow/example_dags/example_branch_operator_decorator.py
[2022-07-06 16:50:14,508] {processor.py:641} INFO - Processing file /Users/joyang0419/opt/anaconda3/envs/AirFlowBasicExample/lib/python3.8/site-packages/airflow/example_dags/example_branch_operator_decorator.py for tasks to queue
[2022-07-06 16:50:14,508] {logging_mixin.py:115} INFO - [2022-07-06 16:50:14,508] {dagbag.py:507} INFO - Filling up the DagBag from /Users/joyang0419/opt/anaconda3/envs/AirFlowBasicExample/lib/python3.8/site-packages/airflow/example_dags/example_branch_operator_decorator.py
[2022-07-06 16:50:14,527] {processor.py:651} INFO - DAG(s) dict_keys(['example_branch_python_operator_decorator']) retrieved from /Users/joyang0419/opt/anaconda3/envs/AirFlowBasicExample/lib/python3.8/site-packages/airflow/example_dags/example_branch_operator_decorator.py
[2022-07-06 16:50:15,076] {logging_mixin.py:115} INFO - [2022-07-06 16:50:15,075] {manager.py:508} INFO - Created Permission View: can delete on DAG:example_branch_python_operator_decorator
[2022-07-06 16:50:15,089] {logging_mixin.py:115} INFO - [2022-07-06 16:50:15,088] {manager.py:508} INFO - Created Permission View: can edit on DAG:example_branch_python_operator_decorator
[2022-07-06 16:50:15,102] {logging_mixin.py:115} INFO - [2022-07-06 16:50:15,102] {manager.py:508} INFO - Created Permission View: can read on DAG:example_branch_python_operator_decorator
[2022-07-06 16:50:15,102] {logging_mixin.py:115} INFO - [2022-07-06 16:50:15,102] {dag.py:2379} INFO - Sync 1 DAGs
[2022-07-06 16:50:15,109] {logging_mixin.py:115} INFO - [2022-07-06 16:50:15,108] {dag.py:2398} INFO - Creating ORM DAG for example_branch_python_operator_decorator
[2022-07-06 16:50:15,116] {logging_mixin.py:115} INFO - [2022-07-06 16:50:15,116] {dag.py:2927} INFO - Setting next_dagrun for example_branch_python_operator_decorator to 2022-07-05T00:00:00+00:00, run_after=2022-07-06T00:00:00+00:00
[2022-07-06 16:50:15,135] {processor.py:161} INFO - Processing /Users/joyang0419/opt/anaconda3/envs/AirFlowBasicExample/lib/python3.8/site-packages/airflow/example_dags/example_branch_operator_decorator.py took 0.628 seconds
[2022-07-06 16:50:26,756] {processor.py:153} INFO - Started process (PID=12549) to work on /Users/joyang0419/opt/anaconda3/envs/AirFlowBasicExample/lib/python3.8/site-packages/airflow/example_dags/example_branch_operator_decorator.py
[2022-07-06 16:50:26,756] {processor.py:641} INFO - Processing file /Users/joyang0419/opt/anaconda3/envs/AirFlowBasicExample/lib/python3.8/site-packages/airflow/example_dags/example_branch_operator_decorator.py for tasks to queue
[2022-07-06 16:50:26,756] {logging_mixin.py:115} INFO - [2022-07-06 16:50:26,756] {dagbag.py:507} INFO - Filling up the DagBag from /Users/joyang0419/opt/anaconda3/envs/AirFlowBasicExample/lib/python3.8/site-packages/airflow/example_dags/example_branch_operator_decorator.py
[2022-07-06 16:50:26,775] {processor.py:651} INFO - DAG(s) dict_keys(['example_branch_python_operator_decorator']) retrieved from /Users/joyang0419/opt/anaconda3/envs/AirFlowBasicExample/lib/python3.8/site-packages/airflow/example_dags/example_branch_operator_decorator.py
[2022-07-06 16:50:26,807] {logging_mixin.py:115} INFO - [2022-07-06 16:50:26,807] {dag.py:2379} INFO - Sync 1 DAGs
[2022-07-06 16:50:26,837] {logging_mixin.py:115} INFO - [2022-07-06 16:50:26,837] {dag.py:2927} INFO - Setting next_dagrun for example_branch_python_operator_decorator to 2022-07-05T00:00:00+00:00, run_after=2022-07-06T00:00:00+00:00
[2022-07-06 16:50:26,856] {processor.py:161} INFO - Processing /Users/joyang0419/opt/anaconda3/envs/AirFlowBasicExample/lib/python3.8/site-packages/airflow/example_dags/example_branch_operator_decorator.py took 0.100 seconds
[2022-07-06 16:50:36,559] {processor.py:153} INFO - Started process (PID=12612) to work on /Users/joyang0419/opt/anaconda3/envs/AirFlowBasicExample/lib/python3.8/site-packages/airflow/example_dags/example_branch_operator_decorator.py
[2022-07-06 16:50:36,559] {processor.py:641} INFO - Processing file /Users/joyang0419/opt/anaconda3/envs/AirFlowBasicExample/lib/python3.8/site-packages/airflow/example_dags/example_branch_operator_decorator.py for tasks to queue
[2022-07-06 16:50:36,559] {logging_mixin.py:115} INFO - [2022-07-06 16:50:36,559] {dagbag.py:507} INFO - Filling up the DagBag from /Users/joyang0419/opt/anaconda3/envs/AirFlowBasicExample/lib/python3.8/site-packages/airflow/example_dags/example_branch_operator_decorator.py
[2022-07-06 16:50:36,577] {processor.py:651} INFO - DAG(s) dict_keys(['example_branch_python_operator_decorator']) retrieved from /Users/joyang0419/opt/anaconda3/envs/AirFlowBasicExample/lib/python3.8/site-packages/airflow/example_dags/example_branch_operator_decorator.py
[2022-07-06 16:50:36,607] {logging_mixin.py:115} INFO - [2022-07-06 16:50:36,607] {dag.py:2379} INFO - Sync 1 DAGs
[2022-07-06 16:50:36,639] {logging_mixin.py:115} INFO - [2022-07-06 16:50:36,639] {dag.py:2927} INFO - Setting next_dagrun for example_branch_python_operator_decorator to 2022-07-05T00:00:00+00:00, run_after=2022-07-06T00:00:00+00:00
[2022-07-06 16:50:36,657] {processor.py:161} INFO - Processing /Users/joyang0419/opt/anaconda3/envs/AirFlowBasicExample/lib/python3.8/site-packages/airflow/example_dags/example_branch_operator_decorator.py took 0.098 seconds
[2022-07-06 16:50:49,784] {processor.py:153} INFO - Started process (PID=12686) to work on /Users/joyang0419/opt/anaconda3/envs/AirFlowBasicExample/lib/python3.8/site-packages/airflow/example_dags/example_branch_operator_decorator.py
[2022-07-06 16:50:49,784] {processor.py:641} INFO - Processing file /Users/joyang0419/opt/anaconda3/envs/AirFlowBasicExample/lib/python3.8/site-packages/airflow/example_dags/example_branch_operator_decorator.py for tasks to queue
[2022-07-06 16:50:49,784] {logging_mixin.py:115} INFO - [2022-07-06 16:50:49,784] {dagbag.py:507} INFO - Filling up the DagBag from /Users/joyang0419/opt/anaconda3/envs/AirFlowBasicExample/lib/python3.8/site-packages/airflow/example_dags/example_branch_operator_decorator.py
[2022-07-06 16:50:49,802] {processor.py:651} INFO - DAG(s) dict_keys(['example_branch_python_operator_decorator']) retrieved from /Users/joyang0419/opt/anaconda3/envs/AirFlowBasicExample/lib/python3.8/site-packages/airflow/example_dags/example_branch_operator_decorator.py
[2022-07-06 16:50:49,871] {logging_mixin.py:115} INFO - [2022-07-06 16:50:49,871] {dag.py:2379} INFO - Sync 1 DAGs
[2022-07-06 16:50:49,888] {logging_mixin.py:115} INFO - [2022-07-06 16:50:49,888] {dag.py:2927} INFO - Setting next_dagrun for example_branch_python_operator_decorator to 2022-07-05T00:00:00+00:00, run_after=2022-07-06T00:00:00+00:00
[2022-07-06 16:50:49,918] {processor.py:161} INFO - Processing /Users/joyang0419/opt/anaconda3/envs/AirFlowBasicExample/lib/python3.8/site-packages/airflow/example_dags/example_branch_operator_decorator.py took 0.135 seconds
[2022-07-06 16:52:31,283] {processor.py:153} INFO - Started process (PID=12812) to work on /Users/joyang0419/opt/anaconda3/envs/AirFlowBasicExample/lib/python3.8/site-packages/airflow/example_dags/example_branch_operator_decorator.py
[2022-07-06 16:52:31,283] {processor.py:641} INFO - Processing file /Users/joyang0419/opt/anaconda3/envs/AirFlowBasicExample/lib/python3.8/site-packages/airflow/example_dags/example_branch_operator_decorator.py for tasks to queue
[2022-07-06 16:52:31,284] {logging_mixin.py:115} INFO - [2022-07-06 16:52:31,284] {dagbag.py:507} INFO - Filling up the DagBag from /Users/joyang0419/opt/anaconda3/envs/AirFlowBasicExample/lib/python3.8/site-packages/airflow/example_dags/example_branch_operator_decorator.py
[2022-07-06 16:52:31,302] {processor.py:651} INFO - DAG(s) dict_keys(['example_branch_python_operator_decorator']) retrieved from /Users/joyang0419/opt/anaconda3/envs/AirFlowBasicExample/lib/python3.8/site-packages/airflow/example_dags/example_branch_operator_decorator.py
[2022-07-06 16:52:31,357] {logging_mixin.py:115} INFO - [2022-07-06 16:52:31,357] {dag.py:2379} INFO - Sync 1 DAGs
[2022-07-06 16:52:31,371] {logging_mixin.py:115} INFO - [2022-07-06 16:52:31,371] {dag.py:2927} INFO - Setting next_dagrun for example_branch_python_operator_decorator to 2022-07-05T00:00:00+00:00, run_after=2022-07-06T00:00:00+00:00
[2022-07-06 16:52:31,391] {processor.py:161} INFO - Processing /Users/joyang0419/opt/anaconda3/envs/AirFlowBasicExample/lib/python3.8/site-packages/airflow/example_dags/example_branch_operator_decorator.py took 0.108 seconds
[2022-07-06 16:52:42,182] {processor.py:153} INFO - Started process (PID=12881) to work on /Users/joyang0419/opt/anaconda3/envs/AirFlowBasicExample/lib/python3.8/site-packages/airflow/example_dags/example_branch_operator_decorator.py
[2022-07-06 16:52:42,182] {processor.py:641} INFO - Processing file /Users/joyang0419/opt/anaconda3/envs/AirFlowBasicExample/lib/python3.8/site-packages/airflow/example_dags/example_branch_operator_decorator.py for tasks to queue
[2022-07-06 16:52:42,182] {logging_mixin.py:115} INFO - [2022-07-06 16:52:42,182] {dagbag.py:507} INFO - Filling up the DagBag from /Users/joyang0419/opt/anaconda3/envs/AirFlowBasicExample/lib/python3.8/site-packages/airflow/example_dags/example_branch_operator_decorator.py
[2022-07-06 16:52:42,200] {processor.py:651} INFO - DAG(s) dict_keys(['example_branch_python_operator_decorator']) retrieved from /Users/joyang0419/opt/anaconda3/envs/AirFlowBasicExample/lib/python3.8/site-packages/airflow/example_dags/example_branch_operator_decorator.py
[2022-07-06 16:52:42,264] {logging_mixin.py:115} INFO - [2022-07-06 16:52:42,264] {dag.py:2379} INFO - Sync 1 DAGs
[2022-07-06 16:52:42,279] {logging_mixin.py:115} INFO - [2022-07-06 16:52:42,279] {dag.py:2927} INFO - Setting next_dagrun for example_branch_python_operator_decorator to 2022-07-05T00:00:00+00:00, run_after=2022-07-06T00:00:00+00:00
[2022-07-06 16:52:42,300] {processor.py:161} INFO - Processing /Users/joyang0419/opt/anaconda3/envs/AirFlowBasicExample/lib/python3.8/site-packages/airflow/example_dags/example_branch_operator_decorator.py took 0.119 seconds
[2022-07-06 16:52:53,211] {processor.py:153} INFO - Started process (PID=12951) to work on /Users/joyang0419/opt/anaconda3/envs/AirFlowBasicExample/lib/python3.8/site-packages/airflow/example_dags/example_branch_operator_decorator.py
[2022-07-06 16:52:53,211] {processor.py:641} INFO - Processing file /Users/joyang0419/opt/anaconda3/envs/AirFlowBasicExample/lib/python3.8/site-packages/airflow/example_dags/example_branch_operator_decorator.py for tasks to queue
[2022-07-06 16:52:53,211] {logging_mixin.py:115} INFO - [2022-07-06 16:52:53,211] {dagbag.py:507} INFO - Filling up the DagBag from /Users/joyang0419/opt/anaconda3/envs/AirFlowBasicExample/lib/python3.8/site-packages/airflow/example_dags/example_branch_operator_decorator.py
[2022-07-06 16:52:53,232] {processor.py:651} INFO - DAG(s) dict_keys(['example_branch_python_operator_decorator']) retrieved from /Users/joyang0419/opt/anaconda3/envs/AirFlowBasicExample/lib/python3.8/site-packages/airflow/example_dags/example_branch_operator_decorator.py
[2022-07-06 16:52:53,298] {logging_mixin.py:115} INFO - [2022-07-06 16:52:53,298] {dag.py:2379} INFO - Sync 1 DAGs
[2022-07-06 16:52:53,315] {logging_mixin.py:115} INFO - [2022-07-06 16:52:53,315] {dag.py:2927} INFO - Setting next_dagrun for example_branch_python_operator_decorator to 2022-07-05T00:00:00+00:00, run_after=2022-07-06T00:00:00+00:00
[2022-07-06 16:52:53,342] {processor.py:161} INFO - Processing /Users/joyang0419/opt/anaconda3/envs/AirFlowBasicExample/lib/python3.8/site-packages/airflow/example_dags/example_branch_operator_decorator.py took 0.131 seconds
[2022-07-06 16:53:05,554] {processor.py:153} INFO - Started process (PID=13020) to work on /Users/joyang0419/opt/anaconda3/envs/AirFlowBasicExample/lib/python3.8/site-packages/airflow/example_dags/example_branch_operator_decorator.py
[2022-07-06 16:53:05,554] {processor.py:641} INFO - Processing file /Users/joyang0419/opt/anaconda3/envs/AirFlowBasicExample/lib/python3.8/site-packages/airflow/example_dags/example_branch_operator_decorator.py for tasks to queue
[2022-07-06 16:53:05,554] {logging_mixin.py:115} INFO - [2022-07-06 16:53:05,554] {dagbag.py:507} INFO - Filling up the DagBag from /Users/joyang0419/opt/anaconda3/envs/AirFlowBasicExample/lib/python3.8/site-packages/airflow/example_dags/example_branch_operator_decorator.py
[2022-07-06 16:53:05,576] {processor.py:651} INFO - DAG(s) dict_keys(['example_branch_python_operator_decorator']) retrieved from /Users/joyang0419/opt/anaconda3/envs/AirFlowBasicExample/lib/python3.8/site-packages/airflow/example_dags/example_branch_operator_decorator.py
[2022-07-06 16:53:05,636] {logging_mixin.py:115} INFO - [2022-07-06 16:53:05,636] {dag.py:2379} INFO - Sync 1 DAGs
[2022-07-06 16:53:05,649] {logging_mixin.py:115} INFO - [2022-07-06 16:53:05,649] {dag.py:2927} INFO - Setting next_dagrun for example_branch_python_operator_decorator to 2022-07-05T00:00:00+00:00, run_after=2022-07-06T00:00:00+00:00
[2022-07-06 16:53:05,665] {processor.py:161} INFO - Processing /Users/joyang0419/opt/anaconda3/envs/AirFlowBasicExample/lib/python3.8/site-packages/airflow/example_dags/example_branch_operator_decorator.py took 0.112 seconds
[2022-07-06 16:53:16,912] {processor.py:153} INFO - Started process (PID=13086) to work on /Users/joyang0419/opt/anaconda3/envs/AirFlowBasicExample/lib/python3.8/site-packages/airflow/example_dags/example_branch_operator_decorator.py
[2022-07-06 16:53:16,913] {processor.py:641} INFO - Processing file /Users/joyang0419/opt/anaconda3/envs/AirFlowBasicExample/lib/python3.8/site-packages/airflow/example_dags/example_branch_operator_decorator.py for tasks to queue
[2022-07-06 16:53:16,914] {logging_mixin.py:115} INFO - [2022-07-06 16:53:16,913] {dagbag.py:507} INFO - Filling up the DagBag from /Users/joyang0419/opt/anaconda3/envs/AirFlowBasicExample/lib/python3.8/site-packages/airflow/example_dags/example_branch_operator_decorator.py
[2022-07-06 16:53:16,933] {processor.py:651} INFO - DAG(s) dict_keys(['example_branch_python_operator_decorator']) retrieved from /Users/joyang0419/opt/anaconda3/envs/AirFlowBasicExample/lib/python3.8/site-packages/airflow/example_dags/example_branch_operator_decorator.py
[2022-07-06 16:53:16,998] {logging_mixin.py:115} INFO - [2022-07-06 16:53:16,997] {dag.py:2379} INFO - Sync 1 DAGs
[2022-07-06 16:53:17,011] {logging_mixin.py:115} INFO - [2022-07-06 16:53:17,010] {dag.py:2927} INFO - Setting next_dagrun for example_branch_python_operator_decorator to 2022-07-05T00:00:00+00:00, run_after=2022-07-06T00:00:00+00:00
[2022-07-06 16:53:17,027] {processor.py:161} INFO - Processing /Users/joyang0419/opt/anaconda3/envs/AirFlowBasicExample/lib/python3.8/site-packages/airflow/example_dags/example_branch_operator_decorator.py took 0.116 seconds
[2022-07-06 16:53:27,545] {processor.py:153} INFO - Started process (PID=13153) to work on /Users/joyang0419/opt/anaconda3/envs/AirFlowBasicExample/lib/python3.8/site-packages/airflow/example_dags/example_branch_operator_decorator.py
[2022-07-06 16:53:27,545] {processor.py:641} INFO - Processing file /Users/joyang0419/opt/anaconda3/envs/AirFlowBasicExample/lib/python3.8/site-packages/airflow/example_dags/example_branch_operator_decorator.py for tasks to queue
[2022-07-06 16:53:27,545] {logging_mixin.py:115} INFO - [2022-07-06 16:53:27,545] {dagbag.py:507} INFO - Filling up the DagBag from /Users/joyang0419/opt/anaconda3/envs/AirFlowBasicExample/lib/python3.8/site-packages/airflow/example_dags/example_branch_operator_decorator.py
[2022-07-06 16:53:27,563] {processor.py:651} INFO - DAG(s) dict_keys(['example_branch_python_operator_decorator']) retrieved from /Users/joyang0419/opt/anaconda3/envs/AirFlowBasicExample/lib/python3.8/site-packages/airflow/example_dags/example_branch_operator_decorator.py
[2022-07-06 16:53:27,634] {logging_mixin.py:115} INFO - [2022-07-06 16:53:27,634] {dag.py:2379} INFO - Sync 1 DAGs
[2022-07-06 16:53:27,647] {logging_mixin.py:115} INFO - [2022-07-06 16:53:27,647] {dag.py:2927} INFO - Setting next_dagrun for example_branch_python_operator_decorator to 2022-07-05T00:00:00+00:00, run_after=2022-07-06T00:00:00+00:00
[2022-07-06 16:53:27,663] {processor.py:161} INFO - Processing /Users/joyang0419/opt/anaconda3/envs/AirFlowBasicExample/lib/python3.8/site-packages/airflow/example_dags/example_branch_operator_decorator.py took 0.119 seconds
[2022-07-06 16:53:39,074] {processor.py:153} INFO - Started process (PID=13218) to work on /Users/joyang0419/opt/anaconda3/envs/AirFlowBasicExample/lib/python3.8/site-packages/airflow/example_dags/example_branch_operator_decorator.py
[2022-07-06 16:53:39,075] {processor.py:641} INFO - Processing file /Users/joyang0419/opt/anaconda3/envs/AirFlowBasicExample/lib/python3.8/site-packages/airflow/example_dags/example_branch_operator_decorator.py for tasks to queue
[2022-07-06 16:53:39,075] {logging_mixin.py:115} INFO - [2022-07-06 16:53:39,075] {dagbag.py:507} INFO - Filling up the DagBag from /Users/joyang0419/opt/anaconda3/envs/AirFlowBasicExample/lib/python3.8/site-packages/airflow/example_dags/example_branch_operator_decorator.py
[2022-07-06 16:53:39,093] {processor.py:651} INFO - DAG(s) dict_keys(['example_branch_python_operator_decorator']) retrieved from /Users/joyang0419/opt/anaconda3/envs/AirFlowBasicExample/lib/python3.8/site-packages/airflow/example_dags/example_branch_operator_decorator.py
[2022-07-06 16:53:39,148] {logging_mixin.py:115} INFO - [2022-07-06 16:53:39,147] {dag.py:2379} INFO - Sync 1 DAGs
[2022-07-06 16:53:39,161] {logging_mixin.py:115} INFO - [2022-07-06 16:53:39,161] {dag.py:2927} INFO - Setting next_dagrun for example_branch_python_operator_decorator to 2022-07-05T00:00:00+00:00, run_after=2022-07-06T00:00:00+00:00
[2022-07-06 16:53:39,184] {processor.py:161} INFO - Processing /Users/joyang0419/opt/anaconda3/envs/AirFlowBasicExample/lib/python3.8/site-packages/airflow/example_dags/example_branch_operator_decorator.py took 0.110 seconds
[2022-07-06 16:53:49,996] {processor.py:153} INFO - Started process (PID=13292) to work on /Users/joyang0419/opt/anaconda3/envs/AirFlowBasicExample/lib/python3.8/site-packages/airflow/example_dags/example_branch_operator_decorator.py
[2022-07-06 16:53:49,997] {processor.py:641} INFO - Processing file /Users/joyang0419/opt/anaconda3/envs/AirFlowBasicExample/lib/python3.8/site-packages/airflow/example_dags/example_branch_operator_decorator.py for tasks to queue
[2022-07-06 16:53:49,997] {logging_mixin.py:115} INFO - [2022-07-06 16:53:49,997] {dagbag.py:507} INFO - Filling up the DagBag from /Users/joyang0419/opt/anaconda3/envs/AirFlowBasicExample/lib/python3.8/site-packages/airflow/example_dags/example_branch_operator_decorator.py
[2022-07-06 16:53:50,016] {processor.py:651} INFO - DAG(s) dict_keys(['example_branch_python_operator_decorator']) retrieved from /Users/joyang0419/opt/anaconda3/envs/AirFlowBasicExample/lib/python3.8/site-packages/airflow/example_dags/example_branch_operator_decorator.py
[2022-07-06 16:53:50,078] {logging_mixin.py:115} INFO - [2022-07-06 16:53:50,078] {dag.py:2379} INFO - Sync 1 DAGs
[2022-07-06 16:53:50,091] {logging_mixin.py:115} INFO - [2022-07-06 16:53:50,091] {dag.py:2927} INFO - Setting next_dagrun for example_branch_python_operator_decorator to 2022-07-05T00:00:00+00:00, run_after=2022-07-06T00:00:00+00:00
[2022-07-06 16:53:50,108] {processor.py:161} INFO - Processing /Users/joyang0419/opt/anaconda3/envs/AirFlowBasicExample/lib/python3.8/site-packages/airflow/example_dags/example_branch_operator_decorator.py took 0.113 seconds
[2022-07-06 16:54:00,457] {processor.py:153} INFO - Started process (PID=13359) to work on /Users/joyang0419/opt/anaconda3/envs/AirFlowBasicExample/lib/python3.8/site-packages/airflow/example_dags/example_branch_operator_decorator.py
[2022-07-06 16:54:00,458] {processor.py:641} INFO - Processing file /Users/joyang0419/opt/anaconda3/envs/AirFlowBasicExample/lib/python3.8/site-packages/airflow/example_dags/example_branch_operator_decorator.py for tasks to queue
[2022-07-06 16:54:00,458] {logging_mixin.py:115} INFO - [2022-07-06 16:54:00,458] {dagbag.py:507} INFO - Filling up the DagBag from /Users/joyang0419/opt/anaconda3/envs/AirFlowBasicExample/lib/python3.8/site-packages/airflow/example_dags/example_branch_operator_decorator.py
[2022-07-06 16:54:00,489] {processor.py:651} INFO - DAG(s) dict_keys(['example_branch_python_operator_decorator']) retrieved from /Users/joyang0419/opt/anaconda3/envs/AirFlowBasicExample/lib/python3.8/site-packages/airflow/example_dags/example_branch_operator_decorator.py
[2022-07-06 16:54:00,591] {logging_mixin.py:115} INFO - [2022-07-06 16:54:00,590] {dag.py:2379} INFO - Sync 1 DAGs
[2022-07-06 16:54:00,607] {logging_mixin.py:115} INFO - [2022-07-06 16:54:00,607] {dag.py:2927} INFO - Setting next_dagrun for example_branch_python_operator_decorator to 2022-07-05T00:00:00+00:00, run_after=2022-07-06T00:00:00+00:00
[2022-07-06 16:54:00,635] {processor.py:161} INFO - Processing /Users/joyang0419/opt/anaconda3/envs/AirFlowBasicExample/lib/python3.8/site-packages/airflow/example_dags/example_branch_operator_decorator.py took 0.178 seconds
[2022-07-06 16:54:13,588] {processor.py:153} INFO - Started process (PID=13442) to work on /Users/joyang0419/opt/anaconda3/envs/AirFlowBasicExample/lib/python3.8/site-packages/airflow/example_dags/example_branch_operator_decorator.py
[2022-07-06 16:54:13,589] {processor.py:641} INFO - Processing file /Users/joyang0419/opt/anaconda3/envs/AirFlowBasicExample/lib/python3.8/site-packages/airflow/example_dags/example_branch_operator_decorator.py for tasks to queue
[2022-07-06 16:54:13,589] {logging_mixin.py:115} INFO - [2022-07-06 16:54:13,589] {dagbag.py:507} INFO - Filling up the DagBag from /Users/joyang0419/opt/anaconda3/envs/AirFlowBasicExample/lib/python3.8/site-packages/airflow/example_dags/example_branch_operator_decorator.py
[2022-07-06 16:54:13,609] {processor.py:651} INFO - DAG(s) dict_keys(['example_branch_python_operator_decorator']) retrieved from /Users/joyang0419/opt/anaconda3/envs/AirFlowBasicExample/lib/python3.8/site-packages/airflow/example_dags/example_branch_operator_decorator.py
[2022-07-06 16:54:13,676] {logging_mixin.py:115} INFO - [2022-07-06 16:54:13,676] {dag.py:2379} INFO - Sync 1 DAGs
[2022-07-06 16:54:13,693] {logging_mixin.py:115} INFO - [2022-07-06 16:54:13,693] {dag.py:2927} INFO - Setting next_dagrun for example_branch_python_operator_decorator to 2022-07-05T00:00:00+00:00, run_after=2022-07-06T00:00:00+00:00
[2022-07-06 16:54:13,725] {processor.py:161} INFO - Processing /Users/joyang0419/opt/anaconda3/envs/AirFlowBasicExample/lib/python3.8/site-packages/airflow/example_dags/example_branch_operator_decorator.py took 0.137 seconds
