[2022-07-06 16:48:48,540] {processor.py:153} INFO - Started process (PID=12121) to work on /Users/joyang0419/opt/anaconda3/envs/AirFlowBasicExample/lib/python3.8/site-packages/airflow/example_dags/tutorial_taskflow_api_etl.py
[2022-07-06 16:48:48,541] {processor.py:641} INFO - Processing file /Users/joyang0419/opt/anaconda3/envs/AirFlowBasicExample/lib/python3.8/site-packages/airflow/example_dags/tutorial_taskflow_api_etl.py for tasks to queue
[2022-07-06 16:48:48,541] {logging_mixin.py:115} INFO - [2022-07-06 16:48:48,541] {dagbag.py:507} INFO - Filling up the DagBag from /Users/joyang0419/opt/anaconda3/envs/AirFlowBasicExample/lib/python3.8/site-packages/airflow/example_dags/tutorial_taskflow_api_etl.py
[2022-07-06 16:48:48,562] {processor.py:651} INFO - DAG(s) dict_keys(['tutorial_taskflow_api_etl']) retrieved from /Users/joyang0419/opt/anaconda3/envs/AirFlowBasicExample/lib/python3.8/site-packages/airflow/example_dags/tutorial_taskflow_api_etl.py
[2022-07-06 16:48:49,415] {logging_mixin.py:115} INFO - [2022-07-06 16:48:49,415] {manager.py:508} INFO - Created Permission View: can delete on DAG:tutorial_taskflow_api_etl
[2022-07-06 16:48:49,450] {logging_mixin.py:115} INFO - [2022-07-06 16:48:49,450] {manager.py:508} INFO - Created Permission View: can edit on DAG:tutorial_taskflow_api_etl
[2022-07-06 16:48:49,488] {logging_mixin.py:115} INFO - [2022-07-06 16:48:49,488] {manager.py:508} INFO - Created Permission View: can read on DAG:tutorial_taskflow_api_etl
[2022-07-06 16:48:49,489] {logging_mixin.py:115} INFO - [2022-07-06 16:48:49,489] {dag.py:2379} INFO - Sync 1 DAGs
[2022-07-06 16:48:49,507] {logging_mixin.py:115} INFO - [2022-07-06 16:48:49,506] {dag.py:2398} INFO - Creating ORM DAG for tutorial_taskflow_api_etl
[2022-07-06 16:48:49,525] {logging_mixin.py:115} INFO - [2022-07-06 16:48:49,525] {dag.py:2927} INFO - Setting next_dagrun for tutorial_taskflow_api_etl to None, run_after=None
[2022-07-06 16:48:49,583] {processor.py:161} INFO - Processing /Users/joyang0419/opt/anaconda3/envs/AirFlowBasicExample/lib/python3.8/site-packages/airflow/example_dags/tutorial_taskflow_api_etl.py took 1.043 seconds
[2022-07-06 16:50:01,990] {processor.py:153} INFO - Started process (PID=12428) to work on /Users/joyang0419/opt/anaconda3/envs/AirFlowBasicExample/lib/python3.8/site-packages/airflow/example_dags/tutorial_taskflow_api_etl.py
[2022-07-06 16:50:01,991] {processor.py:641} INFO - Processing file /Users/joyang0419/opt/anaconda3/envs/AirFlowBasicExample/lib/python3.8/site-packages/airflow/example_dags/tutorial_taskflow_api_etl.py for tasks to queue
[2022-07-06 16:50:01,991] {logging_mixin.py:115} INFO - [2022-07-06 16:50:01,991] {dagbag.py:507} INFO - Filling up the DagBag from /Users/joyang0419/opt/anaconda3/envs/AirFlowBasicExample/lib/python3.8/site-packages/airflow/example_dags/tutorial_taskflow_api_etl.py
[2022-07-06 16:50:02,015] {processor.py:651} INFO - DAG(s) dict_keys(['tutorial_taskflow_api_etl']) retrieved from /Users/joyang0419/opt/anaconda3/envs/AirFlowBasicExample/lib/python3.8/site-packages/airflow/example_dags/tutorial_taskflow_api_etl.py
[2022-07-06 16:50:02,489] {logging_mixin.py:115} INFO - [2022-07-06 16:50:02,489] {dag.py:2379} INFO - Sync 1 DAGs
[2022-07-06 16:50:02,511] {logging_mixin.py:115} INFO - [2022-07-06 16:50:02,511] {dag.py:2927} INFO - Setting next_dagrun for tutorial_taskflow_api_etl to None, run_after=None
[2022-07-06 16:50:02,558] {processor.py:161} INFO - Processing /Users/joyang0419/opt/anaconda3/envs/AirFlowBasicExample/lib/python3.8/site-packages/airflow/example_dags/tutorial_taskflow_api_etl.py took 0.569 seconds
[2022-07-06 16:50:18,962] {processor.py:153} INFO - Started process (PID=12499) to work on /Users/joyang0419/opt/anaconda3/envs/AirFlowBasicExample/lib/python3.8/site-packages/airflow/example_dags/tutorial_taskflow_api_etl.py
[2022-07-06 16:50:18,962] {processor.py:641} INFO - Processing file /Users/joyang0419/opt/anaconda3/envs/AirFlowBasicExample/lib/python3.8/site-packages/airflow/example_dags/tutorial_taskflow_api_etl.py for tasks to queue
[2022-07-06 16:50:18,962] {logging_mixin.py:115} INFO - [2022-07-06 16:50:18,962] {dagbag.py:507} INFO - Filling up the DagBag from /Users/joyang0419/opt/anaconda3/envs/AirFlowBasicExample/lib/python3.8/site-packages/airflow/example_dags/tutorial_taskflow_api_etl.py
[2022-07-06 16:50:18,980] {processor.py:651} INFO - DAG(s) dict_keys(['tutorial_taskflow_api_etl']) retrieved from /Users/joyang0419/opt/anaconda3/envs/AirFlowBasicExample/lib/python3.8/site-packages/airflow/example_dags/tutorial_taskflow_api_etl.py
[2022-07-06 16:50:19,017] {logging_mixin.py:115} INFO - [2022-07-06 16:50:19,017] {dag.py:2379} INFO - Sync 1 DAGs
[2022-07-06 16:50:19,049] {logging_mixin.py:115} INFO - [2022-07-06 16:50:19,049] {dag.py:2927} INFO - Setting next_dagrun for tutorial_taskflow_api_etl to None, run_after=None
[2022-07-06 16:50:19,072] {processor.py:161} INFO - Processing /Users/joyang0419/opt/anaconda3/envs/AirFlowBasicExample/lib/python3.8/site-packages/airflow/example_dags/tutorial_taskflow_api_etl.py took 0.111 seconds
[2022-07-06 16:50:28,912] {processor.py:153} INFO - Started process (PID=12563) to work on /Users/joyang0419/opt/anaconda3/envs/AirFlowBasicExample/lib/python3.8/site-packages/airflow/example_dags/tutorial_taskflow_api_etl.py
[2022-07-06 16:50:28,913] {processor.py:641} INFO - Processing file /Users/joyang0419/opt/anaconda3/envs/AirFlowBasicExample/lib/python3.8/site-packages/airflow/example_dags/tutorial_taskflow_api_etl.py for tasks to queue
[2022-07-06 16:50:28,913] {logging_mixin.py:115} INFO - [2022-07-06 16:50:28,913] {dagbag.py:507} INFO - Filling up the DagBag from /Users/joyang0419/opt/anaconda3/envs/AirFlowBasicExample/lib/python3.8/site-packages/airflow/example_dags/tutorial_taskflow_api_etl.py
[2022-07-06 16:50:28,932] {processor.py:651} INFO - DAG(s) dict_keys(['tutorial_taskflow_api_etl']) retrieved from /Users/joyang0419/opt/anaconda3/envs/AirFlowBasicExample/lib/python3.8/site-packages/airflow/example_dags/tutorial_taskflow_api_etl.py
[2022-07-06 16:50:28,966] {logging_mixin.py:115} INFO - [2022-07-06 16:50:28,965] {dag.py:2379} INFO - Sync 1 DAGs
[2022-07-06 16:50:29,001] {logging_mixin.py:115} INFO - [2022-07-06 16:50:29,001] {dag.py:2927} INFO - Setting next_dagrun for tutorial_taskflow_api_etl to None, run_after=None
[2022-07-06 16:50:29,025] {processor.py:161} INFO - Processing /Users/joyang0419/opt/anaconda3/envs/AirFlowBasicExample/lib/python3.8/site-packages/airflow/example_dags/tutorial_taskflow_api_etl.py took 0.113 seconds
[2022-07-06 16:50:39,394] {processor.py:153} INFO - Started process (PID=12629) to work on /Users/joyang0419/opt/anaconda3/envs/AirFlowBasicExample/lib/python3.8/site-packages/airflow/example_dags/tutorial_taskflow_api_etl.py
[2022-07-06 16:50:39,394] {processor.py:641} INFO - Processing file /Users/joyang0419/opt/anaconda3/envs/AirFlowBasicExample/lib/python3.8/site-packages/airflow/example_dags/tutorial_taskflow_api_etl.py for tasks to queue
[2022-07-06 16:50:39,394] {logging_mixin.py:115} INFO - [2022-07-06 16:50:39,394] {dagbag.py:507} INFO - Filling up the DagBag from /Users/joyang0419/opt/anaconda3/envs/AirFlowBasicExample/lib/python3.8/site-packages/airflow/example_dags/tutorial_taskflow_api_etl.py
[2022-07-06 16:50:39,411] {processor.py:651} INFO - DAG(s) dict_keys(['tutorial_taskflow_api_etl']) retrieved from /Users/joyang0419/opt/anaconda3/envs/AirFlowBasicExample/lib/python3.8/site-packages/airflow/example_dags/tutorial_taskflow_api_etl.py
[2022-07-06 16:50:39,820] {logging_mixin.py:115} INFO - [2022-07-06 16:50:39,820] {dag.py:2379} INFO - Sync 1 DAGs
[2022-07-06 16:50:39,834] {logging_mixin.py:115} INFO - [2022-07-06 16:50:39,834] {dag.py:2927} INFO - Setting next_dagrun for tutorial_taskflow_api_etl to None, run_after=None
[2022-07-06 16:50:39,862] {processor.py:161} INFO - Processing /Users/joyang0419/opt/anaconda3/envs/AirFlowBasicExample/lib/python3.8/site-packages/airflow/example_dags/tutorial_taskflow_api_etl.py took 0.468 seconds
[2022-07-06 16:52:21,941] {processor.py:153} INFO - Started process (PID=12761) to work on /Users/joyang0419/opt/anaconda3/envs/AirFlowBasicExample/lib/python3.8/site-packages/airflow/example_dags/tutorial_taskflow_api_etl.py
[2022-07-06 16:52:21,941] {processor.py:641} INFO - Processing file /Users/joyang0419/opt/anaconda3/envs/AirFlowBasicExample/lib/python3.8/site-packages/airflow/example_dags/tutorial_taskflow_api_etl.py for tasks to queue
[2022-07-06 16:52:21,941] {logging_mixin.py:115} INFO - [2022-07-06 16:52:21,941] {dagbag.py:507} INFO - Filling up the DagBag from /Users/joyang0419/opt/anaconda3/envs/AirFlowBasicExample/lib/python3.8/site-packages/airflow/example_dags/tutorial_taskflow_api_etl.py
[2022-07-06 16:52:21,962] {processor.py:651} INFO - DAG(s) dict_keys(['tutorial_taskflow_api_etl']) retrieved from /Users/joyang0419/opt/anaconda3/envs/AirFlowBasicExample/lib/python3.8/site-packages/airflow/example_dags/tutorial_taskflow_api_etl.py
[2022-07-06 16:52:22,429] {logging_mixin.py:115} INFO - [2022-07-06 16:52:22,429] {dag.py:2379} INFO - Sync 1 DAGs
[2022-07-06 16:52:22,445] {logging_mixin.py:115} INFO - [2022-07-06 16:52:22,445] {dag.py:2927} INFO - Setting next_dagrun for tutorial_taskflow_api_etl to None, run_after=None
[2022-07-06 16:52:22,487] {processor.py:161} INFO - Processing /Users/joyang0419/opt/anaconda3/envs/AirFlowBasicExample/lib/python3.8/site-packages/airflow/example_dags/tutorial_taskflow_api_etl.py took 0.547 seconds
[2022-07-06 16:52:34,273] {processor.py:153} INFO - Started process (PID=12831) to work on /Users/joyang0419/opt/anaconda3/envs/AirFlowBasicExample/lib/python3.8/site-packages/airflow/example_dags/tutorial_taskflow_api_etl.py
[2022-07-06 16:52:34,274] {processor.py:641} INFO - Processing file /Users/joyang0419/opt/anaconda3/envs/AirFlowBasicExample/lib/python3.8/site-packages/airflow/example_dags/tutorial_taskflow_api_etl.py for tasks to queue
[2022-07-06 16:52:34,274] {logging_mixin.py:115} INFO - [2022-07-06 16:52:34,274] {dagbag.py:507} INFO - Filling up the DagBag from /Users/joyang0419/opt/anaconda3/envs/AirFlowBasicExample/lib/python3.8/site-packages/airflow/example_dags/tutorial_taskflow_api_etl.py
[2022-07-06 16:52:34,291] {processor.py:651} INFO - DAG(s) dict_keys(['tutorial_taskflow_api_etl']) retrieved from /Users/joyang0419/opt/anaconda3/envs/AirFlowBasicExample/lib/python3.8/site-packages/airflow/example_dags/tutorial_taskflow_api_etl.py
[2022-07-06 16:52:34,320] {logging_mixin.py:115} INFO - [2022-07-06 16:52:34,320] {dag.py:2379} INFO - Sync 1 DAGs
[2022-07-06 16:52:34,350] {logging_mixin.py:115} INFO - [2022-07-06 16:52:34,350] {dag.py:2927} INFO - Setting next_dagrun for tutorial_taskflow_api_etl to None, run_after=None
[2022-07-06 16:52:34,371] {processor.py:161} INFO - Processing /Users/joyang0419/opt/anaconda3/envs/AirFlowBasicExample/lib/python3.8/site-packages/airflow/example_dags/tutorial_taskflow_api_etl.py took 0.098 seconds
[2022-07-06 16:52:44,639] {processor.py:153} INFO - Started process (PID=12897) to work on /Users/joyang0419/opt/anaconda3/envs/AirFlowBasicExample/lib/python3.8/site-packages/airflow/example_dags/tutorial_taskflow_api_etl.py
[2022-07-06 16:52:44,639] {processor.py:641} INFO - Processing file /Users/joyang0419/opt/anaconda3/envs/AirFlowBasicExample/lib/python3.8/site-packages/airflow/example_dags/tutorial_taskflow_api_etl.py for tasks to queue
[2022-07-06 16:52:44,639] {logging_mixin.py:115} INFO - [2022-07-06 16:52:44,639] {dagbag.py:507} INFO - Filling up the DagBag from /Users/joyang0419/opt/anaconda3/envs/AirFlowBasicExample/lib/python3.8/site-packages/airflow/example_dags/tutorial_taskflow_api_etl.py
[2022-07-06 16:52:44,656] {processor.py:651} INFO - DAG(s) dict_keys(['tutorial_taskflow_api_etl']) retrieved from /Users/joyang0419/opt/anaconda3/envs/AirFlowBasicExample/lib/python3.8/site-packages/airflow/example_dags/tutorial_taskflow_api_etl.py
[2022-07-06 16:52:44,704] {logging_mixin.py:115} INFO - [2022-07-06 16:52:44,704] {dag.py:2379} INFO - Sync 1 DAGs
[2022-07-06 16:52:44,737] {logging_mixin.py:115} INFO - [2022-07-06 16:52:44,737] {dag.py:2927} INFO - Setting next_dagrun for tutorial_taskflow_api_etl to None, run_after=None
[2022-07-06 16:52:44,762] {processor.py:161} INFO - Processing /Users/joyang0419/opt/anaconda3/envs/AirFlowBasicExample/lib/python3.8/site-packages/airflow/example_dags/tutorial_taskflow_api_etl.py took 0.124 seconds
[2022-07-06 16:52:56,027] {processor.py:153} INFO - Started process (PID=12969) to work on /Users/joyang0419/opt/anaconda3/envs/AirFlowBasicExample/lib/python3.8/site-packages/airflow/example_dags/tutorial_taskflow_api_etl.py
[2022-07-06 16:52:56,038] {processor.py:641} INFO - Processing file /Users/joyang0419/opt/anaconda3/envs/AirFlowBasicExample/lib/python3.8/site-packages/airflow/example_dags/tutorial_taskflow_api_etl.py for tasks to queue
[2022-07-06 16:52:56,038] {logging_mixin.py:115} INFO - [2022-07-06 16:52:56,038] {dagbag.py:507} INFO - Filling up the DagBag from /Users/joyang0419/opt/anaconda3/envs/AirFlowBasicExample/lib/python3.8/site-packages/airflow/example_dags/tutorial_taskflow_api_etl.py
[2022-07-06 16:52:56,055] {processor.py:651} INFO - DAG(s) dict_keys(['tutorial_taskflow_api_etl']) retrieved from /Users/joyang0419/opt/anaconda3/envs/AirFlowBasicExample/lib/python3.8/site-packages/airflow/example_dags/tutorial_taskflow_api_etl.py
[2022-07-06 16:52:56,521] {logging_mixin.py:115} INFO - [2022-07-06 16:52:56,521] {dag.py:2379} INFO - Sync 1 DAGs
[2022-07-06 16:52:56,534] {logging_mixin.py:115} INFO - [2022-07-06 16:52:56,534] {dag.py:2927} INFO - Setting next_dagrun for tutorial_taskflow_api_etl to None, run_after=None
[2022-07-06 16:52:56,557] {processor.py:161} INFO - Processing /Users/joyang0419/opt/anaconda3/envs/AirFlowBasicExample/lib/python3.8/site-packages/airflow/example_dags/tutorial_taskflow_api_etl.py took 0.530 seconds
[2022-07-06 16:53:07,960] {processor.py:153} INFO - Started process (PID=13036) to work on /Users/joyang0419/opt/anaconda3/envs/AirFlowBasicExample/lib/python3.8/site-packages/airflow/example_dags/tutorial_taskflow_api_etl.py
[2022-07-06 16:53:07,960] {processor.py:641} INFO - Processing file /Users/joyang0419/opt/anaconda3/envs/AirFlowBasicExample/lib/python3.8/site-packages/airflow/example_dags/tutorial_taskflow_api_etl.py for tasks to queue
[2022-07-06 16:53:07,960] {logging_mixin.py:115} INFO - [2022-07-06 16:53:07,960] {dagbag.py:507} INFO - Filling up the DagBag from /Users/joyang0419/opt/anaconda3/envs/AirFlowBasicExample/lib/python3.8/site-packages/airflow/example_dags/tutorial_taskflow_api_etl.py
[2022-07-06 16:53:07,979] {processor.py:651} INFO - DAG(s) dict_keys(['tutorial_taskflow_api_etl']) retrieved from /Users/joyang0419/opt/anaconda3/envs/AirFlowBasicExample/lib/python3.8/site-packages/airflow/example_dags/tutorial_taskflow_api_etl.py
[2022-07-06 16:53:08,007] {logging_mixin.py:115} INFO - [2022-07-06 16:53:08,007] {dag.py:2379} INFO - Sync 1 DAGs
[2022-07-06 16:53:08,036] {logging_mixin.py:115} INFO - [2022-07-06 16:53:08,036] {dag.py:2927} INFO - Setting next_dagrun for tutorial_taskflow_api_etl to None, run_after=None
[2022-07-06 16:53:08,053] {processor.py:161} INFO - Processing /Users/joyang0419/opt/anaconda3/envs/AirFlowBasicExample/lib/python3.8/site-packages/airflow/example_dags/tutorial_taskflow_api_etl.py took 0.094 seconds
[2022-07-06 16:53:19,392] {processor.py:153} INFO - Started process (PID=13102) to work on /Users/joyang0419/opt/anaconda3/envs/AirFlowBasicExample/lib/python3.8/site-packages/airflow/example_dags/tutorial_taskflow_api_etl.py
[2022-07-06 16:53:19,392] {processor.py:641} INFO - Processing file /Users/joyang0419/opt/anaconda3/envs/AirFlowBasicExample/lib/python3.8/site-packages/airflow/example_dags/tutorial_taskflow_api_etl.py for tasks to queue
[2022-07-06 16:53:19,392] {logging_mixin.py:115} INFO - [2022-07-06 16:53:19,392] {dagbag.py:507} INFO - Filling up the DagBag from /Users/joyang0419/opt/anaconda3/envs/AirFlowBasicExample/lib/python3.8/site-packages/airflow/example_dags/tutorial_taskflow_api_etl.py
[2022-07-06 16:53:19,409] {processor.py:651} INFO - DAG(s) dict_keys(['tutorial_taskflow_api_etl']) retrieved from /Users/joyang0419/opt/anaconda3/envs/AirFlowBasicExample/lib/python3.8/site-packages/airflow/example_dags/tutorial_taskflow_api_etl.py
[2022-07-06 16:53:19,456] {logging_mixin.py:115} INFO - [2022-07-06 16:53:19,456] {dag.py:2379} INFO - Sync 1 DAGs
[2022-07-06 16:53:19,490] {logging_mixin.py:115} INFO - [2022-07-06 16:53:19,490] {dag.py:2927} INFO - Setting next_dagrun for tutorial_taskflow_api_etl to None, run_after=None
[2022-07-06 16:53:19,513] {processor.py:161} INFO - Processing /Users/joyang0419/opt/anaconda3/envs/AirFlowBasicExample/lib/python3.8/site-packages/airflow/example_dags/tutorial_taskflow_api_etl.py took 0.121 seconds
[2022-07-06 16:53:30,000] {processor.py:153} INFO - Started process (PID=13169) to work on /Users/joyang0419/opt/anaconda3/envs/AirFlowBasicExample/lib/python3.8/site-packages/airflow/example_dags/tutorial_taskflow_api_etl.py
[2022-07-06 16:53:30,000] {processor.py:641} INFO - Processing file /Users/joyang0419/opt/anaconda3/envs/AirFlowBasicExample/lib/python3.8/site-packages/airflow/example_dags/tutorial_taskflow_api_etl.py for tasks to queue
[2022-07-06 16:53:30,000] {logging_mixin.py:115} INFO - [2022-07-06 16:53:30,000] {dagbag.py:507} INFO - Filling up the DagBag from /Users/joyang0419/opt/anaconda3/envs/AirFlowBasicExample/lib/python3.8/site-packages/airflow/example_dags/tutorial_taskflow_api_etl.py
[2022-07-06 16:53:30,017] {processor.py:651} INFO - DAG(s) dict_keys(['tutorial_taskflow_api_etl']) retrieved from /Users/joyang0419/opt/anaconda3/envs/AirFlowBasicExample/lib/python3.8/site-packages/airflow/example_dags/tutorial_taskflow_api_etl.py
[2022-07-06 16:53:30,485] {logging_mixin.py:115} INFO - [2022-07-06 16:53:30,485] {dag.py:2379} INFO - Sync 1 DAGs
[2022-07-06 16:53:30,498] {logging_mixin.py:115} INFO - [2022-07-06 16:53:30,498] {dag.py:2927} INFO - Setting next_dagrun for tutorial_taskflow_api_etl to None, run_after=None
[2022-07-06 16:53:30,515] {processor.py:161} INFO - Processing /Users/joyang0419/opt/anaconda3/envs/AirFlowBasicExample/lib/python3.8/site-packages/airflow/example_dags/tutorial_taskflow_api_etl.py took 0.515 seconds
[2022-07-06 16:53:42,186] {processor.py:153} INFO - Started process (PID=13239) to work on /Users/joyang0419/opt/anaconda3/envs/AirFlowBasicExample/lib/python3.8/site-packages/airflow/example_dags/tutorial_taskflow_api_etl.py
[2022-07-06 16:53:42,187] {processor.py:641} INFO - Processing file /Users/joyang0419/opt/anaconda3/envs/AirFlowBasicExample/lib/python3.8/site-packages/airflow/example_dags/tutorial_taskflow_api_etl.py for tasks to queue
[2022-07-06 16:53:42,187] {logging_mixin.py:115} INFO - [2022-07-06 16:53:42,187] {dagbag.py:507} INFO - Filling up the DagBag from /Users/joyang0419/opt/anaconda3/envs/AirFlowBasicExample/lib/python3.8/site-packages/airflow/example_dags/tutorial_taskflow_api_etl.py
[2022-07-06 16:53:42,205] {processor.py:651} INFO - DAG(s) dict_keys(['tutorial_taskflow_api_etl']) retrieved from /Users/joyang0419/opt/anaconda3/envs/AirFlowBasicExample/lib/python3.8/site-packages/airflow/example_dags/tutorial_taskflow_api_etl.py
[2022-07-06 16:53:42,249] {logging_mixin.py:115} INFO - [2022-07-06 16:53:42,249] {dag.py:2379} INFO - Sync 1 DAGs
[2022-07-06 16:53:42,280] {logging_mixin.py:115} INFO - [2022-07-06 16:53:42,280] {dag.py:2927} INFO - Setting next_dagrun for tutorial_taskflow_api_etl to None, run_after=None
[2022-07-06 16:53:42,299] {processor.py:161} INFO - Processing /Users/joyang0419/opt/anaconda3/envs/AirFlowBasicExample/lib/python3.8/site-packages/airflow/example_dags/tutorial_taskflow_api_etl.py took 0.113 seconds
[2022-07-06 16:53:52,439] {processor.py:153} INFO - Started process (PID=13308) to work on /Users/joyang0419/opt/anaconda3/envs/AirFlowBasicExample/lib/python3.8/site-packages/airflow/example_dags/tutorial_taskflow_api_etl.py
[2022-07-06 16:53:52,440] {processor.py:641} INFO - Processing file /Users/joyang0419/opt/anaconda3/envs/AirFlowBasicExample/lib/python3.8/site-packages/airflow/example_dags/tutorial_taskflow_api_etl.py for tasks to queue
[2022-07-06 16:53:52,440] {logging_mixin.py:115} INFO - [2022-07-06 16:53:52,440] {dagbag.py:507} INFO - Filling up the DagBag from /Users/joyang0419/opt/anaconda3/envs/AirFlowBasicExample/lib/python3.8/site-packages/airflow/example_dags/tutorial_taskflow_api_etl.py
[2022-07-06 16:53:52,457] {processor.py:651} INFO - DAG(s) dict_keys(['tutorial_taskflow_api_etl']) retrieved from /Users/joyang0419/opt/anaconda3/envs/AirFlowBasicExample/lib/python3.8/site-packages/airflow/example_dags/tutorial_taskflow_api_etl.py
[2022-07-06 16:53:52,498] {logging_mixin.py:115} INFO - [2022-07-06 16:53:52,498] {dag.py:2379} INFO - Sync 1 DAGs
[2022-07-06 16:53:52,534] {logging_mixin.py:115} INFO - [2022-07-06 16:53:52,534] {dag.py:2927} INFO - Setting next_dagrun for tutorial_taskflow_api_etl to None, run_after=None
[2022-07-06 16:53:52,566] {processor.py:161} INFO - Processing /Users/joyang0419/opt/anaconda3/envs/AirFlowBasicExample/lib/python3.8/site-packages/airflow/example_dags/tutorial_taskflow_api_etl.py took 0.127 seconds
[2022-07-06 16:54:03,677] {processor.py:153} INFO - Started process (PID=13390) to work on /Users/joyang0419/opt/anaconda3/envs/AirFlowBasicExample/lib/python3.8/site-packages/airflow/example_dags/tutorial_taskflow_api_etl.py
[2022-07-06 16:54:03,677] {processor.py:641} INFO - Processing file /Users/joyang0419/opt/anaconda3/envs/AirFlowBasicExample/lib/python3.8/site-packages/airflow/example_dags/tutorial_taskflow_api_etl.py for tasks to queue
[2022-07-06 16:54:03,677] {logging_mixin.py:115} INFO - [2022-07-06 16:54:03,677] {dagbag.py:507} INFO - Filling up the DagBag from /Users/joyang0419/opt/anaconda3/envs/AirFlowBasicExample/lib/python3.8/site-packages/airflow/example_dags/tutorial_taskflow_api_etl.py
[2022-07-06 16:54:03,700] {processor.py:651} INFO - DAG(s) dict_keys(['tutorial_taskflow_api_etl']) retrieved from /Users/joyang0419/opt/anaconda3/envs/AirFlowBasicExample/lib/python3.8/site-packages/airflow/example_dags/tutorial_taskflow_api_etl.py
[2022-07-06 16:54:04,191] {logging_mixin.py:115} INFO - [2022-07-06 16:54:04,191] {dag.py:2379} INFO - Sync 1 DAGs
[2022-07-06 16:54:04,206] {logging_mixin.py:115} INFO - [2022-07-06 16:54:04,206] {dag.py:2927} INFO - Setting next_dagrun for tutorial_taskflow_api_etl to None, run_after=None
[2022-07-06 16:54:04,231] {processor.py:161} INFO - Processing /Users/joyang0419/opt/anaconda3/envs/AirFlowBasicExample/lib/python3.8/site-packages/airflow/example_dags/tutorial_taskflow_api_etl.py took 0.555 seconds
