[2022-07-06 16:48:50,494] {processor.py:153} INFO - Started process (PID=12133) to work on /Users/joyang0419/opt/anaconda3/envs/AirFlowBasicExample/lib/python3.8/site-packages/airflow/example_dags/tutorial.py
[2022-07-06 16:48:50,494] {processor.py:641} INFO - Processing file /Users/joyang0419/opt/anaconda3/envs/AirFlowBasicExample/lib/python3.8/site-packages/airflow/example_dags/tutorial.py for tasks to queue
[2022-07-06 16:48:50,495] {logging_mixin.py:115} INFO - [2022-07-06 16:48:50,495] {dagbag.py:507} INFO - Filling up the DagBag from /Users/joyang0419/opt/anaconda3/envs/AirFlowBasicExample/lib/python3.8/site-packages/airflow/example_dags/tutorial.py
[2022-07-06 16:48:50,506] {processor.py:651} INFO - DAG(s) dict_keys(['tutorial']) retrieved from /Users/joyang0419/opt/anaconda3/envs/AirFlowBasicExample/lib/python3.8/site-packages/airflow/example_dags/tutorial.py
[2022-07-06 16:48:51,316] {logging_mixin.py:115} INFO - [2022-07-06 16:48:51,316] {manager.py:508} INFO - Created Permission View: can read on DAG:tutorial
[2022-07-06 16:48:51,370] {logging_mixin.py:115} INFO - [2022-07-06 16:48:51,370] {manager.py:508} INFO - Created Permission View: can delete on DAG:tutorial
[2022-07-06 16:48:51,409] {logging_mixin.py:115} INFO - [2022-07-06 16:48:51,409] {manager.py:508} INFO - Created Permission View: can edit on DAG:tutorial
[2022-07-06 16:48:51,409] {logging_mixin.py:115} INFO - [2022-07-06 16:48:51,409] {dag.py:2379} INFO - Sync 1 DAGs
[2022-07-06 16:48:51,424] {logging_mixin.py:115} INFO - [2022-07-06 16:48:51,423] {dag.py:2398} INFO - Creating ORM DAG for tutorial
[2022-07-06 16:48:51,440] {logging_mixin.py:115} INFO - [2022-07-06 16:48:51,440] {dag.py:2927} INFO - Setting next_dagrun for tutorial to 2022-07-05T08:48:51.439037+00:00, run_after=2022-07-06T08:48:51.439037+00:00
[2022-07-06 16:48:51,498] {processor.py:161} INFO - Processing /Users/joyang0419/opt/anaconda3/envs/AirFlowBasicExample/lib/python3.8/site-packages/airflow/example_dags/tutorial.py took 1.004 seconds
[2022-07-06 16:50:03,253] {processor.py:153} INFO - Started process (PID=12434) to work on /Users/joyang0419/opt/anaconda3/envs/AirFlowBasicExample/lib/python3.8/site-packages/airflow/example_dags/tutorial.py
[2022-07-06 16:50:03,253] {processor.py:641} INFO - Processing file /Users/joyang0419/opt/anaconda3/envs/AirFlowBasicExample/lib/python3.8/site-packages/airflow/example_dags/tutorial.py for tasks to queue
[2022-07-06 16:50:03,253] {logging_mixin.py:115} INFO - [2022-07-06 16:50:03,253] {dagbag.py:507} INFO - Filling up the DagBag from /Users/joyang0419/opt/anaconda3/envs/AirFlowBasicExample/lib/python3.8/site-packages/airflow/example_dags/tutorial.py
[2022-07-06 16:50:03,261] {processor.py:651} INFO - DAG(s) dict_keys(['tutorial']) retrieved from /Users/joyang0419/opt/anaconda3/envs/AirFlowBasicExample/lib/python3.8/site-packages/airflow/example_dags/tutorial.py
[2022-07-06 16:50:03,368] {logging_mixin.py:115} INFO - [2022-07-06 16:50:03,368] {dag.py:2379} INFO - Sync 1 DAGs
[2022-07-06 16:50:03,396] {logging_mixin.py:115} INFO - [2022-07-06 16:50:03,395] {dag.py:2927} INFO - Setting next_dagrun for tutorial to 2022-07-05T08:50:03.395586+00:00, run_after=2022-07-06T08:50:03.395586+00:00
[2022-07-06 16:50:03,437] {processor.py:161} INFO - Processing /Users/joyang0419/opt/anaconda3/envs/AirFlowBasicExample/lib/python3.8/site-packages/airflow/example_dags/tutorial.py took 0.184 seconds
[2022-07-06 16:50:19,586] {processor.py:153} INFO - Started process (PID=12503) to work on /Users/joyang0419/opt/anaconda3/envs/AirFlowBasicExample/lib/python3.8/site-packages/airflow/example_dags/tutorial.py
[2022-07-06 16:50:19,586] {processor.py:641} INFO - Processing file /Users/joyang0419/opt/anaconda3/envs/AirFlowBasicExample/lib/python3.8/site-packages/airflow/example_dags/tutorial.py for tasks to queue
[2022-07-06 16:50:19,586] {logging_mixin.py:115} INFO - [2022-07-06 16:50:19,586] {dagbag.py:507} INFO - Filling up the DagBag from /Users/joyang0419/opt/anaconda3/envs/AirFlowBasicExample/lib/python3.8/site-packages/airflow/example_dags/tutorial.py
[2022-07-06 16:50:19,594] {processor.py:651} INFO - DAG(s) dict_keys(['tutorial']) retrieved from /Users/joyang0419/opt/anaconda3/envs/AirFlowBasicExample/lib/python3.8/site-packages/airflow/example_dags/tutorial.py
[2022-07-06 16:50:19,647] {logging_mixin.py:115} INFO - [2022-07-06 16:50:19,647] {dag.py:2379} INFO - Sync 1 DAGs
[2022-07-06 16:50:19,659] {logging_mixin.py:115} INFO - [2022-07-06 16:50:19,659] {dag.py:2927} INFO - Setting next_dagrun for tutorial to 2022-07-05T08:50:19.659371+00:00, run_after=2022-07-06T08:50:19.659371+00:00
[2022-07-06 16:50:19,675] {processor.py:161} INFO - Processing /Users/joyang0419/opt/anaconda3/envs/AirFlowBasicExample/lib/python3.8/site-packages/airflow/example_dags/tutorial.py took 0.089 seconds
[2022-07-06 16:50:29,533] {processor.py:153} INFO - Started process (PID=12567) to work on /Users/joyang0419/opt/anaconda3/envs/AirFlowBasicExample/lib/python3.8/site-packages/airflow/example_dags/tutorial.py
[2022-07-06 16:50:29,533] {processor.py:641} INFO - Processing file /Users/joyang0419/opt/anaconda3/envs/AirFlowBasicExample/lib/python3.8/site-packages/airflow/example_dags/tutorial.py for tasks to queue
[2022-07-06 16:50:29,533] {logging_mixin.py:115} INFO - [2022-07-06 16:50:29,533] {dagbag.py:507} INFO - Filling up the DagBag from /Users/joyang0419/opt/anaconda3/envs/AirFlowBasicExample/lib/python3.8/site-packages/airflow/example_dags/tutorial.py
[2022-07-06 16:50:29,540] {processor.py:651} INFO - DAG(s) dict_keys(['tutorial']) retrieved from /Users/joyang0419/opt/anaconda3/envs/AirFlowBasicExample/lib/python3.8/site-packages/airflow/example_dags/tutorial.py
[2022-07-06 16:50:29,605] {logging_mixin.py:115} INFO - [2022-07-06 16:50:29,605] {dag.py:2379} INFO - Sync 1 DAGs
[2022-07-06 16:50:29,620] {logging_mixin.py:115} INFO - [2022-07-06 16:50:29,620] {dag.py:2927} INFO - Setting next_dagrun for tutorial to 2022-07-05T08:50:29.619916+00:00, run_after=2022-07-06T08:50:29.619916+00:00
[2022-07-06 16:50:29,640] {processor.py:161} INFO - Processing /Users/joyang0419/opt/anaconda3/envs/AirFlowBasicExample/lib/python3.8/site-packages/airflow/example_dags/tutorial.py took 0.107 seconds
[2022-07-06 16:50:40,172] {processor.py:153} INFO - Started process (PID=12633) to work on /Users/joyang0419/opt/anaconda3/envs/AirFlowBasicExample/lib/python3.8/site-packages/airflow/example_dags/tutorial.py
[2022-07-06 16:50:40,172] {processor.py:641} INFO - Processing file /Users/joyang0419/opt/anaconda3/envs/AirFlowBasicExample/lib/python3.8/site-packages/airflow/example_dags/tutorial.py for tasks to queue
[2022-07-06 16:50:40,173] {logging_mixin.py:115} INFO - [2022-07-06 16:50:40,173] {dagbag.py:507} INFO - Filling up the DagBag from /Users/joyang0419/opt/anaconda3/envs/AirFlowBasicExample/lib/python3.8/site-packages/airflow/example_dags/tutorial.py
[2022-07-06 16:50:40,179] {processor.py:651} INFO - DAG(s) dict_keys(['tutorial']) retrieved from /Users/joyang0419/opt/anaconda3/envs/AirFlowBasicExample/lib/python3.8/site-packages/airflow/example_dags/tutorial.py
[2022-07-06 16:50:40,236] {logging_mixin.py:115} INFO - [2022-07-06 16:50:40,236] {dag.py:2379} INFO - Sync 1 DAGs
[2022-07-06 16:50:40,250] {logging_mixin.py:115} INFO - [2022-07-06 16:50:40,249] {dag.py:2927} INFO - Setting next_dagrun for tutorial to 2022-07-05T08:50:40.249859+00:00, run_after=2022-07-06T08:50:40.249859+00:00
[2022-07-06 16:50:40,268] {processor.py:161} INFO - Processing /Users/joyang0419/opt/anaconda3/envs/AirFlowBasicExample/lib/python3.8/site-packages/airflow/example_dags/tutorial.py took 0.096 seconds
[2022-07-06 16:52:23,299] {processor.py:153} INFO - Started process (PID=12767) to work on /Users/joyang0419/opt/anaconda3/envs/AirFlowBasicExample/lib/python3.8/site-packages/airflow/example_dags/tutorial.py
[2022-07-06 16:52:23,299] {processor.py:641} INFO - Processing file /Users/joyang0419/opt/anaconda3/envs/AirFlowBasicExample/lib/python3.8/site-packages/airflow/example_dags/tutorial.py for tasks to queue
[2022-07-06 16:52:23,299] {logging_mixin.py:115} INFO - [2022-07-06 16:52:23,299] {dagbag.py:507} INFO - Filling up the DagBag from /Users/joyang0419/opt/anaconda3/envs/AirFlowBasicExample/lib/python3.8/site-packages/airflow/example_dags/tutorial.py
[2022-07-06 16:52:23,306] {processor.py:651} INFO - DAG(s) dict_keys(['tutorial']) retrieved from /Users/joyang0419/opt/anaconda3/envs/AirFlowBasicExample/lib/python3.8/site-packages/airflow/example_dags/tutorial.py
[2022-07-06 16:52:23,379] {logging_mixin.py:115} INFO - [2022-07-06 16:52:23,379] {dag.py:2379} INFO - Sync 1 DAGs
[2022-07-06 16:52:23,396] {logging_mixin.py:115} INFO - [2022-07-06 16:52:23,396] {dag.py:2927} INFO - Setting next_dagrun for tutorial to 2022-07-05T08:52:23.396722+00:00, run_after=2022-07-06T08:52:23.396722+00:00
[2022-07-06 16:52:23,436] {processor.py:161} INFO - Processing /Users/joyang0419/opt/anaconda3/envs/AirFlowBasicExample/lib/python3.8/site-packages/airflow/example_dags/tutorial.py took 0.138 seconds
[2022-07-06 16:52:34,882] {processor.py:153} INFO - Started process (PID=12835) to work on /Users/joyang0419/opt/anaconda3/envs/AirFlowBasicExample/lib/python3.8/site-packages/airflow/example_dags/tutorial.py
[2022-07-06 16:52:34,882] {processor.py:641} INFO - Processing file /Users/joyang0419/opt/anaconda3/envs/AirFlowBasicExample/lib/python3.8/site-packages/airflow/example_dags/tutorial.py for tasks to queue
[2022-07-06 16:52:34,882] {logging_mixin.py:115} INFO - [2022-07-06 16:52:34,882] {dagbag.py:507} INFO - Filling up the DagBag from /Users/joyang0419/opt/anaconda3/envs/AirFlowBasicExample/lib/python3.8/site-packages/airflow/example_dags/tutorial.py
[2022-07-06 16:52:34,888] {processor.py:651} INFO - DAG(s) dict_keys(['tutorial']) retrieved from /Users/joyang0419/opt/anaconda3/envs/AirFlowBasicExample/lib/python3.8/site-packages/airflow/example_dags/tutorial.py
[2022-07-06 16:52:34,942] {logging_mixin.py:115} INFO - [2022-07-06 16:52:34,942] {dag.py:2379} INFO - Sync 1 DAGs
[2022-07-06 16:52:34,954] {logging_mixin.py:115} INFO - [2022-07-06 16:52:34,954] {dag.py:2927} INFO - Setting next_dagrun for tutorial to 2022-07-05T08:52:34.954586+00:00, run_after=2022-07-06T08:52:34.954586+00:00
[2022-07-06 16:52:34,970] {processor.py:161} INFO - Processing /Users/joyang0419/opt/anaconda3/envs/AirFlowBasicExample/lib/python3.8/site-packages/airflow/example_dags/tutorial.py took 0.089 seconds
[2022-07-06 16:52:45,369] {processor.py:153} INFO - Started process (PID=12902) to work on /Users/joyang0419/opt/anaconda3/envs/AirFlowBasicExample/lib/python3.8/site-packages/airflow/example_dags/tutorial.py
[2022-07-06 16:52:45,369] {processor.py:641} INFO - Processing file /Users/joyang0419/opt/anaconda3/envs/AirFlowBasicExample/lib/python3.8/site-packages/airflow/example_dags/tutorial.py for tasks to queue
[2022-07-06 16:52:45,369] {logging_mixin.py:115} INFO - [2022-07-06 16:52:45,369] {dagbag.py:507} INFO - Filling up the DagBag from /Users/joyang0419/opt/anaconda3/envs/AirFlowBasicExample/lib/python3.8/site-packages/airflow/example_dags/tutorial.py
[2022-07-06 16:52:45,376] {processor.py:651} INFO - DAG(s) dict_keys(['tutorial']) retrieved from /Users/joyang0419/opt/anaconda3/envs/AirFlowBasicExample/lib/python3.8/site-packages/airflow/example_dags/tutorial.py
[2022-07-06 16:52:45,427] {logging_mixin.py:115} INFO - [2022-07-06 16:52:45,427] {dag.py:2379} INFO - Sync 1 DAGs
[2022-07-06 16:52:45,439] {logging_mixin.py:115} INFO - [2022-07-06 16:52:45,439] {dag.py:2927} INFO - Setting next_dagrun for tutorial to 2022-07-05T08:52:45.438991+00:00, run_after=2022-07-06T08:52:45.438991+00:00
[2022-07-06 16:52:45,456] {processor.py:161} INFO - Processing /Users/joyang0419/opt/anaconda3/envs/AirFlowBasicExample/lib/python3.8/site-packages/airflow/example_dags/tutorial.py took 0.087 seconds
[2022-07-06 16:52:57,032] {processor.py:153} INFO - Started process (PID=12973) to work on /Users/joyang0419/opt/anaconda3/envs/AirFlowBasicExample/lib/python3.8/site-packages/airflow/example_dags/tutorial.py
[2022-07-06 16:52:57,032] {processor.py:641} INFO - Processing file /Users/joyang0419/opt/anaconda3/envs/AirFlowBasicExample/lib/python3.8/site-packages/airflow/example_dags/tutorial.py for tasks to queue
[2022-07-06 16:52:57,033] {logging_mixin.py:115} INFO - [2022-07-06 16:52:57,033] {dagbag.py:507} INFO - Filling up the DagBag from /Users/joyang0419/opt/anaconda3/envs/AirFlowBasicExample/lib/python3.8/site-packages/airflow/example_dags/tutorial.py
[2022-07-06 16:52:57,039] {processor.py:651} INFO - DAG(s) dict_keys(['tutorial']) retrieved from /Users/joyang0419/opt/anaconda3/envs/AirFlowBasicExample/lib/python3.8/site-packages/airflow/example_dags/tutorial.py
[2022-07-06 16:52:57,099] {logging_mixin.py:115} INFO - [2022-07-06 16:52:57,099] {dag.py:2379} INFO - Sync 1 DAGs
[2022-07-06 16:52:57,127] {logging_mixin.py:115} INFO - [2022-07-06 16:52:57,126] {dag.py:2927} INFO - Setting next_dagrun for tutorial to 2022-07-05T08:52:57.126774+00:00, run_after=2022-07-06T08:52:57.126774+00:00
[2022-07-06 16:52:57,164] {processor.py:161} INFO - Processing /Users/joyang0419/opt/anaconda3/envs/AirFlowBasicExample/lib/python3.8/site-packages/airflow/example_dags/tutorial.py took 0.132 seconds
[2022-07-06 16:53:08,551] {processor.py:153} INFO - Started process (PID=13040) to work on /Users/joyang0419/opt/anaconda3/envs/AirFlowBasicExample/lib/python3.8/site-packages/airflow/example_dags/tutorial.py
[2022-07-06 16:53:08,551] {processor.py:641} INFO - Processing file /Users/joyang0419/opt/anaconda3/envs/AirFlowBasicExample/lib/python3.8/site-packages/airflow/example_dags/tutorial.py for tasks to queue
[2022-07-06 16:53:08,552] {logging_mixin.py:115} INFO - [2022-07-06 16:53:08,552] {dagbag.py:507} INFO - Filling up the DagBag from /Users/joyang0419/opt/anaconda3/envs/AirFlowBasicExample/lib/python3.8/site-packages/airflow/example_dags/tutorial.py
[2022-07-06 16:53:08,559] {processor.py:651} INFO - DAG(s) dict_keys(['tutorial']) retrieved from /Users/joyang0419/opt/anaconda3/envs/AirFlowBasicExample/lib/python3.8/site-packages/airflow/example_dags/tutorial.py
[2022-07-06 16:53:08,614] {logging_mixin.py:115} INFO - [2022-07-06 16:53:08,614] {dag.py:2379} INFO - Sync 1 DAGs
[2022-07-06 16:53:08,629] {logging_mixin.py:115} INFO - [2022-07-06 16:53:08,629] {dag.py:2927} INFO - Setting next_dagrun for tutorial to 2022-07-05T08:53:08.629136+00:00, run_after=2022-07-06T08:53:08.629136+00:00
[2022-07-06 16:53:08,669] {processor.py:161} INFO - Processing /Users/joyang0419/opt/anaconda3/envs/AirFlowBasicExample/lib/python3.8/site-packages/airflow/example_dags/tutorial.py took 0.118 seconds
[2022-07-06 16:53:20,035] {processor.py:153} INFO - Started process (PID=13106) to work on /Users/joyang0419/opt/anaconda3/envs/AirFlowBasicExample/lib/python3.8/site-packages/airflow/example_dags/tutorial.py
[2022-07-06 16:53:20,035] {processor.py:641} INFO - Processing file /Users/joyang0419/opt/anaconda3/envs/AirFlowBasicExample/lib/python3.8/site-packages/airflow/example_dags/tutorial.py for tasks to queue
[2022-07-06 16:53:20,035] {logging_mixin.py:115} INFO - [2022-07-06 16:53:20,035] {dagbag.py:507} INFO - Filling up the DagBag from /Users/joyang0419/opt/anaconda3/envs/AirFlowBasicExample/lib/python3.8/site-packages/airflow/example_dags/tutorial.py
[2022-07-06 16:53:20,043] {processor.py:651} INFO - DAG(s) dict_keys(['tutorial']) retrieved from /Users/joyang0419/opt/anaconda3/envs/AirFlowBasicExample/lib/python3.8/site-packages/airflow/example_dags/tutorial.py
[2022-07-06 16:53:20,106] {logging_mixin.py:115} INFO - [2022-07-06 16:53:20,106] {dag.py:2379} INFO - Sync 1 DAGs
[2022-07-06 16:53:20,121] {logging_mixin.py:115} INFO - [2022-07-06 16:53:20,121] {dag.py:2927} INFO - Setting next_dagrun for tutorial to 2022-07-05T08:53:20.120981+00:00, run_after=2022-07-06T08:53:20.120981+00:00
[2022-07-06 16:53:20,139] {processor.py:161} INFO - Processing /Users/joyang0419/opt/anaconda3/envs/AirFlowBasicExample/lib/python3.8/site-packages/airflow/example_dags/tutorial.py took 0.105 seconds
[2022-07-06 16:53:30,652] {processor.py:153} INFO - Started process (PID=13173) to work on /Users/joyang0419/opt/anaconda3/envs/AirFlowBasicExample/lib/python3.8/site-packages/airflow/example_dags/tutorial.py
[2022-07-06 16:53:30,652] {processor.py:641} INFO - Processing file /Users/joyang0419/opt/anaconda3/envs/AirFlowBasicExample/lib/python3.8/site-packages/airflow/example_dags/tutorial.py for tasks to queue
[2022-07-06 16:53:30,652] {logging_mixin.py:115} INFO - [2022-07-06 16:53:30,652] {dagbag.py:507} INFO - Filling up the DagBag from /Users/joyang0419/opt/anaconda3/envs/AirFlowBasicExample/lib/python3.8/site-packages/airflow/example_dags/tutorial.py
[2022-07-06 16:53:30,660] {processor.py:651} INFO - DAG(s) dict_keys(['tutorial']) retrieved from /Users/joyang0419/opt/anaconda3/envs/AirFlowBasicExample/lib/python3.8/site-packages/airflow/example_dags/tutorial.py
[2022-07-06 16:53:30,730] {logging_mixin.py:115} INFO - [2022-07-06 16:53:30,730] {dag.py:2379} INFO - Sync 1 DAGs
[2022-07-06 16:53:30,746] {logging_mixin.py:115} INFO - [2022-07-06 16:53:30,746] {dag.py:2927} INFO - Setting next_dagrun for tutorial to 2022-07-05T08:53:30.746347+00:00, run_after=2022-07-06T08:53:30.746347+00:00
[2022-07-06 16:53:30,770] {processor.py:161} INFO - Processing /Users/joyang0419/opt/anaconda3/envs/AirFlowBasicExample/lib/python3.8/site-packages/airflow/example_dags/tutorial.py took 0.118 seconds
[2022-07-06 16:53:42,827] {processor.py:153} INFO - Started process (PID=13243) to work on /Users/joyang0419/opt/anaconda3/envs/AirFlowBasicExample/lib/python3.8/site-packages/airflow/example_dags/tutorial.py
[2022-07-06 16:53:42,827] {processor.py:641} INFO - Processing file /Users/joyang0419/opt/anaconda3/envs/AirFlowBasicExample/lib/python3.8/site-packages/airflow/example_dags/tutorial.py for tasks to queue
[2022-07-06 16:53:42,827] {logging_mixin.py:115} INFO - [2022-07-06 16:53:42,827] {dagbag.py:507} INFO - Filling up the DagBag from /Users/joyang0419/opt/anaconda3/envs/AirFlowBasicExample/lib/python3.8/site-packages/airflow/example_dags/tutorial.py
[2022-07-06 16:53:42,834] {processor.py:651} INFO - DAG(s) dict_keys(['tutorial']) retrieved from /Users/joyang0419/opt/anaconda3/envs/AirFlowBasicExample/lib/python3.8/site-packages/airflow/example_dags/tutorial.py
[2022-07-06 16:53:42,882] {logging_mixin.py:115} INFO - [2022-07-06 16:53:42,882] {dag.py:2379} INFO - Sync 1 DAGs
[2022-07-06 16:53:42,894] {logging_mixin.py:115} INFO - [2022-07-06 16:53:42,894] {dag.py:2927} INFO - Setting next_dagrun for tutorial to 2022-07-05T08:53:42.894549+00:00, run_after=2022-07-06T08:53:42.894549+00:00
[2022-07-06 16:53:42,913] {processor.py:161} INFO - Processing /Users/joyang0419/opt/anaconda3/envs/AirFlowBasicExample/lib/python3.8/site-packages/airflow/example_dags/tutorial.py took 0.087 seconds
[2022-07-06 16:53:53,143] {processor.py:153} INFO - Started process (PID=13313) to work on /Users/joyang0419/opt/anaconda3/envs/AirFlowBasicExample/lib/python3.8/site-packages/airflow/example_dags/tutorial.py
[2022-07-06 16:53:53,144] {processor.py:641} INFO - Processing file /Users/joyang0419/opt/anaconda3/envs/AirFlowBasicExample/lib/python3.8/site-packages/airflow/example_dags/tutorial.py for tasks to queue
[2022-07-06 16:53:53,144] {logging_mixin.py:115} INFO - [2022-07-06 16:53:53,144] {dagbag.py:507} INFO - Filling up the DagBag from /Users/joyang0419/opt/anaconda3/envs/AirFlowBasicExample/lib/python3.8/site-packages/airflow/example_dags/tutorial.py
[2022-07-06 16:53:53,150] {processor.py:651} INFO - DAG(s) dict_keys(['tutorial']) retrieved from /Users/joyang0419/opt/anaconda3/envs/AirFlowBasicExample/lib/python3.8/site-packages/airflow/example_dags/tutorial.py
[2022-07-06 16:53:53,225] {logging_mixin.py:115} INFO - [2022-07-06 16:53:53,225] {dag.py:2379} INFO - Sync 1 DAGs
[2022-07-06 16:53:53,238] {logging_mixin.py:115} INFO - [2022-07-06 16:53:53,238] {dag.py:2927} INFO - Setting next_dagrun for tutorial to 2022-07-05T08:53:53.238524+00:00, run_after=2022-07-06T08:53:53.238524+00:00
[2022-07-06 16:53:53,255] {processor.py:161} INFO - Processing /Users/joyang0419/opt/anaconda3/envs/AirFlowBasicExample/lib/python3.8/site-packages/airflow/example_dags/tutorial.py took 0.112 seconds
[2022-07-06 16:54:04,626] {processor.py:153} INFO - Started process (PID=13395) to work on /Users/joyang0419/opt/anaconda3/envs/AirFlowBasicExample/lib/python3.8/site-packages/airflow/example_dags/tutorial.py
[2022-07-06 16:54:04,627] {processor.py:641} INFO - Processing file /Users/joyang0419/opt/anaconda3/envs/AirFlowBasicExample/lib/python3.8/site-packages/airflow/example_dags/tutorial.py for tasks to queue
[2022-07-06 16:54:04,627] {logging_mixin.py:115} INFO - [2022-07-06 16:54:04,627] {dagbag.py:507} INFO - Filling up the DagBag from /Users/joyang0419/opt/anaconda3/envs/AirFlowBasicExample/lib/python3.8/site-packages/airflow/example_dags/tutorial.py
[2022-07-06 16:54:04,634] {processor.py:651} INFO - DAG(s) dict_keys(['tutorial']) retrieved from /Users/joyang0419/opt/anaconda3/envs/AirFlowBasicExample/lib/python3.8/site-packages/airflow/example_dags/tutorial.py
[2022-07-06 16:54:04,714] {logging_mixin.py:115} INFO - [2022-07-06 16:54:04,714] {dag.py:2379} INFO - Sync 1 DAGs
[2022-07-06 16:54:04,732] {logging_mixin.py:115} INFO - [2022-07-06 16:54:04,732] {dag.py:2927} INFO - Setting next_dagrun for tutorial to 2022-07-05T08:54:04.732068+00:00, run_after=2022-07-06T08:54:04.732068+00:00
[2022-07-06 16:54:04,765] {processor.py:161} INFO - Processing /Users/joyang0419/opt/anaconda3/envs/AirFlowBasicExample/lib/python3.8/site-packages/airflow/example_dags/tutorial.py took 0.139 seconds
