[2022-07-06 16:48:48,453] {processor.py:153} INFO - Started process (PID=12120) to work on /Users/joyang0419/opt/anaconda3/envs/AirFlowBasicExample/lib/python3.8/site-packages/airflow/example_dags/tutorial_taskflow_api_etl_virtualenv.py
[2022-07-06 16:48:48,454] {processor.py:641} INFO - Processing file /Users/joyang0419/opt/anaconda3/envs/AirFlowBasicExample/lib/python3.8/site-packages/airflow/example_dags/tutorial_taskflow_api_etl_virtualenv.py for tasks to queue
[2022-07-06 16:48:48,454] {logging_mixin.py:115} INFO - [2022-07-06 16:48:48,454] {dagbag.py:507} INFO - Filling up the DagBag from /Users/joyang0419/opt/anaconda3/envs/AirFlowBasicExample/lib/python3.8/site-packages/airflow/example_dags/tutorial_taskflow_api_etl_virtualenv.py
[2022-07-06 16:48:48,473] {logging_mixin.py:115} INFO - [2022-07-06 16:48:48,473] {tutorial_taskflow_api_etl_virtualenv.py:29} WARNING - The tutorial_taskflow_api_etl_virtualenv example DAG requires virtualenv, please install it.
[2022-07-06 16:48:48,473] {processor.py:653} WARNING - No viable dags retrieved from /Users/joyang0419/opt/anaconda3/envs/AirFlowBasicExample/lib/python3.8/site-packages/airflow/example_dags/tutorial_taskflow_api_etl_virtualenv.py
[2022-07-06 16:48:48,566] {processor.py:161} INFO - Processing /Users/joyang0419/opt/anaconda3/envs/AirFlowBasicExample/lib/python3.8/site-packages/airflow/example_dags/tutorial_taskflow_api_etl_virtualenv.py took 0.113 seconds
[2022-07-06 16:50:01,990] {processor.py:153} INFO - Started process (PID=12427) to work on /Users/joyang0419/opt/anaconda3/envs/AirFlowBasicExample/lib/python3.8/site-packages/airflow/example_dags/tutorial_taskflow_api_etl_virtualenv.py
[2022-07-06 16:50:01,991] {processor.py:641} INFO - Processing file /Users/joyang0419/opt/anaconda3/envs/AirFlowBasicExample/lib/python3.8/site-packages/airflow/example_dags/tutorial_taskflow_api_etl_virtualenv.py for tasks to queue
[2022-07-06 16:50:01,991] {logging_mixin.py:115} INFO - [2022-07-06 16:50:01,991] {dagbag.py:507} INFO - Filling up the DagBag from /Users/joyang0419/opt/anaconda3/envs/AirFlowBasicExample/lib/python3.8/site-packages/airflow/example_dags/tutorial_taskflow_api_etl_virtualenv.py
[2022-07-06 16:50:02,009] {logging_mixin.py:115} INFO - [2022-07-06 16:50:02,009] {tutorial_taskflow_api_etl_virtualenv.py:29} WARNING - The tutorial_taskflow_api_etl_virtualenv example DAG requires virtualenv, please install it.
[2022-07-06 16:50:02,009] {processor.py:653} WARNING - No viable dags retrieved from /Users/joyang0419/opt/anaconda3/envs/AirFlowBasicExample/lib/python3.8/site-packages/airflow/example_dags/tutorial_taskflow_api_etl_virtualenv.py
[2022-07-06 16:50:02,077] {processor.py:161} INFO - Processing /Users/joyang0419/opt/anaconda3/envs/AirFlowBasicExample/lib/python3.8/site-packages/airflow/example_dags/tutorial_taskflow_api_etl_virtualenv.py took 0.088 seconds
[2022-07-06 16:50:18,760] {processor.py:153} INFO - Started process (PID=12497) to work on /Users/joyang0419/opt/anaconda3/envs/AirFlowBasicExample/lib/python3.8/site-packages/airflow/example_dags/tutorial_taskflow_api_etl_virtualenv.py
[2022-07-06 16:50:18,760] {processor.py:641} INFO - Processing file /Users/joyang0419/opt/anaconda3/envs/AirFlowBasicExample/lib/python3.8/site-packages/airflow/example_dags/tutorial_taskflow_api_etl_virtualenv.py for tasks to queue
[2022-07-06 16:50:18,760] {logging_mixin.py:115} INFO - [2022-07-06 16:50:18,760] {dagbag.py:507} INFO - Filling up the DagBag from /Users/joyang0419/opt/anaconda3/envs/AirFlowBasicExample/lib/python3.8/site-packages/airflow/example_dags/tutorial_taskflow_api_etl_virtualenv.py
[2022-07-06 16:50:18,772] {logging_mixin.py:115} INFO - [2022-07-06 16:50:18,772] {tutorial_taskflow_api_etl_virtualenv.py:29} WARNING - The tutorial_taskflow_api_etl_virtualenv example DAG requires virtualenv, please install it.
[2022-07-06 16:50:18,772] {processor.py:653} WARNING - No viable dags retrieved from /Users/joyang0419/opt/anaconda3/envs/AirFlowBasicExample/lib/python3.8/site-packages/airflow/example_dags/tutorial_taskflow_api_etl_virtualenv.py
[2022-07-06 16:50:18,830] {processor.py:161} INFO - Processing /Users/joyang0419/opt/anaconda3/envs/AirFlowBasicExample/lib/python3.8/site-packages/airflow/example_dags/tutorial_taskflow_api_etl_virtualenv.py took 0.071 seconds
[2022-07-06 16:50:28,559] {processor.py:153} INFO - Started process (PID=12561) to work on /Users/joyang0419/opt/anaconda3/envs/AirFlowBasicExample/lib/python3.8/site-packages/airflow/example_dags/tutorial_taskflow_api_etl_virtualenv.py
[2022-07-06 16:50:28,559] {processor.py:641} INFO - Processing file /Users/joyang0419/opt/anaconda3/envs/AirFlowBasicExample/lib/python3.8/site-packages/airflow/example_dags/tutorial_taskflow_api_etl_virtualenv.py for tasks to queue
[2022-07-06 16:50:28,559] {logging_mixin.py:115} INFO - [2022-07-06 16:50:28,559] {dagbag.py:507} INFO - Filling up the DagBag from /Users/joyang0419/opt/anaconda3/envs/AirFlowBasicExample/lib/python3.8/site-packages/airflow/example_dags/tutorial_taskflow_api_etl_virtualenv.py
[2022-07-06 16:50:28,571] {logging_mixin.py:115} INFO - [2022-07-06 16:50:28,571] {tutorial_taskflow_api_etl_virtualenv.py:29} WARNING - The tutorial_taskflow_api_etl_virtualenv example DAG requires virtualenv, please install it.
[2022-07-06 16:50:28,571] {processor.py:653} WARNING - No viable dags retrieved from /Users/joyang0419/opt/anaconda3/envs/AirFlowBasicExample/lib/python3.8/site-packages/airflow/example_dags/tutorial_taskflow_api_etl_virtualenv.py
[2022-07-06 16:50:28,612] {processor.py:161} INFO - Processing /Users/joyang0419/opt/anaconda3/envs/AirFlowBasicExample/lib/python3.8/site-packages/airflow/example_dags/tutorial_taskflow_api_etl_virtualenv.py took 0.053 seconds
[2022-07-06 16:50:38,980] {processor.py:153} INFO - Started process (PID=12627) to work on /Users/joyang0419/opt/anaconda3/envs/AirFlowBasicExample/lib/python3.8/site-packages/airflow/example_dags/tutorial_taskflow_api_etl_virtualenv.py
[2022-07-06 16:50:38,980] {processor.py:641} INFO - Processing file /Users/joyang0419/opt/anaconda3/envs/AirFlowBasicExample/lib/python3.8/site-packages/airflow/example_dags/tutorial_taskflow_api_etl_virtualenv.py for tasks to queue
[2022-07-06 16:50:38,980] {logging_mixin.py:115} INFO - [2022-07-06 16:50:38,980] {dagbag.py:507} INFO - Filling up the DagBag from /Users/joyang0419/opt/anaconda3/envs/AirFlowBasicExample/lib/python3.8/site-packages/airflow/example_dags/tutorial_taskflow_api_etl_virtualenv.py
[2022-07-06 16:50:38,992] {logging_mixin.py:115} INFO - [2022-07-06 16:50:38,992] {tutorial_taskflow_api_etl_virtualenv.py:29} WARNING - The tutorial_taskflow_api_etl_virtualenv example DAG requires virtualenv, please install it.
[2022-07-06 16:50:38,992] {processor.py:653} WARNING - No viable dags retrieved from /Users/joyang0419/opt/anaconda3/envs/AirFlowBasicExample/lib/python3.8/site-packages/airflow/example_dags/tutorial_taskflow_api_etl_virtualenv.py
[2022-07-06 16:50:39,035] {processor.py:161} INFO - Processing /Users/joyang0419/opt/anaconda3/envs/AirFlowBasicExample/lib/python3.8/site-packages/airflow/example_dags/tutorial_taskflow_api_etl_virtualenv.py took 0.055 seconds
[2022-07-06 16:52:21,691] {processor.py:153} INFO - Started process (PID=12759) to work on /Users/joyang0419/opt/anaconda3/envs/AirFlowBasicExample/lib/python3.8/site-packages/airflow/example_dags/tutorial_taskflow_api_etl_virtualenv.py
[2022-07-06 16:52:21,691] {processor.py:641} INFO - Processing file /Users/joyang0419/opt/anaconda3/envs/AirFlowBasicExample/lib/python3.8/site-packages/airflow/example_dags/tutorial_taskflow_api_etl_virtualenv.py for tasks to queue
[2022-07-06 16:52:21,692] {logging_mixin.py:115} INFO - [2022-07-06 16:52:21,692] {dagbag.py:507} INFO - Filling up the DagBag from /Users/joyang0419/opt/anaconda3/envs/AirFlowBasicExample/lib/python3.8/site-packages/airflow/example_dags/tutorial_taskflow_api_etl_virtualenv.py
[2022-07-06 16:52:21,706] {logging_mixin.py:115} INFO - [2022-07-06 16:52:21,706] {tutorial_taskflow_api_etl_virtualenv.py:29} WARNING - The tutorial_taskflow_api_etl_virtualenv example DAG requires virtualenv, please install it.
[2022-07-06 16:52:21,706] {processor.py:653} WARNING - No viable dags retrieved from /Users/joyang0419/opt/anaconda3/envs/AirFlowBasicExample/lib/python3.8/site-packages/airflow/example_dags/tutorial_taskflow_api_etl_virtualenv.py
[2022-07-06 16:52:21,777] {processor.py:161} INFO - Processing /Users/joyang0419/opt/anaconda3/envs/AirFlowBasicExample/lib/python3.8/site-packages/airflow/example_dags/tutorial_taskflow_api_etl_virtualenv.py took 0.087 seconds
[2022-07-06 16:52:34,073] {processor.py:153} INFO - Started process (PID=12829) to work on /Users/joyang0419/opt/anaconda3/envs/AirFlowBasicExample/lib/python3.8/site-packages/airflow/example_dags/tutorial_taskflow_api_etl_virtualenv.py
[2022-07-06 16:52:34,073] {processor.py:641} INFO - Processing file /Users/joyang0419/opt/anaconda3/envs/AirFlowBasicExample/lib/python3.8/site-packages/airflow/example_dags/tutorial_taskflow_api_etl_virtualenv.py for tasks to queue
[2022-07-06 16:52:34,073] {logging_mixin.py:115} INFO - [2022-07-06 16:52:34,073] {dagbag.py:507} INFO - Filling up the DagBag from /Users/joyang0419/opt/anaconda3/envs/AirFlowBasicExample/lib/python3.8/site-packages/airflow/example_dags/tutorial_taskflow_api_etl_virtualenv.py
[2022-07-06 16:52:34,085] {logging_mixin.py:115} INFO - [2022-07-06 16:52:34,085] {tutorial_taskflow_api_etl_virtualenv.py:29} WARNING - The tutorial_taskflow_api_etl_virtualenv example DAG requires virtualenv, please install it.
[2022-07-06 16:52:34,085] {processor.py:653} WARNING - No viable dags retrieved from /Users/joyang0419/opt/anaconda3/envs/AirFlowBasicExample/lib/python3.8/site-packages/airflow/example_dags/tutorial_taskflow_api_etl_virtualenv.py
[2022-07-06 16:52:34,141] {processor.py:161} INFO - Processing /Users/joyang0419/opt/anaconda3/envs/AirFlowBasicExample/lib/python3.8/site-packages/airflow/example_dags/tutorial_taskflow_api_etl_virtualenv.py took 0.068 seconds
[2022-07-06 16:52:44,075] {processor.py:153} INFO - Started process (PID=12894) to work on /Users/joyang0419/opt/anaconda3/envs/AirFlowBasicExample/lib/python3.8/site-packages/airflow/example_dags/tutorial_taskflow_api_etl_virtualenv.py
[2022-07-06 16:52:44,075] {processor.py:641} INFO - Processing file /Users/joyang0419/opt/anaconda3/envs/AirFlowBasicExample/lib/python3.8/site-packages/airflow/example_dags/tutorial_taskflow_api_etl_virtualenv.py for tasks to queue
[2022-07-06 16:52:44,075] {logging_mixin.py:115} INFO - [2022-07-06 16:52:44,075] {dagbag.py:507} INFO - Filling up the DagBag from /Users/joyang0419/opt/anaconda3/envs/AirFlowBasicExample/lib/python3.8/site-packages/airflow/example_dags/tutorial_taskflow_api_etl_virtualenv.py
[2022-07-06 16:52:44,088] {logging_mixin.py:115} INFO - [2022-07-06 16:52:44,088] {tutorial_taskflow_api_etl_virtualenv.py:29} WARNING - The tutorial_taskflow_api_etl_virtualenv example DAG requires virtualenv, please install it.
[2022-07-06 16:52:44,088] {processor.py:653} WARNING - No viable dags retrieved from /Users/joyang0419/opt/anaconda3/envs/AirFlowBasicExample/lib/python3.8/site-packages/airflow/example_dags/tutorial_taskflow_api_etl_virtualenv.py
[2022-07-06 16:52:44,133] {processor.py:161} INFO - Processing /Users/joyang0419/opt/anaconda3/envs/AirFlowBasicExample/lib/python3.8/site-packages/airflow/example_dags/tutorial_taskflow_api_etl_virtualenv.py took 0.059 seconds
[2022-07-06 16:52:55,773] {processor.py:153} INFO - Started process (PID=12967) to work on /Users/joyang0419/opt/anaconda3/envs/AirFlowBasicExample/lib/python3.8/site-packages/airflow/example_dags/tutorial_taskflow_api_etl_virtualenv.py
[2022-07-06 16:52:55,774] {processor.py:641} INFO - Processing file /Users/joyang0419/opt/anaconda3/envs/AirFlowBasicExample/lib/python3.8/site-packages/airflow/example_dags/tutorial_taskflow_api_etl_virtualenv.py for tasks to queue
[2022-07-06 16:52:55,774] {logging_mixin.py:115} INFO - [2022-07-06 16:52:55,774] {dagbag.py:507} INFO - Filling up the DagBag from /Users/joyang0419/opt/anaconda3/envs/AirFlowBasicExample/lib/python3.8/site-packages/airflow/example_dags/tutorial_taskflow_api_etl_virtualenv.py
[2022-07-06 16:52:55,788] {logging_mixin.py:115} INFO - [2022-07-06 16:52:55,788] {tutorial_taskflow_api_etl_virtualenv.py:29} WARNING - The tutorial_taskflow_api_etl_virtualenv example DAG requires virtualenv, please install it.
[2022-07-06 16:52:55,788] {processor.py:653} WARNING - No viable dags retrieved from /Users/joyang0419/opt/anaconda3/envs/AirFlowBasicExample/lib/python3.8/site-packages/airflow/example_dags/tutorial_taskflow_api_etl_virtualenv.py
[2022-07-06 16:52:55,845] {processor.py:161} INFO - Processing /Users/joyang0419/opt/anaconda3/envs/AirFlowBasicExample/lib/python3.8/site-packages/airflow/example_dags/tutorial_taskflow_api_etl_virtualenv.py took 0.072 seconds
[2022-07-06 16:53:07,832] {processor.py:153} INFO - Started process (PID=13034) to work on /Users/joyang0419/opt/anaconda3/envs/AirFlowBasicExample/lib/python3.8/site-packages/airflow/example_dags/tutorial_taskflow_api_etl_virtualenv.py
[2022-07-06 16:53:07,832] {processor.py:641} INFO - Processing file /Users/joyang0419/opt/anaconda3/envs/AirFlowBasicExample/lib/python3.8/site-packages/airflow/example_dags/tutorial_taskflow_api_etl_virtualenv.py for tasks to queue
[2022-07-06 16:53:07,832] {logging_mixin.py:115} INFO - [2022-07-06 16:53:07,832] {dagbag.py:507} INFO - Filling up the DagBag from /Users/joyang0419/opt/anaconda3/envs/AirFlowBasicExample/lib/python3.8/site-packages/airflow/example_dags/tutorial_taskflow_api_etl_virtualenv.py
[2022-07-06 16:53:07,845] {logging_mixin.py:115} INFO - [2022-07-06 16:53:07,845] {tutorial_taskflow_api_etl_virtualenv.py:29} WARNING - The tutorial_taskflow_api_etl_virtualenv example DAG requires virtualenv, please install it.
[2022-07-06 16:53:07,845] {processor.py:653} WARNING - No viable dags retrieved from /Users/joyang0419/opt/anaconda3/envs/AirFlowBasicExample/lib/python3.8/site-packages/airflow/example_dags/tutorial_taskflow_api_etl_virtualenv.py
[2022-07-06 16:53:07,896] {processor.py:161} INFO - Processing /Users/joyang0419/opt/anaconda3/envs/AirFlowBasicExample/lib/python3.8/site-packages/airflow/example_dags/tutorial_taskflow_api_etl_virtualenv.py took 0.064 seconds
[2022-07-06 16:53:18,833] {processor.py:153} INFO - Started process (PID=13099) to work on /Users/joyang0419/opt/anaconda3/envs/AirFlowBasicExample/lib/python3.8/site-packages/airflow/example_dags/tutorial_taskflow_api_etl_virtualenv.py
[2022-07-06 16:53:18,834] {processor.py:641} INFO - Processing file /Users/joyang0419/opt/anaconda3/envs/AirFlowBasicExample/lib/python3.8/site-packages/airflow/example_dags/tutorial_taskflow_api_etl_virtualenv.py for tasks to queue
[2022-07-06 16:53:18,834] {logging_mixin.py:115} INFO - [2022-07-06 16:53:18,834] {dagbag.py:507} INFO - Filling up the DagBag from /Users/joyang0419/opt/anaconda3/envs/AirFlowBasicExample/lib/python3.8/site-packages/airflow/example_dags/tutorial_taskflow_api_etl_virtualenv.py
[2022-07-06 16:53:18,846] {logging_mixin.py:115} INFO - [2022-07-06 16:53:18,846] {tutorial_taskflow_api_etl_virtualenv.py:29} WARNING - The tutorial_taskflow_api_etl_virtualenv example DAG requires virtualenv, please install it.
[2022-07-06 16:53:18,846] {processor.py:653} WARNING - No viable dags retrieved from /Users/joyang0419/opt/anaconda3/envs/AirFlowBasicExample/lib/python3.8/site-packages/airflow/example_dags/tutorial_taskflow_api_etl_virtualenv.py
[2022-07-06 16:53:18,890] {processor.py:161} INFO - Processing /Users/joyang0419/opt/anaconda3/envs/AirFlowBasicExample/lib/python3.8/site-packages/airflow/example_dags/tutorial_taskflow_api_etl_virtualenv.py took 0.057 seconds
[2022-07-06 16:53:29,437] {processor.py:153} INFO - Started process (PID=13166) to work on /Users/joyang0419/opt/anaconda3/envs/AirFlowBasicExample/lib/python3.8/site-packages/airflow/example_dags/tutorial_taskflow_api_etl_virtualenv.py
[2022-07-06 16:53:29,437] {processor.py:641} INFO - Processing file /Users/joyang0419/opt/anaconda3/envs/AirFlowBasicExample/lib/python3.8/site-packages/airflow/example_dags/tutorial_taskflow_api_etl_virtualenv.py for tasks to queue
[2022-07-06 16:53:29,437] {logging_mixin.py:115} INFO - [2022-07-06 16:53:29,437] {dagbag.py:507} INFO - Filling up the DagBag from /Users/joyang0419/opt/anaconda3/envs/AirFlowBasicExample/lib/python3.8/site-packages/airflow/example_dags/tutorial_taskflow_api_etl_virtualenv.py
[2022-07-06 16:53:29,449] {logging_mixin.py:115} INFO - [2022-07-06 16:53:29,449] {tutorial_taskflow_api_etl_virtualenv.py:29} WARNING - The tutorial_taskflow_api_etl_virtualenv example DAG requires virtualenv, please install it.
[2022-07-06 16:53:29,449] {processor.py:653} WARNING - No viable dags retrieved from /Users/joyang0419/opt/anaconda3/envs/AirFlowBasicExample/lib/python3.8/site-packages/airflow/example_dags/tutorial_taskflow_api_etl_virtualenv.py
[2022-07-06 16:53:29,498] {processor.py:161} INFO - Processing /Users/joyang0419/opt/anaconda3/envs/AirFlowBasicExample/lib/python3.8/site-packages/airflow/example_dags/tutorial_taskflow_api_etl_virtualenv.py took 0.062 seconds
[2022-07-06 16:53:41,917] {processor.py:153} INFO - Started process (PID=13237) to work on /Users/joyang0419/opt/anaconda3/envs/AirFlowBasicExample/lib/python3.8/site-packages/airflow/example_dags/tutorial_taskflow_api_etl_virtualenv.py
[2022-07-06 16:53:41,917] {processor.py:641} INFO - Processing file /Users/joyang0419/opt/anaconda3/envs/AirFlowBasicExample/lib/python3.8/site-packages/airflow/example_dags/tutorial_taskflow_api_etl_virtualenv.py for tasks to queue
[2022-07-06 16:53:41,917] {logging_mixin.py:115} INFO - [2022-07-06 16:53:41,917] {dagbag.py:507} INFO - Filling up the DagBag from /Users/joyang0419/opt/anaconda3/envs/AirFlowBasicExample/lib/python3.8/site-packages/airflow/example_dags/tutorial_taskflow_api_etl_virtualenv.py
[2022-07-06 16:53:41,931] {logging_mixin.py:115} INFO - [2022-07-06 16:53:41,930] {tutorial_taskflow_api_etl_virtualenv.py:29} WARNING - The tutorial_taskflow_api_etl_virtualenv example DAG requires virtualenv, please install it.
[2022-07-06 16:53:41,931] {processor.py:653} WARNING - No viable dags retrieved from /Users/joyang0419/opt/anaconda3/envs/AirFlowBasicExample/lib/python3.8/site-packages/airflow/example_dags/tutorial_taskflow_api_etl_virtualenv.py
[2022-07-06 16:53:41,988] {processor.py:161} INFO - Processing /Users/joyang0419/opt/anaconda3/envs/AirFlowBasicExample/lib/python3.8/site-packages/airflow/example_dags/tutorial_taskflow_api_etl_virtualenv.py took 0.072 seconds
[2022-07-06 16:53:52,047] {processor.py:153} INFO - Started process (PID=13306) to work on /Users/joyang0419/opt/anaconda3/envs/AirFlowBasicExample/lib/python3.8/site-packages/airflow/example_dags/tutorial_taskflow_api_etl_virtualenv.py
[2022-07-06 16:53:52,047] {processor.py:641} INFO - Processing file /Users/joyang0419/opt/anaconda3/envs/AirFlowBasicExample/lib/python3.8/site-packages/airflow/example_dags/tutorial_taskflow_api_etl_virtualenv.py for tasks to queue
[2022-07-06 16:53:52,047] {logging_mixin.py:115} INFO - [2022-07-06 16:53:52,047] {dagbag.py:507} INFO - Filling up the DagBag from /Users/joyang0419/opt/anaconda3/envs/AirFlowBasicExample/lib/python3.8/site-packages/airflow/example_dags/tutorial_taskflow_api_etl_virtualenv.py
[2022-07-06 16:53:52,062] {logging_mixin.py:115} INFO - [2022-07-06 16:53:52,062] {tutorial_taskflow_api_etl_virtualenv.py:29} WARNING - The tutorial_taskflow_api_etl_virtualenv example DAG requires virtualenv, please install it.
[2022-07-06 16:53:52,063] {processor.py:653} WARNING - No viable dags retrieved from /Users/joyang0419/opt/anaconda3/envs/AirFlowBasicExample/lib/python3.8/site-packages/airflow/example_dags/tutorial_taskflow_api_etl_virtualenv.py
[2022-07-06 16:53:52,127] {processor.py:161} INFO - Processing /Users/joyang0419/opt/anaconda3/envs/AirFlowBasicExample/lib/python3.8/site-packages/airflow/example_dags/tutorial_taskflow_api_etl_virtualenv.py took 0.080 seconds
[2022-07-06 16:54:03,266] {processor.py:153} INFO - Started process (PID=13388) to work on /Users/joyang0419/opt/anaconda3/envs/AirFlowBasicExample/lib/python3.8/site-packages/airflow/example_dags/tutorial_taskflow_api_etl_virtualenv.py
[2022-07-06 16:54:03,266] {processor.py:641} INFO - Processing file /Users/joyang0419/opt/anaconda3/envs/AirFlowBasicExample/lib/python3.8/site-packages/airflow/example_dags/tutorial_taskflow_api_etl_virtualenv.py for tasks to queue
[2022-07-06 16:54:03,266] {logging_mixin.py:115} INFO - [2022-07-06 16:54:03,266] {dagbag.py:507} INFO - Filling up the DagBag from /Users/joyang0419/opt/anaconda3/envs/AirFlowBasicExample/lib/python3.8/site-packages/airflow/example_dags/tutorial_taskflow_api_etl_virtualenv.py
[2022-07-06 16:54:03,280] {logging_mixin.py:115} INFO - [2022-07-06 16:54:03,280] {tutorial_taskflow_api_etl_virtualenv.py:29} WARNING - The tutorial_taskflow_api_etl_virtualenv example DAG requires virtualenv, please install it.
[2022-07-06 16:54:03,280] {processor.py:653} WARNING - No viable dags retrieved from /Users/joyang0419/opt/anaconda3/envs/AirFlowBasicExample/lib/python3.8/site-packages/airflow/example_dags/tutorial_taskflow_api_etl_virtualenv.py
[2022-07-06 16:54:03,339] {processor.py:161} INFO - Processing /Users/joyang0419/opt/anaconda3/envs/AirFlowBasicExample/lib/python3.8/site-packages/airflow/example_dags/tutorial_taskflow_api_etl_virtualenv.py took 0.074 seconds
