[2022-07-06 16:48:47,585] {processor.py:153} INFO - Started process (PID=12111) to work on /Users/joyang0419/opt/anaconda3/envs/AirFlowBasicExample/lib/python3.8/site-packages/airflow/example_dags/subdags/subdag.py
[2022-07-06 16:48:47,585] {processor.py:641} INFO - Processing file /Users/joyang0419/opt/anaconda3/envs/AirFlowBasicExample/lib/python3.8/site-packages/airflow/example_dags/subdags/subdag.py for tasks to queue
[2022-07-06 16:48:47,585] {logging_mixin.py:115} INFO - [2022-07-06 16:48:47,585] {dagbag.py:507} INFO - Filling up the DagBag from /Users/joyang0419/opt/anaconda3/envs/AirFlowBasicExample/lib/python3.8/site-packages/airflow/example_dags/subdags/subdag.py
[2022-07-06 16:48:47,586] {processor.py:653} WARNING - No viable dags retrieved from /Users/joyang0419/opt/anaconda3/envs/AirFlowBasicExample/lib/python3.8/site-packages/airflow/example_dags/subdags/subdag.py
[2022-07-06 16:48:47,664] {processor.py:161} INFO - Processing /Users/joyang0419/opt/anaconda3/envs/AirFlowBasicExample/lib/python3.8/site-packages/airflow/example_dags/subdags/subdag.py took 0.079 seconds
[2022-07-06 16:50:01,254] {processor.py:153} INFO - Started process (PID=12419) to work on /Users/joyang0419/opt/anaconda3/envs/AirFlowBasicExample/lib/python3.8/site-packages/airflow/example_dags/subdags/subdag.py
[2022-07-06 16:50:01,254] {processor.py:641} INFO - Processing file /Users/joyang0419/opt/anaconda3/envs/AirFlowBasicExample/lib/python3.8/site-packages/airflow/example_dags/subdags/subdag.py for tasks to queue
[2022-07-06 16:50:01,255] {logging_mixin.py:115} INFO - [2022-07-06 16:50:01,255] {dagbag.py:507} INFO - Filling up the DagBag from /Users/joyang0419/opt/anaconda3/envs/AirFlowBasicExample/lib/python3.8/site-packages/airflow/example_dags/subdags/subdag.py
[2022-07-06 16:50:01,256] {processor.py:653} WARNING - No viable dags retrieved from /Users/joyang0419/opt/anaconda3/envs/AirFlowBasicExample/lib/python3.8/site-packages/airflow/example_dags/subdags/subdag.py
[2022-07-06 16:50:01,354] {processor.py:161} INFO - Processing /Users/joyang0419/opt/anaconda3/envs/AirFlowBasicExample/lib/python3.8/site-packages/airflow/example_dags/subdags/subdag.py took 0.101 seconds
[2022-07-06 16:50:18,209] {processor.py:153} INFO - Started process (PID=12493) to work on /Users/joyang0419/opt/anaconda3/envs/AirFlowBasicExample/lib/python3.8/site-packages/airflow/example_dags/subdags/subdag.py
[2022-07-06 16:50:18,209] {processor.py:641} INFO - Processing file /Users/joyang0419/opt/anaconda3/envs/AirFlowBasicExample/lib/python3.8/site-packages/airflow/example_dags/subdags/subdag.py for tasks to queue
[2022-07-06 16:50:18,209] {logging_mixin.py:115} INFO - [2022-07-06 16:50:18,209] {dagbag.py:507} INFO - Filling up the DagBag from /Users/joyang0419/opt/anaconda3/envs/AirFlowBasicExample/lib/python3.8/site-packages/airflow/example_dags/subdags/subdag.py
[2022-07-06 16:50:18,210] {processor.py:653} WARNING - No viable dags retrieved from /Users/joyang0419/opt/anaconda3/envs/AirFlowBasicExample/lib/python3.8/site-packages/airflow/example_dags/subdags/subdag.py
[2022-07-06 16:50:18,266] {processor.py:161} INFO - Processing /Users/joyang0419/opt/anaconda3/envs/AirFlowBasicExample/lib/python3.8/site-packages/airflow/example_dags/subdags/subdag.py took 0.058 seconds
[2022-07-06 16:50:27,962] {processor.py:153} INFO - Started process (PID=12557) to work on /Users/joyang0419/opt/anaconda3/envs/AirFlowBasicExample/lib/python3.8/site-packages/airflow/example_dags/subdags/subdag.py
[2022-07-06 16:50:27,962] {processor.py:641} INFO - Processing file /Users/joyang0419/opt/anaconda3/envs/AirFlowBasicExample/lib/python3.8/site-packages/airflow/example_dags/subdags/subdag.py for tasks to queue
[2022-07-06 16:50:27,962] {logging_mixin.py:115} INFO - [2022-07-06 16:50:27,962] {dagbag.py:507} INFO - Filling up the DagBag from /Users/joyang0419/opt/anaconda3/envs/AirFlowBasicExample/lib/python3.8/site-packages/airflow/example_dags/subdags/subdag.py
[2022-07-06 16:50:27,963] {processor.py:653} WARNING - No viable dags retrieved from /Users/joyang0419/opt/anaconda3/envs/AirFlowBasicExample/lib/python3.8/site-packages/airflow/example_dags/subdags/subdag.py
[2022-07-06 16:50:28,021] {processor.py:161} INFO - Processing /Users/joyang0419/opt/anaconda3/envs/AirFlowBasicExample/lib/python3.8/site-packages/airflow/example_dags/subdags/subdag.py took 0.059 seconds
[2022-07-06 16:50:38,415] {processor.py:153} INFO - Started process (PID=12623) to work on /Users/joyang0419/opt/anaconda3/envs/AirFlowBasicExample/lib/python3.8/site-packages/airflow/example_dags/subdags/subdag.py
[2022-07-06 16:50:38,415] {processor.py:641} INFO - Processing file /Users/joyang0419/opt/anaconda3/envs/AirFlowBasicExample/lib/python3.8/site-packages/airflow/example_dags/subdags/subdag.py for tasks to queue
[2022-07-06 16:50:38,415] {logging_mixin.py:115} INFO - [2022-07-06 16:50:38,415] {dagbag.py:507} INFO - Filling up the DagBag from /Users/joyang0419/opt/anaconda3/envs/AirFlowBasicExample/lib/python3.8/site-packages/airflow/example_dags/subdags/subdag.py
[2022-07-06 16:50:38,417] {processor.py:653} WARNING - No viable dags retrieved from /Users/joyang0419/opt/anaconda3/envs/AirFlowBasicExample/lib/python3.8/site-packages/airflow/example_dags/subdags/subdag.py
[2022-07-06 16:50:38,460] {processor.py:161} INFO - Processing /Users/joyang0419/opt/anaconda3/envs/AirFlowBasicExample/lib/python3.8/site-packages/airflow/example_dags/subdags/subdag.py took 0.046 seconds
[2022-07-06 16:52:20,971] {processor.py:153} INFO - Started process (PID=12751) to work on /Users/joyang0419/opt/anaconda3/envs/AirFlowBasicExample/lib/python3.8/site-packages/airflow/example_dags/subdags/subdag.py
[2022-07-06 16:52:20,971] {processor.py:641} INFO - Processing file /Users/joyang0419/opt/anaconda3/envs/AirFlowBasicExample/lib/python3.8/site-packages/airflow/example_dags/subdags/subdag.py for tasks to queue
[2022-07-06 16:52:20,972] {logging_mixin.py:115} INFO - [2022-07-06 16:52:20,972] {dagbag.py:507} INFO - Filling up the DagBag from /Users/joyang0419/opt/anaconda3/envs/AirFlowBasicExample/lib/python3.8/site-packages/airflow/example_dags/subdags/subdag.py
[2022-07-06 16:52:20,978] {processor.py:653} WARNING - No viable dags retrieved from /Users/joyang0419/opt/anaconda3/envs/AirFlowBasicExample/lib/python3.8/site-packages/airflow/example_dags/subdags/subdag.py
[2022-07-06 16:52:21,059] {processor.py:161} INFO - Processing /Users/joyang0419/opt/anaconda3/envs/AirFlowBasicExample/lib/python3.8/site-packages/airflow/example_dags/subdags/subdag.py took 0.089 seconds
[2022-07-06 16:52:33,537] {processor.py:153} INFO - Started process (PID=12825) to work on /Users/joyang0419/opt/anaconda3/envs/AirFlowBasicExample/lib/python3.8/site-packages/airflow/example_dags/subdags/subdag.py
[2022-07-06 16:52:33,537] {processor.py:641} INFO - Processing file /Users/joyang0419/opt/anaconda3/envs/AirFlowBasicExample/lib/python3.8/site-packages/airflow/example_dags/subdags/subdag.py for tasks to queue
[2022-07-06 16:52:33,537] {logging_mixin.py:115} INFO - [2022-07-06 16:52:33,537] {dagbag.py:507} INFO - Filling up the DagBag from /Users/joyang0419/opt/anaconda3/envs/AirFlowBasicExample/lib/python3.8/site-packages/airflow/example_dags/subdags/subdag.py
[2022-07-06 16:52:33,538] {processor.py:653} WARNING - No viable dags retrieved from /Users/joyang0419/opt/anaconda3/envs/AirFlowBasicExample/lib/python3.8/site-packages/airflow/example_dags/subdags/subdag.py
[2022-07-06 16:52:33,582] {processor.py:161} INFO - Processing /Users/joyang0419/opt/anaconda3/envs/AirFlowBasicExample/lib/python3.8/site-packages/airflow/example_dags/subdags/subdag.py took 0.045 seconds
[2022-07-06 16:52:43,526] {processor.py:153} INFO - Started process (PID=12891) to work on /Users/joyang0419/opt/anaconda3/envs/AirFlowBasicExample/lib/python3.8/site-packages/airflow/example_dags/subdags/subdag.py
[2022-07-06 16:52:43,526] {processor.py:641} INFO - Processing file /Users/joyang0419/opt/anaconda3/envs/AirFlowBasicExample/lib/python3.8/site-packages/airflow/example_dags/subdags/subdag.py for tasks to queue
[2022-07-06 16:52:43,526] {logging_mixin.py:115} INFO - [2022-07-06 16:52:43,526] {dagbag.py:507} INFO - Filling up the DagBag from /Users/joyang0419/opt/anaconda3/envs/AirFlowBasicExample/lib/python3.8/site-packages/airflow/example_dags/subdags/subdag.py
[2022-07-06 16:52:43,527] {processor.py:653} WARNING - No viable dags retrieved from /Users/joyang0419/opt/anaconda3/envs/AirFlowBasicExample/lib/python3.8/site-packages/airflow/example_dags/subdags/subdag.py
[2022-07-06 16:52:43,571] {processor.py:161} INFO - Processing /Users/joyang0419/opt/anaconda3/envs/AirFlowBasicExample/lib/python3.8/site-packages/airflow/example_dags/subdags/subdag.py took 0.046 seconds
[2022-07-06 16:52:55,112] {processor.py:153} INFO - Started process (PID=12962) to work on /Users/joyang0419/opt/anaconda3/envs/AirFlowBasicExample/lib/python3.8/site-packages/airflow/example_dags/subdags/subdag.py
[2022-07-06 16:52:55,112] {processor.py:641} INFO - Processing file /Users/joyang0419/opt/anaconda3/envs/AirFlowBasicExample/lib/python3.8/site-packages/airflow/example_dags/subdags/subdag.py for tasks to queue
[2022-07-06 16:52:55,112] {logging_mixin.py:115} INFO - [2022-07-06 16:52:55,112] {dagbag.py:507} INFO - Filling up the DagBag from /Users/joyang0419/opt/anaconda3/envs/AirFlowBasicExample/lib/python3.8/site-packages/airflow/example_dags/subdags/subdag.py
[2022-07-06 16:52:55,113] {processor.py:653} WARNING - No viable dags retrieved from /Users/joyang0419/opt/anaconda3/envs/AirFlowBasicExample/lib/python3.8/site-packages/airflow/example_dags/subdags/subdag.py
[2022-07-06 16:52:55,170] {processor.py:161} INFO - Processing /Users/joyang0419/opt/anaconda3/envs/AirFlowBasicExample/lib/python3.8/site-packages/airflow/example_dags/subdags/subdag.py took 0.059 seconds
[2022-07-06 16:53:07,267] {processor.py:153} INFO - Started process (PID=13030) to work on /Users/joyang0419/opt/anaconda3/envs/AirFlowBasicExample/lib/python3.8/site-packages/airflow/example_dags/subdags/subdag.py
[2022-07-06 16:53:07,267] {processor.py:641} INFO - Processing file /Users/joyang0419/opt/anaconda3/envs/AirFlowBasicExample/lib/python3.8/site-packages/airflow/example_dags/subdags/subdag.py for tasks to queue
[2022-07-06 16:53:07,267] {logging_mixin.py:115} INFO - [2022-07-06 16:53:07,267] {dagbag.py:507} INFO - Filling up the DagBag from /Users/joyang0419/opt/anaconda3/envs/AirFlowBasicExample/lib/python3.8/site-packages/airflow/example_dags/subdags/subdag.py
[2022-07-06 16:53:07,269] {processor.py:653} WARNING - No viable dags retrieved from /Users/joyang0419/opt/anaconda3/envs/AirFlowBasicExample/lib/python3.8/site-packages/airflow/example_dags/subdags/subdag.py
[2022-07-06 16:53:07,317] {processor.py:161} INFO - Processing /Users/joyang0419/opt/anaconda3/envs/AirFlowBasicExample/lib/python3.8/site-packages/airflow/example_dags/subdags/subdag.py took 0.051 seconds
[2022-07-06 16:53:18,284] {processor.py:153} INFO - Started process (PID=13096) to work on /Users/joyang0419/opt/anaconda3/envs/AirFlowBasicExample/lib/python3.8/site-packages/airflow/example_dags/subdags/subdag.py
[2022-07-06 16:53:18,284] {processor.py:641} INFO - Processing file /Users/joyang0419/opt/anaconda3/envs/AirFlowBasicExample/lib/python3.8/site-packages/airflow/example_dags/subdags/subdag.py for tasks to queue
[2022-07-06 16:53:18,284] {logging_mixin.py:115} INFO - [2022-07-06 16:53:18,284] {dagbag.py:507} INFO - Filling up the DagBag from /Users/joyang0419/opt/anaconda3/envs/AirFlowBasicExample/lib/python3.8/site-packages/airflow/example_dags/subdags/subdag.py
[2022-07-06 16:53:18,285] {processor.py:653} WARNING - No viable dags retrieved from /Users/joyang0419/opt/anaconda3/envs/AirFlowBasicExample/lib/python3.8/site-packages/airflow/example_dags/subdags/subdag.py
[2022-07-06 16:53:18,330] {processor.py:161} INFO - Processing /Users/joyang0419/opt/anaconda3/envs/AirFlowBasicExample/lib/python3.8/site-packages/airflow/example_dags/subdags/subdag.py took 0.047 seconds
[2022-07-06 16:53:28,830] {processor.py:153} INFO - Started process (PID=13162) to work on /Users/joyang0419/opt/anaconda3/envs/AirFlowBasicExample/lib/python3.8/site-packages/airflow/example_dags/subdags/subdag.py
[2022-07-06 16:53:28,830] {processor.py:641} INFO - Processing file /Users/joyang0419/opt/anaconda3/envs/AirFlowBasicExample/lib/python3.8/site-packages/airflow/example_dags/subdags/subdag.py for tasks to queue
[2022-07-06 16:53:28,830] {logging_mixin.py:115} INFO - [2022-07-06 16:53:28,830] {dagbag.py:507} INFO - Filling up the DagBag from /Users/joyang0419/opt/anaconda3/envs/AirFlowBasicExample/lib/python3.8/site-packages/airflow/example_dags/subdags/subdag.py
[2022-07-06 16:53:28,832] {processor.py:653} WARNING - No viable dags retrieved from /Users/joyang0419/opt/anaconda3/envs/AirFlowBasicExample/lib/python3.8/site-packages/airflow/example_dags/subdags/subdag.py
[2022-07-06 16:53:28,881] {processor.py:161} INFO - Processing /Users/joyang0419/opt/anaconda3/envs/AirFlowBasicExample/lib/python3.8/site-packages/airflow/example_dags/subdags/subdag.py took 0.051 seconds
[2022-07-06 16:53:40,921] {processor.py:153} INFO - Started process (PID=13229) to work on /Users/joyang0419/opt/anaconda3/envs/AirFlowBasicExample/lib/python3.8/site-packages/airflow/example_dags/subdags/subdag.py
[2022-07-06 16:53:40,922] {processor.py:641} INFO - Processing file /Users/joyang0419/opt/anaconda3/envs/AirFlowBasicExample/lib/python3.8/site-packages/airflow/example_dags/subdags/subdag.py for tasks to queue
[2022-07-06 16:53:40,922] {logging_mixin.py:115} INFO - [2022-07-06 16:53:40,922] {dagbag.py:507} INFO - Filling up the DagBag from /Users/joyang0419/opt/anaconda3/envs/AirFlowBasicExample/lib/python3.8/site-packages/airflow/example_dags/subdags/subdag.py
[2022-07-06 16:53:40,924] {processor.py:653} WARNING - No viable dags retrieved from /Users/joyang0419/opt/anaconda3/envs/AirFlowBasicExample/lib/python3.8/site-packages/airflow/example_dags/subdags/subdag.py
[2022-07-06 16:53:40,980] {processor.py:161} INFO - Processing /Users/joyang0419/opt/anaconda3/envs/AirFlowBasicExample/lib/python3.8/site-packages/airflow/example_dags/subdags/subdag.py took 0.059 seconds
[2022-07-06 16:53:51,508] {processor.py:153} INFO - Started process (PID=13302) to work on /Users/joyang0419/opt/anaconda3/envs/AirFlowBasicExample/lib/python3.8/site-packages/airflow/example_dags/subdags/subdag.py
[2022-07-06 16:53:51,509] {processor.py:641} INFO - Processing file /Users/joyang0419/opt/anaconda3/envs/AirFlowBasicExample/lib/python3.8/site-packages/airflow/example_dags/subdags/subdag.py for tasks to queue
[2022-07-06 16:53:51,509] {logging_mixin.py:115} INFO - [2022-07-06 16:53:51,509] {dagbag.py:507} INFO - Filling up the DagBag from /Users/joyang0419/opt/anaconda3/envs/AirFlowBasicExample/lib/python3.8/site-packages/airflow/example_dags/subdags/subdag.py
[2022-07-06 16:53:51,510] {processor.py:653} WARNING - No viable dags retrieved from /Users/joyang0419/opt/anaconda3/envs/AirFlowBasicExample/lib/python3.8/site-packages/airflow/example_dags/subdags/subdag.py
[2022-07-06 16:53:51,552] {processor.py:161} INFO - Processing /Users/joyang0419/opt/anaconda3/envs/AirFlowBasicExample/lib/python3.8/site-packages/airflow/example_dags/subdags/subdag.py took 0.044 seconds
[2022-07-06 16:54:02,613] {processor.py:153} INFO - Started process (PID=13380) to work on /Users/joyang0419/opt/anaconda3/envs/AirFlowBasicExample/lib/python3.8/site-packages/airflow/example_dags/subdags/subdag.py
[2022-07-06 16:54:02,613] {processor.py:641} INFO - Processing file /Users/joyang0419/opt/anaconda3/envs/AirFlowBasicExample/lib/python3.8/site-packages/airflow/example_dags/subdags/subdag.py for tasks to queue
[2022-07-06 16:54:02,614] {logging_mixin.py:115} INFO - [2022-07-06 16:54:02,614] {dagbag.py:507} INFO - Filling up the DagBag from /Users/joyang0419/opt/anaconda3/envs/AirFlowBasicExample/lib/python3.8/site-packages/airflow/example_dags/subdags/subdag.py
[2022-07-06 16:54:02,615] {processor.py:653} WARNING - No viable dags retrieved from /Users/joyang0419/opt/anaconda3/envs/AirFlowBasicExample/lib/python3.8/site-packages/airflow/example_dags/subdags/subdag.py
[2022-07-06 16:54:02,675] {processor.py:161} INFO - Processing /Users/joyang0419/opt/anaconda3/envs/AirFlowBasicExample/lib/python3.8/site-packages/airflow/example_dags/subdags/subdag.py took 0.062 seconds
